2024-09-20 12:22:49,684 - INFO - Start BO with settings: {'name': 'vanilla_bo_Hartmann6_GP_EI', 'is_x64': False, 'seed': 1, 'search_space': array([[0, 0, 0, 0, 0, 0],
       [1, 1, 1, 1, 1, 1]]), 'num_iterations': 500, 'initial_sample_size': 10, 'objective_function': <src.test_functions.Hartmann6 object at 0x7f92231ab200>, 'acquisition': {'acq_fn_class': <function EI at 0x7f918e47dda0>, 'num_samples': 50, 'num_initial_guesses': 10, 'maximize': False}, 'surrogate': {'model_class': <class 'src.gp.ExactGP'>, 'kernel': 'Matern', 'normalize': True, 'standardize': True}, 'memo': 'Experiment using Hartmann6 with EI acquisition.'}
2024-09-20 12:22:49,909 - INFO - X initial: [0.39866432 0.98872654 0.28470939 0.46456795 0.78012605 0.21047743]
2024-09-20 12:22:49,909 - INFO - y initial: [-1.60999639]
2024-09-20 12:22:49,910 - INFO - X initial: [0.70675286 0.14124134 0.86705888 0.91698526 0.25238847 0.66495869]
2024-09-20 12:22:49,910 - INFO - y initial: [-0.11167083]
2024-09-20 12:22:49,911 - INFO - X initial: [0.95762257 0.66413144 0.21960123 0.14766412 0.23975663 0.91422045]
2024-09-20 12:22:49,911 - INFO - y initial: [-0.11078333]
2024-09-20 12:22:49,911 - INFO - X initial: [0.15536287 0.44997877 0.67631421 0.72508573 0.7276974  0.46022387]
2024-09-20 12:22:49,912 - INFO - y initial: [-0.11501549]
2024-09-20 12:22:49,912 - INFO - X initial: [0.04663812 0.61306896 0.96528903 0.52225905 0.53081357 0.12316188]
2024-09-20 12:22:49,912 - INFO - y initial: [-0.1918236]
2024-09-20 12:22:49,913 - INFO - X initial: [0.84795225 0.27257324 0.38293519 0.10108399 0.00307782 0.50141786]
2024-09-20 12:22:49,913 - INFO - y initial: [-0.11285092]
2024-09-20 12:22:49,913 - INFO - X initial: [0.59705186 0.79656578 0.53040034 0.83817249 0.48909774 0.75164853]
2024-09-20 12:22:49,914 - INFO - y initial: [-0.02125708]
2024-09-20 12:22:49,914 - INFO - X initial: [0.28996993 0.07371464 0.07369172 0.29199409 0.97704046 0.37389249]
2024-09-20 12:22:49,914 - INFO - y initial: [-0.00896684]
2024-09-20 12:22:50,572 - INFO - Unable to initialize backend 'rocm': module 'jaxlib.xla_extension' has no attribute 'GpuAllocatorConfig'
2024-09-20 12:22:50,609 - INFO - Unable to initialize backend 'tpu': INTERNAL: Failed to open libtpu.so: libtpu.so: cannot open shared object file: No such file or directory
2024-09-20 12:22:57,232 - INFO - Iteration: 1 / 500
2024-09-20 12:23:01,896 - INFO - X new: [[0.40517035 1.         0.2813243  0.46096355 0.7883645  0.19375929]]
2024-09-20 12:23:01,967 - INFO - y new: [[-1.6881076]]
2024-09-20 12:23:06,355 - INFO - Iteration: 2 / 500
2024-09-20 12:23:08,908 - INFO - X new: [[0.41409189 1.         0.26691663 0.45357507 0.81365955 0.        ]]
2024-09-20 12:23:08,911 - INFO - y new: [[-2.26571889]]
2024-09-20 12:23:13,296 - INFO - Iteration: 3 / 500
2024-09-20 12:23:17,139 - INFO - X new: [[0.44890046 1.         0.00235148 0.4471021  1.         0.        ]]
2024-09-20 12:23:17,141 - INFO - y new: [[-2.05577107]]
2024-09-20 12:23:21,705 - INFO - Iteration: 4 / 500
2024-09-20 12:23:24,616 - INFO - X new: [[0.99943864 1.         0.11576088 0.44590613 0.9415858  0.        ]]
2024-09-20 12:23:24,617 - INFO - y new: [[-0.00528511]]
2024-09-20 12:23:30,872 - INFO - Iteration: 5 / 500
2024-09-20 12:23:34,234 - INFO - X new: [[0.4187109  1.         0.12033316 0.         0.9042519  0.        ]]
2024-09-20 12:23:34,237 - INFO - y new: [[-0.09454385]]
2024-09-20 12:23:40,669 - INFO - Iteration: 6 / 500
2024-09-20 12:23:45,116 - INFO - X new: [[0.424262   1.         0.         0.4912746  0.90121245 0.        ]]
2024-09-20 12:23:45,118 - INFO - y new: [[-2.35523916]]
2024-09-20 12:23:52,021 - INFO - Iteration: 7 / 500
2024-09-20 12:23:55,857 - INFO - X new: [[0.4136143 1.        0.        0.7121079 0.9260213 0.       ]]
2024-09-20 12:23:55,858 - INFO - y new: [[-2.08928644]]
2024-09-20 12:24:02,961 - INFO - Iteration: 8 / 500
2024-09-20 12:24:06,866 - INFO - X new: [[0.15091422 1.         0.         0.59757316 0.9736825  0.        ]]
2024-09-20 12:24:06,868 - INFO - y new: [[-0.83505573]]
2024-09-20 12:24:14,400 - INFO - Iteration: 9 / 500
2024-09-20 12:24:21,675 - INFO - X new: [[0.44038412 1.         0.         0.5823455  0.2546142  0.        ]]
2024-09-20 12:24:21,676 - INFO - y new: [[-2.64096378]]
2024-09-20 12:24:29,852 - INFO - Iteration: 10 / 500
2024-09-20 12:24:34,154 - INFO - X new: [[0.45293546 1.         0.         0.5967696  0.         0.        ]]
2024-09-20 12:24:34,157 - INFO - y new: [[-2.58356988]]
2024-09-20 12:24:42,189 - INFO - Iteration: 11 / 500
2024-09-20 12:24:46,775 - INFO - X new: [[0.45950556 0.41772607 0.         0.5984788  0.13607435 0.        ]]
2024-09-20 12:24:46,776 - INFO - y new: [[-0.51632972]]
2024-09-20 12:24:55,443 - INFO - Iteration: 12 / 500
2024-09-20 12:25:00,727 - INFO - X new: [[0.4507333  1.         0.         0.60486716 0.         0.        ]]
2024-09-20 12:25:00,729 - INFO - y new: [[-2.58157527]]
2024-09-20 12:25:09,844 - INFO - Iteration: 13 / 500
2024-09-20 12:25:13,818 - INFO - X new: [[0.44118732 1.         0.         1.         0.         0.        ]]
2024-09-20 12:25:13,819 - INFO - y new: [[-0.43119478]]
2024-09-20 12:25:23,081 - INFO - Iteration: 14 / 500
2024-09-20 12:25:27,591 - INFO - X new: [[0.7277762 1.        0.        0.        0.        0.       ]]
2024-09-20 12:25:27,593 - INFO - y new: [[-0.01716181]]
2024-09-20 12:25:37,086 - INFO - Iteration: 15 / 500
2024-09-20 12:25:43,763 - INFO - X new: [[1. 1. 0. 1. 1. 1.]]
2024-09-20 12:25:43,766 - INFO - y new: [[-2.81244792e-08]]
2024-09-20 12:25:53,436 - INFO - Iteration: 16 / 500
2024-09-20 12:25:59,136 - INFO - X new: [[0. 1. 0. 1. 0. 1.]]
2024-09-20 12:25:59,138 - INFO - y new: [[-8.64394208e-05]]
2024-09-20 12:26:08,530 - INFO - Iteration: 17 / 500
2024-09-20 12:26:14,421 - INFO - X new: [[0.4497586  1.         0.         0.56230503 0.02389419 0.77202725]]
2024-09-20 12:26:14,424 - INFO - y new: [[-0.01989982]]
2024-09-20 12:26:24,806 - INFO - Iteration: 18 / 500
2024-09-20 12:26:31,560 - INFO - X new: [[0.45953974 1.         1.         0.57587576 0.21879035 0.        ]]
2024-09-20 12:26:31,562 - INFO - y new: [[-2.66499476]]
2024-09-20 12:26:41,724 - INFO - Iteration: 19 / 500
2024-09-20 12:26:48,993 - INFO - X new: [[0.6067877  1.         0.64822185 0.59739876 0.22925489 0.        ]]
2024-09-20 12:26:48,995 - INFO - y new: [[-1.39153937]]
2024-09-20 12:27:00,061 - INFO - Iteration: 20 / 500
2024-09-20 12:27:04,755 - INFO - X new: [[0.6943001  0.30512336 0.48584345 0.36678037 0.16714169 0.23209128]]
2024-09-20 12:27:04,757 - INFO - y new: [[-0.2393172]]
2024-09-20 12:27:15,592 - INFO - Iteration: 21 / 500
2024-09-20 12:27:19,727 - INFO - X new: [[0.18353179 0.6169129  0.16218694 0.41630057 0.99891025 0.619636  ]]
2024-09-20 12:27:19,729 - INFO - y new: [[-0.02532983]]
2024-09-20 12:27:31,075 - INFO - Iteration: 22 / 500
2024-09-20 12:27:35,549 - INFO - X new: [[0.77413917 0.6926913  0.44593108 0.69926345 0.6444154  0.9840728 ]]
2024-09-20 12:27:35,550 - INFO - y new: [[-0.00931609]]
2024-09-20 12:27:46,525 - INFO - Iteration: 23 / 500
2024-09-20 12:27:51,025 - INFO - X new: [[0.92510414 0.7789173  0.14377677 0.56129    0.38248563 0.05750728]]
2024-09-20 12:27:51,027 - INFO - y new: [[-0.03186452]]
2024-09-20 12:28:02,497 - INFO - Iteration: 24 / 500
2024-09-20 12:28:07,187 - INFO - X new: [[0.55039656 0.5196992  0.65227914 0.57373834 0.44289565 0.29750335]]
2024-09-20 12:28:07,189 - INFO - y new: [[-0.43931783]]
2024-09-20 12:28:30,234 - INFO - Iteration: 25 / 500
2024-09-20 12:28:31,959 - INFO - X new: [[0.91377556 0.7949139  0.2904923  0.7827079  0.51518893 0.7081276 ]]
2024-09-20 12:28:31,961 - INFO - y new: [[-0.00707303]]
2024-09-20 12:29:03,397 - INFO - Iteration: 26 / 500
2024-09-20 12:29:05,257 - INFO - X new: [[0.6704421  0.73473287 0.16902864 0.0346328  0.2867627  0.09678566]]
2024-09-20 12:29:05,259 - INFO - y new: [[-0.05960132]]
2024-09-20 12:29:32,862 - INFO - Iteration: 27 / 500
2024-09-20 12:29:34,693 - INFO - X new: [[0.9818618  0.8679309  0.30815065 0.2840011  0.6896018  0.16619241]]
2024-09-20 12:29:34,695 - INFO - y new: [[-0.00461266]]
2024-09-20 12:29:55,503 - INFO - Iteration: 28 / 500
2024-09-20 12:29:57,399 - INFO - X new: [[0.7767023  0.42859662 0.786312   0.65629697 0.24300218 0.6269809 ]]
2024-09-20 12:29:57,401 - INFO - y new: [[-0.30242121]]
2024-09-20 12:30:24,486 - INFO - Iteration: 29 / 500
2024-09-20 12:30:26,313 - INFO - X new: [[0.63733816 0.53581    0.22567832 0.5586196  0.40511954 0.42136526]]
2024-09-20 12:30:26,316 - INFO - y new: [[-0.32747733]]
2024-09-20 12:30:49,339 - INFO - Iteration: 30 / 500
2024-09-20 12:30:51,843 - INFO - X new: [[0.55039656 0.5196992  0.65227914 0.57373834 0.44289565 0.29750335]]
2024-09-20 12:30:51,845 - INFO - y new: [[-0.43931783]]
2024-09-20 12:31:24,474 - INFO - Iteration: 31 / 500
2024-09-20 12:31:26,396 - INFO - X new: [[0.69430506 0.30512714 0.4858408  0.36676824 0.16714191 0.23210478]]
2024-09-20 12:31:26,398 - INFO - y new: [[-0.23933541]]
2024-09-20 12:31:47,695 - INFO - Iteration: 32 / 500
2024-09-20 12:31:49,611 - INFO - X new: [[0.55039656 0.5196992  0.65227914 0.57373834 0.44289565 0.29750335]]
2024-09-20 12:31:49,613 - INFO - y new: [[-0.43931783]]
2024-09-20 12:32:17,167 - INFO - Iteration: 33 / 500
2024-09-20 12:32:19,062 - INFO - X new: [[0.55039656 0.5196992  0.65227914 0.57373834 0.44289565 0.29750335]]
2024-09-20 12:32:19,064 - INFO - y new: [[-0.43931783]]
2024-09-20 12:32:40,300 - INFO - Iteration: 34 / 500
2024-09-20 12:32:42,229 - INFO - X new: [[0.55039656 0.5196992  0.65227914 0.57373834 0.44289565 0.29750335]]
2024-09-20 12:32:42,232 - INFO - y new: [[-0.43931783]]
2024-09-20 12:33:10,001 - INFO - Iteration: 35 / 500
2024-09-20 12:33:11,913 - INFO - X new: [[0.55039656 0.5196992  0.65227914 0.57373834 0.44289565 0.29750335]]
2024-09-20 12:33:11,915 - INFO - y new: [[-0.43931783]]
2024-09-20 12:33:28,187 - INFO - Iteration: 36 / 500
2024-09-20 12:33:30,184 - INFO - X new: [[0.55039656 0.5196992  0.65227914 0.57373834 0.44289565 0.29750335]]
2024-09-20 12:33:30,187 - INFO - y new: [[-0.43931783]]
2024-09-20 12:33:57,872 - INFO - Iteration: 37 / 500
2024-09-20 12:33:59,890 - INFO - X new: [[0.55039656 0.5196992  0.65227914 0.57373834 0.44289565 0.29750335]]
2024-09-20 12:33:59,892 - INFO - y new: [[-0.43931783]]
2024-09-20 12:34:21,958 - INFO - Iteration: 38 / 500
2024-09-20 12:34:23,942 - INFO - X new: [[0.55039656 0.5196992  0.65227914 0.57373834 0.44289565 0.29750335]]
2024-09-20 12:34:23,944 - INFO - y new: [[-0.43931783]]
2024-09-20 12:34:50,091 - INFO - Iteration: 39 / 500
2024-09-20 12:35:02,583 - INFO - X new: [[0.55039656 0.5196992  0.65227914 0.57373834 0.44289565 0.29750335]]
2024-09-20 12:35:02,586 - INFO - y new: [[-0.43931783]]
2024-09-20 12:35:34,428 - INFO - Iteration: 40 / 500
2024-09-20 12:35:48,175 - INFO - X new: [[0.55039656 0.5196992  0.65227914 0.57373834 0.44289565 0.29750335]]
2024-09-20 12:35:48,176 - INFO - y new: [[-0.43931783]]
2024-09-20 12:36:06,767 - INFO - Iteration: 41 / 500
2024-09-20 12:36:18,777 - INFO - X new: [[0.55039656 0.5196992  0.65227914 0.57373834 0.44289565 0.29750335]]
2024-09-20 12:36:18,779 - INFO - y new: [[-0.43931783]]
2024-09-20 12:36:45,759 - INFO - Iteration: 42 / 500
2024-09-20 12:36:58,883 - INFO - X new: [[0.9818618  0.8679309  0.30815065 0.2840011  0.6896018  0.16619241]]
2024-09-20 12:36:58,886 - INFO - y new: [[-0.00461266]]
2024-09-20 12:37:15,965 - INFO - Iteration: 43 / 500
2024-09-20 12:37:30,782 - INFO - X new: [[0.9818618  0.8679309  0.30815065 0.2840011  0.6896018  0.16619241]]
2024-09-20 12:37:30,785 - INFO - y new: [[-0.00461266]]
2024-09-20 12:37:56,393 - INFO - Iteration: 44 / 500
2024-09-20 12:38:12,740 - INFO - X new: [[0.9818618  0.8679309  0.30815065 0.2840011  0.6896018  0.16619241]]
2024-09-20 12:38:12,741 - INFO - y new: [[-0.00461266]]
2024-09-20 12:38:42,129 - INFO - Iteration: 45 / 500
2024-09-20 12:38:58,900 - INFO - X new: [[0.9818618  0.8679309  0.30815065 0.2840011  0.6896018  0.16619241]]
2024-09-20 12:38:58,903 - INFO - y new: [[-0.00461266]]
2024-09-20 12:39:26,888 - INFO - Iteration: 46 / 500
2024-09-20 12:39:45,213 - INFO - X new: [[0.9818618  0.8679309  0.30815065 0.2840011  0.6896018  0.16619241]]
2024-09-20 12:39:45,215 - INFO - y new: [[-0.00461266]]
2024-09-20 12:40:06,800 - INFO - Iteration: 47 / 500
2024-09-20 12:40:26,156 - INFO - X new: [[0.9818618  0.8679309  0.30815065 0.2840011  0.6896018  0.16619241]]
2024-09-20 12:40:26,158 - INFO - y new: [[-0.00461266]]
2024-09-20 12:40:53,153 - INFO - Iteration: 48 / 500
2024-09-20 12:41:14,260 - INFO - X new: [[0.9818618  0.8679309  0.30815065 0.2840011  0.6896018  0.16619241]]
2024-09-20 12:41:14,263 - INFO - y new: [[-0.00461266]]
2024-09-20 12:41:45,666 - INFO - Iteration: 49 / 500
2024-09-20 12:42:03,149 - INFO - X new: [[0.55039656 0.5196992  0.65227914 0.57373834 0.44289565 0.29750335]]
2024-09-20 12:42:03,151 - INFO - y new: [[-0.43931783]]
2024-09-20 12:42:34,106 - INFO - Iteration: 50 / 500
2024-09-20 12:42:53,488 - INFO - X new: [[0.55039656 0.5196992  0.65227914 0.57373834 0.44289565 0.29750335]]
2024-09-20 12:42:53,489 - INFO - y new: [[-0.43931783]]
2024-09-20 12:43:17,207 - INFO - Iteration: 51 / 500
2024-09-20 12:43:37,987 - INFO - X new: [[0.55039656 0.5196992  0.65227914 0.57373834 0.44289565 0.29750335]]
2024-09-20 12:43:37,989 - INFO - y new: [[-0.43931783]]
2024-09-20 12:44:06,427 - INFO - Iteration: 52 / 500
2024-09-20 12:44:30,049 - INFO - X new: [[0.55039656 0.5196992  0.65227914 0.57373834 0.44289565 0.29750335]]
2024-09-20 12:44:30,051 - INFO - y new: [[-0.43931783]]
2024-09-20 12:44:59,778 - INFO - Iteration: 53 / 500
2024-09-20 12:45:23,028 - INFO - X new: [[0.55039656 0.5196992  0.65227914 0.57373834 0.44289565 0.29750335]]
2024-09-20 12:45:23,029 - INFO - y new: [[-0.43931783]]
2024-09-20 12:45:54,667 - INFO - Iteration: 54 / 500
2024-09-20 12:46:20,167 - INFO - X new: [[0.55039656 0.5196992  0.65227914 0.57373834 0.44289565 0.29750335]]
2024-09-20 12:46:20,169 - INFO - y new: [[-0.43931783]]
2024-09-20 12:46:44,562 - INFO - Iteration: 55 / 500
2024-09-20 12:47:11,171 - INFO - X new: [[0.55039656 0.5196992  0.65227914 0.57373834 0.44289565 0.29750335]]
2024-09-20 12:47:11,172 - INFO - y new: [[-0.43931783]]
2024-09-20 12:47:44,735 - INFO - Iteration: 56 / 500
2024-09-20 12:48:14,279 - INFO - X new: [[0.55039656 0.5196992  0.65227914 0.57373834 0.44289565 0.29750335]]
2024-09-20 12:48:14,280 - INFO - y new: [[-0.43931783]]
2024-09-20 12:52:54,360 - INFO - Iteration: 57 / 500
2024-09-20 12:53:18,944 - INFO - X new: [[0.55039656 0.5196992  0.65227914 0.57373834 0.44289565 0.29750335]]
2024-09-20 12:53:18,946 - INFO - y new: [[-0.43931783]]
2024-09-20 12:53:56,793 - INFO - Iteration: 58 / 500
2024-09-20 12:54:23,139 - INFO - X new: [[0.55039656 0.5196992  0.65227914 0.57373834 0.44289565 0.29750335]]
2024-09-20 12:54:23,141 - INFO - y new: [[-0.43931783]]
2024-09-20 13:21:26,333 - INFO - Iteration: 59 / 500
2024-09-20 13:21:55,721 - INFO - X new: [[0.55039656 0.5196992  0.65227914 0.57373834 0.44289565 0.29750335]]
2024-09-20 13:21:55,723 - INFO - y new: [[-0.43931783]]
2024-09-20 13:22:41,211 - INFO - Iteration: 60 / 500
2024-09-20 13:23:12,915 - INFO - X new: [[0.55039656 0.5196992  0.65227914 0.57373834 0.44289565 0.29750335]]
2024-09-20 13:23:12,917 - INFO - y new: [[-0.43931783]]
2024-09-20 13:29:17,344 - INFO - Iteration: 61 / 500
2024-09-20 13:29:50,003 - INFO - X new: [[0.55039656 0.5196992  0.65227914 0.57373834 0.44289565 0.29750335]]
2024-09-20 13:29:50,007 - INFO - y new: [[-0.43931783]]
2024-09-20 13:30:18,812 - INFO - Iteration: 62 / 500
2024-09-20 13:30:55,678 - INFO - X new: [[0.55039656 0.5196992  0.65227914 0.57373834 0.44289565 0.29750335]]
2024-09-20 13:30:55,679 - INFO - y new: [[-0.43931783]]
2024-09-20 13:31:36,657 - INFO - Iteration: 63 / 500
2024-09-20 13:32:13,611 - INFO - X new: [[0.55039656 0.5196992  0.65227914 0.57373834 0.44289565 0.29750335]]
2024-09-20 13:32:13,614 - INFO - y new: [[-0.43931783]]
2024-09-20 13:37:21,694 - INFO - Iteration: 64 / 500
2024-09-20 13:38:01,915 - INFO - X new: [[0.55039656 0.5196992  0.65227914 0.57373834 0.44289565 0.29750335]]
2024-09-20 13:38:01,918 - INFO - y new: [[-0.43931783]]
2024-09-20 13:38:53,895 - INFO - Iteration: 65 / 500
2024-09-20 13:39:27,877 - INFO - X new: [[0.55039656 0.5196992  0.65227914 0.57373834 0.44289565 0.29750335]]
2024-09-20 13:39:27,879 - INFO - y new: [[-0.43931783]]
2024-09-20 13:40:27,307 - INFO - Iteration: 66 / 500
2024-09-20 13:41:04,437 - INFO - X new: [[0.55039656 0.5196992  0.65227914 0.57373834 0.44289565 0.29750335]]
2024-09-20 13:41:04,441 - INFO - y new: [[-0.43931783]]
2024-09-20 13:42:32,920 - INFO - Iteration: 67 / 500
2024-09-20 13:43:13,007 - INFO - X new: [[0.55039656 0.5196992  0.65227914 0.57373834 0.44289565 0.29750335]]
2024-09-20 13:43:13,011 - INFO - y new: [[-0.43931783]]
2024-09-20 13:45:02,585 - INFO - Iteration: 68 / 500
2024-09-20 13:45:46,125 - INFO - X new: [[0.55039656 0.5196992  0.65227914 0.57373834 0.44289565 0.29750335]]
2024-09-20 13:45:46,128 - INFO - y new: [[-0.43931783]]
2024-09-20 13:47:38,522 - INFO - Iteration: 69 / 500
2024-09-20 13:48:23,147 - INFO - X new: [[0.55039656 0.5196992  0.65227914 0.57373834 0.44289565 0.29750335]]
2024-09-20 13:48:23,151 - INFO - y new: [[-0.43931783]]
2024-09-20 14:09:03,472 - INFO - Iteration: 70 / 500
2024-09-20 14:09:51,076 - INFO - X new: [[0.55039656 0.5196992  0.65227914 0.57373834 0.44289565 0.29750335]]
2024-09-20 14:09:51,078 - INFO - y new: [[-0.43931783]]
2024-09-20 14:17:03,174 - INFO - Iteration: 71 / 500
2024-09-20 14:17:52,358 - INFO - X new: [[0.55039656 0.5196992  0.65227914 0.57373834 0.44289565 0.29750335]]
2024-09-20 14:17:52,360 - INFO - y new: [[-0.43931783]]
2024-09-20 14:56:54,965 - INFO - Iteration: 72 / 500
2024-09-20 14:57:47,741 - INFO - X new: [[0.55039656 0.5196992  0.65227914 0.57373834 0.44289565 0.29750335]]
2024-09-20 14:57:47,743 - INFO - y new: [[-0.43931783]]
