2024-09-20 11:02:22,160 - INFO - Start BO with settings: {'name': 'vanilla_bo_SinusoidaSynthetic_TP_EI', 'is_x64': False, 'seed': 1, 'search_space': array([[ 5],
       [10]]), 'num_iterations': 500, 'initial_sample_size': 10, 'objective_function': <src.test_functions.SinusoidaSynthetic object at 0x7f9e05894620>, 'acquisition': {'acq_fn_class': <function EI_TP at 0x7f9e07957920>, 'num_samples': 50, 'num_initial_guesses': 10, 'maximize': False}, 'surrogate': {'model_class': <class 'src.tp.TP_v2'>, 'kernel': 'Matern', 'normalize': True, 'standardize': True}, 'memo': 'Experiment using SinusoidaSynthetic with EI acquisition.'}
2024-09-20 11:02:22,240 - INFO - X initial: [6.76744423]
2024-09-20 11:02:22,240 - INFO - y initial: [1.66299206]
2024-09-20 11:02:22,240 - INFO - X initial: [7.91357124]
2024-09-20 11:02:22,240 - INFO - y initial: [-11.35222704]
2024-09-20 11:02:22,241 - INFO - X initial: [9.36682124]
2024-09-20 11:02:22,241 - INFO - y initial: [68.45309557]
2024-09-20 11:02:22,241 - INFO - X initial: [5.32762075]
2024-09-20 11:02:22,241 - INFO - y initial: [14.99267215]
2024-09-20 11:02:22,241 - INFO - X initial: [5.70071228]
2024-09-20 11:02:22,241 - INFO - y initial: [-2.85713069]
2024-09-20 11:02:22,241 - INFO - X initial: [9.62300187]
2024-09-20 11:02:22,241 - INFO - y initial: [63.64312503]
2024-09-20 11:02:22,242 - INFO - X initial: [8.24299406]
2024-09-20 11:02:22,242 - INFO - y initial: [-48.94901756]
2024-09-20 11:02:22,242 - INFO - X initial: [7.05752795]
2024-09-20 11:02:22,242 - INFO - y initial: [28.51125371]
2024-09-20 11:02:22,501 - INFO - Unable to initialize backend 'rocm': module 'jaxlib.xla_extension' has no attribute 'GpuAllocatorConfig'
2024-09-20 11:02:22,551 - INFO - Unable to initialize backend 'tpu': INTERNAL: Failed to open libtpu.so: libtpu.so: cannot open shared object file: No such file or directory
2024-09-20 11:02:29,521 - INFO - Iteration: 1 / 500
2024-09-20 11:02:35,214 - INFO - X new: [[8.163602]]
2024-09-20 11:02:35,309 - INFO - y new: [[-42.34647]]
2024-09-20 11:02:40,056 - INFO - Iteration: 2 / 500
2024-09-20 11:02:45,148 - INFO - X new: [[8.207302]]
2024-09-20 11:02:45,149 - INFO - y new: [[-46.25567]]
2024-09-20 11:02:50,153 - INFO - Iteration: 3 / 500
2024-09-20 11:02:52,626 - INFO - X new: [[8.251791]]
2024-09-20 11:02:52,627 - INFO - y new: [[-49.53869]]
2024-09-20 11:02:58,416 - INFO - Iteration: 4 / 500
2024-09-20 11:03:01,384 - INFO - X new: [[8.2986]]
2024-09-20 11:03:01,385 - INFO - y new: [[-52.151707]]
2024-09-20 11:03:09,444 - INFO - Iteration: 5 / 500
2024-09-20 11:03:12,523 - INFO - X new: [[8.351005]]
2024-09-20 11:03:12,525 - INFO - y new: [[-53.9648]]
2024-09-20 11:03:20,676 - INFO - Iteration: 6 / 500
2024-09-20 11:03:23,407 - INFO - X new: [[8.414074]]
2024-09-20 11:03:23,408 - INFO - y new: [[-54.483574]]
2024-09-20 11:03:31,363 - INFO - Iteration: 7 / 500
2024-09-20 11:03:34,429 - INFO - X new: [[8.462935]]
2024-09-20 11:03:34,430 - INFO - y new: [[-53.586315]]
2024-09-20 11:03:42,376 - INFO - Iteration: 8 / 500
2024-09-20 11:03:45,540 - INFO - X new: [[6.2326384]]
2024-09-20 11:03:45,541 - INFO - y new: [[-27.293392]]
2024-09-20 11:03:53,603 - INFO - Iteration: 9 / 500
2024-09-20 11:03:56,949 - INFO - X new: [[8.637493]]
2024-09-20 11:03:56,950 - INFO - y new: [[-41.14675]]
2024-09-20 11:04:06,282 - INFO - Iteration: 10 / 500
2024-09-20 11:04:09,778 - INFO - X new: [[8.613289]]
2024-09-20 11:04:09,779 - INFO - y new: [[-43.697346]]
2024-09-20 11:04:18,821 - INFO - Iteration: 11 / 500
2024-09-20 11:04:21,864 - INFO - X new: [[6.434785]]
2024-09-20 11:04:21,865 - INFO - y new: [[-23.315237]]
2024-09-20 11:04:31,385 - INFO - Iteration: 12 / 500
2024-09-20 11:04:35,358 - INFO - X new: [[5.9714074]]
2024-09-20 11:04:35,360 - INFO - y new: [[-19.390388]]
2024-09-20 11:04:45,054 - INFO - Iteration: 13 / 500
2024-09-20 11:04:52,500 - INFO - X new: [[8.613289]]
2024-09-20 11:04:52,502 - INFO - y new: [[-43.697346]]
2024-09-20 11:05:02,373 - INFO - Iteration: 14 / 500
2024-09-20 11:05:05,784 - INFO - X new: [[7.360317]]
2024-09-20 11:05:05,785 - INFO - y new: [[39.660656]]
2024-09-20 11:05:15,900 - INFO - Iteration: 15 / 500
2024-09-20 11:05:23,858 - INFO - X new: [[8.613289]]
2024-09-20 11:05:23,859 - INFO - y new: [[-43.697346]]
2024-09-20 11:05:35,141 - INFO - Iteration: 16 / 500
2024-09-20 11:05:39,044 - INFO - X new: [[9.820971]]
2024-09-20 11:05:39,045 - INFO - y new: [[33.416428]]
2024-09-20 11:05:49,891 - INFO - Iteration: 17 / 500
2024-09-20 11:05:56,993 - INFO - X new: [[8.613289]]
2024-09-20 11:05:56,994 - INFO - y new: [[-43.697346]]
2024-09-20 11:06:08,247 - INFO - Iteration: 18 / 500
2024-09-20 11:06:16,431 - INFO - X new: [[8.613289]]
2024-09-20 11:06:16,432 - INFO - y new: [[-43.697346]]
2024-09-20 11:06:28,691 - INFO - Iteration: 19 / 500
2024-09-20 11:06:38,021 - INFO - X new: [[9.204622]]
2024-09-20 11:06:38,022 - INFO - y new: [[52.00017]]
2024-09-20 11:06:50,989 - INFO - Iteration: 20 / 500
2024-09-20 11:06:59,877 - INFO - X new: [[8.613289]]
2024-09-20 11:06:59,878 - INFO - y new: [[-43.697346]]
2024-09-20 11:07:12,332 - INFO - Iteration: 21 / 500
2024-09-20 11:07:22,125 - INFO - X new: [[9.204622]]
2024-09-20 11:07:22,127 - INFO - y new: [[52.00017]]
2024-09-20 11:07:35,169 - INFO - Iteration: 22 / 500
2024-09-20 11:07:45,295 - INFO - X new: [[9.204622]]
2024-09-20 11:07:45,297 - INFO - y new: [[52.00017]]
2024-09-20 11:07:59,212 - INFO - Iteration: 23 / 500
2024-09-20 11:08:10,562 - INFO - X new: [[9.204622]]
2024-09-20 11:08:10,563 - INFO - y new: [[52.00017]]
2024-09-20 11:08:25,635 - INFO - Iteration: 24 / 500
2024-09-20 11:08:37,269 - INFO - X new: [[9.204622]]
2024-09-20 11:08:37,271 - INFO - y new: [[52.00017]]
2024-09-20 11:09:02,470 - INFO - Iteration: 25 / 500
2024-09-20 11:09:10,115 - INFO - X new: [[9.204622]]
2024-09-20 11:09:10,117 - INFO - y new: [[52.00017]]
2024-09-20 11:09:40,612 - INFO - Iteration: 26 / 500
2024-09-20 11:09:49,157 - INFO - X new: [[9.204622]]
2024-09-20 11:09:49,159 - INFO - y new: [[52.00017]]
2024-09-20 11:10:14,981 - INFO - Iteration: 27 / 500
2024-09-20 11:10:23,601 - INFO - X new: [[9.204622]]
2024-09-20 11:10:23,603 - INFO - y new: [[52.00017]]
2024-09-20 11:10:46,765 - INFO - Iteration: 28 / 500
2024-09-20 11:10:56,651 - INFO - X new: [[9.204622]]
2024-09-20 11:10:56,654 - INFO - y new: [[52.00017]]
2024-09-20 11:11:23,822 - INFO - Iteration: 29 / 500
2024-09-20 11:11:32,781 - INFO - X new: [[9.204622]]
2024-09-20 11:11:32,783 - INFO - y new: [[52.00017]]
2024-09-20 11:22:48,147 - INFO - Iteration: 30 / 500
2024-09-20 11:22:58,023 - INFO - X new: [[6.4010596]]
2024-09-20 11:22:58,025 - INFO - y new: [[-24.654312]]
2024-09-20 11:23:27,550 - INFO - Iteration: 31 / 500
2024-09-20 11:23:38,217 - INFO - X new: [[9.204622]]
2024-09-20 11:23:38,219 - INFO - y new: [[52.00017]]
2024-09-20 11:45:43,544 - INFO - Iteration: 32 / 500
2024-09-20 11:45:55,197 - INFO - X new: [[6.4010596]]
2024-09-20 11:45:55,199 - INFO - y new: [[-24.654312]]
2024-09-20 11:46:27,615 - INFO - Iteration: 33 / 500
2024-09-20 11:46:37,771 - INFO - X new: [[9.204622]]
2024-09-20 11:46:37,773 - INFO - y new: [[52.00017]]
2024-09-20 12:08:25,153 - INFO - Iteration: 34 / 500
2024-09-20 12:08:36,150 - INFO - X new: [[6.4010596]]
2024-09-20 12:08:36,152 - INFO - y new: [[-24.654312]]
2024-09-20 12:23:33,834 - INFO - Iteration: 35 / 500
2024-09-20 12:23:45,139 - INFO - X new: [[6.4010596]]
2024-09-20 12:23:45,140 - INFO - y new: [[-24.654312]]
2024-09-20 12:44:01,252 - INFO - Iteration: 36 / 500
2024-09-20 12:44:12,795 - INFO - X new: [[6.4010596]]
2024-09-20 12:44:12,796 - INFO - y new: [[-24.654312]]
2024-09-20 12:56:32,596 - INFO - Iteration: 37 / 500
2024-09-20 12:56:43,951 - INFO - X new: [[6.4010596]]
2024-09-20 12:56:43,952 - INFO - y new: [[-24.654312]]
2024-09-20 13:18:45,327 - INFO - Iteration: 38 / 500
2024-09-20 13:18:57,991 - INFO - X new: [[6.4010596]]
2024-09-20 13:18:57,993 - INFO - y new: [[-24.654312]]
2024-09-20 13:41:04,291 - INFO - Iteration: 39 / 500
2024-09-20 13:41:17,453 - INFO - X new: [[6.4010596]]
2024-09-20 13:41:17,455 - INFO - y new: [[-24.654312]]
2024-09-20 14:02:14,473 - INFO - Iteration: 40 / 500
2024-09-20 14:02:29,418 - INFO - X new: [[6.4010596]]
2024-09-20 14:02:29,420 - INFO - y new: [[-24.654312]]
2024-09-20 14:32:05,419 - INFO - Iteration: 41 / 500
2024-09-20 14:32:17,540 - INFO - X new: [[6.4010596]]
2024-09-20 14:32:17,542 - INFO - y new: [[-24.654312]]
2024-09-20 14:58:42,775 - INFO - Iteration: 42 / 500
2024-09-20 14:58:56,371 - INFO - X new: [[6.4010596]]
2024-09-20 14:58:56,372 - INFO - y new: [[-24.654312]]
