2024-09-20 11:02:09,115 - INFO - Start BO with settings: {'name': 'vanilla_bo_SinusoidaSynthetic_GP_UCB', 'is_x64': False, 'seed': 1, 'search_space': array([[ 5],
       [10]]), 'num_iterations': 500, 'initial_sample_size': 10, 'objective_function': <src.test_functions.SinusoidaSynthetic object at 0x7f94361704a0>, 'acquisition': {'acq_fn_class': <function UCB at 0x7f9435c91e40>, 'num_samples': 50, 'num_initial_guesses': 10, 'maximize': False}, 'surrogate': {'model_class': <class 'src.gp.ExactGP'>, 'kernel': 'Matern', 'normalize': True, 'standardize': True}, 'memo': 'Experiment using SinusoidaSynthetic with UCB acquisition.'}
2024-09-20 11:02:09,131 - INFO - X initial: [6.48729912]
2024-09-20 11:02:09,132 - INFO - y initial: [-20.71129043]
2024-09-20 11:02:09,132 - INFO - X initial: [9.05675855]
2024-09-20 11:02:09,132 - INFO - y initial: [28.11816615]
2024-09-20 11:02:09,132 - INFO - X initial: [8.36556365]
2024-09-20 11:02:09,132 - INFO - y initial: [-54.24925281]
2024-09-20 11:02:09,132 - INFO - X initial: [5.93291789]
2024-09-20 11:02:09,132 - INFO - y initial: [-17.31893128]
2024-09-20 11:02:09,132 - INFO - X initial: [5.58122994]
2024-09-20 11:02:09,133 - INFO - y initial: [4.37521456]
2024-09-20 11:02:09,133 - INFO - X initial: [8.09208907]
2024-09-20 11:02:09,133 - INFO - y initial: [-34.70267767]
2024-09-20 11:02:09,133 - INFO - X initial: [9.95521605]
2024-09-20 11:02:09,133 - INFO - y initial: [3.85025604]
2024-09-20 11:02:09,133 - INFO - X initial: [7.46398429]
2024-09-20 11:02:09,133 - INFO - y initial: [36.67028742]
2024-09-20 11:02:09,207 - INFO - Unable to initialize backend 'rocm': module 'jaxlib.xla_extension' has no attribute 'GpuAllocatorConfig'
2024-09-20 11:02:09,209 - INFO - Unable to initialize backend 'tpu': INTERNAL: Failed to open libtpu.so: libtpu.so: cannot open shared object file: No such file or directory
2024-09-20 11:02:14,698 - INFO - Iteration: 1 / 500
2024-09-20 11:02:17,511 - INFO - X new: [[8.310217]]
2024-09-20 11:02:17,605 - INFO - y new: [[-52.657883]]
2024-09-20 11:02:21,424 - INFO - Iteration: 2 / 500
2024-09-20 11:02:23,016 - INFO - X new: [[8.321616]]
2024-09-20 11:02:23,017 - INFO - y new: [[-53.09758]]
2024-09-20 11:02:26,768 - INFO - Iteration: 3 / 500
2024-09-20 11:02:29,801 - INFO - X new: [[8.326835]]
2024-09-20 11:02:29,801 - INFO - y new: [[-53.279785]]
2024-09-20 11:02:34,195 - INFO - Iteration: 4 / 500
2024-09-20 11:02:37,412 - INFO - X new: [[8.334422]]
2024-09-20 11:02:37,413 - INFO - y new: [[-53.52312]]
2024-09-20 11:02:43,499 - INFO - Iteration: 5 / 500
2024-09-20 11:02:45,636 - INFO - X new: [[8.341509]]
2024-09-20 11:02:45,637 - INFO - y new: [[-53.727097]]
2024-09-20 11:02:51,420 - INFO - Iteration: 6 / 500
2024-09-20 11:02:55,404 - INFO - X new: [[8.347325]]
2024-09-20 11:02:55,406 - INFO - y new: [[-53.877567]]
2024-09-20 11:03:00,455 - INFO - Iteration: 7 / 500
2024-09-20 11:03:02,561 - INFO - X new: [[8.353184]]
2024-09-20 11:03:02,563 - INFO - y new: [[-54.01357]]
2024-09-20 11:03:07,916 - INFO - Iteration: 8 / 500
2024-09-20 11:03:10,261 - INFO - X new: [[8.381949]]
2024-09-20 11:03:10,261 - INFO - y new: [[-54.4521]]
2024-09-20 11:03:15,582 - INFO - Iteration: 9 / 500
2024-09-20 11:03:17,634 - INFO - X new: [[8.37039]]
2024-09-20 11:03:17,635 - INFO - y new: [[-54.32197]]
2024-09-20 11:03:23,372 - INFO - Iteration: 10 / 500
2024-09-20 11:03:25,756 - INFO - X new: [[8.388652]]
2024-09-20 11:03:25,757 - INFO - y new: [[-54.498917]]
2024-09-20 11:03:31,849 - INFO - Iteration: 11 / 500
2024-09-20 11:03:34,568 - INFO - X new: [[8.391689]]
2024-09-20 11:03:34,569 - INFO - y new: [[-54.513172]]
2024-09-20 11:03:41,027 - INFO - Iteration: 12 / 500
2024-09-20 11:03:43,852 - INFO - X new: [[5.]]
2024-09-20 11:03:43,854 - INFO - y new: [[15.3823595]]
2024-09-20 11:03:50,180 - INFO - Iteration: 13 / 500
2024-09-20 11:03:53,446 - INFO - X new: [[8.395615]]
2024-09-20 11:03:53,448 - INFO - y new: [[-54.525154]]
2024-09-20 11:04:00,981 - INFO - Iteration: 14 / 500
2024-09-20 11:04:04,272 - INFO - X new: [[8.397325]]
2024-09-20 11:04:04,273 - INFO - y new: [[-54.528088]]
2024-09-20 11:04:11,606 - INFO - Iteration: 15 / 500
2024-09-20 11:04:14,782 - INFO - X new: [[5.]]
2024-09-20 11:04:14,783 - INFO - y new: [[15.3823595]]
2024-09-20 11:04:22,569 - INFO - Iteration: 16 / 500
2024-09-20 11:04:25,173 - INFO - X new: [[5.]]
2024-09-20 11:04:25,174 - INFO - y new: [[15.3823595]]
2024-09-20 11:04:32,286 - INFO - Iteration: 17 / 500
2024-09-20 11:04:35,075 - INFO - X new: [[5.]]
2024-09-20 11:04:35,076 - INFO - y new: [[15.3823595]]
2024-09-20 11:04:42,610 - INFO - Iteration: 18 / 500
2024-09-20 11:04:45,784 - INFO - X new: [[5.]]
2024-09-20 11:04:45,785 - INFO - y new: [[15.3823595]]
2024-09-20 11:04:53,670 - INFO - Iteration: 19 / 500
2024-09-20 11:04:57,117 - INFO - X new: [[5.]]
2024-09-20 11:04:57,119 - INFO - y new: [[15.3823595]]
2024-09-20 11:05:05,554 - INFO - Iteration: 20 / 500
2024-09-20 11:05:08,361 - INFO - X new: [[5.]]
2024-09-20 11:05:08,362 - INFO - y new: [[15.3823595]]
2024-09-20 11:07:24,460 - INFO - Iteration: 21 / 500
2024-09-20 11:07:27,984 - INFO - X new: [[6.4010596]]
2024-09-20 11:07:27,985 - INFO - y new: [[-24.654312]]
2024-09-20 11:09:19,609 - INFO - Iteration: 22 / 500
2024-09-20 11:09:23,685 - INFO - X new: [[5.]]
2024-09-20 11:09:23,687 - INFO - y new: [[15.3823595]]
2024-09-20 11:12:58,041 - INFO - Iteration: 23 / 500
2024-09-20 11:13:02,044 - INFO - X new: [[5.]]
2024-09-20 11:13:02,045 - INFO - y new: [[15.3823595]]
2024-09-20 11:13:13,282 - INFO - Iteration: 24 / 500
2024-09-20 11:13:16,483 - INFO - X new: [[5.]]
2024-09-20 11:13:16,484 - INFO - y new: [[15.3823595]]
2024-09-20 11:25:46,204 - INFO - Iteration: 25 / 500
2024-09-20 11:25:52,422 - INFO - X new: [[6.2276363]]
2024-09-20 11:25:52,424 - INFO - y new: [[-27.269705]]
2024-09-20 11:42:40,939 - INFO - Iteration: 26 / 500
2024-09-20 11:42:43,402 - INFO - X new: [[5.]]
2024-09-20 11:42:43,404 - INFO - y new: [[15.3823595]]
2024-09-20 12:00:29,739 - INFO - Iteration: 27 / 500
2024-09-20 12:00:31,570 - INFO - X new: [[5.]]
2024-09-20 12:00:31,571 - INFO - y new: [[15.3823595]]
2024-09-20 12:21:04,576 - INFO - Iteration: 28 / 500
2024-09-20 12:21:06,538 - INFO - X new: [[5.]]
2024-09-20 12:21:06,539 - INFO - y new: [[15.3823595]]
2024-09-20 12:40:01,135 - INFO - Iteration: 29 / 500
2024-09-20 12:40:03,206 - INFO - X new: [[5.]]
2024-09-20 12:40:03,207 - INFO - y new: [[15.3823595]]
2024-09-20 12:55:04,312 - INFO - Iteration: 30 / 500
2024-09-20 12:55:06,378 - INFO - X new: [[5.]]
2024-09-20 12:55:06,380 - INFO - y new: [[15.3823595]]
2024-09-20 13:14:24,581 - INFO - Iteration: 31 / 500
2024-09-20 13:14:26,681 - INFO - X new: [[5.]]
2024-09-20 13:14:26,683 - INFO - y new: [[15.3823595]]
2024-09-20 13:31:10,064 - INFO - Iteration: 32 / 500
2024-09-20 13:31:12,712 - INFO - X new: [[6.4010596]]
2024-09-20 13:31:12,714 - INFO - y new: [[-24.654312]]
2024-09-20 13:51:44,433 - INFO - Iteration: 33 / 500
2024-09-20 13:51:46,541 - INFO - X new: [[5.]]
2024-09-20 13:51:46,543 - INFO - y new: [[15.3823595]]
2024-09-20 14:06:14,558 - INFO - Iteration: 34 / 500
2024-09-20 14:06:16,653 - INFO - X new: [[6.4010596]]
2024-09-20 14:06:16,655 - INFO - y new: [[-24.654312]]
2024-09-20 14:25:27,573 - INFO - Iteration: 35 / 500
2024-09-20 14:25:29,877 - INFO - X new: [[5.]]
2024-09-20 14:25:29,878 - INFO - y new: [[15.3823595]]
2024-09-20 14:40:22,982 - INFO - Iteration: 36 / 500
2024-09-20 14:40:25,016 - INFO - X new: [[6.4010596]]
2024-09-20 14:40:25,018 - INFO - y new: [[-24.654312]]
2024-09-20 14:55:58,112 - INFO - Iteration: 37 / 500
2024-09-20 14:56:00,292 - INFO - X new: [[5.]]
2024-09-20 14:56:00,294 - INFO - y new: [[15.3823595]]
