2024-09-20 11:02:09,115 - INFO - Start BO with settings: {'name': 'vanilla_bo_SinusoidaSynthetic_TP_UCB', 'is_x64': False, 'seed': 1, 'search_space': array([[ 5],
       [10]]), 'num_iterations': 500, 'initial_sample_size': 10, 'objective_function': <src.test_functions.SinusoidaSynthetic object at 0x7fb869de8230>, 'acquisition': {'acq_fn_class': <function UCB_TP at 0x7fb86bf8b880>, 'num_samples': 50, 'num_initial_guesses': 10, 'maximize': False}, 'surrogate': {'model_class': <class 'src.tp.TP_v2'>, 'kernel': 'Matern', 'normalize': True, 'standardize': True}, 'memo': 'Experiment using SinusoidaSynthetic with UCB acquisition.'}
2024-09-20 11:02:09,132 - INFO - X initial: [9.18308173]
2024-09-20 11:02:09,132 - INFO - y initial: [48.93175334]
2024-09-20 11:02:09,132 - INFO - X initial: [6.32446304]
2024-09-20 11:02:09,133 - INFO - y initial: [-26.69262779]
2024-09-20 11:02:09,133 - INFO - X initial: [6.05586865]
2024-09-20 11:02:09,133 - INFO - y initial: [-23.26560287]
2024-09-20 11:02:09,133 - INFO - X initial: [8.20213524]
2024-09-20 11:02:09,133 - INFO - y initial: [-45.82731759]
2024-09-20 11:02:09,133 - INFO - X initial: [8.11526904]
2024-09-20 11:02:09,133 - INFO - y initial: [-37.33154952]
2024-09-20 11:02:09,133 - INFO - X initial: [5.20477592]
2024-09-20 11:02:09,133 - INFO - y initial: [16.91009032]
2024-09-20 11:02:09,134 - INFO - X initial: [7.49293871]
2024-09-20 11:02:09,134 - INFO - y initial: [35.16724472]
2024-09-20 11:02:09,134 - INFO - X initial: [9.57756508]
2024-09-20 11:02:09,134 - INFO - y initial: [67.48800557]
2024-09-20 11:02:09,206 - INFO - Unable to initialize backend 'rocm': module 'jaxlib.xla_extension' has no attribute 'GpuAllocatorConfig'
2024-09-20 11:02:09,208 - INFO - Unable to initialize backend 'tpu': INTERNAL: Failed to open libtpu.so: libtpu.so: cannot open shared object file: No such file or directory
2024-09-20 11:02:15,824 - INFO - Iteration: 1 / 500
2024-09-20 11:02:20,716 - INFO - X new: [[6.195118]]
2024-09-20 11:02:20,808 - INFO - y new: [[-26.978737]]
2024-09-20 11:02:25,531 - INFO - Iteration: 2 / 500
2024-09-20 11:02:28,051 - INFO - X new: [[6.1985893]]
2024-09-20 11:02:28,053 - INFO - y new: [[-27.020977]]
2024-09-20 11:02:33,068 - INFO - Iteration: 3 / 500
2024-09-20 11:02:39,424 - INFO - X new: [[6.210696]]
2024-09-20 11:02:39,425 - INFO - y new: [[-27.147526]]
2024-09-20 11:02:45,122 - INFO - Iteration: 4 / 500
2024-09-20 11:02:50,050 - INFO - X new: [[6.216534]]
2024-09-20 11:02:50,051 - INFO - y new: [[-27.196909]]
2024-09-20 11:02:58,689 - INFO - Iteration: 5 / 500
2024-09-20 11:03:01,814 - INFO - X new: [[6.225051]]
2024-09-20 11:03:01,815 - INFO - y new: [[-27.255241]]
2024-09-20 11:03:10,915 - INFO - Iteration: 6 / 500
2024-09-20 11:03:18,009 - INFO - X new: [[6.232656]]
2024-09-20 11:03:18,010 - INFO - y new: [[-27.293463]]
2024-09-20 11:03:26,721 - INFO - Iteration: 7 / 500
2024-09-20 11:03:30,778 - INFO - X new: [[8.297415]]
2024-09-20 11:03:30,780 - INFO - y new: [[-52.0968]]
2024-09-20 11:03:39,011 - INFO - Iteration: 8 / 500
2024-09-20 11:03:43,396 - INFO - X new: [[8.348965]]
2024-09-20 11:03:43,397 - INFO - y new: [[-53.917194]]
2024-09-20 11:03:51,290 - INFO - Iteration: 9 / 500
2024-09-20 11:03:54,552 - INFO - X new: [[8.37328]]
2024-09-20 11:03:54,553 - INFO - y new: [[-54.360344]]
2024-09-20 11:04:03,308 - INFO - Iteration: 10 / 500
2024-09-20 11:04:07,247 - INFO - X new: [[8.382301]]
2024-09-20 11:04:07,248 - INFO - y new: [[-54.455082]]
2024-09-20 11:04:16,664 - INFO - Iteration: 11 / 500
2024-09-20 11:04:19,688 - INFO - X new: [[8.407053]]
2024-09-20 11:04:19,688 - INFO - y new: [[-54.518475]]
2024-09-20 11:04:29,053 - INFO - Iteration: 12 / 500
2024-09-20 11:04:32,809 - INFO - X new: [[8.410037]]
2024-09-20 11:04:32,811 - INFO - y new: [[-54.50651]]
2024-09-20 11:04:42,138 - INFO - Iteration: 13 / 500
2024-09-20 11:04:45,511 - INFO - X new: [[8.41187]]
2024-09-20 11:04:45,512 - INFO - y new: [[-54.49705]]
2024-09-20 11:04:55,929 - INFO - Iteration: 14 / 500
2024-09-20 11:04:59,981 - INFO - X new: [[8.413082]]
2024-09-20 11:04:59,982 - INFO - y new: [[-54.489925]]
2024-09-20 11:05:10,373 - INFO - Iteration: 15 / 500
2024-09-20 11:05:14,427 - INFO - X new: [[5.]]
2024-09-20 11:05:14,428 - INFO - y new: [[15.3823595]]
2024-09-20 11:05:24,933 - INFO - Iteration: 16 / 500
2024-09-20 11:05:29,017 - INFO - X new: [[8.613289]]
2024-09-20 11:05:29,018 - INFO - y new: [[-43.697346]]
2024-09-20 11:05:39,430 - INFO - Iteration: 17 / 500
2024-09-20 11:05:43,024 - INFO - X new: [[5.]]
2024-09-20 11:05:43,025 - INFO - y new: [[15.3823595]]
2024-09-20 11:05:53,409 - INFO - Iteration: 18 / 500
2024-09-20 11:05:57,502 - INFO - X new: [[5.]]
2024-09-20 11:05:57,503 - INFO - y new: [[15.3823595]]
2024-09-20 11:06:09,256 - INFO - Iteration: 19 / 500
2024-09-20 11:06:12,400 - INFO - X new: [[5.]]
2024-09-20 11:06:12,401 - INFO - y new: [[15.3823595]]
2024-09-20 11:06:24,827 - INFO - Iteration: 20 / 500
2024-09-20 11:06:28,303 - INFO - X new: [[5.]]
2024-09-20 11:06:28,304 - INFO - y new: [[15.3823595]]
2024-09-20 11:06:40,982 - INFO - Iteration: 21 / 500
2024-09-20 11:06:45,320 - INFO - X new: [[5.]]
2024-09-20 11:06:45,321 - INFO - y new: [[15.3823595]]
2024-09-20 11:06:58,213 - INFO - Iteration: 22 / 500
2024-09-20 11:07:01,894 - INFO - X new: [[5.]]
2024-09-20 11:07:01,895 - INFO - y new: [[15.3823595]]
2024-09-20 11:07:15,071 - INFO - Iteration: 23 / 500
2024-09-20 11:07:19,538 - INFO - X new: [[5.]]
2024-09-20 11:07:19,539 - INFO - y new: [[15.3823595]]
2024-09-20 11:07:32,996 - INFO - Iteration: 24 / 500
2024-09-20 11:07:38,114 - INFO - X new: [[5.]]
2024-09-20 11:07:38,115 - INFO - y new: [[15.3823595]]
2024-09-20 11:08:10,549 - INFO - Iteration: 25 / 500
2024-09-20 11:08:12,733 - INFO - X new: [[5.]]
2024-09-20 11:08:12,736 - INFO - y new: [[15.3823595]]
2024-09-20 11:08:41,408 - INFO - Iteration: 26 / 500
2024-09-20 11:08:44,032 - INFO - X new: [[5.]]
2024-09-20 11:08:44,034 - INFO - y new: [[15.3823595]]
2024-09-20 11:25:22,467 - INFO - Iteration: 27 / 500
2024-09-20 11:25:25,216 - INFO - X new: [[5.]]
2024-09-20 11:25:25,217 - INFO - y new: [[15.3823595]]
2024-09-20 11:41:54,563 - INFO - Iteration: 28 / 500
2024-09-20 11:41:57,424 - INFO - X new: [[5.]]
2024-09-20 11:41:57,426 - INFO - y new: [[15.3823595]]
2024-09-20 11:54:36,222 - INFO - Iteration: 29 / 500
2024-09-20 11:54:38,970 - INFO - X new: [[5.]]
2024-09-20 11:54:38,972 - INFO - y new: [[15.3823595]]
2024-09-20 12:17:15,700 - INFO - Iteration: 30 / 500
2024-09-20 12:17:25,784 - INFO - X new: [[6.4010596]]
2024-09-20 12:17:25,785 - INFO - y new: [[-24.654312]]
2024-09-20 12:37:21,214 - INFO - Iteration: 31 / 500
2024-09-20 12:37:24,546 - INFO - X new: [[5.]]
2024-09-20 12:37:24,547 - INFO - y new: [[15.3823595]]
2024-09-20 12:55:04,812 - INFO - Iteration: 32 / 500
2024-09-20 12:55:07,677 - INFO - X new: [[5.]]
2024-09-20 12:55:07,678 - INFO - y new: [[15.3823595]]
2024-09-20 13:14:26,135 - INFO - Iteration: 33 / 500
2024-09-20 13:14:29,054 - INFO - X new: [[5.]]
2024-09-20 13:14:29,055 - INFO - y new: [[15.3823595]]
2024-09-20 13:33:22,432 - INFO - Iteration: 34 / 500
2024-09-20 13:33:25,519 - INFO - X new: [[5.]]
2024-09-20 13:33:25,520 - INFO - y new: [[15.3823595]]
2024-09-20 13:57:14,243 - INFO - Iteration: 35 / 500
2024-09-20 13:57:17,541 - INFO - X new: [[5.]]
2024-09-20 13:57:17,542 - INFO - y new: [[15.3823595]]
2024-09-20 14:21:43,662 - INFO - Iteration: 36 / 500
2024-09-20 14:21:46,841 - INFO - X new: [[5.]]
2024-09-20 14:21:46,843 - INFO - y new: [[15.3823595]]
2024-09-20 14:45:25,826 - INFO - Iteration: 37 / 500
2024-09-20 14:45:29,182 - INFO - X new: [[5.]]
2024-09-20 14:45:29,183 - INFO - y new: [[15.3823595]]
