2024-09-20 13:29:39,107 - INFO - Start BO with settings: {'name': 'vanilla_bo_Hartmann6_TP_EI', 'is_x64': False, 'seed': 0, 'search_space': array([[0, 0, 0, 0, 0, 0],
       [1, 1, 1, 1, 1, 1]]), 'num_iterations': 500, 'initial_sample_size': 10, 'objective_function': <src.test_functions.Hartmann6 object at 0x7f245a133140>, 'acquisition': {'acq_fn_class': <function EI_TP at 0x7f23e3303920>, 'num_samples': 50, 'num_initial_guesses': 10, 'maximize': False}, 'surrogate': {'model_class': <class 'src.tp.TP_v2'>, 'kernel': 'Matern', 'normalize': True, 'standardize': True}, 'memo': 'Experiment using Hartmann6 with EI acquisition.'}
2024-09-20 13:29:39,194 - INFO - X initial: [0.93976044 0.14393262 0.15692842 0.54141942 0.47074841 0.70209214]
2024-09-20 13:29:39,194 - INFO - y initial: [-0.20653149]
2024-09-20 13:29:39,195 - INFO - X initial: [0.06509429 0.62799638 0.88592702 0.31766198 0.503727   0.30939922]
2024-09-20 13:29:39,195 - INFO - y initial: [-0.21295411]
2024-09-20 13:29:39,196 - INFO - X initial: [0.35393313 0.35061746 0.31023769 0.98974704 0.90772158 0.10171569]
2024-09-20 13:29:39,196 - INFO - y initial: [-0.05039003]
2024-09-20 13:29:39,197 - INFO - X initial: [0.72908758 0.86667697 0.52166487 0.15100401 0.06284752 0.9004295 ]
2024-09-20 13:29:39,197 - INFO - y initial: [-0.07039261]
2024-09-20 13:29:39,198 - INFO - X initial: [0.54212106 0.38111885 0.84084359 0.03534472 0.15614383 0.6128382 ]
2024-09-20 13:29:39,198 - INFO - y initial: [-0.59934073]
2024-09-20 13:29:39,198 - INFO - X initial: [0.41782123 0.89669199 0.11575213 0.82330923 0.87328706 0.37662416]
2024-09-20 13:29:39,199 - INFO - y initial: [-0.316009]
2024-09-20 13:29:39,199 - INFO - X initial: [0.1280373  0.11150867 0.6875963  0.49594311 0.71526409 0.20832367]
2024-09-20 13:29:39,200 - INFO - y initial: [-0.12165114]
2024-09-20 13:29:39,200 - INFO - X initial: [0.75380196 0.59605881 0.48007436 0.64547905 0.3102605  0.78851636]
2024-09-20 13:29:39,200 - INFO - y initial: [-0.19831007]
2024-09-20 13:29:39,503 - INFO - Unable to initialize backend 'cuda': 
2024-09-20 13:29:39,503 - INFO - Unable to initialize backend 'rocm': module 'jaxlib.xla_extension' has no attribute 'GpuAllocatorConfig'
2024-09-20 13:29:39,512 - INFO - Unable to initialize backend 'tpu': INTERNAL: Failed to open libtpu.so: libtpu.so: cannot open shared object file: No such file or directory
2024-09-20 13:29:39,512 - WARNING - An NVIDIA GPU may be present on this machine, but a CUDA-enabled jaxlib is not installed. Falling back to cpu.
2024-09-20 13:29:55,792 - INFO - Iteration: 1 / 500
2024-09-20 13:30:03,821 - INFO - X new: [[0.5311335  0.36819243 0.89044553 0.         0.15330179 0.599007  ]]
2024-09-20 13:30:03,891 - INFO - y new: [[-0.46271303]]
2024-09-20 13:30:09,461 - INFO - Iteration: 2 / 500
2024-09-20 13:30:15,470 - INFO - X new: [[5.3420150e-01 3.6192539e-01 8.7160635e-01 7.7526638e-04 0.0000000e+00
  6.0363257e-01]]
2024-09-20 13:30:15,473 - INFO - y new: [[-0.23314298]]
2024-09-20 13:30:20,913 - INFO - Iteration: 3 / 500
2024-09-20 13:30:25,540 - INFO - X new: [[1.         0.38371602 1.         0.         0.19903895 0.56593275]]
2024-09-20 13:30:25,542 - INFO - y new: [[-0.11605052]]
2024-09-20 13:30:31,422 - INFO - Iteration: 4 / 500
2024-09-20 13:30:36,844 - INFO - X new: [[0.5208862  0.37953454 0.8403278  0.         1.         0.63770723]]
2024-09-20 13:30:36,845 - INFO - y new: [[-0.0461819]]
2024-09-20 13:30:44,002 - INFO - Iteration: 5 / 500
2024-09-20 13:30:51,338 - INFO - X new: [[0.44802362 0.         0.8317708  0.0395103  0.15916252 0.6131254 ]]
2024-09-20 13:30:51,339 - INFO - y new: [[-0.67373668]]
2024-09-20 13:30:59,530 - INFO - Iteration: 6 / 500
2024-09-20 13:31:05,218 - INFO - X new: [[0.41099355 0.         0.816438   0.04610685 0.16217457 0.6225297 ]]
2024-09-20 13:31:05,220 - INFO - y new: [[-0.7736279]]
2024-09-20 13:31:13,488 - INFO - Iteration: 7 / 500
2024-09-20 13:31:19,216 - INFO - X new: [[0.32161754 0.         0.79910505 0.04998195 0.16755752 0.64379466]]
2024-09-20 13:31:19,218 - INFO - y new: [[-0.93936184]]
2024-09-20 13:31:28,161 - INFO - Iteration: 8 / 500
2024-09-20 13:31:36,657 - INFO - X new: [[0.27480724 0.         0.7857376  0.0502554  0.16966674 0.94343895]]
2024-09-20 13:31:36,658 - INFO - y new: [[-0.69552769]]
2024-09-20 13:31:45,412 - INFO - Iteration: 9 / 500
2024-09-20 13:31:52,358 - INFO - X new: [[0.26709563 0.         0.36402634 0.02959897 0.16339253 0.67184305]]
2024-09-20 13:31:52,360 - INFO - y new: [[-1.19430016]]
2024-09-20 13:32:02,027 - INFO - Iteration: 10 / 500
2024-09-20 13:32:07,268 - INFO - X new: [[0.         0.         0.29452154 0.         0.14901717 0.68109065]]
2024-09-20 13:32:07,270 - INFO - y new: [[-0.7785602]]
2024-09-20 13:32:16,894 - INFO - Iteration: 11 / 500
2024-09-20 13:32:23,165 - INFO - X new: [[0.2273838  0.         0.36589855 0.53092957 0.1393696  0.6797219 ]]
2024-09-20 13:32:23,166 - INFO - y new: [[-1.04440367]]
2024-09-20 13:32:33,439 - INFO - Iteration: 12 / 500
2024-09-20 13:32:40,182 - INFO - X new: [[0.23778984 0.         0.33407786 0.14855361 0.12906021 0.08941779]]
2024-09-20 13:32:40,185 - INFO - y new: [[-0.11595626]]
2024-09-20 13:32:50,851 - INFO - Iteration: 13 / 500
2024-09-20 13:32:57,078 - INFO - X new: [[0.21761107 0.         0.41559327 0.2457016  0.         0.7207438 ]]
2024-09-20 13:32:57,080 - INFO - y new: [[-0.68591906]]
2024-09-20 13:33:07,855 - INFO - Iteration: 14 / 500
2024-09-20 13:33:14,697 - INFO - X new: [[0.2284276  0.         0.479685   0.19297554 0.23505643 0.67767763]]
2024-09-20 13:33:14,698 - INFO - y new: [[-2.62888051]]
2024-09-20 13:33:25,251 - INFO - Iteration: 15 / 500
2024-09-20 13:33:32,731 - INFO - X new: [[0.20633303 0.         0.4952194  0.19491339 0.24919604 0.6764937 ]]
2024-09-20 13:33:32,732 - INFO - y new: [[-2.72351571]]
2024-09-20 13:33:45,812 - INFO - Iteration: 16 / 500
2024-09-20 13:33:54,070 - INFO - X new: [[0.19244796 0.         0.50373155 0.19605543 0.25583684 0.6710294 ]]
2024-09-20 13:33:54,072 - INFO - y new: [[-2.76271377]]
2024-09-20 13:34:07,602 - INFO - Iteration: 17 / 500
2024-09-20 13:34:14,521 - INFO - X new: [[0.17312774 0.         0.5159014  0.19583291 0.13197236 0.65993345]]
2024-09-20 13:34:14,523 - INFO - y new: [[-1.79088008]]
2024-09-20 13:34:28,501 - INFO - Iteration: 18 / 500
2024-09-20 13:34:39,047 - INFO - X new: [[0.18334883 0.         0.23575273 0.20254861 0.2819777  0.678671  ]]
2024-09-20 13:34:39,049 - INFO - y new: [[-2.56159987]]
2024-09-20 13:34:52,051 - INFO - Iteration: 19 / 500
2024-09-20 13:35:02,255 - INFO - X new: [[0.5378517  0.         0.42232436 0.20411362 0.27919617 0.6803327 ]]
2024-09-20 13:35:02,257 - INFO - y new: [[-1.99532958]]
2024-09-20 13:35:15,164 - INFO - Iteration: 20 / 500
2024-09-20 13:35:26,589 - INFO - X new: [[0.         0.         0.47033805 0.27126887 0.26823473 0.6781836 ]]
2024-09-20 13:35:26,590 - INFO - y new: [[-2.54582434]]
2024-09-20 13:35:40,170 - INFO - Iteration: 21 / 500
2024-09-20 13:35:55,401 - INFO - X new: [[0.06364612 0.         0.42953342 0.23026209 0.27696276 0.901576  ]]
2024-09-20 13:35:55,403 - INFO - y new: [[-1.70394314]]
2024-09-20 13:36:10,129 - INFO - Iteration: 22 / 500
2024-09-20 13:36:16,734 - INFO - X new: [[1.         0.         0.         0.19631124 0.7751224  1.        ]]
2024-09-20 13:36:16,736 - INFO - y new: [[-0.00339029]]
2024-09-20 13:36:32,068 - INFO - Iteration: 23 / 500
2024-09-20 13:36:54,396 - INFO - X new: [[0.0320977  0.         0.         0.22313482 0.25810683 0.65771455]]
2024-09-20 13:36:54,398 - INFO - y new: [[-1.8442728]]
2024-09-20 13:37:10,228 - INFO - Iteration: 24 / 500
2024-09-20 13:37:21,293 - INFO - X new: [[1.         0.         0.5065017  0.24099983 0.2576275  0.6734708 ]]
2024-09-20 13:37:21,296 - INFO - y new: [[-0.44160994]]
2024-09-20 13:37:41,800 - INFO - Iteration: 25 / 500
2024-09-20 13:37:46,989 - INFO - X new: [[1. 1. 1. 1. 0. 0.]]
2024-09-20 13:37:46,991 - INFO - y new: [[-0.00110815]]
2024-09-20 13:38:10,928 - INFO - Iteration: 26 / 500
2024-09-20 13:38:17,113 - INFO - X new: [[1.        1.        1.        1.        0.6087012 0.       ]]
2024-09-20 13:38:17,115 - INFO - y new: [[-0.00108213]]
2024-09-20 13:38:40,492 - INFO - Iteration: 27 / 500
2024-09-20 13:38:47,496 - INFO - X new: [[0. 1. 1. 1. 0. 1.]]
2024-09-20 13:38:47,498 - INFO - y new: [[-0.02097467]]
2024-09-20 13:39:12,220 - INFO - Iteration: 28 / 500
2024-09-20 13:39:36,001 - INFO - X new: [[0.1544382  0.         0.47899047 0.21593376 0.37663066 0.6824069 ]]
2024-09-20 13:39:36,003 - INFO - y new: [[-2.77845752]]
2024-09-20 13:39:59,434 - INFO - Iteration: 29 / 500
2024-09-20 13:40:06,641 - INFO - X new: [[1.        1.        0.        0.4559954 0.        0.       ]]
2024-09-20 13:40:06,642 - INFO - y new: [[-0.00582701]]
2024-09-20 13:40:31,278 - INFO - Iteration: 30 / 500
2024-09-20 13:40:40,911 - INFO - X new: [[1. 1. 1. 1. 1. 1.]]
2024-09-20 13:40:40,914 - INFO - y new: [[-3.40853876e-05]]
2024-09-20 13:41:04,217 - INFO - Iteration: 31 / 500
2024-09-20 13:41:11,322 - INFO - X new: [[1. 1. 0. 1. 0. 1.]]
2024-09-20 13:41:11,323 - INFO - y new: [[-1.75125319e-05]]
2024-09-20 13:41:38,039 - INFO - Iteration: 32 / 500
2024-09-20 13:41:45,670 - INFO - X new: [[1.         1.         1.         0.69902354 0.         0.47434077]]
2024-09-20 13:41:45,672 - INFO - y new: [[-0.0014175]]
2024-09-20 13:42:10,479 - INFO - Iteration: 33 / 500
2024-09-20 13:42:25,117 - INFO - X new: [[0.17351767 0.         0.4854127  0.23202789 0.33261254 0.67505634]]
2024-09-20 13:42:25,119 - INFO - y new: [[-2.99137632]]
2024-09-20 13:42:52,524 - INFO - Iteration: 34 / 500
2024-09-20 13:43:01,612 - INFO - X new: [[1.         0.         1.         1.         0.6893431  0.59488136]]
2024-09-20 13:43:01,613 - INFO - y new: [[-0.00090446]]
2024-09-20 13:43:28,635 - INFO - Iteration: 35 / 500
2024-09-20 13:43:43,797 - INFO - X new: [[0.11398619 0.         0.44597834 0.23319404 0.4867258  0.69289386]]
2024-09-20 13:43:43,799 - INFO - y new: [[-1.91414306]]
2024-09-20 13:44:08,845 - INFO - Iteration: 36 / 500
2024-09-20 13:44:22,499 - INFO - X new: [[0.1558472  0.         0.46197003 0.         0.351967   0.66106874]]
2024-09-20 13:44:22,501 - INFO - y new: [[-1.63584991]]
2024-09-20 13:44:44,843 - INFO - Iteration: 37 / 500
2024-09-20 13:44:54,790 - INFO - X new: [[0.         0.         0.         0.         0.56775516 1.        ]]
2024-09-20 13:44:54,793 - INFO - y new: [[-0.10560888]]
2024-09-20 13:45:17,510 - INFO - Iteration: 38 / 500
2024-09-20 13:45:24,768 - INFO - X new: [[1. 1. 0. 0. 1. 0.]]
2024-09-20 13:45:24,770 - INFO - y new: [[-0.00022337]]
2024-09-20 13:45:44,672 - INFO - Iteration: 39 / 500
2024-09-20 13:45:53,472 - INFO - X new: [[1.         1.         1.         0.         0.49757892 0.        ]]
2024-09-20 13:45:53,474 - INFO - y new: [[-0.0003795]]
2024-09-20 13:46:17,644 - INFO - Iteration: 40 / 500
2024-09-20 13:46:25,797 - INFO - X new: [[1.         0.         0.         0.         0.34228528 1.        ]]
2024-09-20 13:46:25,800 - INFO - y new: [[-0.06750807]]
2024-09-20 13:46:46,408 - INFO - Iteration: 41 / 500
2024-09-20 13:46:54,386 - INFO - X new: [[1. 1. 0. 1. 1. 0.]]
2024-09-20 13:46:54,388 - INFO - y new: [[-0.0009866]]
2024-09-20 13:47:18,861 - INFO - Iteration: 42 / 500
2024-09-20 13:47:25,874 - INFO - X new: [[1.         1.         0.         0.49703193 0.60925895 0.        ]]
2024-09-20 13:47:25,876 - INFO - y new: [[-0.00613587]]
2024-09-20 13:47:51,795 - INFO - Iteration: 43 / 500
2024-09-20 13:47:59,875 - INFO - X new: [[0. 1. 0. 1. 0. 0.]]
2024-09-20 13:47:59,877 - INFO - y new: [[-0.02725172]]
2024-09-20 13:48:25,548 - INFO - Iteration: 44 / 500
2024-09-20 13:48:38,278 - INFO - X new: [[0.        1.        0.        1.        0.7209024 1.       ]]
2024-09-20 13:48:38,280 - INFO - y new: [[-2.62132966e-05]]
2024-09-20 13:49:03,457 - INFO - Iteration: 45 / 500
2024-09-20 13:49:14,995 - INFO - X new: [[0.         1.         0.         1.         0.36511597 0.48742127]]
2024-09-20 13:49:14,998 - INFO - y new: [[-0.00238472]]
2024-09-20 13:49:40,700 - INFO - Iteration: 46 / 500
2024-09-20 13:49:50,096 - INFO - X new: [[1.        1.        1.        0.5320327 0.286838  0.       ]]
2024-09-20 13:49:50,098 - INFO - y new: [[-0.00696227]]
2024-09-20 13:50:15,205 - INFO - Iteration: 47 / 500
2024-09-20 13:50:29,071 - INFO - X new: [[1.         1.         1.         0.4876237  1.         0.46376276]]
2024-09-20 13:50:29,073 - INFO - y new: [[-0.00047393]]
2024-09-20 13:50:55,649 - INFO - Iteration: 48 / 500
2024-09-20 13:51:09,636 - INFO - X new: [[0.         0.         1.         0.61730623 0.         0.        ]]
2024-09-20 13:51:09,638 - INFO - y new: [[-0.00287275]]
2024-09-20 13:51:36,181 - INFO - Iteration: 49 / 500
2024-09-20 13:51:46,519 - INFO - X new: [[1.         1.         0.         1.         0.29188284 0.28612673]]
2024-09-20 13:51:46,521 - INFO - y new: [[-0.00052402]]
2024-09-20 13:52:13,549 - INFO - Iteration: 50 / 500
2024-09-20 13:52:19,328 - INFO - X new: [[1.        0.5322733 1.        0.        0.        0.       ]]
2024-09-20 13:52:19,329 - INFO - y new: [[-0.00049775]]
2024-09-20 13:52:47,334 - INFO - Iteration: 51 / 500
2024-09-20 13:53:48,729 - INFO - X new: [[0.1753664  0.6563008  0.49815622 0.23581532 0.31580204 0.67777926]]
2024-09-20 13:53:48,732 - INFO - y new: [[-1.35850865]]
2024-09-20 13:54:15,536 - INFO - Iteration: 52 / 500
2024-09-20 13:54:35,137 - INFO - X new: [[0.         1.         1.         0.39520174 0.         1.        ]]
2024-09-20 13:54:35,139 - INFO - y new: [[-0.02916843]]
2024-09-20 13:55:01,335 - INFO - Iteration: 53 / 500
2024-09-20 13:55:05,515 - INFO - X new: [[0.9294116  0.7881275  0.55943    0.81268525 0.5818052  0.49768582]]
2024-09-20 13:55:05,517 - INFO - y new: [[-0.00335216]]
2024-09-20 13:55:32,655 - INFO - Iteration: 54 / 500
2024-09-20 13:55:51,453 - INFO - X new: [[0.         0.         0.         1.         0.39511865 0.        ]]
2024-09-20 13:55:51,455 - INFO - y new: [[-0.00037071]]
2024-09-20 13:56:17,013 - INFO - Iteration: 55 / 500
2024-09-20 13:56:38,340 - INFO - X new: [[1.         1.         1.         0.56633997 0.         1.        ]]
2024-09-20 13:56:38,342 - INFO - y new: [[-0.02186137]]
2024-09-20 13:57:04,279 - INFO - Iteration: 56 / 500
2024-09-20 13:57:31,583 - INFO - X new: [[0. 0. 0. 0. 1. 0.]]
2024-09-20 13:57:31,586 - INFO - y new: [[-0.00025469]]
2024-09-20 13:57:56,543 - INFO - Iteration: 57 / 500
2024-09-20 13:58:20,524 - INFO - X new: [[1.        0.        0.        0.        0.5302997 0.       ]]
2024-09-20 13:58:20,526 - INFO - y new: [[-0.00207785]]
2024-09-20 13:58:49,385 - INFO - Iteration: 58 / 500
2024-09-20 14:00:01,887 - INFO - X new: [[0.18120188 0.         0.5037265  0.23820482 0.3156443  0.666251  ]]
2024-09-20 14:00:01,889 - INFO - y new: [[-3.02600744]]
2024-09-20 14:00:30,965 - INFO - Iteration: 59 / 500
2024-09-20 14:00:48,906 - INFO - X new: [[0.63750273 0.         0.         0.562438   0.32489032 0.        ]]
2024-09-20 14:00:48,907 - INFO - y new: [[-0.02124343]]
2024-09-20 14:01:17,350 - INFO - Iteration: 60 / 500
2024-09-20 14:01:22,189 - INFO - X new: [[0.62324    0.884963   0.64959764 0.4698261  0.81971097 0.29473668]]
2024-09-20 14:01:22,191 - INFO - y new: [[-0.4850792]]
2024-09-20 14:01:49,191 - INFO - Iteration: 61 / 500
2024-09-20 14:02:14,110 - INFO - X new: [[1.         0.         0.41690373 0.49659237 1.         0.        ]]
2024-09-20 14:02:14,111 - INFO - y new: [[-2.42970005e-05]]
2024-09-20 14:02:44,840 - INFO - Iteration: 62 / 500
2024-09-20 14:03:27,733 - INFO - X new: [[0.18918552 0.         0.515758   0.24601059 0.3159443  0.6630711 ]]
2024-09-20 14:03:27,735 - INFO - y new: [[-3.03544958]]
2024-09-20 14:03:55,407 - INFO - Iteration: 63 / 500
2024-09-20 14:04:44,183 - INFO - X new: [[0.19595253 0.         0.5309292  0.2534135  0.316354   0.65627116]]
2024-09-20 14:04:44,185 - INFO - y new: [[-3.03271214]]
2024-09-20 14:05:12,630 - INFO - Iteration: 64 / 500
2024-09-20 14:05:18,008 - INFO - X new: [[0.5064932  0.33902165 0.19883862 0.7358938  0.71291125 0.05556357]]
2024-09-20 14:05:18,010 - INFO - y new: [[-0.18334119]]
2024-09-20 14:05:47,274 - INFO - Iteration: 65 / 500
2024-09-20 14:06:56,766 - INFO - X new: [[0.20125934 0.         0.5422073  0.260339   0.31658053 0.6510704 ]]
2024-09-20 14:06:56,768 - INFO - y new: [[-3.0240361]]
2024-09-20 14:07:26,179 - INFO - Iteration: 66 / 500
2024-09-20 14:08:32,055 - INFO - X new: [[0.177696   0.         0.8922049  0.2703082  0.32405597 0.6683481 ]]
2024-09-20 14:08:32,058 - INFO - y new: [[-1.75916581]]
2024-09-20 14:09:00,581 - INFO - Iteration: 67 / 500
2024-09-20 14:09:31,990 - INFO - X new: [[0. 0. 1. 1. 1. 1.]]
2024-09-20 14:09:31,991 - INFO - y new: [[-0.0004198]]
2024-09-20 14:09:59,410 - INFO - Iteration: 68 / 500
2024-09-20 14:10:29,141 - INFO - X new: [[0.         0.         1.         0.69920546 0.44407406 1.        ]]
2024-09-20 14:10:29,143 - INFO - y new: [[-0.11484929]]
2024-09-20 14:10:57,736 - INFO - Iteration: 69 / 500
2024-09-20 14:12:45,061 - INFO - X new: [[0.2009886  0.         0.443225   0.2589179  0.31727615 0.6058175 ]]
2024-09-20 14:12:45,063 - INFO - y new: [[-2.9970672]]
2024-09-20 14:13:13,425 - INFO - Iteration: 70 / 500
2024-09-20 14:13:19,284 - INFO - X new: [[0.4503701  0.12462315 0.816109   0.11546575 0.8515018  0.69467616]]
2024-09-20 14:13:19,287 - INFO - y new: [[-0.11055776]]
2024-09-20 14:13:48,413 - INFO - Iteration: 71 / 500
2024-09-20 14:13:53,346 - INFO - X new: [[0.22251117 0.17754745 0.7073332  0.35466933 0.08057237 0.0342139 ]]
2024-09-20 14:13:53,349 - INFO - y new: [[-0.07543804]]
2024-09-20 14:14:24,688 - INFO - Iteration: 72 / 500
2024-09-20 14:14:30,759 - INFO - X new: [[0.69803786 0.9946306  0.9529588  0.7539464  0.08685075 0.866335  ]]
2024-09-20 14:14:30,761 - INFO - y new: [[-0.02673777]]
2024-09-20 14:14:59,964 - INFO - Iteration: 73 / 500
2024-09-20 14:15:05,631 - INFO - X new: [[0.97544724 0.54762983 0.9078299  0.14822873 0.18553816 0.29350322]]
2024-09-20 14:15:05,635 - INFO - y new: [[-0.0426847]]
2024-09-20 14:15:36,465 - INFO - Iteration: 74 / 500
2024-09-20 14:15:41,269 - INFO - X new: [[0.8676007  0.9810858  0.65514874 0.70003176 0.47667754 0.29664707]]
2024-09-20 14:15:41,271 - INFO - y new: [[-0.02811911]]
2024-09-20 14:16:12,451 - INFO - Iteration: 75 / 500
2024-09-20 14:16:19,249 - INFO - X new: [[0.9240321  0.1559745  0.10339499 0.13408697 0.33357108 0.93193996]]
2024-09-20 14:16:19,252 - INFO - y new: [[-0.28536215]]
2024-09-20 14:16:48,665 - INFO - Iteration: 76 / 500
2024-09-20 14:16:53,878 - INFO - X new: [[0.27721548 0.05223083 0.60450494 0.16303766 0.12102866 0.7455977 ]]
2024-09-20 14:16:53,881 - INFO - y new: [[-1.4849092]]
2024-09-20 14:17:25,694 - INFO - Iteration: 77 / 500
2024-09-20 14:17:31,120 - INFO - X new: [[0.27721548 0.05223083 0.60450494 0.16303766 0.12102866 0.7455977 ]]
2024-09-20 14:17:31,123 - INFO - y new: [[-1.4849092]]
2024-09-20 14:18:00,846 - INFO - Iteration: 78 / 500
2024-09-20 14:18:06,319 - INFO - X new: [[0.27721548 0.05223083 0.60450494 0.16303766 0.12102866 0.7455977 ]]
2024-09-20 14:18:06,321 - INFO - y new: [[-1.4849092]]
2024-09-20 14:18:37,937 - INFO - Iteration: 79 / 500
2024-09-20 14:18:43,538 - INFO - X new: [[0.27721548 0.05223083 0.60450494 0.16303766 0.12102866 0.7455977 ]]
2024-09-20 14:18:43,541 - INFO - y new: [[-1.4849092]]
2024-09-20 14:19:15,694 - INFO - Iteration: 80 / 500
2024-09-20 14:19:21,496 - INFO - X new: [[0.27721548 0.05223083 0.60450494 0.16303766 0.12102866 0.7455977 ]]
2024-09-20 14:19:21,498 - INFO - y new: [[-1.4849092]]
2024-09-20 14:19:53,712 - INFO - Iteration: 81 / 500
2024-09-20 14:20:51,306 - INFO - X new: [[0.27721548 0.05223083 0.60450494 0.16303766 0.12102866 0.7455977 ]]
2024-09-20 14:20:51,309 - INFO - y new: [[-1.4849092]]
2024-09-20 14:21:25,037 - INFO - Iteration: 82 / 500
2024-09-20 14:22:25,828 - INFO - X new: [[0.27721548 0.05223083 0.60450494 0.16303766 0.12102866 0.7455977 ]]
2024-09-20 14:22:25,831 - INFO - y new: [[-1.4849092]]
2024-09-20 14:22:56,474 - INFO - Iteration: 83 / 500
2024-09-20 14:24:02,119 - INFO - X new: [[0.27721548 0.05223083 0.60450494 0.16303766 0.12102866 0.7455977 ]]
2024-09-20 14:24:02,121 - INFO - y new: [[-1.4849092]]
2024-09-20 14:24:38,436 - INFO - Iteration: 84 / 500
2024-09-20 14:25:48,267 - INFO - X new: [[0.27721548 0.05223083 0.60450494 0.16303766 0.12102866 0.7455977 ]]
2024-09-20 14:25:48,270 - INFO - y new: [[-1.4849092]]
2024-09-20 14:26:21,248 - INFO - Iteration: 85 / 500
2024-09-20 14:27:32,758 - INFO - X new: [[0.27721548 0.05223083 0.60450494 0.16303766 0.12102866 0.7455977 ]]
2024-09-20 14:27:32,759 - INFO - y new: [[-1.4849092]]
2024-09-20 14:28:09,808 - INFO - Iteration: 86 / 500
2024-09-20 14:29:25,494 - INFO - X new: [[0.27721548 0.05223083 0.60450494 0.16303766 0.12102866 0.7455977 ]]
2024-09-20 14:29:25,497 - INFO - y new: [[-1.4849092]]
2024-09-20 14:30:01,743 - INFO - Iteration: 87 / 500
2024-09-20 14:31:19,265 - INFO - X new: [[0.27721548 0.05223083 0.60450494 0.16303766 0.12102866 0.7455977 ]]
2024-09-20 14:31:19,268 - INFO - y new: [[-1.4849092]]
2024-09-20 14:31:53,729 - INFO - Iteration: 88 / 500
2024-09-20 14:33:13,749 - INFO - X new: [[0.27721548 0.05223083 0.60450494 0.16303766 0.12102866 0.7455977 ]]
2024-09-20 14:33:13,751 - INFO - y new: [[-1.4849092]]
2024-09-20 14:33:46,923 - INFO - Iteration: 89 / 500
2024-09-20 14:34:57,374 - INFO - X new: [[0.27721548 0.05223083 0.60450494 0.16303766 0.12102866 0.7455977 ]]
2024-09-20 14:34:57,376 - INFO - y new: [[-1.4849092]]
2024-09-20 14:35:31,765 - INFO - Iteration: 90 / 500
2024-09-20 14:36:46,129 - INFO - X new: [[0.27721548 0.05223083 0.60450494 0.16303766 0.12102866 0.7455977 ]]
2024-09-20 14:36:46,132 - INFO - y new: [[-1.4849092]]
2024-09-20 14:37:23,666 - INFO - Iteration: 91 / 500
2024-09-20 14:38:45,175 - INFO - X new: [[0.92939043 0.78809917 0.559425   0.81270087 0.5817877  0.4976709 ]]
2024-09-20 14:38:45,178 - INFO - y new: [[-0.00335296]]
2024-09-20 14:39:20,152 - INFO - Iteration: 92 / 500
2024-09-20 14:40:46,274 - INFO - X new: [[0.92939043 0.78809917 0.559425   0.81270087 0.5817877  0.4976709 ]]
2024-09-20 14:40:46,276 - INFO - y new: [[-0.00335296]]
2024-09-20 14:41:23,389 - INFO - Iteration: 93 / 500
2024-09-20 14:42:52,601 - INFO - X new: [[0.92939043 0.78809917 0.559425   0.81270087 0.5817877  0.4976709 ]]
2024-09-20 14:42:52,603 - INFO - y new: [[-0.00335296]]
2024-09-20 14:43:31,578 - INFO - Iteration: 94 / 500
2024-09-20 14:45:04,228 - INFO - X new: [[0.92939043 0.78809917 0.559425   0.81270087 0.5817877  0.4976709 ]]
2024-09-20 14:45:04,231 - INFO - y new: [[-0.00335296]]
2024-09-20 14:45:43,899 - INFO - Iteration: 95 / 500
2024-09-20 14:47:19,555 - INFO - X new: [[0.92939043 0.78809917 0.559425   0.81270087 0.5817877  0.4976709 ]]
2024-09-20 14:47:19,558 - INFO - y new: [[-0.00335296]]
2024-09-20 14:47:59,213 - INFO - Iteration: 96 / 500
2024-09-20 14:49:39,229 - INFO - X new: [[0.92939043 0.78809917 0.559425   0.81270087 0.5817877  0.4976709 ]]
2024-09-20 14:49:39,231 - INFO - y new: [[-0.00335296]]
2024-09-20 14:50:16,007 - INFO - Iteration: 97 / 500
2024-09-20 14:51:42,175 - INFO - X new: [[0.92939043 0.78809917 0.559425   0.81270087 0.5817877  0.4976709 ]]
2024-09-20 14:51:42,178 - INFO - y new: [[-0.00335296]]
2024-09-20 14:52:19,906 - INFO - Iteration: 98 / 500
2024-09-20 14:53:51,298 - INFO - X new: [[0.92939043 0.78809917 0.559425   0.81270087 0.5817877  0.4976709 ]]
2024-09-20 14:53:51,301 - INFO - y new: [[-0.00335296]]
2024-09-20 14:54:29,471 - INFO - Iteration: 99 / 500
2024-09-20 14:56:07,521 - INFO - X new: [[0.92939043 0.78809917 0.559425   0.81270087 0.5817877  0.4976709 ]]
2024-09-20 14:56:07,523 - INFO - y new: [[-0.00335296]]
2024-09-20 14:56:50,600 - INFO - Iteration: 100 / 500
2024-09-20 14:58:34,147 - INFO - X new: [[0.5064895  0.33902335 0.19884646 0.7359004  0.71292865 0.05558252]]
2024-09-20 14:58:34,150 - INFO - y new: [[-0.18334029]]
2024-09-20 14:59:26,910 - INFO - Iteration: 101 / 500
2024-09-20 15:01:13,563 - INFO - X new: [[0.5064895  0.33902335 0.19884646 0.7359004  0.71292865 0.05558252]]
2024-09-20 15:01:13,566 - INFO - y new: [[-0.18334029]]
