2024-09-20 13:29:39,108 - INFO - Start BO with settings: {'name': 'vanilla_bo_Hartmann6_TP_POI', 'is_x64': False, 'seed': 0, 'search_space': array([[0, 0, 0, 0, 0, 0],
       [1, 1, 1, 1, 1, 1]]), 'num_iterations': 500, 'initial_sample_size': 10, 'objective_function': <src.test_functions.Hartmann6 object at 0x7f3f98083fb0>, 'acquisition': {'acq_fn_class': <function POI_TP at 0x7f3f98c9cb80>, 'num_samples': 50, 'num_initial_guesses': 10, 'maximize': False}, 'surrogate': {'model_class': <class 'src.tp.TP_v2'>, 'kernel': 'Matern', 'normalize': True, 'standardize': True}, 'memo': 'Experiment using Hartmann6 with POI acquisition.'}
2024-09-20 13:29:39,194 - INFO - X initial: [0.84778991 0.56183693 0.93968261 0.6256815  0.52351929 0.85175302]
2024-09-20 13:29:39,194 - INFO - y initial: [-0.16683671]
2024-09-20 13:29:39,195 - INFO - X initial: [0.29010325 0.19864538 0.27185123 0.23258878 0.0123109  0.40494828]
2024-09-20 13:29:39,195 - INFO - y initial: [-0.42733068]
2024-09-20 13:29:39,196 - INFO - X initial: [0.03363016 0.98520891 0.63824226 0.76724748 0.44511154 0.22857159]
2024-09-20 13:29:39,196 - INFO - y initial: [-0.12304065]
2024-09-20 13:29:39,197 - INFO - X initial: [0.60875    0.25476463 0.08772045 0.37420733 0.9563183  0.52791443]
2024-09-20 13:29:39,197 - INFO - y initial: [-0.00381258]
2024-09-20 13:29:39,198 - INFO - X initial: [0.63844375 0.79183195 0.38474377 0.39548586 0.78191022 0.92205105]
2024-09-20 13:29:39,198 - INFO - y initial: [-0.00841625]
2024-09-20 13:29:39,198 - INFO - X initial: [0.18844574 0.46770622 0.8414546  0.99451961 0.30091609 0.31905014]
2024-09-20 13:29:39,199 - INFO - y initial: [-0.02763934]
2024-09-20 13:29:39,199 - INFO - X initial: [0.44876399 0.72398871 0.19363804 0.00574415 0.24946288 0.04889482]
2024-09-20 13:29:39,200 - INFO - y initial: [-0.11395993]
2024-09-20 13:29:39,200 - INFO - X initial: [0.88157296 0.01699383 0.51765844 0.60495253 0.73045912 0.69193384]
2024-09-20 13:29:39,200 - INFO - y initial: [-0.01427422]
2024-09-20 13:29:39,375 - INFO - Unable to initialize backend 'cuda': 
2024-09-20 13:29:39,375 - INFO - Unable to initialize backend 'rocm': module 'jaxlib.xla_extension' has no attribute 'GpuAllocatorConfig'
2024-09-20 13:29:39,433 - INFO - Unable to initialize backend 'tpu': INTERNAL: Failed to open libtpu.so: libtpu.so: cannot open shared object file: No such file or directory
2024-09-20 13:29:39,433 - WARNING - An NVIDIA GPU may be present on this machine, but a CUDA-enabled jaxlib is not installed. Falling back to cpu.
2024-09-20 13:29:54,981 - INFO - Iteration: 1 / 500
2024-09-20 13:30:00,564 - INFO - X new: [[0. 0. 0. 0. 0. 0.]]
2024-09-20 13:30:00,629 - INFO - y new: [[-0.00508911]]
2024-09-20 13:30:06,126 - INFO - Iteration: 2 / 500
2024-09-20 13:30:11,650 - INFO - X new: [[0.29377148 0.20019816 0.28783113 0.23315683 0.         0.41618815]]
2024-09-20 13:30:11,651 - INFO - y new: [[-0.40469896]]
2024-09-20 13:30:17,567 - INFO - Iteration: 3 / 500
2024-09-20 13:30:23,433 - INFO - X new: [[0.29377854 0.19990294 0.29404348 0.23386222 0.         0.42275387]]
2024-09-20 13:30:23,436 - INFO - y new: [[-0.41813076]]
2024-09-20 13:30:29,641 - INFO - Iteration: 4 / 500
2024-09-20 13:30:35,467 - INFO - X new: [[0.2936651  0.19595005 0.3052777  0.23361817 0.         0.6391349 ]]
2024-09-20 13:30:35,469 - INFO - y new: [[-0.65215203]]
2024-09-20 13:30:42,823 - INFO - Iteration: 5 / 500
2024-09-20 13:30:48,378 - INFO - X new: [[0.29142302 0.18720044 0.33750045 0.2267686  0.         0.7450199 ]]
2024-09-20 13:30:48,380 - INFO - y new: [[-0.63577819]]
2024-09-20 13:30:57,040 - INFO - Iteration: 6 / 500
2024-09-20 13:31:03,230 - INFO - X new: [[0.29096842 0.         0.3517146  0.21700168 0.         0.8599789 ]]
2024-09-20 13:31:03,232 - INFO - y new: [[-0.45432458]]
2024-09-20 13:31:11,856 - INFO - Iteration: 7 / 500
2024-09-20 13:31:17,728 - INFO - X new: [[0.29771835 0.20353264 0.74602944 0.22465616 0.         0.71916884]]
2024-09-20 13:31:17,729 - INFO - y new: [[-0.74102691]]
2024-09-20 13:31:26,919 - INFO - Iteration: 8 / 500
2024-09-20 13:31:33,332 - INFO - X new: [[0.30455455 0.23075278 0.7842013  0.         0.         0.7194528 ]]
2024-09-20 13:31:33,334 - INFO - y new: [[-0.51877721]]
2024-09-20 13:31:41,980 - INFO - Iteration: 9 / 500
2024-09-20 13:31:48,370 - INFO - X new: [[0.         0.2076964  0.6885658  0.22990534 0.         0.7207486 ]]
2024-09-20 13:31:48,372 - INFO - y new: [[-0.71872181]]
2024-09-20 13:31:57,831 - INFO - Iteration: 10 / 500
2024-09-20 13:32:09,013 - INFO - X new: [[0.04522512 0.8301875  0.7215521  0.23221427 0.         0.7290989 ]]
2024-09-20 13:32:09,014 - INFO - y new: [[-0.17279169]]
2024-09-20 13:32:18,515 - INFO - Iteration: 11 / 500
2024-09-20 13:32:25,464 - INFO - X new: [[0.09005136 0.16822104 0.6730493  0.6181155  0.         0.7609738 ]]
2024-09-20 13:32:25,466 - INFO - y new: [[-0.38409387]]
2024-09-20 13:32:35,397 - INFO - Iteration: 12 / 500
2024-09-20 13:32:41,256 - INFO - X new: [[0.        0.        1.        0.1845723 0.        0.6964171]]
2024-09-20 13:32:41,258 - INFO - y new: [[-0.25366146]]
2024-09-20 13:32:52,021 - INFO - Iteration: 13 / 500
2024-09-20 13:32:58,140 - INFO - X new: [[0.19660012 0.22718105 0.5693077  0.18920732 0.         1.        ]]
2024-09-20 13:32:58,142 - INFO - y new: [[-0.51743705]]
2024-09-20 13:33:08,916 - INFO - Iteration: 14 / 500
2024-09-20 13:33:18,962 - INFO - X new: [[1.         0.21119665 0.5843776  0.18483853 0.         0.7740054 ]]
2024-09-20 13:33:18,963 - INFO - y new: [[-0.20331465]]
2024-09-20 13:33:30,214 - INFO - Iteration: 15 / 500
2024-09-20 13:33:37,331 - INFO - X new: [[0.         0.22402345 0.453134   0.         0.         0.8168692 ]]
2024-09-20 13:33:37,333 - INFO - y new: [[-0.36761523]]
2024-09-20 13:33:48,407 - INFO - Iteration: 16 / 500
2024-09-20 13:34:01,482 - INFO - X new: [[0.30307078 0.1872174  0.7444554  0.29916888 0.         1.        ]]
2024-09-20 13:34:01,484 - INFO - y new: [[-0.7988545]]
2024-09-20 13:34:12,325 - INFO - Iteration: 17 / 500
2024-09-20 13:34:19,058 - INFO - X new: [[0.33010072 0.18086542 0.7608983  0.3021542  0.         1.        ]]
2024-09-20 13:34:19,060 - INFO - y new: [[-0.79601137]]
2024-09-20 13:34:30,350 - INFO - Iteration: 18 / 500
2024-09-20 13:34:36,480 - INFO - X new: [[0.3549771  0.16177809 0.7793672  0.3231096  0.         0.        ]]
2024-09-20 13:34:36,481 - INFO - y new: [[-0.04105827]]
2024-09-20 13:34:48,084 - INFO - Iteration: 19 / 500
2024-09-20 13:34:56,667 - INFO - X new: [[0.36063838 1.         1.         0.31315562 0.         1.        ]]
2024-09-20 13:34:56,669 - INFO - y new: [[-0.0310142]]
2024-09-20 13:35:09,721 - INFO - Iteration: 20 / 500
2024-09-20 13:35:21,087 - INFO - X new: [[0.2959205  0.18083002 0.7567531  0.29126742 0.27212396 1.        ]]
2024-09-20 13:35:21,089 - INFO - y new: [[-1.44185116]]
2024-09-20 13:35:33,677 - INFO - Iteration: 21 / 500
2024-09-20 13:35:46,133 - INFO - X new: [[0.29283646 0.17410406 0.7608785  0.28689757 0.28225103 1.        ]]
2024-09-20 13:35:46,135 - INFO - y new: [[-1.42341492]]
2024-09-20 13:35:59,558 - INFO - Iteration: 22 / 500
2024-09-20 13:36:15,496 - INFO - X new: [[0.2937989  0.16955185 0.76189893 0.2869687  0.28756505 1.        ]]
2024-09-20 13:36:15,498 - INFO - y new: [[-1.40924521]]
2024-09-20 13:36:29,210 - INFO - Iteration: 23 / 500
2024-09-20 13:36:42,111 - INFO - X new: [[0.29244012 0.16537844 0.76412845 0.2860289  0.2942282  1.        ]]
2024-09-20 13:36:42,113 - INFO - y new: [[-1.39419304]]
2024-09-20 13:36:56,626 - INFO - Iteration: 24 / 500
2024-09-20 13:37:08,048 - INFO - X new: [[0.2937254  0.16676323 0.48642474 0.29170015 0.29704633 1.        ]]
2024-09-20 13:37:08,050 - INFO - y new: [[-1.31966276]]
2024-09-20 13:37:25,748 - INFO - Iteration: 25 / 500
2024-09-20 13:37:36,291 - INFO - X new: [[0.29623374 0.         0.75305694 0.29094374 0.300652   1.        ]]
2024-09-20 13:37:36,294 - INFO - y new: [[-1.04065677]]
2024-09-20 13:37:58,193 - INFO - Iteration: 26 / 500
2024-09-20 13:38:09,416 - INFO - X new: [[0.04805168 0.20634362 0.9992701  0.28732252 0.29652703 1.        ]]
2024-09-20 13:38:09,419 - INFO - y new: [[-0.89017609]]
2024-09-20 13:38:33,171 - INFO - Iteration: 27 / 500
2024-09-20 13:38:47,369 - INFO - X new: [[0.5224472  0.16820602 0.6831229  0.28299716 0.2755292  1.        ]]
2024-09-20 13:38:47,371 - INFO - y new: [[-1.15172322]]
2024-09-20 13:39:08,370 - INFO - Iteration: 28 / 500
2024-09-20 13:39:20,345 - INFO - X new: [[0.34469816 0.17838004 0.         0.2883302  0.29351717 1.        ]]
2024-09-20 13:39:20,348 - INFO - y new: [[-0.94944473]]
2024-09-20 13:39:40,905 - INFO - Iteration: 29 / 500
2024-09-20 13:39:54,904 - INFO - X new: [[0.33470023 0.15875123 0.7717877  0.         0.30811396 1.        ]]
2024-09-20 13:39:54,906 - INFO - y new: [[-0.84441023]]
2024-09-20 13:40:20,984 - INFO - Iteration: 30 / 500
2024-09-20 13:40:30,858 - INFO - X new: [[0.8992872  0.12105366 0.6845606  0.33468488 0.2812995  1.        ]]
2024-09-20 13:40:30,860 - INFO - y new: [[-0.52799871]]
2024-09-20 13:40:49,352 - INFO - Iteration: 31 / 500
2024-09-20 13:41:01,570 - INFO - X new: [[0.31320143 0.1807653  0.81022763 0.30885488 0.455676   1.        ]]
2024-09-20 13:41:01,572 - INFO - y new: [[-0.85376041]]
2024-09-20 13:41:25,654 - INFO - Iteration: 32 / 500
2024-09-20 13:41:33,190 - INFO - X new: [[1. 1. 1. 1. 0. 1.]]
2024-09-20 13:41:33,192 - INFO - y new: [[-0.02037262]]
2024-09-20 13:41:54,343 - INFO - Iteration: 33 / 500
2024-09-20 13:42:02,231 - INFO - X new: [[0. 1. 0. 1. 1. 0.]]
2024-09-20 13:42:02,233 - INFO - y new: [[-0.02519749]]
2024-09-20 13:42:28,207 - INFO - Iteration: 34 / 500
2024-09-20 13:42:35,535 - INFO - X new: [[0. 0. 1. 0. 1. 1.]]
2024-09-20 13:42:35,537 - INFO - y new: [[-0.00699011]]
2024-09-20 13:42:57,450 - INFO - Iteration: 35 / 500
2024-09-20 13:43:17,287 - INFO - X new: [[0.31977645 0.16753475 0.6982339  0.56032556 0.26672056 1.        ]]
2024-09-20 13:43:17,289 - INFO - y new: [[-0.86812986]]
2024-09-20 13:43:44,586 - INFO - Iteration: 36 / 500
2024-09-20 13:44:01,186 - INFO - X new: [[0.         0.12891199 0.5192702  0.3049493  0.28912103 1.        ]]
2024-09-20 13:44:01,188 - INFO - y new: [[-1.15277661]]
2024-09-20 13:44:31,935 - INFO - Iteration: 37 / 500
2024-09-20 13:44:47,059 - INFO - X new: [[0.         0.         0.         0.         0.35474485 1.        ]]
2024-09-20 13:44:47,061 - INFO - y new: [[-0.32603735]]
2024-09-20 13:45:11,111 - INFO - Iteration: 38 / 500
2024-09-20 13:45:20,386 - INFO - X new: [[1.         1.         0.         0.         0.41993743 1.        ]]
2024-09-20 13:45:20,388 - INFO - y new: [[-0.00460079]]
2024-09-20 13:45:47,635 - INFO - Iteration: 39 / 500
2024-09-20 13:45:57,815 - INFO - X new: [[2.7755576e-17 0.0000000e+00 0.0000000e+00 1.0000000e+00 1.0000000e+00
  0.0000000e+00]]
2024-09-20 13:45:57,816 - INFO - y new: [[-6.29850425e-05]]
2024-09-20 13:46:20,867 - INFO - Iteration: 40 / 500
2024-09-20 13:46:30,076 - INFO - X new: [[1. 0. 1. 0. 1. 0.]]
2024-09-20 13:46:30,078 - INFO - y new: [[-2.33339004e-06]]
2024-09-20 13:46:54,352 - INFO - Iteration: 41 / 500
2024-09-20 13:47:02,913 - INFO - X new: [[1.         0.         0.         0.         0.54131883 1.        ]]
2024-09-20 13:47:02,914 - INFO - y new: [[-0.02669484]]
2024-09-20 13:47:24,436 - INFO - Iteration: 42 / 500
2024-09-20 13:47:36,026 - INFO - X new: [[1.         0.38468716 1.         0.         0.4228423  0.        ]]
2024-09-20 13:47:36,027 - INFO - y new: [[-0.00211259]]
2024-09-20 13:48:00,331 - INFO - Iteration: 43 / 500
2024-09-20 13:48:11,087 - INFO - X new: [[1. 1. 1. 1. 1. 0.]]
2024-09-20 13:48:11,089 - INFO - y new: [[-0.00102411]]
2024-09-20 13:48:40,344 - INFO - Iteration: 44 / 500
2024-09-20 13:49:02,756 - INFO - X new: [[0.27657    0.35153085 0.6485457  0.29365548 0.26628548 1.        ]]
2024-09-20 13:49:02,759 - INFO - y new: [[-1.47910518]]
2024-09-20 13:49:25,239 - INFO - Iteration: 45 / 500
2024-09-20 13:49:45,601 - INFO - X new: [[0.27719185 0.29586047 0.64184374 0.2946527  0.2568265  1.        ]]
2024-09-20 13:49:45,604 - INFO - y new: [[-1.48062045]]
2024-09-20 13:50:10,231 - INFO - Iteration: 46 / 500
2024-09-20 13:50:26,228 - INFO - X new: [[1. 1. 0. 1. 0. 0.]]
2024-09-20 13:50:26,231 - INFO - y new: [[-0.00106805]]
2024-09-20 13:50:50,969 - INFO - Iteration: 47 / 500
2024-09-20 13:51:02,587 - INFO - X new: [[1. 0. 0. 1. 0. 0.]]
2024-09-20 13:51:02,589 - INFO - y new: [[-1.70921682e-05]]
2024-09-20 13:51:32,014 - INFO - Iteration: 48 / 500
2024-09-20 13:51:46,054 - INFO - X new: [[0. 0. 0. 0. 1. 0.]]
2024-09-20 13:51:46,088 - INFO - y new: [[-0.00025469]]
2024-09-20 13:52:14,386 - INFO - Iteration: 49 / 500
2024-09-20 13:52:31,704 - INFO - X new: [[0.2784151  0.29966855 0.63990206 0.29462174 0.25475082 1.        ]]
2024-09-20 13:52:31,707 - INFO - y new: [[-1.47538483]]
2024-09-20 13:52:58,673 - INFO - Iteration: 50 / 500
2024-09-20 13:53:32,964 - INFO - X new: [[0.27865288 0.3007852  0.6415227  0.29553765 0.25381085 1.        ]]
2024-09-20 13:53:32,965 - INFO - y new: [[-1.4776107]]
2024-09-20 13:53:57,635 - INFO - Iteration: 51 / 500
2024-09-20 13:54:24,955 - INFO - X new: [[0.23243871 0.59504366 0.5558638  0.3089602  0.29331854 1.        ]]
2024-09-20 13:54:24,957 - INFO - y new: [[-0.79579199]]
2024-09-20 13:54:51,826 - INFO - Iteration: 52 / 500
2024-09-20 13:55:27,589 - INFO - X new: [[0.2653163  0.2702461  0.64473194 0.29023764 0.25993553 0.75026727]]
2024-09-20 13:55:27,591 - INFO - y new: [[-2.67298973]]
2024-09-20 13:56:06,791 - INFO - Iteration: 53 / 500
2024-09-20 13:56:29,376 - INFO - X new: [[0.25940832 0.27159953 0.64477617 0.28734767 0.25600103 0.7386828 ]]
2024-09-20 13:56:29,377 - INFO - y new: [[-2.68990948]]
2024-09-20 13:57:06,948 - INFO - Iteration: 54 / 500
2024-09-20 13:57:27,742 - INFO - X new: [[0.2602011  0.2708855  0.64508605 0.28789598 0.2556326  0.74067575]]
2024-09-20 13:57:27,745 - INFO - y new: [[-2.6839273]]
2024-09-20 13:58:00,633 - INFO - Iteration: 55 / 500
2024-09-20 13:58:25,464 - INFO - X new: [[0.26071718 0.2709532  0.6446254  0.28776062 0.2560771  0.73854405]]
2024-09-20 13:58:25,467 - INFO - y new: [[-2.69030783]]
2024-09-20 13:58:54,604 - INFO - Iteration: 56 / 500
2024-09-20 13:59:11,820 - INFO - X new: [[0.2596915  0.27093914 0.6294421  0.28767338 0.25609654 0.7367391 ]]
2024-09-20 13:59:11,821 - INFO - y new: [[-2.72355419]]
2024-09-20 13:59:41,239 - INFO - Iteration: 57 / 500
2024-09-20 14:00:26,073 - INFO - X new: [[0.2575524  0.27352285 0.6250447  0.28724477 0.2584219  0.7276794 ]]
2024-09-20 14:00:26,075 - INFO - y new: [[-2.75684717]]
2024-09-20 14:00:54,571 - INFO - Iteration: 58 / 500
2024-09-20 14:01:32,556 - INFO - X new: [[0.25636038 0.28422883 0.59554344 0.28206196 0.2632192  0.729821  ]]
2024-09-20 14:01:32,558 - INFO - y new: [[-2.80029545]]
2024-09-20 14:02:02,546 - INFO - Iteration: 59 / 500
2024-09-20 14:02:53,958 - INFO - X new: [[0.26567605 0.28091002 0.5966143  0.2635413  0.27705503 0.7022517 ]]
2024-09-20 14:02:53,960 - INFO - y new: [[-2.88586137]]
2024-09-20 14:03:24,699 - INFO - Iteration: 60 / 500
2024-09-20 14:04:03,448 - INFO - X new: [[0.27200007 0.27947488 0.57626516 0.25775364 0.28907052 0.67381275]]
2024-09-20 14:04:03,450 - INFO - y new: [[-2.96265926]]
2024-09-20 14:04:35,961 - INFO - Iteration: 61 / 500
2024-09-20 14:05:27,723 - INFO - X new: [[0.23229328 0.28993076 0.56120044 0.25708967 0.30471936 0.6404526 ]]
2024-09-20 14:05:27,726 - INFO - y new: [[-3.01672729]]
2024-09-20 14:05:57,973 - INFO - Iteration: 62 / 500
2024-09-20 14:06:55,394 - INFO - X new: [[0.22930376 0.299458   0.52138394 0.2685146  0.3217419  0.631948  ]]
2024-09-20 14:06:55,395 - INFO - y new: [[-3.03213766]]
2024-09-20 14:07:24,546 - INFO - Iteration: 63 / 500
2024-09-20 14:08:22,611 - INFO - X new: [[0.20303357 0.30007493 0.28128082 0.2584305  0.32051173 0.62797487]]
2024-09-20 14:08:22,614 - INFO - y new: [[-2.79013777]]
2024-09-20 14:08:51,760 - INFO - Iteration: 64 / 500
2024-09-20 14:09:51,580 - INFO - X new: [[0.26741937 0.32551715 0.8848283  0.25274777 0.33460477 0.5970378 ]]
2024-09-20 14:09:51,581 - INFO - y new: [[-1.68265566]]
2024-09-20 14:10:22,140 - INFO - Iteration: 65 / 500
2024-09-20 14:11:15,336 - INFO - X new: [[0.18975946 0.15838394 0.46806076 0.27472848 0.3227228  0.62705886]]
2024-09-20 14:11:15,338 - INFO - y new: [[-3.28962964]]
2024-09-20 14:11:46,399 - INFO - Iteration: 66 / 500
2024-09-20 14:12:01,694 - INFO - X new: [[0. 0. 0. 1. 1. 1.]]
2024-09-20 14:12:01,697 - INFO - y new: [[-3.3366293e-05]]
2024-09-20 14:12:29,821 - INFO - Iteration: 67 / 500
2024-09-20 14:12:52,446 - INFO - X new: [[0.23228075 0.14541925 0.12014679 0.6798254  0.444235   0.57349193]]
2024-09-20 14:12:52,447 - INFO - y new: [[-0.40312853]]
2024-09-20 14:13:22,252 - INFO - Iteration: 68 / 500
2024-09-20 14:13:55,483 - INFO - X new: [[2.7755576e-17 1.0000000e+00 1.0000000e+00 0.0000000e+00 1.0000000e+00
  0.0000000e+00]]
2024-09-20 14:13:55,485 - INFO - y new: [[-0.00614315]]
2024-09-20 14:14:23,523 - INFO - Iteration: 69 / 500
2024-09-20 14:15:46,828 - INFO - X new: [[0.13283022 0.16020109 0.45438683 0.28094718 0.32502723 0.61534524]]
2024-09-20 14:15:46,830 - INFO - y new: [[-3.20239293]]
2024-09-20 14:16:15,206 - INFO - Iteration: 70 / 500
2024-09-20 14:17:46,814 - INFO - X new: [[0.21390018 0.13271835 0.4621101  0.19640413 0.33587098 0.6266489 ]]
2024-09-20 14:17:46,816 - INFO - y new: [[-3.09000605]]
2024-09-20 14:18:17,074 - INFO - Iteration: 71 / 500
2024-09-20 14:20:49,473 - INFO - X new: [[0.27907318 0.1332472  0.4592798  0.28673652 0.309856   0.53362167]]
2024-09-20 14:20:49,476 - INFO - y new: [[-2.87060939]]
2024-09-20 14:21:22,034 - INFO - Iteration: 72 / 500
2024-09-20 14:22:03,712 - INFO - X new: [[1. 1. 0. 0. 1. 0.]]
2024-09-20 14:22:03,714 - INFO - y new: [[-0.00022337]]
2024-09-20 14:22:33,110 - INFO - Iteration: 73 / 500
2024-09-20 14:22:57,909 - INFO - X new: [[1.         0.         0.         0.27720943 0.5185994  0.        ]]
2024-09-20 14:22:57,910 - INFO - y new: [[-0.00520447]]
2024-09-20 14:23:28,671 - INFO - Iteration: 74 / 500
2024-09-20 14:24:08,604 - INFO - X new: [[1. 1. 1. 0. 1. 1.]]
2024-09-20 14:24:08,607 - INFO - y new: [[-3.64435727e-05]]
2024-09-20 14:24:44,435 - INFO - Iteration: 75 / 500
2024-09-20 14:25:15,006 - INFO - X new: [[1. 1. 1. 0. 0. 0.]]
2024-09-20 14:25:15,007 - INFO - y new: [[-0.000302]]
2024-09-20 14:25:45,633 - INFO - Iteration: 76 / 500
2024-09-20 14:26:21,861 - INFO - X new: [[1.         1.         1.         0.         0.5254625  0.53613746]]
2024-09-20 14:26:21,864 - INFO - y new: [[-0.0035487]]
2024-09-20 14:26:55,107 - INFO - Iteration: 77 / 500
2024-09-20 14:27:45,287 - INFO - X new: [[0. 1. 1. 1. 1. 1.]]
2024-09-20 14:27:45,289 - INFO - y new: [[-6.56435889e-05]]
2024-09-20 14:28:17,507 - INFO - Iteration: 78 / 500
2024-09-20 14:29:15,284 - INFO - X new: [[1. 1. 1. 1. 1. 1.]]
2024-09-20 14:29:15,287 - INFO - y new: [[-3.40853876e-05]]
2024-09-20 14:29:47,661 - INFO - Iteration: 79 / 500
2024-09-20 14:30:28,762 - INFO - X new: [[1.         1.         1.         0.4303116  1.         0.39921838]]
2024-09-20 14:30:28,765 - INFO - y new: [[-0.00084167]]
2024-09-20 14:31:00,812 - INFO - Iteration: 80 / 500
2024-09-20 14:31:58,242 - INFO - X new: [[1.         1.         0.         1.         0.35868278 1.        ]]
2024-09-20 14:31:58,244 - INFO - y new: [[-7.97056322e-05]]
2024-09-20 14:32:31,780 - INFO - Iteration: 81 / 500
2024-09-20 14:33:09,344 - INFO - X new: [[1.        1.        0.        1.        0.6116369 0.       ]]
2024-09-20 14:33:09,347 - INFO - y new: [[-0.00104266]]
2024-09-20 14:33:41,550 - INFO - Iteration: 82 / 500
2024-09-20 14:36:01,665 - INFO - X new: [[0.21066946 0.1675752  0.4746209  0.2827573  0.36644474 0.6574599 ]]
2024-09-20 14:36:01,668 - INFO - y new: [[-3.17179375]]
2024-09-20 14:36:31,640 - INFO - Iteration: 83 / 500
2024-09-20 14:38:29,187 - INFO - X new: [[0.         0.19884406 0.4938786  0.24904045 0.34176326 0.6422851 ]]
2024-09-20 14:38:29,190 - INFO - y new: [[-2.76369887]]
2024-09-20 14:39:05,964 - INFO - Iteration: 84 / 500
2024-09-20 14:39:44,234 - INFO - X new: [[1. 1. 1. 1. 0. 0.]]
2024-09-20 14:39:44,237 - INFO - y new: [[-0.00110815]]
2024-09-20 14:40:18,867 - INFO - Iteration: 85 / 500
2024-09-20 14:41:13,840 - INFO - X new: [[1.         1.         0.         0.         0.         0.46693692]]
2024-09-20 14:41:13,843 - INFO - y new: [[-0.002152]]
2024-09-20 14:41:47,037 - INFO - Iteration: 86 / 500
2024-09-20 14:42:45,812 - INFO - X new: [[1.         1.         0.         0.3919406  0.4912678  0.42583463]]
2024-09-20 14:42:45,815 - INFO - y new: [[-0.01079324]]
2024-09-20 14:43:22,344 - INFO - Iteration: 87 / 500
2024-09-20 14:45:47,862 - INFO - X new: [[0.21568054 0.         0.44243798 0.29510006 0.31667185 0.6492278 ]]
2024-09-20 14:45:47,864 - INFO - y new: [[-3.0558267]]
2024-09-20 14:46:28,921 - INFO - Iteration: 88 / 500
2024-09-20 14:47:45,914 - INFO - X new: [[0.12327081 0.         0.34552935 0.2519841  0.45541734 0.5520875 ]]
2024-09-20 14:47:45,916 - INFO - y new: [[-1.9002661]]
2024-09-20 14:48:21,049 - INFO - Iteration: 89 / 500
2024-09-20 14:48:56,175 - INFO - X new: [[0.49386525 0.         1.         0.         0.6379465  0.4889322 ]]
2024-09-20 14:48:56,176 - INFO - y new: [[-0.0653884]]
2024-09-20 14:49:34,346 - INFO - Iteration: 90 / 500
2024-09-20 14:50:39,368 - INFO - X new: [[0. 0. 1. 1. 1. 0.]]
2024-09-20 14:50:39,371 - INFO - y new: [[-0.00011101]]
2024-09-20 14:51:16,145 - INFO - Iteration: 91 / 500
2024-09-20 14:52:31,181 - INFO - X new: [[1.         0.         1.         1.         0.51413983 0.        ]]
2024-09-20 14:52:31,183 - INFO - y new: [[-2.29707838e-05]]
2024-09-20 14:53:08,356 - INFO - Iteration: 92 / 500
2024-09-20 14:54:14,582 - INFO - X new: [[1.         1.         1.         1.         0.50865513 0.42919087]]
2024-09-20 14:54:14,584 - INFO - y new: [[-0.00023176]]
2024-09-20 14:54:51,291 - INFO - Iteration: 93 / 500
2024-09-20 14:55:39,697 - INFO - X new: [[0.         0.         0.         0.         0.48292652 0.        ]]
2024-09-20 14:55:39,698 - INFO - y new: [[-0.01433348]]
2024-09-20 14:56:16,759 - INFO - Iteration: 94 / 500
2024-09-20 14:57:14,150 - INFO - X new: [[0.        1.        0.        0.        0.6581375 0.       ]]
2024-09-20 14:57:14,153 - INFO - y new: [[-0.00626311]]
2024-09-20 14:57:53,536 - INFO - Iteration: 95 / 500
2024-09-20 14:58:18,601 - INFO - X new: [[0.50564927 0.33199814 0.19828853 0.7320878  0.71802616 0.        ]]
2024-09-20 14:58:18,616 - INFO - y new: [[-0.17167464]]
2024-09-20 14:59:00,725 - INFO - Iteration: 96 / 500
2024-09-20 14:59:51,048 - INFO - X new: [[1. 0. 1. 1. 0. 1.]]
2024-09-20 14:59:51,050 - INFO - y new: [[-0.11498118]]
2024-09-20 15:00:28,561 - INFO - Iteration: 97 / 500
2024-09-20 15:01:15,360 - INFO - X new: [[1.         0.         1.         0.46584615 0.26692382 0.48752972]]
2024-09-20 15:01:15,363 - INFO - y new: [[-0.13314411]]
2024-09-20 15:01:53,591 - INFO - Iteration: 98 / 500
2024-09-20 15:02:12,991 - INFO - X new: [[0. 1. 1. 1. 0. 0.]]
2024-09-20 15:02:12,994 - INFO - y new: [[-0.02828742]]
2024-09-20 15:02:50,139 - INFO - Iteration: 99 / 500
2024-09-20 15:03:17,638 - INFO - X new: [[0. 1. 1. 0. 0. 0.]]
2024-09-20 15:03:17,639 - INFO - y new: [[-0.00672515]]
2024-09-20 15:04:02,638 - INFO - Iteration: 100 / 500
2024-09-20 15:04:37,844 - INFO - X new: [[0.        1.        0.        0.6168337 0.        0.       ]]
2024-09-20 15:04:37,847 - INFO - y new: [[-0.16418543]]
2024-09-20 15:05:23,304 - INFO - Iteration: 101 / 500
2024-09-20 15:05:58,780 - INFO - X new: [[0.40892372 1.         1.         0.3900662  0.5926891  0.        ]]
2024-09-20 15:05:58,783 - INFO - y new: [[-1.95307501]]
2024-09-20 15:06:34,545 - INFO - Iteration: 102 / 500
2024-09-20 15:07:52,627 - INFO - X new: [[0.5607807  1.         0.80316114 0.46639732 0.8109236  0.        ]]
2024-09-20 15:07:52,630 - INFO - y new: [[-1.57306949]]
2024-09-20 15:08:28,816 - INFO - Iteration: 103 / 500
2024-09-20 15:09:17,034 - INFO - X new: [[0.        1.        1.        0.        0.5444099 0.       ]]
2024-09-20 15:09:17,037 - INFO - y new: [[-0.00695287]]
2024-09-20 15:09:54,592 - INFO - Iteration: 104 / 500
2024-09-20 15:11:30,438 - INFO - X new: [[0.        1.        1.        0.5378644 0.7282791 0.       ]]
2024-09-20 15:11:30,441 - INFO - y new: [[-0.16483623]]
2024-09-20 15:12:06,424 - INFO - Iteration: 105 / 500
