2024-09-20 12:22:49,684 - INFO - Start BO with settings: {'name': 'vanilla_bo_Hartmann6_GP_POI', 'is_x64': False, 'seed': 1, 'search_space': array([[0, 0, 0, 0, 0, 0],
       [1, 1, 1, 1, 1, 1]]), 'num_iterations': 500, 'initial_sample_size': 10, 'objective_function': <src.test_functions.Hartmann6 object at 0x7fa071aa71a0>, 'acquisition': {'acq_fn_class': <function POI at 0x7f9fdcd7dee0>, 'num_samples': 50, 'num_initial_guesses': 10, 'maximize': False}, 'surrogate': {'model_class': <class 'src.gp.ExactGP'>, 'kernel': 'Matern', 'normalize': True, 'standardize': True}, 'memo': 'Experiment using Hartmann6 with POI acquisition.'}
2024-09-20 12:22:49,908 - INFO - X initial: [0.6374683  0.57459438 0.42467272 0.82737955 0.97418152 0.82821552]
2024-09-20 12:22:49,909 - INFO - y initial: [-0.00223354]
2024-09-20 12:22:49,910 - INFO - X initial: [0.13583196 0.47379074 0.84412319 0.31814968 0.12930113 0.41157872]
2024-09-20 12:22:49,910 - INFO - y initial: [-0.53763829]
2024-09-20 12:22:49,911 - INFO - X initial: [0.30911923 0.78783474 0.14289165 0.71250038 0.31184241 0.14824118]
2024-09-20 12:22:49,911 - INFO - y initial: [-1.73593353]
2024-09-20 12:22:49,911 - INFO - X initial: [0.80796131 0.14058388 0.56340986 0.20646716 0.59251322 0.5963739 ]
2024-09-20 12:22:49,912 - INFO - y initial: [-0.23924139]
2024-09-20 12:22:49,912 - INFO - X initial: [0.88210241 0.96964353 0.93105022 0.07817758 0.71400492 0.8793664 ]
2024-09-20 12:22:49,913 - INFO - y initial: [-0.00296968]
2024-09-20 12:22:49,913 - INFO - X initial: [0.37557291 0.07190375 0.35532202 0.58883801 0.43242001 0.36045837]
2024-09-20 12:22:49,914 - INFO - y initial: [-0.45177253]
2024-09-20 12:22:49,914 - INFO - X initial: [0.053743   0.63497308 0.65030833 0.44400381 0.00192383 0.06605366]
2024-09-20 12:22:49,915 - INFO - y initial: [-0.21784063]
2024-09-20 12:22:49,915 - INFO - X initial: [0.5477126  0.28465838 0.07357357 0.94957539 0.84381111 0.67846986]
2024-09-20 12:22:49,916 - INFO - y initial: [-0.00039656]
2024-09-20 12:22:50,615 - INFO - Unable to initialize backend 'rocm': module 'jaxlib.xla_extension' has no attribute 'GpuAllocatorConfig'
2024-09-20 12:22:50,622 - INFO - Unable to initialize backend 'tpu': INTERNAL: Failed to open libtpu.so: libtpu.so: cannot open shared object file: No such file or directory
2024-09-20 12:22:57,376 - INFO - Iteration: 1 / 500
2024-09-20 12:23:01,593 - INFO - X new: [[0.3033479  0.8096141  0.1206391  0.72046363 0.30309016 0.1394019 ]]
2024-09-20 12:23:01,664 - INFO - y new: [[-1.75412163]]
2024-09-20 12:23:06,261 - INFO - Iteration: 2 / 500
2024-09-20 12:23:08,971 - INFO - X new: [[0.29816365 0.87207294 0.0504401  0.73738915 0.2957057  0.12963614]]
2024-09-20 12:23:08,973 - INFO - y new: [[-1.73634211]]
2024-09-20 12:23:13,319 - INFO - Iteration: 3 / 500
2024-09-20 12:23:16,280 - INFO - X new: [[0.2973925  1.         0.         0.76482666 0.29250604 0.        ]]
2024-09-20 12:23:16,283 - INFO - y new: [[-1.54196767]]
2024-09-20 12:23:20,870 - INFO - Iteration: 4 / 500
2024-09-20 12:23:23,566 - INFO - X new: [[0.71244645 0.90047973 0.02347128 0.74277186 0.28233236 0.09650208]]
2024-09-20 12:23:23,568 - INFO - y new: [[-0.44202233]]
2024-09-20 12:23:29,720 - INFO - Iteration: 5 / 500
2024-09-20 12:23:33,161 - INFO - X new: [[0.2651641  0.9185378  0.07258919 0.73391235 0.57761395 0.08213417]]
2024-09-20 12:23:33,162 - INFO - y new: [[-1.62673064]]
2024-09-20 12:23:39,692 - INFO - Iteration: 6 / 500
2024-09-20 12:23:44,396 - INFO - X new: [[0.2739473  0.9012967  0.0275325  0.7269067  1.         0.08588965]]
2024-09-20 12:23:44,398 - INFO - y new: [[-1.63199925]]
2024-09-20 12:23:50,802 - INFO - Iteration: 7 / 500
2024-09-20 12:23:54,026 - INFO - X new: [[0.26245177 0.95552254 0.         0.71973526 0.3751066  0.7647749 ]]
2024-09-20 12:23:54,028 - INFO - y new: [[-0.03321082]]
2024-09-20 12:24:01,151 - INFO - Iteration: 8 / 500
2024-09-20 12:24:04,845 - INFO - X new: [[1. 1. 0. 0. 1. 0.]]
2024-09-20 12:24:04,847 - INFO - y new: [[-0.00022337]]
2024-09-20 12:24:11,511 - INFO - Iteration: 9 / 500
2024-09-20 12:24:16,946 - INFO - X new: [[0.29590186 0.86203563 0.06339348 0.15145674 0.46304706 0.06752986]]
2024-09-20 12:24:16,948 - INFO - y new: [[-0.42542544]]
2024-09-20 12:24:24,426 - INFO - Iteration: 10 / 500
2024-09-20 12:24:29,173 - INFO - X new: [[1.        1.        1.        1.        0.6172171 0.       ]]
2024-09-20 12:24:29,175 - INFO - y new: [[-0.00108114]]
2024-09-20 12:24:36,851 - INFO - Iteration: 11 / 500
2024-09-20 12:24:42,735 - INFO - X new: [[0.27183005 0.8538771  0.07539583 1.         0.44221637 0.09446508]]
2024-09-20 12:24:42,736 - INFO - y new: [[-0.35246753]]
2024-09-20 12:24:51,523 - INFO - Iteration: 12 / 500
2024-09-20 12:24:56,413 - INFO - X new: [[1.        0.        0.        0.5376774 0.        0.       ]]
2024-09-20 12:24:56,414 - INFO - y new: [[-0.00126921]]
2024-09-20 12:25:06,035 - INFO - Iteration: 13 / 500
2024-09-20 12:25:15,161 - INFO - X new: [[0.1446435  0.8637592  0.07676603 0.7166286  0.43219748 0.05872674]]
2024-09-20 12:25:15,163 - INFO - y new: [[-0.78929038]]
2024-09-20 12:25:25,289 - INFO - Iteration: 14 / 500
2024-09-20 12:25:30,133 - INFO - X new: [[0.         1.         0.         0.7401582  1.         0.13604762]]
2024-09-20 12:25:30,136 - INFO - y new: [[-0.10458336]]
2024-09-20 12:25:40,955 - INFO - Iteration: 15 / 500
2024-09-20 12:25:47,495 - INFO - X new: [[0.5056456 1.        1.        0.        0.        0.       ]]
2024-09-20 12:25:47,498 - INFO - y new: [[-0.08737863]]
2024-09-20 12:25:58,388 - INFO - Iteration: 16 / 500
2024-09-20 12:26:07,567 - INFO - X new: [[0.3269021  0.8738939  0.0750027  0.7114243  0.46290618 0.06533566]]
2024-09-20 12:26:07,569 - INFO - y new: [[-2.26582691]]
2024-09-20 12:26:18,459 - INFO - Iteration: 17 / 500
2024-09-20 12:26:24,864 - INFO - X new: [[0.35405728 0.88107526 0.07202868 0.69173026 0.55644125 0.02358711]]
2024-09-20 12:26:24,866 - INFO - y new: [[-2.52681639]]
2024-09-20 12:26:35,667 - INFO - Iteration: 18 / 500
2024-09-20 12:26:42,754 - INFO - X new: [[0.37619528 0.8899015  0.0683874  0.67202634 0.62333244 0.        ]]
2024-09-20 12:26:42,757 - INFO - y new: [[-2.64969855]]
2024-09-20 12:26:52,732 - INFO - Iteration: 19 / 500
2024-09-20 12:26:59,404 - INFO - X new: [[0.39149866 0.9120964  0.36662543 0.66198707 0.6722218  0.        ]]
2024-09-20 12:26:59,405 - INFO - y new: [[-2.75088546]]
2024-09-20 12:27:09,936 - INFO - Iteration: 20 / 500
2024-09-20 12:27:17,796 - INFO - X new: [[0.39988232 0.92868483 1.         0.6506602  0.71228933 0.        ]]
2024-09-20 12:27:17,798 - INFO - y new: [[-2.80144719]]
2024-09-20 12:27:28,656 - INFO - Iteration: 21 / 500
2024-09-20 12:27:38,682 - INFO - X new: [[0.41791832 1.         0.63781404 0.59645724 1.         0.        ]]
2024-09-20 12:27:38,685 - INFO - y new: [[-2.56836679]]
2024-09-20 12:27:49,107 - INFO - Iteration: 22 / 500
2024-09-20 12:28:00,756 - INFO - X new: [[0.41142613 0.422096   0.8866349  0.66697323 0.8586351  0.        ]]
2024-09-20 12:28:00,758 - INFO - y new: [[-0.49845555]]
2024-09-20 12:28:11,834 - INFO - Iteration: 23 / 500
2024-09-20 12:28:19,080 - INFO - X new: [[1.         1.         0.18824951 0.44766816 0.         0.        ]]
2024-09-20 12:28:19,083 - INFO - y new: [[-0.00582583]]
2024-09-20 12:28:30,614 - INFO - Iteration: 24 / 500
2024-09-20 12:28:40,498 - INFO - X new: [[1. 0. 0. 1. 0. 1.]]
2024-09-20 12:28:40,501 - INFO - y new: [[-0.0002083]]
2024-09-20 12:29:02,356 - INFO - Iteration: 25 / 500
2024-09-20 12:29:12,513 - INFO - X new: [[0.40515122 0.94559324 0.7304444  0.6277468  0.         0.        ]]
2024-09-20 12:29:12,515 - INFO - y new: [[-2.9468444]]
2024-09-20 12:29:35,843 - INFO - Iteration: 26 / 500
2024-09-20 12:29:50,469 - INFO - X new: [[0.39687023 0.9187253  1.         0.53768206 0.12016488 0.        ]]
2024-09-20 12:29:50,471 - INFO - y new: [[-3.05789155]]
2024-09-20 12:30:09,051 - INFO - Iteration: 27 / 500
2024-09-20 12:30:13,335 - INFO - X new: [[1. 0. 0. 0. 0. 0.]]
2024-09-20 12:30:13,336 - INFO - y new: [[-0.00101866]]
2024-09-20 12:30:38,235 - INFO - Iteration: 28 / 500
2024-09-20 12:30:47,089 - INFO - X new: [[0.47866985 0.90216625 1.         0.5655795  0.         0.        ]]
2024-09-20 12:30:47,091 - INFO - y new: [[-2.84119293]]
2024-09-20 12:31:10,585 - INFO - Iteration: 29 / 500
2024-09-20 12:31:12,614 - INFO - X new: [[0.69428146 0.30514163 0.48584086 0.36677206 0.16713972 0.23209676]]
2024-09-20 12:31:12,617 - INFO - y new: [[-0.23933991]]
2024-09-20 12:31:30,775 - INFO - Iteration: 30 / 500
2024-09-20 12:31:32,813 - INFO - X new: [[0.91378915 0.79491466 0.29049215 0.78270733 0.5151888  0.70813197]]
2024-09-20 12:31:32,815 - INFO - y new: [[-0.00707264]]
2024-09-20 12:32:00,389 - INFO - Iteration: 31 / 500
2024-09-20 12:32:02,834 - INFO - X new: [[0.6704421  0.73473287 0.16902864 0.0346328  0.2867627  0.09678566]]
2024-09-20 12:32:02,836 - INFO - y new: [[-0.05960132]]
2024-09-20 12:32:17,673 - INFO - Iteration: 32 / 500
2024-09-20 12:32:19,634 - INFO - X new: [[0.18353868 0.61690676 0.16218793 0.41631496 0.9989085  0.61962473]]
2024-09-20 12:32:19,637 - INFO - y new: [[-0.02533085]]
2024-09-20 12:32:42,934 - INFO - Iteration: 33 / 500
2024-09-20 12:32:44,747 - INFO - X new: [[0.55039656 0.5196992  0.65227914 0.57373834 0.44289565 0.29750335]]
2024-09-20 12:32:44,748 - INFO - y new: [[-0.43931783]]
2024-09-20 12:33:05,853 - INFO - Iteration: 34 / 500
2024-09-20 12:33:07,775 - INFO - X new: [[0.7767023  0.42859662 0.786312   0.65629697 0.24300218 0.6269809 ]]
2024-09-20 12:33:07,777 - INFO - y new: [[-0.30242121]]
2024-09-20 12:33:36,305 - INFO - Iteration: 35 / 500
2024-09-20 12:33:38,126 - INFO - X new: [[0.92510414 0.7789173  0.14377677 0.56129    0.38248563 0.05750728]]
2024-09-20 12:33:38,128 - INFO - y new: [[-0.03186452]]
2024-09-20 12:33:56,940 - INFO - Iteration: 36 / 500
2024-09-20 12:33:58,790 - INFO - X new: [[0.77413917 0.6926913  0.44593108 0.69926345 0.6444154  0.9840728 ]]
2024-09-20 12:33:58,791 - INFO - y new: [[-0.00931609]]
2024-09-20 12:34:23,395 - INFO - Iteration: 37 / 500
2024-09-20 12:34:25,310 - INFO - X new: [[0.9818618  0.8679309  0.30815065 0.2840011  0.6896018  0.16619241]]
2024-09-20 12:34:25,314 - INFO - y new: [[-0.00461266]]
2024-09-20 12:34:48,673 - INFO - Iteration: 38 / 500
2024-09-20 12:34:50,619 - INFO - X new: [[0.63733816 0.53581    0.22567832 0.5586196  0.40511954 0.42136526]]
2024-09-20 12:34:50,621 - INFO - y new: [[-0.32747733]]
2024-09-20 12:35:18,365 - INFO - Iteration: 39 / 500
2024-09-20 12:35:20,381 - INFO - X new: [[0.55039656 0.5196992  0.65227914 0.57373834 0.44289565 0.29750335]]
2024-09-20 12:35:20,383 - INFO - y new: [[-0.43931783]]
2024-09-20 12:35:53,125 - INFO - Iteration: 40 / 500
2024-09-20 12:35:55,211 - INFO - X new: [[0.55039656 0.5196992  0.65227914 0.57373834 0.44289565 0.29750335]]
2024-09-20 12:35:55,214 - INFO - y new: [[-0.43931783]]
2024-09-20 12:36:15,616 - INFO - Iteration: 41 / 500
2024-09-20 12:36:17,510 - INFO - X new: [[0.55039656 0.5196992  0.65227914 0.57373834 0.44289565 0.29750335]]
2024-09-20 12:36:17,511 - INFO - y new: [[-0.43931783]]
2024-09-20 12:36:44,206 - INFO - Iteration: 42 / 500
2024-09-20 12:36:46,173 - INFO - X new: [[0.55039656 0.5196992  0.65227914 0.57373834 0.44289565 0.29750335]]
2024-09-20 12:36:46,175 - INFO - y new: [[-0.43931783]]
2024-09-20 12:37:08,966 - INFO - Iteration: 43 / 500
2024-09-20 12:37:11,055 - INFO - X new: [[0.55039656 0.5196992  0.65227914 0.57373834 0.44289565 0.29750335]]
2024-09-20 12:37:11,056 - INFO - y new: [[-0.43931783]]
2024-09-20 12:37:36,535 - INFO - Iteration: 44 / 500
2024-09-20 12:37:38,691 - INFO - X new: [[0.55039656 0.5196992  0.65227914 0.57373834 0.44289565 0.29750335]]
2024-09-20 12:37:38,693 - INFO - y new: [[-0.43931783]]
2024-09-20 12:38:10,521 - INFO - Iteration: 45 / 500
2024-09-20 12:38:12,786 - INFO - X new: [[0.55039656 0.5196992  0.65227914 0.57373834 0.44289565 0.29750335]]
2024-09-20 12:38:12,789 - INFO - y new: [[-0.43931783]]
2024-09-20 12:38:38,136 - INFO - Iteration: 46 / 500
2024-09-20 12:38:40,352 - INFO - X new: [[0.55039656 0.5196992  0.65227914 0.57373834 0.44289565 0.29750335]]
2024-09-20 12:38:40,354 - INFO - y new: [[-0.43931783]]
2024-09-20 12:39:02,518 - INFO - Iteration: 47 / 500
2024-09-20 12:39:21,698 - INFO - X new: [[0.55039656 0.5196992  0.65227914 0.57373834 0.44289565 0.29750335]]
2024-09-20 12:39:21,700 - INFO - y new: [[-0.43931783]]
2024-09-20 12:39:45,368 - INFO - Iteration: 48 / 500
2024-09-20 12:40:06,399 - INFO - X new: [[0.55039656 0.5196992  0.65227914 0.57373834 0.44289565 0.29750335]]
2024-09-20 12:40:06,401 - INFO - y new: [[-0.43931783]]
2024-09-20 12:40:30,259 - INFO - Iteration: 49 / 500
2024-09-20 12:40:47,676 - INFO - X new: [[0.55039656 0.5196992  0.65227914 0.57373834 0.44289565 0.29750335]]
2024-09-20 12:40:47,678 - INFO - y new: [[-0.43931783]]
2024-09-20 12:41:20,440 - INFO - Iteration: 50 / 500
2024-09-20 12:41:39,677 - INFO - X new: [[0.55039656 0.5196992  0.65227914 0.57373834 0.44289565 0.29750335]]
2024-09-20 12:41:39,679 - INFO - y new: [[-0.43931783]]
2024-09-20 12:42:05,465 - INFO - Iteration: 51 / 500
2024-09-20 12:42:26,257 - INFO - X new: [[0.9818618  0.8679309  0.30815065 0.2840011  0.6896018  0.16619241]]
2024-09-20 12:42:26,259 - INFO - y new: [[-0.00461266]]
2024-09-20 12:42:56,258 - INFO - Iteration: 52 / 500
2024-09-20 12:43:18,863 - INFO - X new: [[0.9818618  0.8679309  0.30815065 0.2840011  0.6896018  0.16619241]]
2024-09-20 12:43:18,865 - INFO - y new: [[-0.00461266]]
2024-09-20 12:43:48,782 - INFO - Iteration: 53 / 500
2024-09-20 12:43:52,813 - INFO - X new: [[0. 0. 0. 0. 0. 0.]]
2024-09-20 12:43:52,816 - INFO - y new: [[-0.00508911]]
2024-09-20 12:44:25,542 - INFO - Iteration: 54 / 500
2024-09-20 12:44:29,841 - INFO - X new: [[0. 0. 0. 0. 0. 0.]]
2024-09-20 12:44:29,843 - INFO - y new: [[-0.00508911]]
2024-09-20 12:45:01,447 - INFO - Iteration: 55 / 500
2024-09-20 12:45:05,949 - INFO - X new: [[0. 0. 0. 0. 0. 0.]]
2024-09-20 12:45:05,952 - INFO - y new: [[-0.00508911]]
2024-09-20 12:45:33,542 - INFO - Iteration: 56 / 500
2024-09-20 12:45:38,261 - INFO - X new: [[0. 0. 0. 0. 0. 0.]]
2024-09-20 12:45:38,264 - INFO - y new: [[-0.00508911]]
2024-09-20 12:46:06,599 - INFO - Iteration: 57 / 500
2024-09-20 12:46:10,774 - INFO - X new: [[0. 0. 0. 0. 0. 0.]]
2024-09-20 12:46:10,776 - INFO - y new: [[-0.00508911]]
2024-09-20 12:46:46,979 - INFO - Iteration: 58 / 500
2024-09-20 12:46:51,384 - INFO - X new: [[0. 0. 0. 0. 0. 0.]]
2024-09-20 12:46:51,386 - INFO - y new: [[-0.00508911]]
2024-09-20 12:47:26,723 - INFO - Iteration: 59 / 500
2024-09-20 12:47:31,440 - INFO - X new: [[0. 0. 0. 0. 0. 0.]]
2024-09-20 12:47:31,441 - INFO - y new: [[-0.00508911]]
2024-09-20 12:48:05,891 - INFO - Iteration: 60 / 500
2024-09-20 12:48:37,580 - INFO - X new: [[0.55039656 0.5196992  0.65227914 0.57373834 0.44289565 0.29750335]]
2024-09-20 12:48:37,583 - INFO - y new: [[-0.43931783]]
2024-09-20 12:49:03,064 - INFO - Iteration: 61 / 500
2024-09-20 12:49:36,034 - INFO - X new: [[0.55039656 0.5196992  0.65227914 0.57373834 0.44289565 0.29750335]]
2024-09-20 12:49:36,035 - INFO - y new: [[-0.43931783]]
2024-09-20 12:50:14,425 - INFO - Iteration: 62 / 500
2024-09-20 12:50:50,049 - INFO - X new: [[0.55039656 0.5196992  0.65227914 0.57373834 0.44289565 0.29750335]]
2024-09-20 12:50:50,050 - INFO - y new: [[-0.43931783]]
2024-09-20 12:51:20,036 - INFO - Iteration: 63 / 500
2024-09-20 12:51:56,885 - INFO - X new: [[0.55039656 0.5196992  0.65227914 0.57373834 0.44289565 0.29750335]]
2024-09-20 12:51:56,888 - INFO - y new: [[-0.43931783]]
2024-09-20 12:52:31,127 - INFO - Iteration: 64 / 500
2024-09-20 12:53:11,088 - INFO - X new: [[0.55039656 0.5196992  0.65227914 0.57373834 0.44289565 0.29750335]]
2024-09-20 12:53:11,091 - INFO - y new: [[-0.43931783]]
2024-09-20 12:53:45,180 - INFO - Iteration: 65 / 500
2024-09-20 12:54:19,098 - INFO - X new: [[0.55039656 0.5196992  0.65227914 0.57373834 0.44289565 0.29750335]]
2024-09-20 12:54:19,101 - INFO - y new: [[-0.43931783]]
2024-09-20 12:54:57,323 - INFO - Iteration: 66 / 500
2024-09-20 12:55:03,059 - INFO - X new: [[0. 0. 0. 0. 0. 0.]]
2024-09-20 12:55:03,061 - INFO - y new: [[-0.00508911]]
2024-09-20 12:55:41,015 - INFO - Iteration: 67 / 500
2024-09-20 12:55:46,994 - INFO - X new: [[0. 0. 0. 0. 0. 0.]]
2024-09-20 12:55:46,996 - INFO - y new: [[-0.00508911]]
2024-09-20 12:56:27,241 - INFO - Iteration: 68 / 500
2024-09-20 12:56:33,697 - INFO - X new: [[0. 0. 0. 0. 0. 0.]]
2024-09-20 12:56:33,700 - INFO - y new: [[-0.00508911]]
2024-09-20 12:57:06,892 - INFO - Iteration: 69 / 500
2024-09-20 12:57:13,530 - INFO - X new: [[0. 0. 0. 0. 0. 0.]]
2024-09-20 12:57:13,533 - INFO - y new: [[-0.00508911]]
2024-09-20 12:57:55,715 - INFO - Iteration: 70 / 500
2024-09-20 12:58:02,636 - INFO - X new: [[0. 0. 0. 0. 0. 0.]]
2024-09-20 12:58:02,638 - INFO - y new: [[-0.00508911]]
2024-09-20 12:58:34,566 - INFO - Iteration: 71 / 500
2024-09-20 12:58:41,784 - INFO - X new: [[0. 0. 0. 0. 0. 0.]]
2024-09-20 12:58:41,786 - INFO - y new: [[-0.00508911]]
2024-09-20 12:59:20,992 - INFO - Iteration: 72 / 500
2024-09-20 12:59:28,787 - INFO - X new: [[0. 0. 0. 0. 0. 0.]]
2024-09-20 12:59:28,789 - INFO - y new: [[-0.00508911]]
2024-09-20 13:00:08,355 - INFO - Iteration: 73 / 500
2024-09-20 13:00:14,984 - INFO - X new: [[0. 0. 0. 0. 0. 0.]]
2024-09-20 13:00:14,986 - INFO - y new: [[-0.00508911]]
2024-09-20 13:00:56,563 - INFO - Iteration: 74 / 500
2024-09-20 13:01:03,571 - INFO - X new: [[0. 0. 0. 0. 0. 0.]]
2024-09-20 13:01:03,573 - INFO - y new: [[-0.00508911]]
2024-09-20 13:01:45,528 - INFO - Iteration: 75 / 500
2024-09-20 13:01:53,112 - INFO - X new: [[0. 0. 0. 0. 0. 0.]]
2024-09-20 13:01:53,115 - INFO - y new: [[-0.00508911]]
2024-09-20 13:41:18,829 - INFO - Iteration: 76 / 500
2024-09-20 13:41:27,059 - INFO - X new: [[0. 0. 0. 0. 0. 0.]]
2024-09-20 13:41:27,062 - INFO - y new: [[-0.00508911]]
2024-09-20 13:42:01,955 - INFO - Iteration: 77 / 500
2024-09-20 13:42:10,376 - INFO - X new: [[0. 0. 0. 0. 0. 0.]]
2024-09-20 13:42:10,378 - INFO - y new: [[-0.00508911]]
2024-09-20 13:42:49,407 - INFO - Iteration: 78 / 500
2024-09-20 13:42:58,453 - INFO - X new: [[0. 0. 0. 0. 0. 0.]]
2024-09-20 13:42:58,455 - INFO - y new: [[-0.00508911]]
2024-09-20 13:43:34,453 - INFO - Iteration: 79 / 500
2024-09-20 13:43:43,924 - INFO - X new: [[0. 0. 0. 0. 0. 0.]]
2024-09-20 13:43:43,927 - INFO - y new: [[-0.00508911]]
2024-09-20 13:44:25,333 - INFO - Iteration: 80 / 500
2024-09-20 13:44:35,207 - INFO - X new: [[0. 0. 0. 0. 0. 0.]]
2024-09-20 13:44:35,209 - INFO - y new: [[-0.00508911]]
2024-09-20 13:45:20,054 - INFO - Iteration: 81 / 500
2024-09-20 13:45:28,544 - INFO - X new: [[0. 0. 0. 0. 0. 0.]]
2024-09-20 13:45:28,546 - INFO - y new: [[-0.00508911]]
2024-09-20 13:46:24,370 - INFO - Iteration: 82 / 500
2024-09-20 13:46:33,226 - INFO - X new: [[0. 0. 0. 0. 0. 0.]]
2024-09-20 13:46:33,229 - INFO - y new: [[-0.00508911]]
2024-09-20 13:47:22,473 - INFO - Iteration: 83 / 500
2024-09-20 13:47:32,002 - INFO - X new: [[0. 0. 0. 0. 0. 0.]]
2024-09-20 13:47:32,005 - INFO - y new: [[-0.00508911]]
2024-09-20 13:48:25,070 - INFO - Iteration: 84 / 500
2024-09-20 13:48:40,323 - INFO - X new: [[0. 0. 0. 0. 0. 0.]]
2024-09-20 13:48:40,325 - INFO - y new: [[-0.00508911]]
2024-09-20 13:49:44,685 - INFO - Iteration: 85 / 500
2024-09-20 13:50:00,392 - INFO - X new: [[0. 0. 0. 0. 0. 0.]]
2024-09-20 13:50:00,395 - INFO - y new: [[-0.00508911]]
2024-09-20 13:51:07,132 - INFO - Iteration: 86 / 500
2024-09-20 13:51:23,723 - INFO - X new: [[0. 0. 0. 0. 0. 0.]]
2024-09-20 13:51:23,726 - INFO - y new: [[-0.00508911]]
2024-09-20 13:52:28,235 - INFO - Iteration: 87 / 500
2024-09-20 13:52:44,431 - INFO - X new: [[0. 0. 0. 0. 0. 0.]]
2024-09-20 13:52:44,434 - INFO - y new: [[-0.00508911]]
2024-09-20 13:53:49,171 - INFO - Iteration: 88 / 500
2024-09-20 13:54:05,752 - INFO - X new: [[0. 0. 0. 0. 0. 0.]]
2024-09-20 13:54:05,755 - INFO - y new: [[-0.00508911]]
2024-09-20 13:55:50,077 - INFO - Iteration: 89 / 500
2024-09-20 13:56:05,441 - INFO - X new: [[0. 0. 0. 0. 0. 0.]]
2024-09-20 13:56:05,443 - INFO - y new: [[-0.00508911]]
2024-09-20 13:57:38,259 - INFO - Iteration: 90 / 500
2024-09-20 13:57:53,987 - INFO - X new: [[0. 0. 0. 0. 0. 0.]]
2024-09-20 13:57:53,991 - INFO - y new: [[-0.00508911]]
2024-09-20 14:38:04,916 - INFO - Iteration: 91 / 500
2024-09-20 14:38:22,776 - INFO - X new: [[0. 0. 0. 0. 0. 0.]]
2024-09-20 14:38:22,779 - INFO - y new: [[-0.00508911]]
2024-09-20 14:40:00,711 - INFO - Iteration: 92 / 500
2024-09-20 14:40:20,403 - INFO - X new: [[0. 0. 0. 0. 0. 0.]]
2024-09-20 14:40:20,405 - INFO - y new: [[-0.00508911]]
2024-09-20 14:42:52,689 - INFO - Iteration: 93 / 500
2024-09-20 14:43:12,927 - INFO - X new: [[0. 0. 0. 0. 0. 0.]]
2024-09-20 14:43:12,930 - INFO - y new: [[-0.00508911]]
2024-09-20 14:52:57,369 - INFO - Iteration: 94 / 500
2024-09-20 14:53:18,454 - INFO - X new: [[0. 0. 0. 0. 0. 0.]]
2024-09-20 14:53:18,458 - INFO - y new: [[-0.00508911]]
2024-09-20 15:08:49,938 - INFO - Iteration: 95 / 500
2024-09-20 15:09:11,674 - INFO - X new: [[0. 0. 0. 0. 0. 0.]]
2024-09-20 15:09:11,677 - INFO - y new: [[-0.00508911]]
