2024-09-20 11:02:22,160 - INFO - Start BO with settings: {'name': 'vanilla_bo_SinusoidaSynthetic_GP_POI', 'is_x64': False, 'seed': 1, 'search_space': array([[ 5],
       [10]]), 'num_iterations': 500, 'initial_sample_size': 10, 'objective_function': <src.test_functions.SinusoidaSynthetic object at 0x7f1d6a6a71a0>, 'acquisition': {'acq_fn_class': <function POI at 0x7f1cd5989ee0>, 'num_samples': 50, 'num_initial_guesses': 10, 'maximize': False}, 'surrogate': {'model_class': <class 'src.gp.ExactGP'>, 'kernel': 'Matern', 'normalize': True, 'standardize': True}, 'memo': 'Experiment using SinusoidaSynthetic with POI acquisition.'}
2024-09-20 11:02:22,241 - INFO - X initial: [6.94807979]
2024-09-20 11:02:22,241 - INFO - y initial: [19.17276659]
2024-09-20 11:02:22,241 - INFO - X initial: [7.855609]
2024-09-20 11:02:22,241 - INFO - y initial: [-3.3141651]
2024-09-20 11:02:22,241 - INFO - X initial: [9.532474]
2024-09-20 11:02:22,242 - INFO - y initial: [70.03156127]
2024-09-20 11:02:22,242 - INFO - X initial: [5.49994404]
2024-09-20 11:02:22,242 - INFO - y initial: [8.63648338]
2024-09-20 11:02:22,242 - INFO - X initial: [5.99619053]
2024-09-20 11:02:22,242 - INFO - y initial: [-20.63126325]
2024-09-20 11:02:22,242 - INFO - X initial: [8.79955831]
2024-09-20 11:02:22,242 - INFO - y initial: [-18.40979562]
2024-09-20 11:02:22,242 - INFO - X initial: [8.60691572]
2024-09-20 11:02:22,242 - INFO - y initial: [-44.3270626]
2024-09-20 11:02:22,243 - INFO - X initial: [6.42854869]
2024-09-20 11:02:22,243 - INFO - y initial: [-23.58285612]
2024-09-20 11:02:22,539 - INFO - Unable to initialize backend 'rocm': module 'jaxlib.xla_extension' has no attribute 'GpuAllocatorConfig'
2024-09-20 11:02:22,551 - INFO - Unable to initialize backend 'tpu': INTERNAL: Failed to open libtpu.so: libtpu.so: cannot open shared object file: No such file or directory
2024-09-20 11:02:28,481 - INFO - Iteration: 1 / 500
2024-09-20 11:02:31,791 - INFO - X new: [[6.167305]]
2024-09-20 11:02:31,889 - INFO - y new: [[-26.5463]]
2024-09-20 11:02:35,712 - INFO - Iteration: 2 / 500
2024-09-20 11:02:37,536 - INFO - X new: [[6.180682]]
2024-09-20 11:02:37,537 - INFO - y new: [[-26.77498]]
2024-09-20 11:02:41,429 - INFO - Iteration: 3 / 500
2024-09-20 11:02:43,279 - INFO - X new: [[8.443101]]
2024-09-20 11:02:43,281 - INFO - y new: [[-54.08896]]
2024-09-20 11:02:48,365 - INFO - Iteration: 4 / 500
2024-09-20 11:02:50,306 - INFO - X new: [[8.420635]]
2024-09-20 11:02:50,307 - INFO - y new: [[-54.429707]]
2024-09-20 11:02:56,083 - INFO - Iteration: 5 / 500
2024-09-20 11:02:58,417 - INFO - X new: [[8.412636]]
2024-09-20 11:02:58,418 - INFO - y new: [[-54.49264]]
2024-09-20 11:03:04,272 - INFO - Iteration: 6 / 500
2024-09-20 11:03:07,840 - INFO - X new: [[8.408329]]
2024-09-20 11:03:07,841 - INFO - y new: [[-54.513874]]
2024-09-20 11:03:13,532 - INFO - Iteration: 7 / 500
2024-09-20 11:03:17,265 - INFO - X new: [[8.403895]]
2024-09-20 11:03:17,267 - INFO - y new: [[-54.52652]]
2024-09-20 11:03:23,021 - INFO - Iteration: 8 / 500
2024-09-20 11:03:25,268 - INFO - X new: [[5.]]
2024-09-20 11:03:25,269 - INFO - y new: [[15.3823595]]
2024-09-20 11:03:30,721 - INFO - Iteration: 9 / 500
2024-09-20 11:03:34,052 - INFO - X new: [[8.395171]]
2024-09-20 11:03:34,054 - INFO - y new: [[-54.524162]]
2024-09-20 11:03:40,373 - INFO - Iteration: 10 / 500
2024-09-20 11:03:42,553 - INFO - X new: [[5.]]
2024-09-20 11:03:42,554 - INFO - y new: [[15.3823595]]
2024-09-20 11:03:48,918 - INFO - Iteration: 11 / 500
2024-09-20 11:03:51,704 - INFO - X new: [[8.379587]]
2024-09-20 11:03:51,705 - INFO - y new: [[-54.43058]]
2024-09-20 11:03:58,148 - INFO - Iteration: 12 / 500
2024-09-20 11:04:01,015 - INFO - X new: [[5.]]
2024-09-20 11:04:01,017 - INFO - y new: [[15.3823595]]
2024-09-20 11:04:08,506 - INFO - Iteration: 13 / 500
2024-09-20 11:04:11,068 - INFO - X new: [[5.]]
2024-09-20 11:04:11,070 - INFO - y new: [[15.3823595]]
2024-09-20 11:04:18,361 - INFO - Iteration: 14 / 500
2024-09-20 11:04:21,454 - INFO - X new: [[5.]]
2024-09-20 11:04:21,455 - INFO - y new: [[15.3823595]]
2024-09-20 11:04:29,214 - INFO - Iteration: 15 / 500
2024-09-20 11:04:32,515 - INFO - X new: [[5.]]
2024-09-20 11:04:32,516 - INFO - y new: [[15.3823595]]
2024-09-20 11:04:40,422 - INFO - Iteration: 16 / 500
2024-09-20 11:04:43,516 - INFO - X new: [[5.]]
2024-09-20 11:04:43,517 - INFO - y new: [[15.3823595]]
2024-09-20 11:04:51,479 - INFO - Iteration: 17 / 500
2024-09-20 11:04:54,131 - INFO - X new: [[5.]]
2024-09-20 11:04:54,132 - INFO - y new: [[15.3823595]]
2024-09-20 11:05:02,369 - INFO - Iteration: 18 / 500
2024-09-20 11:05:05,608 - INFO - X new: [[5.]]
2024-09-20 11:05:05,609 - INFO - y new: [[15.3823595]]
2024-09-20 11:05:14,271 - INFO - Iteration: 19 / 500
2024-09-20 11:05:17,127 - INFO - X new: [[5.]]
2024-09-20 11:05:17,128 - INFO - y new: [[15.3823595]]
2024-09-20 11:05:26,192 - INFO - Iteration: 20 / 500
2024-09-20 11:05:29,523 - INFO - X new: [[5.]]
2024-09-20 11:05:29,525 - INFO - y new: [[15.3823595]]
2024-09-20 11:05:38,925 - INFO - Iteration: 21 / 500
2024-09-20 11:05:42,152 - INFO - X new: [[5.]]
2024-09-20 11:05:42,154 - INFO - y new: [[15.3823595]]
2024-09-20 11:05:51,955 - INFO - Iteration: 22 / 500
2024-09-20 11:05:55,744 - INFO - X new: [[9.820971]]
2024-09-20 11:05:55,745 - INFO - y new: [[33.416428]]
2024-09-20 11:06:05,839 - INFO - Iteration: 23 / 500
2024-09-20 11:06:09,878 - INFO - X new: [[5.]]
2024-09-20 11:06:09,879 - INFO - y new: [[15.3823595]]
2024-09-20 11:06:20,126 - INFO - Iteration: 24 / 500
2024-09-20 11:06:23,801 - INFO - X new: [[5.]]
2024-09-20 11:06:23,802 - INFO - y new: [[15.3823595]]
2024-09-20 11:06:46,194 - INFO - Iteration: 25 / 500
2024-09-20 11:06:47,957 - INFO - X new: [[5.]]
2024-09-20 11:06:47,958 - INFO - y new: [[15.3823595]]
2024-09-20 11:07:14,362 - INFO - Iteration: 26 / 500
2024-09-20 11:07:16,845 - INFO - X new: [[5.]]
2024-09-20 11:07:16,847 - INFO - y new: [[15.3823595]]
2024-09-20 11:20:04,609 - INFO - Iteration: 27 / 500
2024-09-20 11:20:06,985 - INFO - X new: [[5.]]
2024-09-20 11:20:06,987 - INFO - y new: [[15.3823595]]
2024-09-20 11:34:19,225 - INFO - Iteration: 28 / 500
2024-09-20 11:34:21,385 - INFO - X new: [[5.]]
2024-09-20 11:34:21,386 - INFO - y new: [[15.3823595]]
2024-09-20 11:48:54,252 - INFO - Iteration: 29 / 500
2024-09-20 11:48:56,691 - INFO - X new: [[5.]]
2024-09-20 11:48:56,692 - INFO - y new: [[15.3823595]]
2024-09-20 12:09:05,841 - INFO - Iteration: 30 / 500
2024-09-20 12:09:14,854 - INFO - X new: [[6.4010596]]
2024-09-20 12:09:14,856 - INFO - y new: [[-24.654312]]
2024-09-20 12:22:55,474 - INFO - Iteration: 31 / 500
2024-09-20 12:22:58,204 - INFO - X new: [[5.]]
2024-09-20 12:22:58,205 - INFO - y new: [[15.3823595]]
2024-09-20 12:41:49,836 - INFO - Iteration: 32 / 500
2024-09-20 12:41:51,688 - INFO - X new: [[5.]]
2024-09-20 12:41:51,689 - INFO - y new: [[15.3823595]]
2024-09-20 12:55:23,688 - INFO - Iteration: 33 / 500
2024-09-20 12:55:26,343 - INFO - X new: [[5.]]
2024-09-20 12:55:26,344 - INFO - y new: [[15.3823595]]
2024-09-20 13:19:59,090 - INFO - Iteration: 34 / 500
2024-09-20 13:20:00,932 - INFO - X new: [[5.]]
2024-09-20 13:20:00,933 - INFO - y new: [[15.3823595]]
2024-09-20 13:42:51,238 - INFO - Iteration: 35 / 500
2024-09-20 13:42:53,931 - INFO - X new: [[5.]]
2024-09-20 13:42:53,933 - INFO - y new: [[15.3823595]]
2024-09-20 14:00:55,108 - INFO - Iteration: 36 / 500
2024-09-20 14:01:05,082 - INFO - X new: [[6.4010596]]
2024-09-20 14:01:05,084 - INFO - y new: [[-24.654312]]
2024-09-20 14:20:35,768 - INFO - Iteration: 37 / 500
2024-09-20 14:20:38,808 - INFO - X new: [[5.]]
2024-09-20 14:20:38,810 - INFO - y new: [[15.3823595]]
2024-09-20 14:33:18,174 - INFO - Iteration: 38 / 500
2024-09-20 14:33:20,540 - INFO - X new: [[5.]]
2024-09-20 14:33:20,542 - INFO - y new: [[15.3823595]]
2024-09-20 14:55:37,804 - INFO - Iteration: 39 / 500
2024-09-20 14:55:40,380 - INFO - X new: [[5.]]
2024-09-20 14:55:40,383 - INFO - y new: [[15.3823595]]
