2024-09-20 12:22:49,684 - INFO - Start BO with settings: {'name': 'vanilla_bo_Hartmann6_GP_UCB', 'is_x64': False, 'seed': 1, 'search_space': array([[0, 0, 0, 0, 0, 0],
       [1, 1, 1, 1, 1, 1]]), 'num_iterations': 500, 'initial_sample_size': 10, 'objective_function': <src.test_functions.Hartmann6 object at 0x7f73c670b0e0>, 'acquisition': {'acq_fn_class': <function UCB at 0x7f73319d1e40>, 'num_samples': 50, 'num_initial_guesses': 10, 'maximize': False}, 'surrogate': {'model_class': <class 'src.gp.ExactGP'>, 'kernel': 'Matern', 'normalize': True, 'standardize': True}, 'memo': 'Experiment using Hartmann6 with UCB acquisition.'}
2024-09-20 12:22:49,909 - INFO - X initial: [0.65558658 0.62493701 0.79036079 0.43369035 0.05478397 0.00653257]
2024-09-20 12:22:49,909 - INFO - y initial: [-0.52658351]
2024-09-20 12:22:49,910 - INFO - X initial: [0.34566394 0.38702812 0.3204869  0.54751183 0.77637217 0.51924812]
2024-09-20 12:22:49,910 - INFO - y initial: [-0.11302358]
2024-09-20 12:22:49,911 - INFO - X initial: [0.10722156 0.95426491 0.73046349 0.17428314 0.64758209 0.87552076]
2024-09-20 12:22:49,911 - INFO - y initial: [-0.06486314]
2024-09-20 12:22:49,912 - INFO - X initial: [0.8939698  0.03377039 0.13528251 0.81131324 0.42581089 0.39604659]
2024-09-20 12:22:49,912 - INFO - y initial: [-0.02043387]
2024-09-20 12:22:49,913 - INFO - X initial: [0.76966365 0.76023297 0.4160783  0.92722496 0.2580435  0.18689321]
2024-09-20 12:22:49,913 - INFO - y initial: [-0.06236139]
2024-09-20 12:22:49,914 - INFO - X initial: [0.22902336 0.2439152  0.94864486 0.05641877 0.54213157 0.66640213]
2024-09-20 12:22:49,914 - INFO - y initial: [-0.44024185]
2024-09-20 12:22:49,915 - INFO - X initial: [0.47532605 0.66088556 0.10227451 0.68269492 0.91330727 0.80600007]
2024-09-20 12:22:49,915 - INFO - y initial: [-0.00133407]
2024-09-20 12:22:49,915 - INFO - X initial: [0.52354601 0.33496587 0.50953399 0.30436616 0.12903599 0.29332608]
2024-09-20 12:22:49,916 - INFO - y initial: [-0.46065774]
2024-09-20 12:22:50,166 - INFO - Unable to initialize backend 'rocm': module 'jaxlib.xla_extension' has no attribute 'GpuAllocatorConfig'
2024-09-20 12:22:50,258 - INFO - Unable to initialize backend 'tpu': INTERNAL: Failed to open libtpu.so: libtpu.so: cannot open shared object file: No such file or directory
2024-09-20 12:22:57,233 - INFO - Iteration: 1 / 500
2024-09-20 12:23:01,230 - INFO - X new: [[0.5868933  0.45624515 0.8279666  0.31756753 0.03039752 0.01485192]]
2024-09-20 12:23:01,305 - INFO - y new: [[-0.22770946]]
2024-09-20 12:23:05,580 - INFO - Iteration: 2 / 500
2024-09-20 12:23:08,632 - INFO - X new: [[0.52272767 0.3158405  0.7079293  0.2804042  0.09348066 0.27710426]]
2024-09-20 12:23:08,634 - INFO - y new: [[-0.29602349]]
2024-09-20 12:23:13,075 - INFO - Iteration: 3 / 500
2024-09-20 12:23:15,894 - INFO - X new: [[0.33735782 0.26275226 0.96413976 0.03971875 0.14769079 0.35086364]]
2024-09-20 12:23:15,896 - INFO - y new: [[-0.25075032]]
2024-09-20 12:23:20,312 - INFO - Iteration: 4 / 500
2024-09-20 12:23:23,542 - INFO - X new: [[0.6581683  0.6189596  0.77988404 0.42882648 0.05000912 0.        ]]
2024-09-20 12:23:23,544 - INFO - y new: [[-0.49221832]]
2024-09-20 12:23:29,517 - INFO - Iteration: 5 / 500
2024-09-20 12:23:32,712 - INFO - X new: [[0.67312115 0.6308028  0.7762381  0.43910947 0.04953325 0.        ]]
2024-09-20 12:23:32,714 - INFO - y new: [[-0.46564595]]
2024-09-20 12:23:39,063 - INFO - Iteration: 6 / 500
2024-09-20 12:23:43,751 - INFO - X new: [[0.67884475 0.64003295 0.7697872  0.4444942  0.05027507 0.        ]]
2024-09-20 12:23:43,753 - INFO - y new: [[-0.46450161]]
2024-09-20 12:23:50,223 - INFO - Iteration: 7 / 500
2024-09-20 12:23:53,445 - INFO - X new: [[0.68107766 0.6461899  0.77049875 0.45356524 0.05214391 0.        ]]
2024-09-20 12:23:53,447 - INFO - y new: [[-0.47620791]]
2024-09-20 12:24:00,457 - INFO - Iteration: 8 / 500
2024-09-20 12:24:04,606 - INFO - X new: [[0.6921893  0.6583621  0.76778    0.45692313 0.05916557 0.        ]]
2024-09-20 12:24:04,607 - INFO - y new: [[-0.4514759]]
2024-09-20 12:24:11,331 - INFO - Iteration: 9 / 500
2024-09-20 12:24:17,347 - INFO - X new: [[0.68773377 0.6544961  0.7752813  0.45805782 0.05624476 0.        ]]
2024-09-20 12:24:17,351 - INFO - y new: [[-0.46594045]]
2024-09-20 12:24:24,921 - INFO - Iteration: 10 / 500
2024-09-20 12:24:29,999 - INFO - X new: [[0.67379534 0.65505606 0.7790482  0.45711824 0.06367564 0.        ]]
2024-09-20 12:24:30,001 - INFO - y new: [[-0.5308983]]
2024-09-20 12:24:37,895 - INFO - Iteration: 11 / 500
2024-09-20 12:24:42,606 - INFO - X new: [[0.65879667 0.7398398  0.7922155  0.47521582 0.07147199 0.        ]]
2024-09-20 12:24:42,607 - INFO - y new: [[-0.8080599]]
2024-09-20 12:24:50,855 - INFO - Iteration: 12 / 500
2024-09-20 12:24:57,846 - INFO - X new: [[0.62844074 0.8341672  0.8400532  0.5016142  0.0804499  0.        ]]
2024-09-20 12:24:57,849 - INFO - y new: [[-1.24790898]]
2024-09-20 12:25:06,952 - INFO - Iteration: 13 / 500
2024-09-20 12:25:13,689 - INFO - X new: [[0.59071696 0.90845567 0.89364475 0.5164122  0.07968114 0.        ]]
2024-09-20 12:25:13,692 - INFO - y new: [[-1.67603932]]
2024-09-20 12:25:23,615 - INFO - Iteration: 14 / 500
2024-09-20 12:25:31,439 - INFO - X new: [[0.5430589  1.         0.9723752  0.5381669  0.06520323 0.        ]]
2024-09-20 12:25:31,442 - INFO - y new: [[-2.00178465]]
2024-09-20 12:25:41,340 - INFO - Iteration: 15 / 500
2024-09-20 12:25:47,610 - INFO - X new: [[0.4777576  1.         1.         0.5656138  0.02184219 0.        ]]
2024-09-20 12:25:47,611 - INFO - y new: [[-2.56002841]]
2024-09-20 12:25:59,179 - INFO - Iteration: 16 / 500
2024-09-20 12:26:04,901 - INFO - X new: [[0.36865827 1.         1.         0.6311067  0.         0.        ]]
2024-09-20 12:26:04,902 - INFO - y new: [[-2.65560996]]
2024-09-20 12:26:16,260 - INFO - Iteration: 17 / 500
2024-09-20 12:26:20,915 - INFO - X new: [[0.35402188 1.         1.         0.6447257  0.         0.        ]]
2024-09-20 12:26:20,917 - INFO - y new: [[-2.55426871]]
2024-09-20 12:26:31,874 - INFO - Iteration: 18 / 500
2024-09-20 12:26:37,857 - INFO - X new: [[0.38335034 1.         1.         0.62450933 0.         0.        ]]
2024-09-20 12:26:37,859 - INFO - y new: [[-2.71303938]]
2024-09-20 12:26:49,501 - INFO - Iteration: 19 / 500
2024-09-20 12:26:56,891 - INFO - X new: [[0.38980514 1.         1.         0.61507416 0.         0.        ]]
2024-09-20 12:26:56,893 - INFO - y new: [[-2.74734392]]
2024-09-20 12:27:09,238 - INFO - Iteration: 20 / 500
2024-09-20 12:27:18,893 - INFO - X new: [[0.39653236 1.         1.         0.60670835 0.         0.        ]]
2024-09-20 12:27:18,896 - INFO - y new: [[-2.7715243]]
2024-09-20 12:27:32,914 - INFO - Iteration: 21 / 500
2024-09-20 12:27:41,714 - INFO - X new: [[0.40112984 1.         1.         0.5956876  0.         0.        ]]
2024-09-20 12:27:41,716 - INFO - y new: [[-2.79057744]]
2024-09-20 12:27:55,178 - INFO - Iteration: 22 / 500
2024-09-20 12:28:06,503 - INFO - X new: [[0.40222797 1.         1.         0.5785718  0.         0.        ]]
2024-09-20 12:28:06,505 - INFO - y new: [[-2.80320176]]
2024-09-20 12:28:19,564 - INFO - Iteration: 23 / 500
2024-09-20 12:28:29,244 - INFO - X new: [[0.4014135 1.        1.        0.5615311 0.        0.       ]]
2024-09-20 12:28:29,245 - INFO - y new: [[-2.79895151]]
2024-09-20 12:28:44,062 - INFO - Iteration: 24 / 500
2024-09-20 12:28:52,450 - INFO - X new: [[0.3984671 1.        1.        0.5574663 0.        0.       ]]
2024-09-20 12:28:52,453 - INFO - y new: [[-2.79426152]]
2024-09-20 12:29:17,847 - INFO - Iteration: 25 / 500
2024-09-20 12:29:23,542 - INFO - X new: [[0.40934485 1.         0.85865265 0.5612269  0.         0.        ]]
2024-09-20 12:29:23,545 - INFO - y new: [[-2.80060185]]
2024-09-20 12:29:57,492 - INFO - Iteration: 26 / 500
2024-09-20 12:30:00,390 - INFO - X new: [[1. 1. 0. 0. 1. 0.]]
2024-09-20 12:30:00,391 - INFO - y new: [[-0.00022337]]
2024-09-20 12:30:28,129 - INFO - Iteration: 27 / 500
2024-09-20 12:30:32,228 - INFO - X new: [[0.45120972 1.         0.83912045 0.49580845 0.         0.        ]]
2024-09-20 12:30:32,229 - INFO - y new: [[-2.54354035]]
2024-09-20 12:30:53,162 - INFO - Iteration: 28 / 500
2024-09-20 12:30:57,562 - INFO - X new: [[0.39090386 1.         0.7435055  0.6326302  0.         0.        ]]
2024-09-20 12:30:57,563 - INFO - y new: [[-2.7015621]]
2024-09-20 12:31:26,881 - INFO - Iteration: 29 / 500
2024-09-20 12:31:31,497 - INFO - X new: [[0.4275372  1.         0.43092066 0.5044233  0.         0.        ]]
2024-09-20 12:31:31,498 - INFO - y new: [[-2.6239992]]
2024-09-20 12:31:57,740 - INFO - Iteration: 30 / 500
2024-09-20 12:32:02,232 - INFO - X new: [[0.36104804 1.         0.6157924  0.38042617 0.         0.        ]]
2024-09-20 12:32:02,233 - INFO - y new: [[-1.86118903]]
2024-09-20 12:32:31,521 - INFO - Iteration: 31 / 500
2024-09-20 12:32:37,815 - INFO - X new: [[0.37767592 1.         0.6183972  0.4639052  0.         0.        ]]
2024-09-20 12:32:37,817 - INFO - y new: [[-2.44689717]]
2024-09-20 12:33:00,738 - INFO - Iteration: 32 / 500
2024-09-20 12:33:06,238 - INFO - X new: [[0.34160337 1.         0.47735575 0.442767   0.         0.        ]]
2024-09-20 12:33:06,240 - INFO - y new: [[-2.19029979]]
2024-09-20 12:33:26,463 - INFO - Iteration: 33 / 500
2024-09-20 12:33:31,307 - INFO - X new: [[0.        1.        0.6477169 1.        0.        0.       ]]
2024-09-20 12:33:31,311 - INFO - y new: [[-0.02829797]]
2024-09-20 12:33:52,293 - INFO - Iteration: 34 / 500
2024-09-20 12:33:56,420 - INFO - X new: [[0.4151557  0.87640244 0.6559336  0.5456253  0.06113121 0.06246191]]
2024-09-20 12:33:56,421 - INFO - y new: [[-3.1374783]]
2024-09-20 12:34:22,457 - INFO - Iteration: 35 / 500
2024-09-20 12:34:24,744 - INFO - X new: [[0.55039656 0.5196992  0.65227914 0.57373834 0.44289565 0.29750335]]
2024-09-20 12:34:24,746 - INFO - y new: [[-0.43931783]]
2024-09-20 12:34:49,770 - INFO - Iteration: 36 / 500
2024-09-20 12:34:53,223 - INFO - X new: [[0. 0. 0. 1. 1. 0.]]
2024-09-20 12:34:53,224 - INFO - y new: [[-6.29850425e-05]]
2024-09-20 12:35:25,431 - INFO - Iteration: 37 / 500
2024-09-20 12:35:29,205 - INFO - X new: [[0. 1. 0. 0. 1. 0.]]
2024-09-20 12:35:29,206 - INFO - y new: [[-0.00573435]]
2024-09-20 12:35:48,899 - INFO - Iteration: 38 / 500
2024-09-20 12:36:08,717 - INFO - X new: [[0.39380994 0.8106751  0.7091247  0.57448095 0.         0.12025274]]
2024-09-20 12:36:08,720 - INFO - y new: [[-2.785908]]
2024-09-20 12:36:39,422 - INFO - Iteration: 39 / 500
2024-09-20 12:36:43,789 - INFO - X new: [[1. 1. 0. 1. 1. 1.]]
2024-09-20 12:36:43,791 - INFO - y new: [[-2.81244792e-08]]
2024-09-20 12:37:22,831 - INFO - Iteration: 40 / 500
2024-09-20 12:37:30,869 - INFO - X new: [[0.3718403  0.7830398  0.20653354 0.55631596 0.14612997 0.        ]]
2024-09-20 12:37:30,870 - INFO - y new: [[-2.7774613]]
2024-09-20 12:38:01,190 - INFO - Iteration: 41 / 500
2024-09-20 12:38:07,723 - INFO - X new: [[0.43313277 0.91847837 0.12228437 0.5673352  0.7914124  0.04158887]]
2024-09-20 12:38:07,726 - INFO - y new: [[-2.89762053]]
2024-09-20 12:38:52,789 - INFO - Iteration: 42 / 500
2024-09-20 12:38:58,459 - INFO - X new: [[0.39815906 0.9224451  0.12080524 0.53626204 0.9723896  0.00615805]]
2024-09-20 12:38:58,461 - INFO - y new: [[-2.76847631]]
2024-09-20 12:39:41,238 - INFO - Iteration: 43 / 500
2024-09-20 12:39:47,148 - INFO - X new: [[0.40972617 0.87371343 0.12906967 0.5734358  0.9781441  0.14890483]]
2024-09-20 12:39:47,150 - INFO - y new: [[-2.42805097]]
2024-09-20 12:40:21,831 - INFO - Iteration: 44 / 500
2024-09-20 12:40:29,036 - INFO - X new: [[0.42411757 0.9387989  0.37168583 0.52501154 1.         0.02469603]]
2024-09-20 12:40:29,038 - INFO - y new: [[-2.75476884]]
2024-09-20 12:41:09,527 - INFO - Iteration: 45 / 500
2024-09-20 12:41:17,182 - INFO - X new: [[0.46989247 0.8719542  0.44001785 0.58457595 1.         0.07384253]]
2024-09-20 12:41:17,184 - INFO - y new: [[-2.67258112]]
2024-09-20 12:42:06,886 - INFO - Iteration: 46 / 500
2024-09-20 12:42:15,281 - INFO - X new: [[1. 0. 0. 0. 1. 1.]]
2024-09-20 12:42:15,282 - INFO - y new: [[-1.92547523e-05]]
2024-09-20 12:42:55,612 - INFO - Iteration: 47 / 500
2024-09-20 12:43:03,115 - INFO - X new: [[0.3628132 0.7825868 0.125305  0.5122928 0.9658049 0.       ]]
2024-09-20 12:43:03,116 - INFO - y new: [[-2.44228726]]
2024-09-20 12:43:47,127 - INFO - Iteration: 48 / 500
2024-09-20 12:43:57,051 - INFO - X new: [[0.46163172 0.8289942  0.16025074 0.64062697 0.84731215 0.12797451]]
2024-09-20 12:43:57,054 - INFO - y new: [[-2.33512333]]
2024-09-20 12:44:40,634 - INFO - Iteration: 49 / 500
2024-09-20 12:44:58,348 - INFO - X new: [[0.55039656 0.5196992  0.65227914 0.57373834 0.44289565 0.29750335]]
2024-09-20 12:44:58,349 - INFO - y new: [[-0.43931783]]
2024-09-20 12:45:37,855 - INFO - Iteration: 50 / 500
2024-09-20 12:45:57,404 - INFO - X new: [[0.55039656 0.5196992  0.65227914 0.57373834 0.44289565 0.29750335]]
2024-09-20 12:45:57,406 - INFO - y new: [[-0.43931783]]
2024-09-20 12:46:30,216 - INFO - Iteration: 51 / 500
2024-09-20 12:46:51,219 - INFO - X new: [[0.55039656 0.5196992  0.65227914 0.57373834 0.44289565 0.29750335]]
2024-09-20 12:46:51,221 - INFO - y new: [[-0.43931783]]
2024-09-20 12:47:26,055 - INFO - Iteration: 52 / 500
2024-09-20 12:47:48,909 - INFO - X new: [[0.55039656 0.5196992  0.65227914 0.57373834 0.44289565 0.29750335]]
2024-09-20 12:47:48,912 - INFO - y new: [[-0.43931783]]
2024-09-20 12:48:25,658 - INFO - Iteration: 53 / 500
2024-09-20 12:48:48,967 - INFO - X new: [[0.55039656 0.5196992  0.65227914 0.57373834 0.44289565 0.29750335]]
2024-09-20 12:48:48,970 - INFO - y new: [[-0.43931783]]
2024-09-20 12:49:28,035 - INFO - Iteration: 54 / 500
2024-09-20 12:49:53,662 - INFO - X new: [[0.55039656 0.5196992  0.65227914 0.57373834 0.44289565 0.29750335]]
2024-09-20 12:49:53,665 - INFO - y new: [[-0.43931783]]
2024-09-20 12:50:33,943 - INFO - Iteration: 55 / 500
2024-09-20 12:51:00,403 - INFO - X new: [[0.55039656 0.5196992  0.65227914 0.57373834 0.44289565 0.29750335]]
2024-09-20 12:51:00,405 - INFO - y new: [[-0.43931783]]
2024-09-20 12:51:28,579 - INFO - Iteration: 56 / 500
2024-09-20 12:51:58,247 - INFO - X new: [[0.55039656 0.5196992  0.65227914 0.57373834 0.44289565 0.29750335]]
2024-09-20 12:51:58,249 - INFO - y new: [[-0.43931783]]
2024-09-20 12:52:38,016 - INFO - Iteration: 57 / 500
2024-09-20 12:53:02,729 - INFO - X new: [[0.55039656 0.5196992  0.65227914 0.57373834 0.44289565 0.29750335]]
2024-09-20 12:53:02,731 - INFO - y new: [[-0.43931783]]
2024-09-20 12:53:44,642 - INFO - Iteration: 58 / 500
2024-09-20 12:53:58,723 - INFO - X new: [[1. 1. 0. 0. 0. 1.]]
2024-09-20 12:53:58,725 - INFO - y new: [[-0.00118991]]
2024-09-20 12:54:40,102 - INFO - Iteration: 59 / 500
2024-09-20 12:55:09,920 - INFO - X new: [[0.55039656 0.5196992  0.65227914 0.57373834 0.44289565 0.29750335]]
2024-09-20 12:55:09,922 - INFO - y new: [[-0.43931783]]
2024-09-20 12:55:48,907 - INFO - Iteration: 60 / 500
2024-09-20 12:56:20,689 - INFO - X new: [[0.55039656 0.5196992  0.65227914 0.57373834 0.44289565 0.29750335]]
2024-09-20 12:56:20,692 - INFO - y new: [[-0.43931783]]
2024-09-20 12:56:52,883 - INFO - Iteration: 61 / 500
2024-09-20 12:57:25,947 - INFO - X new: [[0.55039656 0.5196992  0.65227914 0.57373834 0.44289565 0.29750335]]
2024-09-20 12:57:25,949 - INFO - y new: [[-0.43931783]]
2024-09-20 12:57:58,417 - INFO - Iteration: 62 / 500
2024-09-20 12:58:34,439 - INFO - X new: [[0.55039656 0.5196992  0.65227914 0.57373834 0.44289565 0.29750335]]
2024-09-20 12:58:34,442 - INFO - y new: [[-0.43931783]]
2024-09-20 12:59:13,086 - INFO - Iteration: 63 / 500
2024-09-20 12:59:50,740 - INFO - X new: [[0.55039656 0.5196992  0.65227914 0.57373834 0.44289565 0.29750335]]
2024-09-20 12:59:50,743 - INFO - y new: [[-0.43931783]]
2024-09-20 13:00:25,465 - INFO - Iteration: 64 / 500
2024-09-20 13:01:05,972 - INFO - X new: [[0.55039656 0.5196992  0.65227914 0.57373834 0.44289565 0.29750335]]
2024-09-20 13:01:05,974 - INFO - y new: [[-0.43931783]]
2024-09-20 13:01:46,278 - INFO - Iteration: 65 / 500
2024-09-20 13:02:21,698 - INFO - X new: [[0.55039656 0.5196992  0.65227914 0.57373834 0.44289565 0.29750335]]
2024-09-20 13:02:21,702 - INFO - y new: [[-0.43931783]]
2024-09-20 13:03:05,544 - INFO - Iteration: 66 / 500
2024-09-20 13:03:42,726 - INFO - X new: [[0.55039656 0.5196992  0.65227914 0.57373834 0.44289565 0.29750335]]
2024-09-20 13:03:42,728 - INFO - y new: [[-0.43931783]]
2024-09-20 13:04:23,532 - INFO - Iteration: 67 / 500
2024-09-20 13:05:03,761 - INFO - X new: [[0.55039656 0.5196992  0.65227914 0.57373834 0.44289565 0.29750335]]
2024-09-20 13:05:03,763 - INFO - y new: [[-0.43931783]]
2024-09-20 13:05:47,195 - INFO - Iteration: 68 / 500
2024-09-20 13:06:30,287 - INFO - X new: [[0.55039656 0.5196992  0.65227914 0.57373834 0.44289565 0.29750335]]
2024-09-20 13:06:30,289 - INFO - y new: [[-0.43931783]]
2024-09-20 13:07:10,191 - INFO - Iteration: 69 / 500
2024-09-20 13:07:54,825 - INFO - X new: [[0.55039656 0.5196992  0.65227914 0.57373834 0.44289565 0.29750335]]
2024-09-20 13:07:54,826 - INFO - y new: [[-0.43931783]]
2024-09-20 13:08:34,282 - INFO - Iteration: 70 / 500
2024-09-20 13:09:22,118 - INFO - X new: [[0.55039656 0.5196992  0.65227914 0.57373834 0.44289565 0.29750335]]
2024-09-20 13:09:22,120 - INFO - y new: [[-0.43931783]]
2024-09-20 13:10:10,456 - INFO - Iteration: 71 / 500
2024-09-20 13:11:00,598 - INFO - X new: [[0.55039656 0.5196992  0.65227914 0.57373834 0.44289565 0.29750335]]
2024-09-20 13:11:00,600 - INFO - y new: [[-0.43931783]]
2024-09-20 13:11:45,679 - INFO - Iteration: 72 / 500
2024-09-20 13:12:39,302 - INFO - X new: [[0.55039656 0.5196992  0.65227914 0.57373834 0.44289565 0.29750335]]
2024-09-20 13:12:39,304 - INFO - y new: [[-0.43931783]]
2024-09-20 13:35:38,150 - INFO - Iteration: 73 / 500
2024-09-20 13:35:44,830 - INFO - X new: [[0. 0. 0. 0. 0. 0.]]
2024-09-20 13:35:44,832 - INFO - y new: [[-0.00508911]]
2024-09-20 13:49:25,689 - INFO - Iteration: 74 / 500
2024-09-20 13:49:32,823 - INFO - X new: [[0. 0. 0. 0. 0. 0.]]
2024-09-20 13:49:32,826 - INFO - y new: [[-0.00508911]]
2024-09-20 13:50:17,166 - INFO - Iteration: 75 / 500
2024-09-20 13:50:25,049 - INFO - X new: [[0. 0. 0. 0. 0. 0.]]
2024-09-20 13:50:25,052 - INFO - y new: [[-0.00508911]]
2024-09-20 14:08:58,537 - INFO - Iteration: 76 / 500
2024-09-20 14:09:06,862 - INFO - X new: [[0. 0. 0. 0. 0. 0.]]
2024-09-20 14:09:06,865 - INFO - y new: [[-0.00508911]]
2024-09-20 14:09:49,665 - INFO - Iteration: 77 / 500
2024-09-20 14:09:58,268 - INFO - X new: [[0. 0. 0. 0. 0. 0.]]
2024-09-20 14:09:58,271 - INFO - y new: [[-0.00508911]]
2024-09-20 14:10:56,806 - INFO - Iteration: 78 / 500
2024-09-20 14:11:05,907 - INFO - X new: [[0. 0. 0. 0. 0. 0.]]
2024-09-20 14:11:05,909 - INFO - y new: [[-0.00508911]]
2024-09-20 14:33:06,327 - INFO - Iteration: 79 / 500
2024-09-20 14:33:15,908 - INFO - X new: [[0. 0. 0. 0. 0. 0.]]
2024-09-20 14:33:15,911 - INFO - y new: [[-0.00508911]]
2024-09-20 15:01:35,798 - INFO - Iteration: 80 / 500
2024-09-20 15:01:45,684 - INFO - X new: [[0. 0. 0. 0. 0. 0.]]
2024-09-20 15:01:45,687 - INFO - y new: [[-0.00508911]]
