2024-09-20 11:02:22,160 - INFO - Start BO with settings: {'name': 'vanilla_bo_BraninHoo_TP_POI', 'is_x64': False, 'seed': 1, 'search_space': array([[ 0, -5],
       [15, 15]]), 'num_iterations': 500, 'initial_sample_size': 10, 'objective_function': <src.test_functions.BraninHoo object at 0x7ff144e33fb0>, 'acquisition': {'acq_fn_class': <function POI_TP at 0x7ff146b28b80>, 'num_samples': 50, 'num_initial_guesses': 10, 'maximize': False}, 'surrogate': {'model_class': <class 'src.tp.TP_v2'>, 'kernel': 'Matern', 'normalize': True, 'standardize': True}, 'memo': 'Experiment using BraninHoo with POI acquisition.'}
2024-09-20 11:02:22,240 - INFO - X initial: [ 6.36482755 14.38821351]
2024-09-20 11:02:22,240 - INFO - y initial: [196.05480964]
2024-09-20 11:02:22,240 - INFO - X initial: [9.98704601 0.75510368]
2024-09-20 11:02:22,241 - INFO - y initial: [6.87147535]
2024-09-20 11:02:22,241 - INFO - X initial: [12.63819303  5.0054721 ]
2024-09-20 11:02:22,241 - INFO - y initial: [21.8697821]
2024-09-20 11:02:22,241 - INFO - X initial: [ 1.01882579 -1.12764243]
2024-09-20 11:02:22,241 - INFO - y initial: [46.8471621]
2024-09-20 11:02:22,241 - INFO - X initial: [2.88763563 8.67381459]
2024-09-20 11:02:22,241 - INFO - y initial: [39.05208368]
2024-09-20 11:02:22,241 - INFO - X initial: [14.50791765 -2.61496827]
2024-09-20 11:02:22,242 - INFO - y initial: [168.20783808]
2024-09-20 11:02:22,242 - INFO - X initial: [ 8.10631286 11.81548247]
2024-09-20 11:02:22,242 - INFO - y initial: [112.21608819]
2024-09-20 11:02:22,242 - INFO - X initial: [4.48501068 3.02670445]
2024-09-20 11:02:22,242 - INFO - y initial: [10.28853779]
2024-09-20 11:02:22,543 - INFO - Unable to initialize backend 'rocm': module 'jaxlib.xla_extension' has no attribute 'GpuAllocatorConfig'
2024-09-20 11:02:22,552 - INFO - Unable to initialize backend 'tpu': INTERNAL: Failed to open libtpu.so: libtpu.so: cannot open shared object file: No such file or directory
2024-09-20 11:02:30,269 - INFO - Iteration: 1 / 500
2024-09-20 11:02:36,971 - INFO - X new: [[9.656001  3.0312195]]
2024-09-20 11:02:37,066 - INFO - y new: [[0.77893734]]
2024-09-20 11:02:42,793 - INFO - Iteration: 2 / 500
2024-09-20 11:02:46,346 - INFO - X new: [[9.648794 3.129427]]
2024-09-20 11:02:46,349 - INFO - y new: [[0.8484764]]
2024-09-20 11:02:52,083 - INFO - Iteration: 3 / 500
2024-09-20 11:02:57,127 - INFO - X new: [[9.692945  3.1494703]]
2024-09-20 11:02:57,129 - INFO - y new: [[0.9337826]]
2024-09-20 11:03:03,242 - INFO - Iteration: 4 / 500
2024-09-20 11:03:08,359 - INFO - X new: [[9.656475  3.1976566]]
2024-09-20 11:03:08,362 - INFO - y new: [[0.9251642]]
2024-09-20 11:03:17,309 - INFO - Iteration: 5 / 500
2024-09-20 11:03:25,116 - INFO - X new: [[6.9107337 2.9426312]]
2024-09-20 11:03:25,118 - INFO - y new: [[20.911821]]
2024-09-20 11:03:33,917 - INFO - Iteration: 6 / 500
2024-09-20 11:03:42,380 - INFO - X new: [[8.872382 3.234068]]
2024-09-20 11:03:42,381 - INFO - y new: [[3.2316732]]
2024-09-20 11:03:51,450 - INFO - Iteration: 7 / 500
2024-09-20 11:03:57,159 - INFO - X new: [[8.715179 2.423635]]
2024-09-20 11:03:57,161 - INFO - y new: [[2.9480782]]
2024-09-20 11:04:06,304 - INFO - Iteration: 8 / 500
2024-09-20 11:04:11,183 - INFO - X new: [[15.         2.9935288]]
2024-09-20 11:04:11,184 - INFO - y new: [[69.941216]]
2024-09-20 11:04:20,317 - INFO - Iteration: 9 / 500
2024-09-20 11:04:25,913 - INFO - X new: [[7.7445416 4.1716585]]
2024-09-20 11:04:25,914 - INFO - y new: [[18.60719]]
2024-09-20 11:04:35,821 - INFO - Iteration: 10 / 500
2024-09-20 11:04:40,900 - INFO - X new: [[8.366762 2.128728]]
2024-09-20 11:04:40,902 - INFO - y new: [[5.4504476]]
2024-09-20 11:04:50,629 - INFO - Iteration: 11 / 500
2024-09-20 11:04:55,746 - INFO - X new: [[8.983346  2.1714735]]
2024-09-20 11:04:55,749 - INFO - y new: [[1.3202429]]
2024-09-20 11:05:06,436 - INFO - Iteration: 12 / 500
2024-09-20 11:05:13,834 - INFO - X new: [[ 5.7557077 -3.2155538]]
2024-09-20 11:05:13,837 - INFO - y new: [[37.086674]]
2024-09-20 11:05:24,847 - INFO - Iteration: 13 / 500
2024-09-20 11:05:31,331 - INFO - X new: [[9.423734  2.2416759]]
2024-09-20 11:05:31,334 - INFO - y new: [[0.45192242]]
2024-09-20 11:05:42,227 - INFO - Iteration: 14 / 500
2024-09-20 11:05:49,600 - INFO - X new: [[15.       10.741762]]
2024-09-20 11:05:49,603 - INFO - y new: [[2.9092536]]
2024-09-20 11:06:00,877 - INFO - Iteration: 15 / 500
2024-09-20 11:06:08,216 - INFO - X new: [[13.40412  8.85993]]
2024-09-20 11:06:08,218 - INFO - y new: [[17.390654]]
2024-09-20 11:06:20,295 - INFO - Iteration: 16 / 500
2024-09-20 11:06:25,401 - INFO - X new: [[15. 15.]]
2024-09-20 11:06:25,402 - INFO - y new: [[17.196556]]
2024-09-20 11:06:36,686 - INFO - Iteration: 17 / 500
2024-09-20 11:06:43,577 - INFO - X new: [[10.583759  6.009247]]
2024-09-20 11:06:43,578 - INFO - y new: [[11.835672]]
2024-09-20 11:06:55,150 - INFO - Iteration: 18 / 500
2024-09-20 11:07:00,956 - INFO - X new: [[ 0. -5.]]
2024-09-20 11:07:00,958 - INFO - y new: [[140.60211]]
2024-09-20 11:07:13,169 - INFO - Iteration: 19 / 500
2024-09-20 11:07:18,460 - INFO - X new: [[ 0. -5.]]
2024-09-20 11:07:18,463 - INFO - y new: [[140.60211]]
2024-09-20 11:07:31,281 - INFO - Iteration: 20 / 500
2024-09-20 11:07:36,514 - INFO - X new: [[ 0. -5.]]
2024-09-20 11:07:36,516 - INFO - y new: [[140.60211]]
2024-09-20 11:07:48,860 - INFO - Iteration: 21 / 500
2024-09-20 11:07:55,087 - INFO - X new: [[ 0. -5.]]
2024-09-20 11:07:55,089 - INFO - y new: [[140.60211]]
2024-09-20 11:08:08,251 - INFO - Iteration: 22 / 500
2024-09-20 11:08:14,343 - INFO - X new: [[ 0. -5.]]
2024-09-20 11:08:14,344 - INFO - y new: [[140.60211]]
2024-09-20 11:08:27,348 - INFO - Iteration: 23 / 500
2024-09-20 11:08:33,755 - INFO - X new: [[ 0. -5.]]
2024-09-20 11:08:33,757 - INFO - y new: [[140.60211]]
2024-09-20 11:08:48,363 - INFO - Iteration: 24 / 500
2024-09-20 11:08:55,050 - INFO - X new: [[ 0. -5.]]
2024-09-20 11:08:55,052 - INFO - y new: [[140.60211]]
2024-09-20 11:09:18,202 - INFO - Iteration: 25 / 500
2024-09-20 11:09:21,472 - INFO - X new: [[ 0. -5.]]
2024-09-20 11:09:21,474 - INFO - y new: [[140.60211]]
2024-09-20 11:09:44,479 - INFO - Iteration: 26 / 500
2024-09-20 11:09:47,967 - INFO - X new: [[ 0. -5.]]
2024-09-20 11:09:47,970 - INFO - y new: [[140.60211]]
2024-09-20 11:10:13,927 - INFO - Iteration: 27 / 500
2024-09-20 11:10:17,502 - INFO - X new: [[ 0. -5.]]
2024-09-20 11:10:17,505 - INFO - y new: [[140.60211]]
2024-09-20 11:10:43,555 - INFO - Iteration: 28 / 500
2024-09-20 11:10:47,183 - INFO - X new: [[ 0. -5.]]
2024-09-20 11:10:47,186 - INFO - y new: [[140.60211]]
2024-09-20 11:11:15,014 - INFO - Iteration: 29 / 500
2024-09-20 11:11:18,676 - INFO - X new: [[ 0. -5.]]
2024-09-20 11:11:18,678 - INFO - y new: [[140.60211]]
2024-09-20 11:11:42,804 - INFO - Iteration: 30 / 500
2024-09-20 11:11:46,520 - INFO - X new: [[ 0. -5.]]
2024-09-20 11:11:46,522 - INFO - y new: [[140.60211]]
2024-09-20 11:12:14,388 - INFO - Iteration: 31 / 500
2024-09-20 11:12:18,172 - INFO - X new: [[ 0. -5.]]
2024-09-20 11:12:18,175 - INFO - y new: [[140.60211]]
2024-09-20 11:12:43,844 - INFO - Iteration: 32 / 500
2024-09-20 11:12:47,783 - INFO - X new: [[ 0. -5.]]
2024-09-20 11:12:47,785 - INFO - y new: [[140.60211]]
2024-09-20 11:22:44,265 - INFO - Iteration: 33 / 500
2024-09-20 11:22:48,063 - INFO - X new: [[ 0. -5.]]
2024-09-20 11:22:48,066 - INFO - y new: [[140.60211]]
2024-09-20 11:23:17,477 - INFO - Iteration: 34 / 500
2024-09-20 11:23:21,302 - INFO - X new: [[ 0. -5.]]
2024-09-20 11:23:21,304 - INFO - y new: [[140.60211]]
2024-09-20 11:38:40,766 - INFO - Iteration: 35 / 500
2024-09-20 11:38:44,592 - INFO - X new: [[ 0. -5.]]
2024-09-20 11:38:44,593 - INFO - y new: [[140.60211]]
2024-09-20 11:58:37,219 - INFO - Iteration: 36 / 500
2024-09-20 11:58:50,003 - INFO - X new: [[12.814113   7.6277065]]
2024-09-20 11:58:50,005 - INFO - y new: [[19.96458]]
2024-09-20 12:20:36,735 - INFO - Iteration: 37 / 500
2024-09-20 12:20:41,263 - INFO - X new: [[ 0. -5.]]
2024-09-20 12:20:41,265 - INFO - y new: [[140.60211]]
2024-09-20 12:29:30,974 - INFO - Iteration: 38 / 500
2024-09-20 12:29:35,674 - INFO - X new: [[ 0. -5.]]
2024-09-20 12:29:35,675 - INFO - y new: [[140.60211]]
2024-09-20 12:50:53,504 - INFO - Iteration: 39 / 500
2024-09-20 12:50:57,539 - INFO - X new: [[ 0. -5.]]
2024-09-20 12:50:57,541 - INFO - y new: [[140.60211]]
2024-09-20 13:21:12,461 - INFO - Iteration: 40 / 500
2024-09-20 13:21:16,631 - INFO - X new: [[ 0. -5.]]
2024-09-20 13:21:16,633 - INFO - y new: [[140.60211]]
2024-09-20 13:55:16,128 - INFO - Iteration: 41 / 500
2024-09-20 13:55:20,885 - INFO - X new: [[ 0. -5.]]
2024-09-20 13:55:20,887 - INFO - y new: [[140.60211]]
2024-09-20 14:20:45,757 - INFO - Iteration: 42 / 500
2024-09-20 14:20:50,785 - INFO - X new: [[ 0. -5.]]
2024-09-20 14:20:50,788 - INFO - y new: [[140.60211]]
2024-09-20 14:39:08,390 - INFO - Iteration: 43 / 500
2024-09-20 14:39:13,622 - INFO - X new: [[ 0. -5.]]
2024-09-20 14:39:13,625 - INFO - y new: [[140.60211]]
