2024-09-20 11:02:22,160 - INFO - Start BO with settings: {'name': 'vanilla_bo_BraninHoo_GP_UCB', 'is_x64': False, 'seed': 1, 'search_space': array([[ 0, -5],
       [15, 15]]), 'num_iterations': 500, 'initial_sample_size': 10, 'objective_function': <src.test_functions.BraninHoo object at 0x7f84bf71f1a0>, 'acquisition': {'acq_fn_class': <function UCB at 0x7f842a9e5e40>, 'num_samples': 50, 'num_initial_guesses': 10, 'maximize': False}, 'surrogate': {'model_class': <class 'src.gp.ExactGP'>, 'kernel': 'Matern', 'normalize': True, 'standardize': True}, 'memo': 'Experiment using BraninHoo with UCB acquisition.'}
2024-09-20 11:02:22,240 - INFO - X initial: [12.49344693  1.90418722]
2024-09-20 11:02:22,241 - INFO - y initial: [38.7241801]
2024-09-20 11:02:22,241 - INFO - X initial: [1.99773512 5.56209039]
2024-09-20 11:02:22,241 - INFO - y initial: [10.97904477]
2024-09-20 11:02:22,242 - INFO - X initial: [ 5.22741771 -0.38903696]
2024-09-20 11:02:22,242 - INFO - y initial: [17.28777785]
2024-09-20 11:02:22,242 - INFO - X initial: [10.20043422 12.84524407]
2024-09-20 11:02:22,243 - INFO - y initial: [96.04010408]
2024-09-20 11:02:22,243 - INFO - X initial: [ 9.22477221 -4.61999141]
2024-09-20 11:02:22,244 - INFO - y initial: [48.63430032]
2024-09-20 11:02:22,244 - INFO - X initial: [ 6.22905683 12.16408944]
2024-09-20 11:02:22,244 - INFO - y initial: [142.03187698]
2024-09-20 11:02:22,245 - INFO - X initial: [1.01851832 3.08827214]
2024-09-20 11:02:22,245 - INFO - y initial: [17.06736067]
2024-09-20 11:02:22,245 - INFO - X initial: [13.49154556  9.44636574]
2024-09-20 11:02:22,246 - INFO - y initial: [17.74996642]
2024-09-20 11:02:22,546 - INFO - Unable to initialize backend 'rocm': module 'jaxlib.xla_extension' has no attribute 'GpuAllocatorConfig'
2024-09-20 11:02:22,552 - INFO - Unable to initialize backend 'tpu': INTERNAL: Failed to open libtpu.so: libtpu.so: cannot open shared object file: No such file or directory
2024-09-20 11:02:28,884 - INFO - Iteration: 1 / 500
2024-09-20 11:02:32,171 - INFO - X new: [[15.        4.601967]]
2024-09-20 11:02:32,275 - INFO - y new: [[46.150715]]
2024-09-20 11:02:36,524 - INFO - Iteration: 2 / 500
2024-09-20 11:02:39,379 - INFO - X new: [[0.49006176 0.44489908]]
2024-09-20 11:02:39,380 - INFO - y new: [[41.571236]]
2024-09-20 11:02:43,411 - INFO - Iteration: 3 / 500
2024-09-20 11:02:45,474 - INFO - X new: [[1.480828  3.0359535]]
2024-09-20 11:02:45,475 - INFO - y new: [[11.655744]]
2024-09-20 11:02:49,875 - INFO - Iteration: 4 / 500
2024-09-20 11:02:52,138 - INFO - X new: [[1.715623  3.2567291]]
2024-09-20 11:02:52,139 - INFO - y new: [[8.76867]]
2024-09-20 11:02:58,510 - INFO - Iteration: 5 / 500
2024-09-20 11:03:03,468 - INFO - X new: [[1.868162  3.4475737]]
2024-09-20 11:03:03,472 - INFO - y new: [[7.187457]]
2024-09-20 11:03:10,676 - INFO - Iteration: 6 / 500
2024-09-20 11:03:14,322 - INFO - X new: [[2.0788002 3.664507 ]]
2024-09-20 11:03:14,325 - INFO - y new: [[5.5012302]]
2024-09-20 11:03:22,044 - INFO - Iteration: 7 / 500
2024-09-20 11:03:25,662 - INFO - X new: [[15.        8.312971]]
2024-09-20 11:03:25,664 - INFO - y new: [[11.001533]]
2024-09-20 11:03:34,299 - INFO - Iteration: 8 / 500
2024-09-20 11:03:37,924 - INFO - X new: [[15.        8.618832]]
2024-09-20 11:03:37,925 - INFO - y new: [[9.333142]]
2024-09-20 11:03:46,290 - INFO - Iteration: 9 / 500
2024-09-20 11:03:49,383 - INFO - X new: [[15.        8.998027]]
2024-09-20 11:03:49,386 - INFO - y new: [[7.524503]]
2024-09-20 11:03:58,504 - INFO - Iteration: 10 / 500
2024-09-20 11:04:02,197 - INFO - X new: [[15.        9.496431]]
2024-09-20 11:04:02,200 - INFO - y new: [[5.5846643]]
2024-09-20 11:04:10,923 - INFO - Iteration: 11 / 500
2024-09-20 11:04:17,034 - INFO - X new: [[15.       10.370899]]
2024-09-20 11:04:17,036 - INFO - y new: [[3.3816905]]
2024-09-20 11:04:26,426 - INFO - Iteration: 12 / 500
2024-09-20 11:04:30,373 - INFO - X new: [[3.3976028 3.4093733]]
2024-09-20 11:04:30,376 - INFO - y new: [[2.4679422]]
2024-09-20 11:04:40,055 - INFO - Iteration: 13 / 500
2024-09-20 11:04:44,116 - INFO - X new: [[3.375998 3.513052]]
2024-09-20 11:04:44,117 - INFO - y new: [[2.6591864]]
2024-09-20 11:04:53,770 - INFO - Iteration: 14 / 500
2024-09-20 11:04:57,636 - INFO - X new: [[3.2987146 3.5692425]]
2024-09-20 11:04:57,639 - INFO - y new: [[2.5143943]]
2024-09-20 11:05:07,858 - INFO - Iteration: 15 / 500
2024-09-20 11:05:12,218 - INFO - X new: [[3.3886154 3.2186222]]
2024-09-20 11:05:12,221 - INFO - y new: [[1.9626083]]
2024-09-20 11:05:22,719 - INFO - Iteration: 16 / 500
2024-09-20 11:05:27,172 - INFO - X new: [[3.1815777 2.9140687]]
2024-09-20 11:05:27,175 - INFO - y new: [[0.8545227]]
2024-09-20 11:05:37,930 - INFO - Iteration: 17 / 500
2024-09-20 11:05:41,650 - INFO - X new: [[3.0525877 3.1285439]]
2024-09-20 11:05:41,653 - INFO - y new: [[1.0491552]]
2024-09-20 11:05:52,566 - INFO - Iteration: 18 / 500
2024-09-20 11:05:56,501 - INFO - X new: [[4.3312154 3.121894 ]]
2024-09-20 11:05:56,503 - INFO - y new: [[8.961777]]
2024-09-20 11:06:07,181 - INFO - Iteration: 19 / 500
2024-09-20 11:06:10,978 - INFO - X new: [[15.       13.139137]]
2024-09-20 11:06:10,979 - INFO - y new: [[6.4917765]]
2024-09-20 11:06:21,937 - INFO - Iteration: 20 / 500
2024-09-20 11:06:29,813 - INFO - X new: [[12.814113   7.6277065]]
2024-09-20 11:06:29,816 - INFO - y new: [[19.96458]]
2024-09-20 11:06:41,692 - INFO - Iteration: 21 / 500
2024-09-20 11:06:46,047 - INFO - X new: [[ 0. -5.]]
2024-09-20 11:06:46,050 - INFO - y new: [[140.60211]]
2024-09-20 11:06:57,823 - INFO - Iteration: 22 / 500
2024-09-20 11:07:02,383 - INFO - X new: [[9.022771  1.5929818]]
2024-09-20 11:07:02,385 - INFO - y new: [[1.4812565]]
2024-09-20 11:07:14,646 - INFO - Iteration: 23 / 500
2024-09-20 11:07:19,600 - INFO - X new: [[ 0. -5.]]
2024-09-20 11:07:19,602 - INFO - y new: [[140.60211]]
2024-09-20 11:07:32,585 - INFO - Iteration: 24 / 500
2024-09-20 11:07:37,192 - INFO - X new: [[ 0. -5.]]
2024-09-20 11:07:37,195 - INFO - y new: [[140.60211]]
2024-09-20 11:07:58,010 - INFO - Iteration: 25 / 500
2024-09-20 11:07:59,973 - INFO - X new: [[ 0. -5.]]
2024-09-20 11:07:59,977 - INFO - y new: [[140.60211]]
2024-09-20 11:08:31,298 - INFO - Iteration: 26 / 500
2024-09-20 11:08:33,466 - INFO - X new: [[ 0. -5.]]
2024-09-20 11:08:33,468 - INFO - y new: [[140.60211]]
2024-09-20 11:08:57,400 - INFO - Iteration: 27 / 500
2024-09-20 11:08:59,624 - INFO - X new: [[ 0. -5.]]
2024-09-20 11:08:59,626 - INFO - y new: [[140.60211]]
2024-09-20 11:09:24,974 - INFO - Iteration: 28 / 500
2024-09-20 11:09:27,246 - INFO - X new: [[ 0. -5.]]
2024-09-20 11:09:27,248 - INFO - y new: [[140.60211]]
2024-09-20 11:09:52,324 - INFO - Iteration: 29 / 500
2024-09-20 11:09:54,560 - INFO - X new: [[ 0. -5.]]
2024-09-20 11:09:54,563 - INFO - y new: [[140.60211]]
2024-09-20 11:10:21,930 - INFO - Iteration: 30 / 500
2024-09-20 11:10:24,306 - INFO - X new: [[ 0. -5.]]
2024-09-20 11:10:24,308 - INFO - y new: [[140.60211]]
2024-09-20 11:10:50,728 - INFO - Iteration: 31 / 500
2024-09-20 11:10:53,669 - INFO - X new: [[ 0. -5.]]
2024-09-20 11:10:53,671 - INFO - y new: [[140.60211]]
2024-09-20 11:11:25,427 - INFO - Iteration: 32 / 500
2024-09-20 11:11:27,946 - INFO - X new: [[ 0. -5.]]
2024-09-20 11:11:27,947 - INFO - y new: [[140.60211]]
2024-09-20 11:11:59,137 - INFO - Iteration: 33 / 500
2024-09-20 11:12:01,511 - INFO - X new: [[ 0. -5.]]
2024-09-20 11:12:01,514 - INFO - y new: [[140.60211]]
2024-09-20 11:12:27,109 - INFO - Iteration: 34 / 500
2024-09-20 11:12:29,573 - INFO - X new: [[ 0. -5.]]
2024-09-20 11:12:29,576 - INFO - y new: [[140.60211]]
2024-09-20 11:13:03,241 - INFO - Iteration: 35 / 500
2024-09-20 11:13:05,671 - INFO - X new: [[ 0. -5.]]
2024-09-20 11:13:05,673 - INFO - y new: [[140.60211]]
2024-09-20 11:13:36,316 - INFO - Iteration: 36 / 500
2024-09-20 11:13:38,910 - INFO - X new: [[ 0. -5.]]
2024-09-20 11:13:38,912 - INFO - y new: [[140.60211]]
2024-09-20 11:14:12,048 - INFO - Iteration: 37 / 500
2024-09-20 11:14:14,670 - INFO - X new: [[ 0. -5.]]
2024-09-20 11:14:14,672 - INFO - y new: [[140.60211]]
2024-09-20 11:14:44,464 - INFO - Iteration: 38 / 500
2024-09-20 11:14:47,258 - INFO - X new: [[ 0. -5.]]
2024-09-20 11:14:47,260 - INFO - y new: [[140.60211]]
2024-09-20 11:32:49,053 - INFO - Iteration: 39 / 500
2024-09-20 11:32:51,820 - INFO - X new: [[ 0. -5.]]
2024-09-20 11:32:51,822 - INFO - y new: [[140.60211]]
2024-09-20 11:39:15,834 - INFO - Iteration: 40 / 500
2024-09-20 11:39:19,592 - INFO - X new: [[ 0. -5.]]
2024-09-20 11:39:19,594 - INFO - y new: [[140.60211]]
2024-09-20 11:56:27,380 - INFO - Iteration: 41 / 500
2024-09-20 11:56:30,753 - INFO - X new: [[ 0. -5.]]
2024-09-20 11:56:30,755 - INFO - y new: [[140.60211]]
2024-09-20 12:04:42,245 - INFO - Iteration: 42 / 500
2024-09-20 12:04:45,850 - INFO - X new: [[ 0. -5.]]
2024-09-20 12:04:45,852 - INFO - y new: [[140.60211]]
2024-09-20 12:17:50,769 - INFO - Iteration: 43 / 500
2024-09-20 12:17:53,783 - INFO - X new: [[ 0. -5.]]
2024-09-20 12:17:53,786 - INFO - y new: [[140.60211]]
2024-09-20 12:30:07,836 - INFO - Iteration: 44 / 500
2024-09-20 12:30:11,006 - INFO - X new: [[ 0. -5.]]
2024-09-20 12:30:11,008 - INFO - y new: [[140.60211]]
2024-09-20 12:49:13,009 - INFO - Iteration: 45 / 500
2024-09-20 12:49:16,204 - INFO - X new: [[ 0. -5.]]
2024-09-20 12:49:16,206 - INFO - y new: [[140.60211]]
2024-09-20 13:00:42,259 - INFO - Iteration: 46 / 500
2024-09-20 13:00:46,972 - INFO - X new: [[ 0. -5.]]
2024-09-20 13:00:46,974 - INFO - y new: [[140.60211]]
2024-09-20 13:11:54,346 - INFO - Iteration: 47 / 500
2024-09-20 13:11:57,872 - INFO - X new: [[ 0. -5.]]
2024-09-20 13:11:57,873 - INFO - y new: [[140.60211]]
2024-09-20 13:23:54,292 - INFO - Iteration: 48 / 500
2024-09-20 13:23:58,020 - INFO - X new: [[ 0. -5.]]
2024-09-20 13:23:58,023 - INFO - y new: [[140.60211]]
2024-09-20 13:36:53,767 - INFO - Iteration: 49 / 500
2024-09-20 13:36:58,253 - INFO - X new: [[ 0. -5.]]
2024-09-20 13:36:58,254 - INFO - y new: [[140.60211]]
2024-09-20 13:45:31,828 - INFO - Iteration: 50 / 500
2024-09-20 13:45:35,398 - INFO - X new: [[ 0. -5.]]
2024-09-20 13:45:35,400 - INFO - y new: [[140.60211]]
2024-09-20 13:58:34,177 - INFO - Iteration: 51 / 500
2024-09-20 13:58:39,275 - INFO - X new: [[ 0. -5.]]
2024-09-20 13:58:39,277 - INFO - y new: [[140.60211]]
2024-09-20 14:15:03,120 - INFO - Iteration: 52 / 500
2024-09-20 14:15:08,551 - INFO - X new: [[ 0. -5.]]
2024-09-20 14:15:08,553 - INFO - y new: [[140.60211]]
2024-09-20 14:28:30,652 - INFO - Iteration: 53 / 500
2024-09-20 14:28:36,317 - INFO - X new: [[ 0. -5.]]
2024-09-20 14:28:36,320 - INFO - y new: [[140.60211]]
2024-09-20 14:36:06,103 - INFO - Iteration: 54 / 500
2024-09-20 14:36:13,138 - INFO - X new: [[ 0. -5.]]
2024-09-20 14:36:13,142 - INFO - y new: [[140.60211]]
2024-09-20 14:52:35,877 - INFO - Iteration: 55 / 500
2024-09-20 14:52:40,310 - INFO - X new: [[ 0. -5.]]
2024-09-20 14:52:40,312 - INFO - y new: [[140.60211]]
