2024-09-20 12:22:49,684 - INFO - Start BO with settings: {'name': 'vanilla_bo_Hartmann6_TP_EI', 'is_x64': False, 'seed': 1, 'search_space': array([[0, 0, 0, 0, 0, 0],
       [1, 1, 1, 1, 1, 1]]), 'num_iterations': 500, 'initial_sample_size': 10, 'objective_function': <src.test_functions.Hartmann6 object at 0x7fab38cdb200>, 'acquisition': {'acq_fn_class': <function EI_TP at 0x7faaa3e9b920>, 'num_samples': 50, 'num_initial_guesses': 10, 'maximize': False}, 'surrogate': {'model_class': <class 'src.tp.TP_v2'>, 'kernel': 'Matern', 'normalize': True, 'standardize': True}, 'memo': 'Experiment using Hartmann6 with EI acquisition.'}
2024-09-20 12:22:49,909 - INFO - X initial: [0.16801298 0.55733152 0.12787553 0.01810374 0.34289875 0.97853204]
2024-09-20 12:22:49,909 - INFO - y initial: [-0.32657455]
2024-09-20 12:22:49,910 - INFO - X initial: [0.66819216 0.15365601 0.55153655 0.89831484 0.62016679 0.36766998]
2024-09-20 12:22:49,910 - INFO - y initial: [-0.00686338]
2024-09-20 12:22:49,911 - INFO - X initial: [0.77605148 0.88301891 0.39020505 0.47925281 0.94889046 0.15794629]
2024-09-20 12:22:49,911 - INFO - y initial: [-0.21146536]
2024-09-20 12:22:49,912 - INFO - X initial: [0.2759865  0.29673396 0.80629676 0.60897515 0.2339026  0.55056233]
2024-09-20 12:22:49,912 - INFO - y initial: [-0.67278959]
2024-09-20 12:22:49,913 - INFO - X initial: [0.41206093 0.8300191  0.72867521 0.65383925 0.06967444 0.78567444]
2024-09-20 12:22:49,913 - INFO - y initial: [-0.13618404]
2024-09-20 12:22:49,914 - INFO - X initial: [0.9118739  0.49034732 0.08995783 0.27428472 0.84712752 0.42870283]
2024-09-20 12:22:49,914 - INFO - y initial: [-0.00245414]
2024-09-20 12:22:49,915 - INFO - X initial: [0.51888242 0.72212029 0.97586801 0.84936905 0.70685419 0.1086395 ]
2024-09-20 12:22:49,915 - INFO - y initial: [-0.88036899]
2024-09-20 12:22:49,916 - INFO - X initial: [0.01893951 0.06701132 0.32958131 0.21932576 0.49217339 0.74733362]
2024-09-20 12:22:49,916 - INFO - y initial: [-1.47452227]
2024-09-20 12:22:50,572 - INFO - Unable to initialize backend 'rocm': module 'jaxlib.xla_extension' has no attribute 'GpuAllocatorConfig'
2024-09-20 12:22:50,614 - INFO - Unable to initialize backend 'tpu': INTERNAL: Failed to open libtpu.so: libtpu.so: cannot open shared object file: No such file or directory
2024-09-20 12:22:58,580 - INFO - Iteration: 1 / 500
2024-09-20 12:23:07,534 - INFO - X new: [[0.18353868 0.61690676 0.16218793 0.41631496 0.9989085  0.61962473]]
2024-09-20 12:23:07,602 - INFO - y new: [[-0.02533085]]
2024-09-20 12:23:13,183 - INFO - Iteration: 2 / 500
2024-09-20 12:23:23,900 - INFO - X new: [[0.         0.01985268 0.3438407  0.20503108 0.48543325 0.7538972 ]]
2024-09-20 12:23:23,902 - INFO - y new: [[-1.42051349]]
2024-09-20 12:23:29,598 - INFO - Iteration: 3 / 500
2024-09-20 12:23:38,280 - INFO - X new: [[0.         0.         0.3590957  0.19079687 0.48354813 0.7594183 ]]
2024-09-20 12:23:38,281 - INFO - y new: [[-1.39151059]]
2024-09-20 12:23:44,286 - INFO - Iteration: 4 / 500
2024-09-20 12:23:49,036 - INFO - X new: [[0. 1. 1. 0. 0. 0.]]
2024-09-20 12:23:49,037 - INFO - y new: [[-0.00672515]]
2024-09-20 12:23:56,393 - INFO - Iteration: 5 / 500
2024-09-20 12:24:03,231 - INFO - X new: [[0.         0.         0.34953302 0.19666749 0.02387213 0.7627098 ]]
2024-09-20 12:24:03,234 - INFO - y new: [[-0.61455014]]
2024-09-20 12:24:11,772 - INFO - Iteration: 6 / 500
2024-09-20 12:24:17,878 - INFO - X new: [[1.         1.         0.30417433 1.         0.47671965 1.        ]]
2024-09-20 12:24:17,879 - INFO - y new: [[-0.00016622]]
2024-09-20 12:24:26,729 - INFO - Iteration: 7 / 500
2024-09-20 12:24:33,816 - INFO - X new: [[0.         0.         0.34863606 0.19908017 0.49429598 0.3805824 ]]
2024-09-20 12:24:33,819 - INFO - y new: [[-0.81120338]]
2024-09-20 12:24:42,747 - INFO - Iteration: 8 / 500
2024-09-20 12:24:50,075 - INFO - X new: [[0.         0.         0.05627505 0.         0.48340845 0.        ]]
2024-09-20 12:24:50,077 - INFO - y new: [[-0.01554719]]
2024-09-20 12:24:58,765 - INFO - Iteration: 9 / 500
2024-09-20 12:25:06,507 - INFO - X new: [[0.         0.01837096 0.59457624 0.2247378  0.50511694 0.7754492 ]]
2024-09-20 12:25:06,508 - INFO - y new: [[-1.38522672]]
2024-09-20 12:25:16,265 - INFO - Iteration: 10 / 500
2024-09-20 12:25:21,074 - INFO - X new: [[1. 0. 1. 0. 0. 0.]]
2024-09-20 12:25:21,075 - INFO - y new: [[-0.00061693]]
2024-09-20 12:25:30,836 - INFO - Iteration: 11 / 500
2024-09-20 12:25:37,540 - INFO - X new: [[0.         0.01569167 0.49031857 0.23412056 0.5107517  1.        ]]
2024-09-20 12:25:37,542 - INFO - y new: [[-0.58838761]]
2024-09-20 12:25:48,225 - INFO - Iteration: 12 / 500
2024-09-20 12:25:58,571 - INFO - X new: [[0.         0.01949271 0.45505956 0.         0.4967845  0.7319847 ]]
2024-09-20 12:25:58,572 - INFO - y new: [[-0.99667942]]
2024-09-20 12:26:09,356 - INFO - Iteration: 13 / 500
2024-09-20 12:26:18,013 - INFO - X new: [[1.         0.72106826 0.         1.         0.         0.        ]]
2024-09-20 12:26:18,015 - INFO - y new: [[-0.00097088]]
2024-09-20 12:26:28,695 - INFO - Iteration: 14 / 500
2024-09-20 12:26:37,140 - INFO - X new: [[0.41765344 0.         0.36145744 0.2069387  0.49089205 0.75490636]]
2024-09-20 12:26:37,142 - INFO - y new: [[-1.34930939]]
2024-09-20 12:26:48,239 - INFO - Iteration: 15 / 500
2024-09-20 12:27:11,057 - INFO - X new: [[0.96804535 0.         0.3814516  0.21066791 0.48765457 0.7539464 ]]
2024-09-20 12:27:11,059 - INFO - y new: [[-0.27863272]]
2024-09-20 12:27:22,840 - INFO - Iteration: 16 / 500
2024-09-20 12:27:33,560 - INFO - X new: [[0.         0.         0.4313697  0.19382778 0.9362188  0.76037526]]
2024-09-20 12:27:33,563 - INFO - y new: [[-0.40992328]]
2024-09-20 12:27:44,943 - INFO - Iteration: 17 / 500
2024-09-20 12:27:53,843 - INFO - X new: [[0.02079912 0.         1.         0.22842722 0.475582   0.7403446 ]]
2024-09-20 12:27:53,844 - INFO - y new: [[-0.70130926]]
2024-09-20 12:28:05,272 - INFO - Iteration: 18 / 500
2024-09-20 12:28:15,880 - INFO - X new: [[0.         0.         0.33221146 0.8488802  0.48299262 0.7571853 ]]
2024-09-20 12:28:15,882 - INFO - y new: [[-0.07428137]]
2024-09-20 12:28:27,612 - INFO - Iteration: 19 / 500
2024-09-20 12:28:47,103 - INFO - X new: [[0.11701145 0.05044274 0.35459024 0.1884827  0.48457062 0.7443458 ]]
2024-09-20 12:28:47,106 - INFO - y new: [[-1.67399349]]
2024-09-20 12:28:59,630 - INFO - Iteration: 20 / 500
2024-09-20 12:29:11,980 - INFO - X new: [[0.14127217 0.07468298 0.34492168 0.18401378 0.48266837 0.7344672 ]]
2024-09-20 12:29:11,982 - INFO - y new: [[-1.72857686]]
2024-09-20 12:29:25,026 - INFO - Iteration: 21 / 500
2024-09-20 12:29:37,773 - INFO - X new: [[0.1469701  0.07779193 0.01751187 0.18169384 0.48438016 0.72700715]]
2024-09-20 12:29:37,775 - INFO - y new: [[-1.19675164]]
2024-09-20 12:29:51,347 - INFO - Iteration: 22 / 500
2024-09-20 12:30:06,743 - INFO - X new: [[0.162199   0.09899035 0.34353405 0.18147404 0.4781602  0.72073835]]
2024-09-20 12:30:06,746 - INFO - y new: [[-1.81753512]]
2024-09-20 12:30:21,668 - INFO - Iteration: 23 / 500
2024-09-20 12:30:31,245 - INFO - X new: [[1.         0.18766032 1.         0.         1.         1.        ]]
2024-09-20 12:30:31,247 - INFO - y new: [[-0.00067052]]
2024-09-20 12:30:47,133 - INFO - Iteration: 24 / 500
2024-09-20 12:31:05,310 - INFO - X new: [[0.18354937 0.12566803 0.35229698 0.17817728 0.46557    0.69558966]]
2024-09-20 12:31:05,312 - INFO - y new: [[-1.99888881]]
2024-09-20 12:31:34,046 - INFO - Iteration: 25 / 500
2024-09-20 12:31:43,815 - INFO - X new: [[0.18683043 0.6218601  0.3608392  0.17862605 0.46461165 0.6782638 ]]
2024-09-20 12:31:43,818 - INFO - y new: [[-0.95843347]]
2024-09-20 12:32:12,799 - INFO - Iteration: 26 / 500
2024-09-20 12:32:27,283 - INFO - X new: [[0.20570865 0.12577963 0.41559786 0.17214456 0.44400963 0.6819036 ]]
2024-09-20 12:32:27,284 - INFO - y new: [[-2.30762816]]
2024-09-20 12:32:59,652 - INFO - Iteration: 27 / 500
2024-09-20 12:33:13,597 - INFO - X new: [[0.22820035 0.141468   0.43295982 0.15981677 0.42060408 0.6586658 ]]
2024-09-20 12:33:13,599 - INFO - y new: [[-2.47400895]]
2024-09-20 12:33:40,082 - INFO - Iteration: 28 / 500
2024-09-20 12:33:55,416 - INFO - X new: [[0.24445666 0.15679264 0.45655748 0.14819199 0.40160954 0.6409917 ]]
2024-09-20 12:33:55,418 - INFO - y new: [[-2.55514398]]
2024-09-20 12:34:27,312 - INFO - Iteration: 29 / 500
2024-09-20 12:34:37,819 - INFO - X new: [[0.25863752 0.16924426 0.48043954 0.13885008 0.38683626 0.62219566]]
2024-09-20 12:34:37,821 - INFO - y new: [[-2.56625511]]
2024-09-20 12:35:11,857 - INFO - Iteration: 30 / 500
2024-09-20 12:35:35,190 - INFO - X new: [[0.2710468  0.18406513 0.49605122 0.13327773 0.37457615 0.61404413]]
2024-09-20 12:35:35,192 - INFO - y new: [[-2.55549301]]
2024-09-20 12:36:04,221 - INFO - Iteration: 31 / 500
2024-09-20 12:36:15,056 - INFO - X new: [[0.276935   0.1877083  0.50115216 0.13485001 0.37204704 0.31764084]]
2024-09-20 12:36:15,057 - INFO - y new: [[-1.08182989]]
2024-09-20 12:36:45,985 - INFO - Iteration: 32 / 500
2024-09-20 12:36:55,330 - INFO - X new: [[1.        1.        0.        0.        0.        0.5473748]]
2024-09-20 12:36:55,331 - INFO - y new: [[-0.00262027]]
2024-09-20 12:37:25,788 - INFO - Iteration: 33 / 500
2024-09-20 12:37:34,896 - INFO - X new: [[0. 1. 0. 0. 1. 0.]]
2024-09-20 12:37:34,898 - INFO - y new: [[-0.00573435]]
2024-09-20 12:38:09,349 - INFO - Iteration: 34 / 500
2024-09-20 12:38:18,738 - INFO - X new: [[0.5001491 0.4593383 0.        0.        0.        0.       ]]
2024-09-20 12:38:18,740 - INFO - y new: [[-0.02638635]]
2024-09-20 12:38:52,483 - INFO - Iteration: 35 / 500
2024-09-20 12:39:02,554 - INFO - X new: [[1. 1. 0. 1. 1. 0.]]
2024-09-20 12:39:02,556 - INFO - y new: [[-0.0009866]]
2024-09-20 12:39:31,316 - INFO - Iteration: 36 / 500
2024-09-20 12:39:54,401 - INFO - X new: [[0.42902443 0.19010474 0.49650076 0.13608916 0.36573645 0.62077045]]
2024-09-20 12:39:54,403 - INFO - y new: [[-2.14294157]]
2024-09-20 12:40:25,204 - INFO - Iteration: 37 / 500
2024-09-20 12:40:35,440 - INFO - X new: [[1.        1.        0.        0.        0.5288877 0.       ]]
2024-09-20 12:40:35,442 - INFO - y new: [[-0.00041257]]
2024-09-20 12:41:07,631 - INFO - Iteration: 38 / 500
2024-09-20 12:41:29,448 - INFO - X new: [[0.2696282  0.17548871 0.4962048  0.12364864 0.19398014 0.6164977 ]]
2024-09-20 12:41:29,450 - INFO - y new: [[-2.13200038]]
2024-09-20 12:41:59,526 - INFO - Iteration: 39 / 500
2024-09-20 12:42:17,688 - INFO - X new: [[0.2787019  0.18034974 0.4816503  0.         0.36153924 0.61734074]]
2024-09-20 12:42:17,690 - INFO - y new: [[-1.67577732]]
2024-09-20 12:42:57,227 - INFO - Iteration: 40 / 500
2024-09-20 12:43:06,509 - INFO - X new: [[1. 0. 1. 1. 0. 0.]]
2024-09-20 12:43:06,511 - INFO - y new: [[-1.14595612e-05]]
2024-09-20 12:43:47,196 - INFO - Iteration: 41 / 500
2024-09-20 12:43:52,417 - INFO - X new: [[1. 0. 0. 0. 0. 1.]]
2024-09-20 12:43:52,419 - INFO - y new: [[-0.0142684]]
2024-09-20 12:44:26,169 - INFO - Iteration: 42 / 500
2024-09-20 12:44:36,443 - INFO - X new: [[0. 1. 1. 1. 1. 1.]]
2024-09-20 12:44:36,445 - INFO - y new: [[-6.56435889e-05]]
2024-09-20 12:45:08,205 - INFO - Iteration: 43 / 500
2024-09-20 12:45:30,912 - INFO - X new: [[0.2396256  0.1768224  0.50455314 0.23339503 0.3565213  0.6132166 ]]
2024-09-20 12:45:30,913 - INFO - y new: [[-3.10315068]]
2024-09-20 12:46:09,662 - INFO - Iteration: 44 / 500
2024-09-20 12:46:36,049 - INFO - X new: [[0.21726096 0.17989497 0.5146401  0.24950726 0.34455904 0.6059974 ]]
2024-09-20 12:46:36,051 - INFO - y new: [[-3.16587058]]
2024-09-20 12:47:12,452 - INFO - Iteration: 45 / 500
2024-09-20 12:47:44,278 - INFO - X new: [[0.20138532 0.17319441 0.51805526 0.26451    0.33758792 0.6006895 ]]
2024-09-20 12:47:44,280 - INFO - y new: [[-3.18908749]]
2024-09-20 12:48:14,139 - INFO - Iteration: 46 / 500
2024-09-20 12:48:55,291 - INFO - X new: [[0.21133241 0.         0.5137464  0.26918072 0.33128396 0.595862  ]]
2024-09-20 12:48:55,293 - INFO - y new: [[-2.95911902]]
2024-09-20 12:49:22,950 - INFO - Iteration: 47 / 500
2024-09-20 12:49:33,064 - INFO - X new: [[1.         0.         0.         0.5680201  0.         0.52048314]]
2024-09-20 12:49:33,066 - INFO - y new: [[-0.03110623]]
2024-09-20 12:50:10,799 - INFO - Iteration: 48 / 500
2024-09-20 12:50:26,287 - INFO - X new: [[1.         1.         1.         0.55946773 0.         0.        ]]
2024-09-20 12:50:26,289 - INFO - y new: [[-0.00682322]]
2024-09-20 12:51:00,130 - INFO - Iteration: 49 / 500
2024-09-20 12:51:15,859 - INFO - X new: [[1.         0.         0.         0.59796906 1.         0.        ]]
2024-09-20 12:51:15,862 - INFO - y new: [[-1.4360534e-05]]
2024-09-20 12:51:49,511 - INFO - Iteration: 50 / 500
2024-09-20 12:51:58,615 - INFO - X new: [[0. 1. 0. 1. 0. 0.]]
2024-09-20 12:51:58,616 - INFO - y new: [[-0.02725172]]
2024-09-20 12:52:36,416 - INFO - Iteration: 51 / 500
2024-09-20 12:52:44,568 - INFO - X new: [[1. 0. 1. 1. 0. 1.]]
2024-09-20 12:52:44,570 - INFO - y new: [[-0.11498118]]
2024-09-20 12:53:21,869 - INFO - Iteration: 52 / 500
2024-09-20 12:54:06,315 - INFO - X new: [[0.189249   0.1456973  0.5168103  0.26932165 0.33475727 0.60076225]]
2024-09-20 12:54:06,318 - INFO - y new: [[-3.20282976]]
2024-09-20 12:54:35,857 - INFO - Iteration: 53 / 500
2024-09-20 12:54:47,417 - INFO - X new: [[1.         1.         0.         0.65428853 0.44047818 0.        ]]
2024-09-20 12:54:47,418 - INFO - y new: [[-0.00624943]]
2024-09-20 12:55:15,518 - INFO - Iteration: 54 / 500
2024-09-20 12:56:07,782 - INFO - X new: [[0.16299297 0.15165046 0.51570165 0.2735931  0.33310166 0.6003779 ]]
2024-09-20 12:56:07,785 - INFO - y new: [[-3.19270093]]
2024-09-20 12:56:38,910 - INFO - Iteration: 55 / 500
2024-09-20 12:57:10,740 - INFO - X new: [[0.20031685 0.14576516 0.54656523 0.280675   0.507756   0.5846055 ]]
2024-09-20 12:57:10,741 - INFO - y new: [[-1.94365658]]
2024-09-20 12:57:43,724 - INFO - Iteration: 56 / 500
2024-09-20 12:57:54,997 - INFO - X new: [[0. 0. 0. 0. 1. 1.]]
2024-09-20 12:57:55,000 - INFO - y new: [[-0.00106425]]
2024-09-20 12:58:26,816 - INFO - Iteration: 57 / 500
2024-09-20 12:58:46,442 - INFO - X new: [[1. 0. 0. 1. 1. 1.]]
2024-09-20 12:58:46,444 - INFO - y new: [[-2.92796968e-07]]
2024-09-20 12:59:22,113 - INFO - Iteration: 58 / 500
2024-09-20 13:00:38,965 - INFO - X new: [[0.17997222 0.15449254 0.49209115 0.28047958 0.3208972  0.65028316]]
2024-09-20 13:00:38,967 - INFO - y new: [[-3.30862159]]
2024-09-20 13:01:13,903 - INFO - Iteration: 59 / 500
2024-09-20 13:01:56,488 - INFO - X new: [[0.1863656  0.15580507 0.38381815 0.2986933  0.3124585  0.63449585]]
2024-09-20 13:01:56,490 - INFO - y new: [[-3.22030113]]
2024-09-20 13:02:30,186 - INFO - Iteration: 60 / 500
2024-09-20 13:03:15,980 - INFO - X new: [[0.         0.17125683 0.46700084 0.27228013 0.30946872 0.6341625 ]]
2024-09-20 13:03:15,983 - INFO - y new: [[-2.82256187]]
2024-09-20 13:03:49,296 - INFO - Iteration: 61 / 500
2024-09-20 13:04:17,896 - INFO - X new: [[0.22044453 0.13218035 0.04991739 0.32724035 0.27930304 0.6036399 ]]
2024-09-20 13:04:17,898 - INFO - y new: [[-2.4300201]]
2024-09-20 13:04:50,731 - INFO - Iteration: 62 / 500
2024-09-20 13:05:17,134 - INFO - X new: [[1. 0. 1. 0. 1. 0.]]
2024-09-20 13:05:17,137 - INFO - y new: [[-2.33339004e-06]]
2024-09-20 13:05:53,975 - INFO - Iteration: 63 / 500
2024-09-20 13:06:17,084 - INFO - X new: [[0. 0. 0. 1. 0. 1.]]
2024-09-20 13:06:17,087 - INFO - y new: [[-0.00102728]]
2024-09-20 13:06:55,166 - INFO - Iteration: 64 / 500
2024-09-20 13:07:17,084 - INFO - X new: [[0.        1.        0.        1.        0.7690074 0.       ]]
2024-09-20 13:07:17,085 - INFO - y new: [[-0.02611724]]
2024-09-20 13:07:56,124 - INFO - Iteration: 65 / 500
2024-09-20 13:08:15,184 - INFO - X new: [[0. 1. 1. 0. 1. 1.]]
2024-09-20 13:08:15,186 - INFO - y new: [[-0.00096781]]
2024-09-20 13:08:50,823 - INFO - Iteration: 66 / 500
2024-09-20 13:09:50,832 - INFO - X new: [[0.19787885 0.35401893 0.4708449  0.30346212 0.29812935 0.64777535]]
2024-09-20 13:09:50,834 - INFO - y new: [[-2.8488021]]
2024-09-20 13:10:27,882 - INFO - Iteration: 67 / 500
2024-09-20 13:11:36,727 - INFO - X new: [[0.2278271  0.1480891  0.48563662 0.28834537 0.30921936 0.7794678 ]]
2024-09-20 13:11:36,730 - INFO - y new: [[-2.94972858]]
2024-09-20 13:12:11,687 - INFO - Iteration: 68 / 500
2024-09-20 13:12:37,228 - INFO - X new: [[1. 1. 1. 1. 1. 1.]]
2024-09-20 13:12:37,229 - INFO - y new: [[-3.40853876e-05]]
2024-09-20 13:13:10,754 - INFO - Iteration: 69 / 500
2024-09-20 13:14:18,658 - INFO - X new: [[0.26018515 0.14028265 0.43749335 0.40431416 0.33548945 0.65504205]]
2024-09-20 13:14:18,660 - INFO - y new: [[-2.79387446]]
2024-09-20 13:14:59,896 - INFO - Iteration: 70 / 500
2024-09-20 13:15:27,833 - INFO - X new: [[1. 1. 1. 0. 0. 1.]]
2024-09-20 13:15:27,835 - INFO - y new: [[-0.02160341]]
2024-09-20 13:16:06,228 - INFO - Iteration: 71 / 500
2024-09-20 13:16:38,758 - INFO - X new: [[1.        1.        1.        0.        0.6081715 1.       ]]
2024-09-20 13:16:38,761 - INFO - y new: [[-0.00360705]]
2024-09-20 13:17:18,713 - INFO - Iteration: 72 / 500
2024-09-20 13:17:48,040 - INFO - X new: [[1. 1. 0. 0. 1. 1.]]
2024-09-20 13:17:48,042 - INFO - y new: [[-1.63941947e-06]]
2024-09-20 13:18:23,691 - INFO - Iteration: 73 / 500
2024-09-20 13:18:52,400 - INFO - X new: [[0.6277976 0.364819  0.        0.5050438 0.2649919 1.       ]]
2024-09-20 13:18:52,403 - INFO - y new: [[-0.32018596]]
2024-09-20 13:19:28,999 - INFO - Iteration: 74 / 500
2024-09-20 13:19:55,205 - INFO - X new: [[0.        1.        0.        0.3985681 0.314514  0.       ]]
2024-09-20 13:19:55,207 - INFO - y new: [[-0.12626219]]
2024-09-20 13:20:33,292 - INFO - Iteration: 75 / 500
2024-09-20 13:21:12,567 - INFO - X new: [[0.         0.         0.         0.62565553 0.         0.        ]]
2024-09-20 13:21:12,570 - INFO - y new: [[-0.00405366]]
2024-09-20 13:21:55,796 - INFO - Iteration: 76 / 500
2024-09-20 13:22:27,755 - INFO - X new: [[1.         0.         0.         0.42158172 0.38421306 0.        ]]
2024-09-20 13:22:27,757 - INFO - y new: [[-0.00853022]]
2024-09-20 13:23:11,224 - INFO - Iteration: 77 / 500
2024-09-20 13:23:45,986 - INFO - X new: [[0. 1. 1. 0. 0. 1.]]
2024-09-20 13:23:45,988 - INFO - y new: [[-0.0252861]]
2024-09-20 13:24:25,401 - INFO - Iteration: 78 / 500
2024-09-20 13:25:14,478 - INFO - X new: [[0.         1.         1.         1.         0.33621505 1.        ]]
2024-09-20 13:25:14,481 - INFO - y new: [[-0.01479463]]
2024-09-20 13:25:53,211 - INFO - Iteration: 79 / 500
2024-09-20 13:26:31,557 - INFO - X new: [[0.         1.         0.         0.53236073 0.         1.        ]]
2024-09-20 13:26:31,560 - INFO - y new: [[-0.00740927]]
2024-09-20 13:27:13,642 - INFO - Iteration: 80 / 500
2024-09-20 13:27:31,499 - INFO - X new: [[0. 1. 0. 0. 0. 1.]]
2024-09-20 13:27:31,502 - INFO - y new: [[-0.00588472]]
2024-09-20 13:28:18,923 - INFO - Iteration: 81 / 500
2024-09-20 13:28:37,274 - INFO - X new: [[0.5766352  0.4339211  0.         0.38432524 0.3258491  0.48928627]]
2024-09-20 13:28:37,276 - INFO - y new: [[-0.91852855]]
2024-09-20 13:29:18,521 - INFO - Iteration: 82 / 500
2024-09-20 13:29:48,768 - INFO - X new: [[1.         1.         1.         0.56444114 0.33542293 1.        ]]
2024-09-20 13:29:48,771 - INFO - y new: [[-0.01837949]]
2024-09-20 13:30:31,361 - INFO - Iteration: 83 / 500
2024-09-20 13:30:51,096 - INFO - X new: [[0.74528384 0.67391324 0.4588527  0.57141507 0.8503103  1.        ]]
2024-09-20 13:30:51,099 - INFO - y new: [[-0.0020099]]
2024-09-20 13:31:39,814 - INFO - Iteration: 84 / 500
2024-09-20 13:32:49,339 - INFO - X new: [[0.        1.        1.        0.        0.7227037 0.       ]]
2024-09-20 13:32:49,342 - INFO - y new: [[-0.00646473]]
2024-09-20 13:33:34,787 - INFO - Iteration: 85 / 500
2024-09-20 13:34:15,544 - INFO - X new: [[1.         1.         1.         0.46378    0.65144616 0.        ]]
2024-09-20 13:34:15,547 - INFO - y new: [[-0.00588926]]
2024-09-20 13:35:02,609 - INFO - Iteration: 86 / 500
2024-09-20 13:35:11,122 - INFO - X new: [[0.55038106 0.5197137  0.6522966  0.57371145 0.44290665 0.29749227]]
2024-09-20 13:35:11,124 - INFO - y new: [[-0.4393925]]
2024-09-20 13:35:56,570 - INFO - Iteration: 87 / 500
2024-09-20 13:36:05,223 - INFO - X new: [[0.6942996  0.30511558 0.48585412 0.36676672 0.16710314 0.23211911]]
2024-09-20 13:36:05,226 - INFO - y new: [[-0.2393207]]
2024-09-20 13:36:52,815 - INFO - Iteration: 88 / 500
2024-09-20 13:37:24,034 - INFO - X new: [[1. 1. 0. 1. 1. 1.]]
2024-09-20 13:37:24,036 - INFO - y new: [[-2.81244792e-08]]
2024-09-20 13:38:10,060 - INFO - Iteration: 89 / 500
2024-09-20 13:38:56,463 - INFO - X new: [[1.         1.         0.         1.         0.6256618  0.42682362]]
2024-09-20 13:38:56,466 - INFO - y new: [[-0.00015059]]
2024-09-20 13:39:38,894 - INFO - Iteration: 90 / 500
2024-09-20 13:39:47,187 - INFO - X new: [[0.7767342  0.42858893 0.7863185  0.65629137 0.2430162  0.6269923 ]]
2024-09-20 13:39:47,190 - INFO - y new: [[-0.30243084]]
2024-09-20 13:40:39,357 - INFO - Iteration: 91 / 500
2024-09-20 13:40:47,973 - INFO - X new: [[0.670441   0.7347408  0.16903077 0.03461557 0.28675854 0.09678543]]
2024-09-20 13:40:47,975 - INFO - y new: [[-0.05959269]]
2024-09-20 13:41:37,645 - INFO - Iteration: 92 / 500
2024-09-20 13:41:47,156 - INFO - X new: [[0.9137758  0.7949108  0.2904927  0.78268945 0.51518995 0.7081219 ]]
2024-09-20 13:41:47,159 - INFO - y new: [[-0.00707436]]
2024-09-20 13:42:36,938 - INFO - Iteration: 93 / 500
2024-09-20 13:42:44,131 - INFO - X new: [[0.9818618  0.8679309  0.30815065 0.2840011  0.6896018  0.16619241]]
2024-09-20 13:42:44,134 - INFO - y new: [[-0.00461266]]
2024-09-20 13:43:36,346 - INFO - Iteration: 94 / 500
2024-09-20 13:43:43,954 - INFO - X new: [[0.77413917 0.6926913  0.44593108 0.69926345 0.6444154  0.9840728 ]]
2024-09-20 13:43:43,957 - INFO - y new: [[-0.00931609]]
2024-09-20 13:44:49,108 - INFO - Iteration: 95 / 500
2024-09-20 13:44:56,865 - INFO - X new: [[0.63733816 0.53581    0.22567832 0.5586196  0.40511954 0.42136526]]
2024-09-20 13:44:56,867 - INFO - y new: [[-0.32747733]]
2024-09-20 13:45:49,405 - INFO - Iteration: 96 / 500
2024-09-20 13:45:57,444 - INFO - X new: [[0.92510414 0.7789173  0.14377677 0.56129    0.38248563 0.05750728]]
2024-09-20 13:45:57,447 - INFO - y new: [[-0.03186452]]
2024-09-20 13:46:51,558 - INFO - Iteration: 97 / 500
2024-09-20 13:47:00,927 - INFO - X new: [[0.55039656 0.5196992  0.65227914 0.57373834 0.44289565 0.29750335]]
2024-09-20 13:47:00,930 - INFO - y new: [[-0.43931783]]
2024-09-20 13:47:54,566 - INFO - Iteration: 98 / 500
2024-09-20 13:48:01,991 - INFO - X new: [[0.7767023  0.42859662 0.786312   0.65629697 0.24300218 0.6269809 ]]
2024-09-20 13:48:01,994 - INFO - y new: [[-0.30242121]]
2024-09-20 13:48:45,004 - INFO - Iteration: 99 / 500
2024-09-20 13:48:53,056 - INFO - X new: [[0.18353868 0.61690676 0.16218793 0.41631496 0.9989085  0.61962473]]
2024-09-20 13:48:53,059 - INFO - y new: [[-0.02533085]]
2024-09-20 13:49:37,461 - INFO - Iteration: 100 / 500
2024-09-20 13:49:45,680 - INFO - X new: [[0.9818618  0.8679309  0.30815065 0.2840011  0.6896018  0.16619241]]
2024-09-20 13:49:45,682 - INFO - y new: [[-0.00461266]]
2024-09-20 13:50:30,446 - INFO - Iteration: 101 / 500
2024-09-20 13:50:38,854 - INFO - X new: [[0.91377556 0.7949139  0.2904923  0.7827079  0.51518893 0.7081276 ]]
2024-09-20 13:50:38,857 - INFO - y new: [[-0.00707303]]
2024-09-20 13:51:23,816 - INFO - Iteration: 102 / 500
2024-09-20 13:53:32,144 - INFO - X new: [[0.77413917 0.6926913  0.44593108 0.69926345 0.6444154  0.9840728 ]]
2024-09-20 13:53:32,146 - INFO - y new: [[-0.00931609]]
2024-09-20 13:54:15,317 - INFO - Iteration: 103 / 500
2024-09-20 13:56:27,095 - INFO - X new: [[0.9818618  0.8679309  0.30815065 0.2840011  0.6896018  0.16619241]]
2024-09-20 13:56:27,097 - INFO - y new: [[-0.00461266]]
2024-09-20 13:57:07,959 - INFO - Iteration: 104 / 500
2024-09-20 13:59:26,362 - INFO - X new: [[0.9818618  0.8679309  0.30815065 0.2840011  0.6896018  0.16619241]]
2024-09-20 13:59:26,365 - INFO - y new: [[-0.00461266]]
2024-09-20 14:00:11,369 - INFO - Iteration: 105 / 500
2024-09-20 14:02:10,051 - INFO - X new: [[0.9818618  0.8679309  0.30815065 0.2840011  0.6896018  0.16619241]]
2024-09-20 14:02:10,054 - INFO - y new: [[-0.00461266]]
2024-09-20 14:03:04,150 - INFO - Iteration: 106 / 500
2024-09-20 14:05:10,265 - INFO - X new: [[0.9818618  0.8679309  0.30815065 0.2840011  0.6896018  0.16619241]]
2024-09-20 14:05:10,268 - INFO - y new: [[-0.00461266]]
2024-09-20 14:06:10,198 - INFO - Iteration: 107 / 500
2024-09-20 14:08:25,762 - INFO - X new: [[0.9818618  0.8679309  0.30815065 0.2840011  0.6896018  0.16619241]]
2024-09-20 14:08:25,765 - INFO - y new: [[-0.00461266]]
2024-09-20 14:09:18,151 - INFO - Iteration: 108 / 500
2024-09-20 14:11:39,460 - INFO - X new: [[0.9818618  0.8679309  0.30815065 0.2840011  0.6896018  0.16619241]]
2024-09-20 14:11:39,463 - INFO - y new: [[-0.00461266]]
2024-09-20 14:12:24,723 - INFO - Iteration: 109 / 500
2024-09-20 14:14:51,896 - INFO - X new: [[0.9818618  0.8679309  0.30815065 0.2840011  0.6896018  0.16619241]]
2024-09-20 14:14:51,899 - INFO - y new: [[-0.00461266]]
2024-09-20 14:15:46,064 - INFO - Iteration: 110 / 500
2024-09-20 14:18:18,913 - INFO - X new: [[0.9818618  0.8679309  0.30815065 0.2840011  0.6896018  0.16619241]]
2024-09-20 14:18:18,917 - INFO - y new: [[-0.00461266]]
2024-09-20 14:19:09,250 - INFO - Iteration: 111 / 500
2024-09-20 14:21:47,620 - INFO - X new: [[0.9818618  0.8679309  0.30815065 0.2840011  0.6896018  0.16619241]]
2024-09-20 14:21:47,623 - INFO - y new: [[-0.00461266]]
2024-09-20 14:22:36,017 - INFO - Iteration: 112 / 500
2024-09-20 14:25:21,836 - INFO - X new: [[0.9818618  0.8679309  0.30815065 0.2840011  0.6896018  0.16619241]]
2024-09-20 14:25:21,839 - INFO - y new: [[-0.00461266]]
2024-09-20 14:26:08,663 - INFO - Iteration: 113 / 500
2024-09-20 14:28:31,606 - INFO - X new: [[0.9818618  0.8679309  0.30815065 0.2840011  0.6896018  0.16619241]]
2024-09-20 14:28:31,608 - INFO - y new: [[-0.00461266]]
2024-09-20 14:29:23,120 - INFO - Iteration: 114 / 500
2024-09-20 14:31:54,432 - INFO - X new: [[0.9818618  0.8679309  0.30815065 0.2840011  0.6896018  0.16619241]]
2024-09-20 14:31:54,435 - INFO - y new: [[-0.00461266]]
2024-09-20 14:32:45,385 - INFO - Iteration: 115 / 500
2024-09-20 14:35:26,703 - INFO - X new: [[0.9818618  0.8679309  0.30815065 0.2840011  0.6896018  0.16619241]]
2024-09-20 14:35:26,707 - INFO - y new: [[-0.00461266]]
2024-09-20 14:36:20,816 - INFO - Iteration: 116 / 500
2024-09-20 14:39:10,355 - INFO - X new: [[0.9818618  0.8679309  0.30815065 0.2840011  0.6896018  0.16619241]]
2024-09-20 14:39:10,358 - INFO - y new: [[-0.00461266]]
2024-09-20 14:40:04,503 - INFO - Iteration: 117 / 500
2024-09-20 14:42:58,736 - INFO - X new: [[0.9818618  0.8679309  0.30815065 0.2840011  0.6896018  0.16619241]]
2024-09-20 14:42:58,739 - INFO - y new: [[-0.00461266]]
2024-09-20 14:43:53,695 - INFO - Iteration: 118 / 500
2024-09-20 14:46:54,673 - INFO - X new: [[0.55039656 0.5196992  0.65227914 0.57373834 0.44289565 0.29750335]]
2024-09-20 14:46:54,677 - INFO - y new: [[-0.43931783]]
2024-09-20 14:47:47,747 - INFO - Iteration: 119 / 500
2024-09-20 14:50:54,554 - INFO - X new: [[0.55039656 0.5196992  0.65227914 0.57373834 0.44289565 0.29750335]]
2024-09-20 14:50:54,557 - INFO - y new: [[-0.43931783]]
2024-09-20 14:51:50,904 - INFO - Iteration: 120 / 500
2024-09-20 14:55:02,818 - INFO - X new: [[0.55039656 0.5196992  0.65227914 0.57373834 0.44289565 0.29750335]]
2024-09-20 14:55:02,821 - INFO - y new: [[-0.43931783]]
2024-09-20 14:55:58,099 - INFO - Iteration: 121 / 500
2024-09-20 14:58:49,944 - INFO - X new: [[0.55039656 0.5196992  0.65227914 0.57373834 0.44289565 0.29750335]]
2024-09-20 14:58:49,947 - INFO - y new: [[-0.43931783]]
2024-09-20 14:59:44,451 - INFO - Iteration: 122 / 500
2024-09-20 15:04:59,168 - INFO - X new: [[0.55039656 0.5196992  0.65227914 0.57373834 0.44289565 0.29750335]]
2024-09-20 15:04:59,171 - INFO - y new: [[-0.43931783]]
2024-09-20 15:05:52,204 - INFO - Iteration: 123 / 500
2024-09-20 15:10:54,841 - INFO - X new: [[0.55039656 0.5196992  0.65227914 0.57373834 0.44289565 0.29750335]]
2024-09-20 15:10:54,845 - INFO - y new: [[-0.43931783]]
2024-09-20 15:12:01,544 - INFO - Iteration: 124 / 500
