2024-09-20 13:29:39,108 - INFO - Start BO with settings: {'name': 'vanilla_bo_Hartmann6_GP_EI', 'is_x64': False, 'seed': 0, 'search_space': array([[0, 0, 0, 0, 0, 0],
       [1, 1, 1, 1, 1, 1]]), 'num_iterations': 500, 'initial_sample_size': 10, 'objective_function': <src.test_functions.Hartmann6 object at 0x7f753dffb140>, 'acquisition': {'acq_fn_class': <function EI at 0x7f74c72e1da0>, 'num_samples': 50, 'num_initial_guesses': 10, 'maximize': False}, 'surrogate': {'model_class': <class 'src.gp.ExactGP'>, 'kernel': 'Matern', 'normalize': True, 'standardize': True}, 'memo': 'Experiment using Hartmann6 with EI acquisition.'}
2024-09-20 13:29:39,194 - INFO - X initial: [0.33701033 0.9434242  0.69127999 0.19594999 0.79714399 0.7745646 ]
2024-09-20 13:29:39,194 - INFO - y initial: [-0.05809023]
2024-09-20 13:29:39,194 - INFO - X initial: [0.84433967 0.32900245 0.39589934 0.78597262 0.25442238 0.03043524]
2024-09-20 13:29:39,195 - INFO - y initial: [-0.0093028]
2024-09-20 13:29:39,195 - INFO - X initial: [0.60075993 0.52501926 0.98458169 0.45523111 0.12434159 0.30006213]
2024-09-20 13:29:39,195 - INFO - y initial: [-0.29157351]
2024-09-20 13:29:39,195 - INFO - X initial: [0.09246142 0.14004654 0.16265266 0.56088647 0.57380166 0.55205679]
2024-09-20 13:29:39,196 - INFO - y initial: [-0.35484943]
2024-09-20 13:29:39,196 - INFO - X initial: [0.22753993 0.62576841 0.35182992 0.74425016 0.6700546  0.90964497]
2024-09-20 13:29:39,196 - INFO - y initial: [-0.02713712]
2024-09-20 13:29:39,197 - INFO - X initial: [0.7036269  0.02172692 0.56151724 0.27190271 0.15125665 0.16157872]
2024-09-20 13:29:39,197 - INFO - y initial: [-0.12373818]
2024-09-20 13:29:39,197 - INFO - X initial: [0.96016161 0.84304509 0.0895341  0.9693134  0.46993709 0.3839033 ]
2024-09-20 13:29:39,198 - INFO - y initial: [-0.00095182]
2024-09-20 13:29:39,198 - INFO - X initial: [0.48312072 0.44696732 0.76278148 0.01258346 0.95894958 0.63971303]
2024-09-20 13:29:39,198 - INFO - y initial: [-0.10756347]
2024-09-20 13:29:39,375 - INFO - Unable to initialize backend 'cuda': 
2024-09-20 13:29:39,375 - INFO - Unable to initialize backend 'rocm': module 'jaxlib.xla_extension' has no attribute 'GpuAllocatorConfig'
2024-09-20 13:29:39,433 - INFO - Unable to initialize backend 'tpu': INTERNAL: Failed to open libtpu.so: libtpu.so: cannot open shared object file: No such file or directory
2024-09-20 13:29:39,433 - WARNING - An NVIDIA GPU may be present on this machine, but a CUDA-enabled jaxlib is not installed. Falling back to cpu.
2024-09-20 13:29:54,115 - INFO - Iteration: 1 / 500
2024-09-20 13:29:58,613 - INFO - X new: [[0.04640165 0.09787495 0.14490192 0.5294596  0.56203413 0.5339777 ]]
2024-09-20 13:29:58,685 - INFO - y new: [[-0.41066366]]
2024-09-20 13:30:02,943 - INFO - Iteration: 2 / 500
2024-09-20 13:30:07,140 - INFO - X new: [[0.         0.02074553 0.10356382 0.50679743 0.5547625  0.51557004]]
2024-09-20 13:30:07,141 - INFO - y new: [[-0.39725488]]
2024-09-20 13:30:11,426 - INFO - Iteration: 3 / 500
2024-09-20 13:30:15,476 - INFO - X new: [[0.         0.         0.         0.49667516 0.4041751  0.5066036 ]]
2024-09-20 13:30:15,477 - INFO - y new: [[-0.85809096]]
2024-09-20 13:30:19,848 - INFO - Iteration: 4 / 500
2024-09-20 13:30:23,185 - INFO - X new: [[0.         0.         0.         0.46300238 0.3592194  0.4950363 ]]
2024-09-20 13:30:23,187 - INFO - y new: [[-1.06502989]]
2024-09-20 13:30:29,240 - INFO - Iteration: 5 / 500
2024-09-20 13:30:32,604 - INFO - X new: [[0.         0.         0.         0.41352513 0.2758784  0.48499188]]
2024-09-20 13:30:32,606 - INFO - y new: [[-1.24545358]]
2024-09-20 13:30:39,080 - INFO - Iteration: 6 / 500
2024-09-20 13:30:41,870 - INFO - X new: [[0.         0.         0.         0.34626752 0.16023944 0.48316106]]
2024-09-20 13:30:41,871 - INFO - y new: [[-0.9969302]]
2024-09-20 13:30:48,638 - INFO - Iteration: 7 / 500
2024-09-20 13:30:51,921 - INFO - X new: [[0.         0.         0.         0.         0.24622974 0.4776272 ]]
2024-09-20 13:30:51,924 - INFO - y new: [[-0.59564645]]
2024-09-20 13:30:58,514 - INFO - Iteration: 8 / 500
2024-09-20 13:31:05,087 - INFO - X new: [[0.         0.         0.         0.42367736 0.2057233  0.7752195 ]]
2024-09-20 13:31:05,090 - INFO - y new: [[-1.22428953]]
2024-09-20 13:31:11,605 - INFO - Iteration: 9 / 500
2024-09-20 13:31:15,561 - INFO - X new: [[0.         0.         0.         0.7573421  0.15029207 0.7701804 ]]
2024-09-20 13:31:15,563 - INFO - y new: [[-0.12955959]]
2024-09-20 13:31:23,367 - INFO - Iteration: 10 / 500
2024-09-20 13:31:28,057 - INFO - X new: [[0.         0.         0.         0.39787346 0.         0.70168567]]
2024-09-20 13:31:28,058 - INFO - y new: [[-0.34694909]]
2024-09-20 13:31:37,256 - INFO - Iteration: 11 / 500
2024-09-20 13:31:41,949 - INFO - X new: [[0.         0.         0.         0.3841952  0.28033152 0.6444324 ]]
2024-09-20 13:31:41,950 - INFO - y new: [[-1.72296608]]
2024-09-20 13:31:50,578 - INFO - Iteration: 12 / 500
2024-09-20 13:31:55,059 - INFO - X new: [[0.         0.         0.         0.3584426  0.2946151  0.69985926]]
2024-09-20 13:31:55,061 - INFO - y new: [[-1.80184615]]
2024-09-20 13:32:04,636 - INFO - Iteration: 13 / 500
2024-09-20 13:32:11,154 - INFO - X new: [[0.         0.         0.         0.33183202 0.3093546  0.7462697 ]]
2024-09-20 13:32:11,155 - INFO - y new: [[-1.78123176]]
2024-09-20 13:32:20,019 - INFO - Iteration: 14 / 500
2024-09-20 13:32:25,212 - INFO - X new: [[0.         0.         0.         0.31831297 0.3187616  1.        ]]
2024-09-20 13:32:25,214 - INFO - y new: [[-0.77035968]]
2024-09-20 13:32:36,186 - INFO - Iteration: 15 / 500
2024-09-20 13:32:42,123 - INFO - X new: [[0.         0.         0.         0.33590487 0.30676302 0.6893312 ]]
2024-09-20 13:32:42,125 - INFO - y new: [[-1.86272532]]
2024-09-20 13:32:52,823 - INFO - Iteration: 16 / 500
2024-09-20 13:32:58,219 - INFO - X new: [[0.31344354 0.         0.         0.31628883 0.31253546 0.69025326]]
2024-09-20 13:32:58,221 - INFO - y new: [[-2.18621484]]
2024-09-20 13:33:08,501 - INFO - Iteration: 17 / 500
2024-09-20 13:33:18,455 - INFO - X new: [[0.6706039  0.         0.         0.28761613 0.32264492 0.69219035]]
2024-09-20 13:33:18,570 - INFO - y new: [[-1.26234723]]
2024-09-20 13:33:30,252 - INFO - Iteration: 18 / 500
2024-09-20 13:33:37,307 - INFO - X new: [[0.21528774 0.         0.24707131 0.31059712 0.31209427 0.6931802 ]]
2024-09-20 13:33:37,309 - INFO - y new: [[-2.77006113]]
2024-09-20 13:33:48,751 - INFO - Iteration: 19 / 500
2024-09-20 13:33:55,413 - INFO - X new: [[0.2185553  0.         0.29297483 0.29091585 0.31343144 0.69763213]]
2024-09-20 13:33:55,415 - INFO - y new: [[-2.85607308]]
2024-09-20 13:34:07,308 - INFO - Iteration: 20 / 500
2024-09-20 13:34:13,984 - INFO - X new: [[0.21646388 0.         0.39338025 0.2706987  0.31298032 0.7038795 ]]
2024-09-20 13:34:13,987 - INFO - y new: [[-2.9781605]]
2024-09-20 13:34:26,170 - INFO - Iteration: 21 / 500
2024-09-20 13:34:38,033 - INFO - X new: [[0.21687172 0.         0.60760534 0.2511421  0.31190842 0.7110025 ]]
2024-09-20 13:34:38,036 - INFO - y new: [[-2.81151905]]
2024-09-20 13:34:49,824 - INFO - Iteration: 22 / 500
2024-09-20 13:34:58,030 - INFO - X new: [[0.2150677  0.         0.46385032 0.24621926 0.3117807  0.71145374]]
2024-09-20 13:34:58,032 - INFO - y new: [[-2.97738324]]
2024-09-20 13:35:10,153 - INFO - Iteration: 23 / 500
2024-09-20 13:35:15,928 - INFO - X new: [[0.23622729 0.         0.4854811  0.00972266 0.31200308 0.7369142 ]]
2024-09-20 13:35:15,930 - INFO - y new: [[-1.60197084]]
2024-09-20 13:35:28,154 - INFO - Iteration: 24 / 500
2024-09-20 13:35:38,155 - INFO - X new: [[0.19840682 0.         0.5141768  0.30507076 0.315598   0.6952426 ]]
2024-09-20 13:35:38,157 - INFO - y new: [[-2.99800935]]
2024-09-20 13:35:57,274 - INFO - Iteration: 25 / 500
2024-09-20 13:36:03,372 - INFO - X new: [[0.2573582  0.         0.5721179  0.35968238 0.30449516 0.7458393 ]]
2024-09-20 13:36:03,374 - INFO - y new: [[-2.59490901]]
2024-09-20 13:36:20,157 - INFO - Iteration: 26 / 500
2024-09-20 13:36:24,041 - INFO - X new: [[1. 1. 1. 1. 0. 1.]]
2024-09-20 13:36:24,044 - INFO - y new: [[-0.02037262]]
2024-09-20 13:36:45,263 - INFO - Iteration: 27 / 500
2024-09-20 13:36:53,096 - INFO - X new: [[0.18536526 0.         0.5443687  0.27639365 0.34158617 0.60970277]]
2024-09-20 13:36:53,099 - INFO - y new: [[-2.94168099]]
2024-09-20 13:37:06,117 - INFO - Iteration: 28 / 500
2024-09-20 13:37:12,416 - INFO - X new: [[0.17602372 0.         1.         0.28361967 0.3329774  0.65662557]]
2024-09-20 13:37:12,418 - INFO - y new: [[-1.36455467]]
2024-09-20 13:37:28,962 - INFO - Iteration: 29 / 500
2024-09-20 13:37:36,199 - INFO - X new: [[0.         0.         0.48750803 0.2769451  0.32111347 0.6708551 ]]
2024-09-20 13:37:36,202 - INFO - y new: [[-2.62075059]]
2024-09-20 13:37:50,519 - INFO - Iteration: 30 / 500
2024-09-20 13:37:57,719 - INFO - X new: [[0.21759106 0.         0.4833354  0.27737185 0.21599123 0.64344776]]
2024-09-20 13:37:57,721 - INFO - y new: [[-2.67172311]]
2024-09-20 13:38:24,056 - INFO - Iteration: 31 / 500
2024-09-20 13:38:30,273 - INFO - X new: [[1. 1. 1. 1. 1. 0.]]
2024-09-20 13:38:30,275 - INFO - y new: [[-0.00102411]]
2024-09-20 13:38:48,711 - INFO - Iteration: 32 / 500
2024-09-20 13:38:55,921 - INFO - X new: [[1. 1. 1. 0. 0. 1.]]
2024-09-20 13:38:55,924 - INFO - y new: [[-0.02160341]]
2024-09-20 13:39:17,134 - INFO - Iteration: 33 / 500
2024-09-20 13:39:23,532 - INFO - X new: [[1.000000e+00 1.000000e+00 5.551115e-17 0.000000e+00 1.000000e+00
  0.000000e+00]]
2024-09-20 13:39:23,535 - INFO - y new: [[-0.00022337]]
2024-09-20 13:39:39,341 - INFO - Iteration: 34 / 500
2024-09-20 13:39:46,552 - INFO - X new: [[0. 0. 0. 1. 1. 0.]]
2024-09-20 13:39:46,553 - INFO - y new: [[-6.29850425e-05]]
2024-09-20 13:40:06,417 - INFO - Iteration: 35 / 500
2024-09-20 13:40:13,275 - INFO - X new: [[1. 0. 0. 0. 1. 1.]]
2024-09-20 13:40:13,277 - INFO - y new: [[-1.92547523e-05]]
2024-09-20 13:40:31,314 - INFO - Iteration: 36 / 500
2024-09-20 13:40:36,161 - INFO - X new: [[0. 0. 1. 0. 0. 1.]]
2024-09-20 13:40:36,162 - INFO - y new: [[-0.16556727]]
2024-09-20 13:40:54,945 - INFO - Iteration: 37 / 500
2024-09-20 13:41:03,936 - INFO - X new: [[0.         1.         1.         0.         0.57275754 0.        ]]
2024-09-20 13:41:03,937 - INFO - y new: [[-0.00684242]]
2024-09-20 13:41:18,582 - INFO - Iteration: 38 / 500
2024-09-20 13:41:28,485 - INFO - X new: [[1. 0. 0. 0. 0. 1.]]
2024-09-20 13:41:28,488 - INFO - y new: [[-0.0142684]]
2024-09-20 13:41:46,091 - INFO - Iteration: 39 / 500
2024-09-20 13:41:51,557 - INFO - X new: [[1. 1. 1. 0. 1. 0.]]
2024-09-20 13:41:51,558 - INFO - y new: [[-0.00023194]]
2024-09-20 13:42:13,573 - INFO - Iteration: 40 / 500
2024-09-20 13:42:19,517 - INFO - X new: [[0. 1. 1. 1. 1. 1.]]
2024-09-20 13:42:19,518 - INFO - y new: [[-6.56435889e-05]]
2024-09-20 13:42:36,134 - INFO - Iteration: 41 / 500
2024-09-20 13:42:56,482 - INFO - X new: [[0.22608317 0.         0.43992335 0.27894744 0.33517933 0.6584213 ]]
2024-09-20 13:42:56,484 - INFO - y new: [[-3.0352584]]
2024-09-20 13:43:20,037 - INFO - Iteration: 42 / 500
2024-09-20 13:43:22,301 - INFO - X new: [[0.6232692  0.884959   0.64960545 0.46987405 0.8197237  0.29473412]]
2024-09-20 13:43:22,304 - INFO - y new: [[-0.4850292]]
2024-09-20 13:43:38,806 - INFO - Iteration: 43 / 500
2024-09-20 13:43:51,761 - INFO - X new: [[0. 0. 1. 1. 0. 0.]]
2024-09-20 13:43:51,763 - INFO - y new: [[-0.00012341]]
2024-09-20 13:44:09,648 - INFO - Iteration: 44 / 500
2024-09-20 13:44:19,888 - INFO - X new: [[1. 0. 0. 1. 1. 1.]]
2024-09-20 13:44:19,890 - INFO - y new: [[-2.92796968e-07]]
2024-09-20 13:44:38,933 - INFO - Iteration: 45 / 500
2024-09-20 13:44:47,533 - INFO - X new: [[1. 1. 0. 1. 1. 0.]]
2024-09-20 13:44:47,535 - INFO - y new: [[-0.0009866]]
2024-09-20 13:45:09,519 - INFO - Iteration: 46 / 500
2024-09-20 13:45:52,616 - INFO - X new: [[0.22642218 0.         0.4423586  0.27833766 0.33106247 0.6581993 ]]
2024-09-20 13:45:52,618 - INFO - y new: [[-3.0449157]]
2024-09-20 13:46:11,316 - INFO - Iteration: 47 / 500
2024-09-20 13:46:13,970 - INFO - X new: [[0.9754641  0.5476317  0.90783954 0.14819427 0.18554515 0.2935185 ]]
2024-09-20 13:46:13,973 - INFO - y new: [[-0.04268151]]
2024-09-20 13:46:32,739 - INFO - Iteration: 48 / 500
2024-09-20 13:46:35,566 - INFO - X new: [[0.27722093 0.05223113 0.6045009  0.16305204 0.12102641 0.7455958 ]]
2024-09-20 13:46:35,570 - INFO - y new: [[-1.48493247]]
2024-09-20 13:46:57,108 - INFO - Iteration: 49 / 500
2024-09-20 13:46:59,240 - INFO - X new: [[0.69804347 0.99462867 0.95295584 0.75393283 0.08684266 0.8663362 ]]
2024-09-20 13:46:59,242 - INFO - y new: [[-0.02673885]]
2024-09-20 13:47:19,702 - INFO - Iteration: 50 / 500
2024-09-20 13:47:21,992 - INFO - X new: [[0.22251117 0.17754745 0.7073332  0.35466933 0.08057237 0.0342139 ]]
2024-09-20 13:47:21,994 - INFO - y new: [[-0.07543804]]
2024-09-20 13:47:40,448 - INFO - Iteration: 51 / 500
2024-09-20 13:47:42,827 - INFO - X new: [[0.5064895  0.33902335 0.19884646 0.7359004  0.71292865 0.05558252]]
2024-09-20 13:47:42,829 - INFO - y new: [[-0.18334029]]
2024-09-20 13:48:02,102 - INFO - Iteration: 52 / 500
2024-09-20 13:48:04,530 - INFO - X new: [[0.8676007  0.9810858  0.65514874 0.70003176 0.47667754 0.29664707]]
2024-09-20 13:48:04,532 - INFO - y new: [[-0.02811911]]
2024-09-20 13:48:28,734 - INFO - Iteration: 53 / 500
2024-09-20 13:48:31,208 - INFO - X new: [[0.9240321  0.1559745  0.10339499 0.13408697 0.33357108 0.93193996]]
2024-09-20 13:48:31,209 - INFO - y new: [[-0.28536215]]
2024-09-20 13:48:59,548 - INFO - Iteration: 54 / 500
2024-09-20 13:49:02,043 - INFO - X new: [[0.92939043 0.78809917 0.559425   0.81270087 0.5817877  0.4976709 ]]
2024-09-20 13:49:02,045 - INFO - y new: [[-0.00335296]]
2024-09-20 13:49:23,361 - INFO - Iteration: 55 / 500
2024-09-20 13:49:25,967 - INFO - X new: [[0.45037377 0.12463403 0.81610584 0.11544669 0.8515382  0.6946653 ]]
2024-09-20 13:49:25,969 - INFO - y new: [[-0.11055468]]
2024-09-20 13:49:52,490 - INFO - Iteration: 56 / 500
2024-09-20 13:49:55,214 - INFO - X new: [[0.27721548 0.05223083 0.60450494 0.16303766 0.12102866 0.7455977 ]]
2024-09-20 13:49:55,216 - INFO - y new: [[-1.4849092]]
2024-09-20 13:50:19,279 - INFO - Iteration: 57 / 500
2024-09-20 13:50:21,838 - INFO - X new: [[0.5064895  0.33902335 0.19884646 0.7359004  0.71292865 0.05558252]]
2024-09-20 13:50:21,840 - INFO - y new: [[-0.18334029]]
2024-09-20 13:50:43,094 - INFO - Iteration: 58 / 500
2024-09-20 13:50:45,766 - INFO - X new: [[0.5064895  0.33902335 0.19884646 0.7359004  0.71292865 0.05558252]]
2024-09-20 13:50:45,768 - INFO - y new: [[-0.18334029]]
2024-09-20 13:51:12,301 - INFO - Iteration: 59 / 500
2024-09-20 13:51:15,094 - INFO - X new: [[0.5064895  0.33902335 0.19884646 0.7359004  0.71292865 0.05558252]]
2024-09-20 13:51:15,096 - INFO - y new: [[-0.18334029]]
2024-09-20 13:51:38,227 - INFO - Iteration: 60 / 500
2024-09-20 13:52:08,909 - INFO - X new: [[0.5064895  0.33902335 0.19884646 0.7359004  0.71292865 0.05558252]]
2024-09-20 13:52:08,912 - INFO - y new: [[-0.18334029]]
2024-09-20 13:52:36,508 - INFO - Iteration: 61 / 500
2024-09-20 13:53:07,912 - INFO - X new: [[0.5064895  0.33902335 0.19884646 0.7359004  0.71292865 0.05558252]]
2024-09-20 13:53:07,914 - INFO - y new: [[-0.18334029]]
2024-09-20 13:53:36,425 - INFO - Iteration: 62 / 500
2024-09-20 13:54:10,506 - INFO - X new: [[0.5064895  0.33902335 0.19884646 0.7359004  0.71292865 0.05558252]]
2024-09-20 13:54:10,509 - INFO - y new: [[-0.18334029]]
2024-09-20 13:54:36,931 - INFO - Iteration: 63 / 500
2024-09-20 13:55:11,948 - INFO - X new: [[0.27721548 0.05223083 0.60450494 0.16303766 0.12102866 0.7455977 ]]
2024-09-20 13:55:11,950 - INFO - y new: [[-1.4849092]]
2024-09-20 13:55:38,224 - INFO - Iteration: 64 / 500
2024-09-20 13:56:16,548 - INFO - X new: [[0.27721548 0.05223083 0.60450494 0.16303766 0.12102866 0.7455977 ]]
2024-09-20 13:56:16,550 - INFO - y new: [[-1.4849092]]
2024-09-20 13:56:43,266 - INFO - Iteration: 65 / 500
2024-09-20 13:57:15,495 - INFO - X new: [[0.27721548 0.05223083 0.60450494 0.16303766 0.12102866 0.7455977 ]]
2024-09-20 13:57:15,497 - INFO - y new: [[-1.4849092]]
2024-09-20 13:57:45,597 - INFO - Iteration: 66 / 500
2024-09-20 13:58:20,386 - INFO - X new: [[0.27721548 0.05223083 0.60450494 0.16303766 0.12102866 0.7455977 ]]
2024-09-20 13:58:20,388 - INFO - y new: [[-1.4849092]]
2024-09-20 13:58:50,552 - INFO - Iteration: 67 / 500
2024-09-20 13:59:28,289 - INFO - X new: [[0.92939043 0.78809917 0.559425   0.81270087 0.5817877  0.4976709 ]]
2024-09-20 13:59:28,292 - INFO - y new: [[-0.00335296]]
2024-09-20 14:00:01,626 - INFO - Iteration: 68 / 500
2024-09-20 14:00:42,375 - INFO - X new: [[0.92939043 0.78809917 0.559425   0.81270087 0.5817877  0.4976709 ]]
2024-09-20 14:00:42,378 - INFO - y new: [[-0.00335296]]
2024-09-20 14:01:10,673 - INFO - Iteration: 69 / 500
2024-09-20 14:01:52,762 - INFO - X new: [[0.92939043 0.78809917 0.559425   0.81270087 0.5817877  0.4976709 ]]
2024-09-20 14:01:52,765 - INFO - y new: [[-0.00335296]]
2024-09-20 14:02:24,636 - INFO - Iteration: 70 / 500
2024-09-20 14:03:09,367 - INFO - X new: [[0.92939043 0.78809917 0.559425   0.81270087 0.5817877  0.4976709 ]]
2024-09-20 14:03:09,370 - INFO - y new: [[-0.00335296]]
2024-09-20 14:03:37,861 - INFO - Iteration: 71 / 500
2024-09-20 14:04:24,685 - INFO - X new: [[0.92939043 0.78809917 0.559425   0.81270087 0.5817877  0.4976709 ]]
2024-09-20 14:04:24,686 - INFO - y new: [[-0.00335296]]
2024-09-20 14:04:58,677 - INFO - Iteration: 72 / 500
2024-09-20 14:05:48,543 - INFO - X new: [[0.92939043 0.78809917 0.559425   0.81270087 0.5817877  0.4976709 ]]
2024-09-20 14:05:48,546 - INFO - y new: [[-0.00335296]]
2024-09-20 14:06:20,458 - INFO - Iteration: 73 / 500
2024-09-20 14:07:02,379 - INFO - X new: [[0.92939043 0.78809917 0.559425   0.81270087 0.5817877  0.4976709 ]]
2024-09-20 14:07:02,382 - INFO - y new: [[-0.00335296]]
2024-09-20 14:07:33,137 - INFO - Iteration: 74 / 500
2024-09-20 14:08:18,382 - INFO - X new: [[0.92939043 0.78809917 0.559425   0.81270087 0.5817877  0.4976709 ]]
2024-09-20 14:08:18,384 - INFO - y new: [[-0.00335296]]
2024-09-20 14:08:46,834 - INFO - Iteration: 75 / 500
2024-09-20 14:09:37,132 - INFO - X new: [[0.5064895  0.33902335 0.19884646 0.7359004  0.71292865 0.05558252]]
2024-09-20 14:09:37,135 - INFO - y new: [[-0.18334029]]
2024-09-20 14:10:08,856 - INFO - Iteration: 76 / 500
2024-09-20 14:11:03,011 - INFO - X new: [[0.5064895  0.33902335 0.19884646 0.7359004  0.71292865 0.05558252]]
2024-09-20 14:11:03,013 - INFO - y new: [[-0.18334029]]
2024-09-20 14:11:32,024 - INFO - Iteration: 77 / 500
2024-09-20 14:12:28,964 - INFO - X new: [[0.5064895  0.33902335 0.19884646 0.7359004  0.71292865 0.05558252]]
2024-09-20 14:12:28,967 - INFO - y new: [[-0.18334029]]
2024-09-20 14:13:01,666 - INFO - Iteration: 78 / 500
2024-09-20 14:14:01,543 - INFO - X new: [[0.5064895  0.33902335 0.19884646 0.7359004  0.71292865 0.05558252]]
2024-09-20 14:14:01,545 - INFO - y new: [[-0.18334029]]
2024-09-20 14:14:35,650 - INFO - Iteration: 79 / 500
2024-09-20 14:15:37,658 - INFO - X new: [[0.5064895  0.33902335 0.19884646 0.7359004  0.71292865 0.05558252]]
2024-09-20 14:15:37,660 - INFO - y new: [[-0.18334029]]
2024-09-20 14:16:05,810 - INFO - Iteration: 80 / 500
2024-09-20 14:17:10,399 - INFO - X new: [[0.5064895  0.33902335 0.19884646 0.7359004  0.71292865 0.05558252]]
2024-09-20 14:17:10,400 - INFO - y new: [[-0.18334029]]
2024-09-20 14:17:41,410 - INFO - Iteration: 81 / 500
2024-09-20 14:18:36,582 - INFO - X new: [[0.5064895  0.33902335 0.19884646 0.7359004  0.71292865 0.05558252]]
2024-09-20 14:18:36,584 - INFO - y new: [[-0.18334029]]
2024-09-20 14:19:15,350 - INFO - Iteration: 82 / 500
2024-09-20 14:20:11,663 - INFO - X new: [[0.5064895  0.33902335 0.19884646 0.7359004  0.71292865 0.05558252]]
2024-09-20 14:20:11,666 - INFO - y new: [[-0.18334029]]
2024-09-20 14:20:43,087 - INFO - Iteration: 83 / 500
2024-09-20 14:21:46,502 - INFO - X new: [[0.5064895  0.33902335 0.19884646 0.7359004  0.71292865 0.05558252]]
2024-09-20 14:21:46,504 - INFO - y new: [[-0.18334029]]
2024-09-20 14:22:21,755 - INFO - Iteration: 84 / 500
2024-09-20 14:23:29,684 - INFO - X new: [[0.5064895  0.33902335 0.19884646 0.7359004  0.71292865 0.05558252]]
2024-09-20 14:23:29,688 - INFO - y new: [[-0.18334029]]
2024-09-20 14:24:06,965 - INFO - Iteration: 85 / 500
2024-09-20 14:25:16,935 - INFO - X new: [[0.5064895  0.33902335 0.19884646 0.7359004  0.71292865 0.05558252]]
2024-09-20 14:25:16,937 - INFO - y new: [[-0.18334029]]
2024-09-20 14:25:48,884 - INFO - Iteration: 86 / 500
2024-09-20 14:27:01,798 - INFO - X new: [[0.5064895  0.33902335 0.19884646 0.7359004  0.71292865 0.05558252]]
2024-09-20 14:27:01,801 - INFO - y new: [[-0.18334029]]
2024-09-20 14:27:42,017 - INFO - Iteration: 87 / 500
2024-09-20 14:28:57,157 - INFO - X new: [[0.5064895  0.33902335 0.19884646 0.7359004  0.71292865 0.05558252]]
2024-09-20 14:28:57,159 - INFO - y new: [[-0.18334029]]
2024-09-20 14:29:34,134 - INFO - Iteration: 88 / 500
2024-09-20 14:30:52,812 - INFO - X new: [[0.5064895  0.33902335 0.19884646 0.7359004  0.71292865 0.05558252]]
2024-09-20 14:30:52,815 - INFO - y new: [[-0.18334029]]
2024-09-20 14:31:25,685 - INFO - Iteration: 89 / 500
2024-09-20 14:32:33,769 - INFO - X new: [[0.5064895  0.33902335 0.19884646 0.7359004  0.71292865 0.05558252]]
2024-09-20 14:32:33,771 - INFO - y new: [[-0.18334029]]
2024-09-20 14:33:07,945 - INFO - Iteration: 90 / 500
2024-09-20 14:34:20,208 - INFO - X new: [[0.5064895  0.33902335 0.19884646 0.7359004  0.71292865 0.05558252]]
2024-09-20 14:34:20,210 - INFO - y new: [[-0.18334029]]
2024-09-20 14:34:54,175 - INFO - Iteration: 91 / 500
2024-09-20 14:36:11,441 - INFO - X new: [[0.5064895  0.33902335 0.19884646 0.7359004  0.71292865 0.05558252]]
2024-09-20 14:36:11,443 - INFO - y new: [[-0.18334029]]
2024-09-20 14:36:42,217 - INFO - Iteration: 92 / 500
2024-09-20 14:38:04,137 - INFO - X new: [[0.5064895  0.33902335 0.19884646 0.7359004  0.71292865 0.05558252]]
2024-09-20 14:38:04,141 - INFO - y new: [[-0.18334029]]
2024-09-20 14:38:46,339 - INFO - Iteration: 93 / 500
2024-09-20 14:40:13,310 - INFO - X new: [[0.5064895  0.33902335 0.19884646 0.7359004  0.71292865 0.05558252]]
2024-09-20 14:40:13,313 - INFO - y new: [[-0.18334029]]
2024-09-20 14:40:50,310 - INFO - Iteration: 94 / 500
2024-09-20 14:42:19,888 - INFO - X new: [[0.5064895  0.33902335 0.19884646 0.7359004  0.71292865 0.05558252]]
2024-09-20 14:42:19,890 - INFO - y new: [[-0.18334029]]
2024-09-20 14:43:09,308 - INFO - Iteration: 95 / 500
2024-09-20 14:44:40,082 - INFO - X new: [[0.5064895  0.33902335 0.19884646 0.7359004  0.71292865 0.05558252]]
2024-09-20 14:44:40,085 - INFO - y new: [[-0.18334029]]
2024-09-20 14:45:19,951 - INFO - Iteration: 96 / 500
2024-09-20 14:46:56,902 - INFO - X new: [[0.5064895  0.33902335 0.19884646 0.7359004  0.71292865 0.05558252]]
2024-09-20 14:46:56,904 - INFO - y new: [[-0.18334029]]
2024-09-20 14:47:35,217 - INFO - Iteration: 97 / 500
2024-09-20 14:48:59,084 - INFO - X new: [[0.5064895  0.33902335 0.19884646 0.7359004  0.71292865 0.05558252]]
2024-09-20 14:48:59,085 - INFO - y new: [[-0.18334029]]
2024-09-20 14:49:46,477 - INFO - Iteration: 98 / 500
2024-09-20 14:51:14,553 - INFO - X new: [[0.5064895  0.33902335 0.19884646 0.7359004  0.71292865 0.05558252]]
2024-09-20 14:51:14,556 - INFO - y new: [[-0.18334029]]
2024-09-20 14:52:00,037 - INFO - Iteration: 99 / 500
2024-09-20 14:53:34,975 - INFO - X new: [[0.5064895  0.33902335 0.19884646 0.7359004  0.71292865 0.05558252]]
2024-09-20 14:53:34,978 - INFO - y new: [[-0.18334029]]
2024-09-20 14:54:26,722 - INFO - Iteration: 100 / 500
2024-09-20 14:56:07,743 - INFO - X new: [[0.5064895  0.33902335 0.19884646 0.7359004  0.71292865 0.05558252]]
2024-09-20 14:56:07,746 - INFO - y new: [[-0.18334029]]
2024-09-20 14:57:13,055 - INFO - Iteration: 101 / 500
2024-09-20 14:58:59,020 - INFO - X new: [[0.5064895  0.33902335 0.19884646 0.7359004  0.71292865 0.05558252]]
2024-09-20 14:58:59,022 - INFO - y new: [[-0.18334029]]
2024-09-20 15:00:13,650 - INFO - Iteration: 102 / 500
2024-09-20 15:02:02,144 - INFO - X new: [[0.5064895  0.33902335 0.19884646 0.7359004  0.71292865 0.05558252]]
2024-09-20 15:02:02,146 - INFO - y new: [[-0.18334029]]
2024-09-20 15:03:03,994 - INFO - Iteration: 103 / 500
2024-09-20 15:04:56,450 - INFO - X new: [[0.5064895  0.33902335 0.19884646 0.7359004  0.71292865 0.05558252]]
2024-09-20 15:04:56,453 - INFO - y new: [[-0.18334029]]
2024-09-20 15:06:14,317 - INFO - Iteration: 104 / 500
2024-09-20 15:08:09,050 - INFO - X new: [[0.5064895  0.33902335 0.19884646 0.7359004  0.71292865 0.05558252]]
2024-09-20 15:08:09,052 - INFO - y new: [[-0.18334029]]
2024-09-20 15:09:07,209 - INFO - Iteration: 105 / 500
2024-09-20 15:10:47,898 - INFO - X new: [[0.5064895  0.33902335 0.19884646 0.7359004  0.71292865 0.05558252]]
2024-09-20 15:10:47,901 - INFO - y new: [[-0.18334029]]
2024-09-20 15:12:03,304 - INFO - Iteration: 106 / 500
