2024-09-20 12:22:49,684 - INFO - Start BO with settings: {'name': 'vanilla_bo_Hartmann6_TP_POI', 'is_x64': False, 'seed': 1, 'search_space': array([[0, 0, 0, 0, 0, 0],
       [1, 1, 1, 1, 1, 1]]), 'num_iterations': 500, 'initial_sample_size': 10, 'objective_function': <src.test_functions.Hartmann6 object at 0x7f68aefbc2f0>, 'acquisition': {'acq_fn_class': <function POI_TP at 0x7f68ae8a4b80>, 'num_samples': 50, 'num_initial_guesses': 10, 'maximize': False}, 'surrogate': {'model_class': <class 'src.tp.TP_v2'>, 'kernel': 'Matern', 'normalize': True, 'standardize': True}, 'memo': 'Experiment using Hartmann6 with POI acquisition.'}
2024-09-20 12:22:49,908 - INFO - X initial: [0.9695213  0.7885905  0.40986872 0.6123878  0.8339529  0.18073053]
2024-09-20 12:22:49,909 - INFO - y initial: [-0.00922964]
2024-09-20 12:22:49,909 - INFO - X initial: [0.45409787 0.32946983 0.74063854 0.26031552 0.07256624 0.53746438]
2024-09-20 12:22:49,909 - INFO - y initial: [-0.72863149]
2024-09-20 12:22:49,909 - INFO - X initial: [0.07923675 0.5883606  0.19771231 0.86438951 0.26965395 0.97699072]
2024-09-20 12:22:49,909 - INFO - y initial: [-0.02355422]
2024-09-20 12:22:49,910 - INFO - X initial: [0.59481158 0.04357906 0.90591604 0.01235737 0.51132715 0.36644073]
2024-09-20 12:22:49,910 - INFO - y initial: [-0.13728605]
2024-09-20 12:22:49,910 - INFO - X initial: [0.66870033 0.66977692 0.61144076 0.16954847 0.71949886 0.0579111 ]
2024-09-20 12:22:49,910 - INFO - y initial: [-0.13007194]
2024-09-20 12:22:49,910 - INFO - X initial: [0.15287398 0.21410677 0.28882187 0.95713786 0.49950119 0.66016185]
2024-09-20 12:22:49,911 - INFO - y initial: [-0.02775593]
2024-09-20 12:22:49,911 - INFO - X initial: [0.27865038 0.95326793 0.77720642 0.4176381  0.1573023  0.85368405]
2024-09-20 12:22:49,911 - INFO - y initial: [-0.15156989]
2024-09-20 12:22:49,911 - INFO - X initial: [0.79432583 0.41284837 0.07617731 0.7052488  0.93619789 0.48962537]
2024-09-20 12:22:49,912 - INFO - y initial: [-0.00197698]
2024-09-20 12:22:50,612 - INFO - Unable to initialize backend 'rocm': module 'jaxlib.xla_extension' has no attribute 'GpuAllocatorConfig'
2024-09-20 12:22:50,620 - INFO - Unable to initialize backend 'tpu': INTERNAL: Failed to open libtpu.so: libtpu.so: cannot open shared object file: No such file or directory
2024-09-20 12:22:58,462 - INFO - Iteration: 1 / 500
2024-09-20 12:23:07,107 - INFO - X new: [[0.455476   0.32343987 0.7440491  0.25258464 0.02887708 0.53575784]]
2024-09-20 12:23:07,176 - INFO - y new: [[-0.52061276]]
2024-09-20 12:23:12,834 - INFO - Iteration: 2 / 500
2024-09-20 12:23:19,964 - INFO - X new: [[0.4541746  0.32327527 0.7412443  0.25414628 0.04221572 0.5323606 ]]
2024-09-20 12:23:19,966 - INFO - y new: [[-0.57661563]]
2024-09-20 12:23:25,698 - INFO - Iteration: 3 / 500
2024-09-20 12:23:32,719 - INFO - X new: [[0.85506845 0.3196443  0.7469162  0.25458884 0.         0.5406765 ]]
2024-09-20 12:23:32,720 - INFO - y new: [[-0.16484305]]
2024-09-20 12:23:38,618 - INFO - Iteration: 4 / 500
2024-09-20 12:23:45,376 - INFO - X new: [[0.4343667  0.3239962  0.738536   0.2601728  0.05726153 0.20764622]]
2024-09-20 12:23:45,378 - INFO - y new: [[-0.20557569]]
2024-09-20 12:23:52,712 - INFO - Iteration: 5 / 500
2024-09-20 12:24:01,003 - INFO - X new: [[0.44869527 0.33338425 1.         0.23639388 0.05724866 0.57924914]]
2024-09-20 12:24:01,005 - INFO - y new: [[-0.42944543]]
2024-09-20 12:24:09,579 - INFO - Iteration: 6 / 500
2024-09-20 12:24:15,120 - INFO - X new: [[0.45762017 0.32223412 0.80025584 0.7390779  0.         0.54285073]]
2024-09-20 12:24:15,122 - INFO - y new: [[-0.10401681]]
2024-09-20 12:24:23,588 - INFO - Iteration: 7 / 500
2024-09-20 12:24:32,895 - INFO - X new: [[0.4343638  0.3179036  0.19254923 0.1985906  0.0584293  0.560008  ]]
2024-09-20 12:24:32,897 - INFO - y new: [[-0.70575354]]
2024-09-20 12:24:42,145 - INFO - Iteration: 8 / 500
2024-09-20 12:24:51,053 - INFO - X new: [[0.41443235 0.32105187 0.01608675 0.         0.04675856 0.5833234 ]]
2024-09-20 12:24:51,056 - INFO - y new: [[-0.26985483]]
2024-09-20 12:24:59,563 - INFO - Iteration: 9 / 500
2024-09-20 12:25:05,994 - INFO - X new: [[0.         0.29490432 0.5097993  0.20568933 1.         0.57631963]]
2024-09-20 12:25:05,996 - INFO - y new: [[-0.64526237]]
2024-09-20 12:25:15,256 - INFO - Iteration: 10 / 500
2024-09-20 12:25:23,292 - INFO - X new: [[0.         0.28626093 0.28940168 0.20469294 1.         0.5788075 ]]
2024-09-20 12:25:23,294 - INFO - y new: [[-0.20054936]]
2024-09-20 12:25:32,695 - INFO - Iteration: 11 / 500
2024-09-20 12:25:38,538 - INFO - X new: [[0. 1. 0. 0. 0. 0.]]
2024-09-20 12:25:38,539 - INFO - y new: [[-0.00659239]]
2024-09-20 12:25:48,358 - INFO - Iteration: 12 / 500
2024-09-20 12:25:55,927 - INFO - X new: [[0.41569382 0.         0.4216425  0.22105427 0.07435153 0.5772275 ]]
2024-09-20 12:25:55,930 - INFO - y new: [[-1.01234727]]
2024-09-20 12:26:06,775 - INFO - Iteration: 13 / 500
2024-09-20 12:26:13,724 - INFO - X new: [[0.4004412  0.         0.4161331  0.21928126 0.07868422 0.6148597 ]]
2024-09-20 12:26:13,727 - INFO - y new: [[-1.10547865]]
2024-09-20 12:26:24,224 - INFO - Iteration: 14 / 500
2024-09-20 12:26:35,719 - INFO - X new: [[0.38760647 0.         0.41783488 0.21936518 0.08098959 0.6524729 ]]
2024-09-20 12:26:35,720 - INFO - y new: [[-1.16168751]]
2024-09-20 12:26:46,535 - INFO - Iteration: 15 / 500
2024-09-20 12:26:58,328 - INFO - X new: [[0.3798844  0.         0.42131215 0.21842687 0.07875507 0.94022465]]
2024-09-20 12:26:58,330 - INFO - y new: [[-0.62256179]]
2024-09-20 12:27:09,620 - INFO - Iteration: 16 / 500
2024-09-20 12:27:20,278 - INFO - X new: [[0.14384992 0.         0.42848614 0.22037593 0.08206245 0.6338881 ]]
2024-09-20 12:27:20,280 - INFO - y new: [[-1.32737554]]
2024-09-20 12:27:31,421 - INFO - Iteration: 17 / 500
2024-09-20 12:27:38,953 - INFO - X new: [[0.         0.         0.44516802 0.22033428 0.         0.6362543 ]]
2024-09-20 12:27:38,956 - INFO - y new: [[-0.62228647]]
2024-09-20 12:27:50,211 - INFO - Iteration: 18 / 500
2024-09-20 12:28:00,044 - INFO - X new: [[0.23314638 0.         0.40801215 0.21718056 0.10287316 0.23152258]]
2024-09-20 12:28:00,046 - INFO - y new: [[-0.36608246]]
2024-09-20 12:28:11,607 - INFO - Iteration: 19 / 500
2024-09-20 12:28:18,547 - INFO - X new: [[1. 1. 1. 0. 1. 1.]]
2024-09-20 12:28:18,548 - INFO - y new: [[-3.64435727e-05]]
2024-09-20 12:28:32,016 - INFO - Iteration: 20 / 500
2024-09-20 12:28:38,609 - INFO - X new: [[1. 1. 0. 0. 0. 1.]]
2024-09-20 12:28:38,611 - INFO - y new: [[-0.00118991]]
2024-09-20 12:28:51,474 - INFO - Iteration: 21 / 500
2024-09-20 12:28:59,024 - INFO - X new: [[1.         1.         1.         1.         0.61103535 1.        ]]
2024-09-20 12:28:59,026 - INFO - y new: [[-0.0027513]]
2024-09-20 12:29:12,887 - INFO - Iteration: 22 / 500
2024-09-20 12:29:24,576 - INFO - X new: [[0.9698016  0.         0.41665846 0.21833727 0.10170531 0.66463846]]
2024-09-20 12:29:24,578 - INFO - y new: [[-0.26122992]]
2024-09-20 12:29:38,966 - INFO - Iteration: 23 / 500
2024-09-20 12:29:56,142 - INFO - X new: [[0.25559276 0.         0.4372356  0.2211571  0.08342595 0.64856696]]
2024-09-20 12:29:56,143 - INFO - y new: [[-1.34368587]]
2024-09-20 12:30:11,616 - INFO - Iteration: 24 / 500
2024-09-20 12:30:31,920 - INFO - X new: [[0.24958809 0.         0.44858354 0.22045021 0.11409102 0.65216595]]
2024-09-20 12:30:31,923 - INFO - y new: [[-1.64155083]]
2024-09-20 12:31:00,903 - INFO - Iteration: 25 / 500
2024-09-20 12:31:16,420 - INFO - X new: [[0.24282263 0.         0.47425413 0.21659704 0.13772646 0.65855736]]
2024-09-20 12:31:16,423 - INFO - y new: [[-1.87718123]]
2024-09-20 12:31:44,388 - INFO - Iteration: 26 / 500
2024-09-20 12:31:55,467 - INFO - X new: [[0.23562065 0.         0.4981391  0.20571    0.16599737 0.6642732 ]]
2024-09-20 12:31:55,470 - INFO - y new: [[-2.12527081]]
2024-09-20 12:32:31,587 - INFO - Iteration: 27 / 500
2024-09-20 12:32:37,663 - INFO - X new: [[1.         1.         0.         0.         0.34040475 0.        ]]
2024-09-20 12:32:37,664 - INFO - y new: [[-0.00064304]]
2024-09-20 12:33:09,790 - INFO - Iteration: 28 / 500
2024-09-20 12:33:22,263 - INFO - X new: [[0.22319075 0.         0.5192664  0.19179255 0.18759266 0.66764396]]
2024-09-20 12:33:22,266 - INFO - y new: [[-2.27339222]]
2024-09-20 12:33:55,771 - INFO - Iteration: 29 / 500
2024-09-20 12:34:07,180 - INFO - X new: [[0.19646063 0.         0.5324961  0.17876191 0.20677646 0.6643802 ]]
2024-09-20 12:34:07,182 - INFO - y new: [[-2.37861231]]
2024-09-20 12:34:49,424 - INFO - Iteration: 30 / 500
2024-09-20 12:35:08,610 - INFO - X new: [[0.13764764 0.         0.54691553 0.16689192 0.22435315 0.6627565 ]]
2024-09-20 12:35:08,612 - INFO - y new: [[-2.40738028]]
2024-09-20 12:35:35,526 - INFO - Iteration: 31 / 500
2024-09-20 12:35:48,605 - INFO - X new: [[0.08638238 0.         0.5561418  0.36797228 0.22613066 0.6539895 ]]
2024-09-20 12:35:48,607 - INFO - y new: [[-2.36320152]]
2024-09-20 12:36:19,316 - INFO - Iteration: 32 / 500
2024-09-20 12:36:36,642 - INFO - X new: [[0.10349602 0.         0.5640163  0.85284656 0.22050485 0.65282154]]
2024-09-20 12:36:36,644 - INFO - y new: [[-0.13980274]]
2024-09-20 12:37:06,238 - INFO - Iteration: 33 / 500
2024-09-20 12:37:25,435 - INFO - X new: [[0.02400613 0.         0.49062198 0.23885222 0.2692662  0.6709504 ]]
2024-09-20 12:37:25,437 - INFO - y new: [[-2.61306923]]
2024-09-20 12:37:51,640 - INFO - Iteration: 34 / 500
2024-09-20 12:38:05,715 - INFO - X new: [[0.0136339  0.         0.12334579 0.23432079 0.2688655  0.6777178 ]]
2024-09-20 12:38:05,718 - INFO - y new: [[-2.10459752]]
2024-09-20 12:38:36,472 - INFO - Iteration: 35 / 500
2024-09-20 12:38:49,874 - INFO - X new: [[0.         0.42844936 0.50613236 0.22457384 0.2842992  0.6528527 ]]
2024-09-20 12:38:49,877 - INFO - y new: [[-2.11376081]]
2024-09-20 12:39:16,293 - INFO - Iteration: 36 / 500
2024-09-20 12:39:25,439 - INFO - X new: [[1. 1. 0. 1. 0. 0.]]
2024-09-20 12:39:25,441 - INFO - y new: [[-0.00106805]]
2024-09-20 12:39:56,223 - INFO - Iteration: 37 / 500
2024-09-20 12:40:11,665 - INFO - X new: [[0.        0.        1.        0.2220353 0.2785218 0.6869628]]
2024-09-20 12:40:11,667 - INFO - y new: [[-1.12992177]]
2024-09-20 12:40:39,588 - INFO - Iteration: 38 / 500
2024-09-20 12:41:06,916 - INFO - X new: [[0.        0.        0.4353657 0.216378  0.2942543 0.8173764]]
2024-09-20 12:41:06,919 - INFO - y new: [[-2.05503712]]
2024-09-20 12:41:38,225 - INFO - Iteration: 39 / 500
2024-09-20 12:41:53,302 - INFO - X new: [[0.         0.         0.40723974 0.         0.2801434  0.6357965 ]]
2024-09-20 12:41:53,304 - INFO - y new: [[-1.31826374]]
2024-09-20 12:42:22,744 - INFO - Iteration: 40 / 500
2024-09-20 12:42:40,885 - INFO - X new: [[0.18060683 0.         0.44417495 0.29242316 0.33126077 0.63392925]]
2024-09-20 12:42:40,887 - INFO - y new: [[-3.0254219]]
2024-09-20 12:43:13,449 - INFO - Iteration: 41 / 500
2024-09-20 12:43:27,170 - INFO - X new: [[0.2132653  0.         0.43027815 0.29918388 0.35194212 0.6296206 ]]
2024-09-20 12:43:27,172 - INFO - y new: [[-2.95199932]]
2024-09-20 12:43:57,046 - INFO - Iteration: 42 / 500
2024-09-20 12:44:08,875 - INFO - X new: [[0.4812465  0.         0.42665973 0.31543285 0.3491577  0.63282025]]
2024-09-20 12:44:08,876 - INFO - y new: [[-2.28914635]]
2024-09-20 12:44:37,172 - INFO - Iteration: 43 / 500
2024-09-20 12:44:59,733 - INFO - X new: [[0.07212353 0.         0.42244485 0.32410192 0.36541614 0.4852979 ]]
2024-09-20 12:44:59,734 - INFO - y new: [[-2.12414258]]
2024-09-20 12:45:30,454 - INFO - Iteration: 44 / 500
2024-09-20 12:45:40,264 - INFO - X new: [[1. 0. 0. 1. 1. 0.]]
2024-09-20 12:45:40,266 - INFO - y new: [[-2.1827383e-06]]
2024-09-20 12:46:12,029 - INFO - Iteration: 45 / 500
2024-09-20 12:46:36,982 - INFO - X new: [[0.17981352 0.         0.47607625 0.26883903 0.45544162 0.6839323 ]]
2024-09-20 12:46:36,984 - INFO - y new: [[-2.28623554]]
2024-09-20 12:47:11,994 - INFO - Iteration: 46 / 500
2024-09-20 12:47:38,771 - INFO - X new: [[0.25225297 0.89166623 0.32657915 0.3044008  0.34261832 0.64914817]]
2024-09-20 12:47:38,772 - INFO - y new: [[-0.45449055]]
2024-09-20 12:48:08,703 - INFO - Iteration: 47 / 500
2024-09-20 12:48:27,204 - INFO - X new: [[1.         0.         0.         1.         0.37456477 0.        ]]
2024-09-20 12:48:27,205 - INFO - y new: [[-6.81502185e-05]]
2024-09-20 12:49:00,939 - INFO - Iteration: 48 / 500
2024-09-20 12:49:11,097 - INFO - X new: [[1. 0. 0. 0. 1. 1.]]
2024-09-20 12:49:11,099 - INFO - y new: [[-1.92547523e-05]]
2024-09-20 12:49:44,587 - INFO - Iteration: 49 / 500
2024-09-20 12:49:56,835 - INFO - X new: [[0. 1. 0. 1. 1. 1.]]
2024-09-20 12:49:56,836 - INFO - y new: [[-4.58467502e-06]]
2024-09-20 12:50:32,648 - INFO - Iteration: 50 / 500
2024-09-20 12:50:48,459 - INFO - X new: [[1.         0.         0.         0.49219546 0.49151078 1.        ]]
2024-09-20 12:50:48,460 - INFO - y new: [[-0.05788264]]
2024-09-20 12:51:22,654 - INFO - Iteration: 51 / 500
2024-09-20 12:51:40,712 - INFO - X new: [[0. 1. 1. 1. 1. 0.]]
2024-09-20 12:51:40,715 - INFO - y new: [[-0.02616192]]
2024-09-20 12:52:15,825 - INFO - Iteration: 52 / 500
2024-09-20 12:52:30,547 - INFO - X new: [[1.         1.         0.         0.6157045  0.44595227 0.        ]]
2024-09-20 12:52:30,548 - INFO - y new: [[-0.00658759]]
2024-09-20 12:53:02,253 - INFO - Iteration: 53 / 500
2024-09-20 12:53:16,762 - INFO - X new: [[0. 0. 1. 0. 1. 0.]]
2024-09-20 12:53:16,765 - INFO - y new: [[-0.00164813]]
2024-09-20 12:53:48,162 - INFO - Iteration: 54 / 500
2024-09-20 12:54:03,302 - INFO - X new: [[0. 0. 1. 1. 0. 0.]]
2024-09-20 12:54:03,304 - INFO - y new: [[-0.00012341]]
2024-09-20 12:54:44,160 - INFO - Iteration: 55 / 500
2024-09-20 12:55:00,912 - INFO - X new: [[0.         0.         1.         0.57569104 1.         1.        ]]
2024-09-20 12:55:00,913 - INFO - y new: [[-0.00247872]]
2024-09-20 12:55:35,897 - INFO - Iteration: 56 / 500
2024-09-20 12:55:50,926 - INFO - X new: [[0.         0.         1.         0.5511352  0.62398803 0.45387125]]
2024-09-20 12:55:50,929 - INFO - y new: [[-0.08003019]]
2024-09-20 12:56:26,416 - INFO - Iteration: 57 / 500
2024-09-20 12:56:37,010 - INFO - X new: [[1.         1.         1.         1.         0.38429126 0.        ]]
2024-09-20 12:56:37,012 - INFO - y new: [[-0.00110359]]
2024-09-20 12:57:12,678 - INFO - Iteration: 58 / 500
2024-09-20 12:58:02,065 - INFO - X new: [[0.20365883 0.         0.4339434  0.27707398 0.31110495 0.65218234]]
2024-09-20 12:58:02,067 - INFO - y new: [[-3.06403015]]
2024-09-20 12:58:37,173 - INFO - Iteration: 59 / 500
2024-09-20 12:59:01,601 - INFO - X new: [[1. 1. 0. 1. 0. 1.]]
2024-09-20 12:59:01,604 - INFO - y new: [[-1.75125319e-05]]
2024-09-20 12:59:37,854 - INFO - Iteration: 60 / 500
2024-09-20 13:00:01,979 - INFO - X new: [[1. 1. 0. 1. 1. 1.]]
2024-09-20 13:00:01,982 - INFO - y new: [[-2.81244792e-08]]
2024-09-20 13:00:44,051 - INFO - Iteration: 61 / 500
2024-09-20 13:02:06,905 - INFO - X new: [[0.20735666 0.06870604 0.42531976 0.274255   0.30826116 0.6589481 ]]
2024-09-20 13:02:06,907 - INFO - y new: [[-3.2276832]]
2024-09-20 13:02:40,574 - INFO - Iteration: 62 / 500
2024-09-20 13:03:35,624 - INFO - X new: [[0.21005446 0.13202573 0.41591087 0.27643123 0.31028822 0.66514766]]
2024-09-20 13:03:35,627 - INFO - y new: [[-3.28689146]]
2024-09-20 13:04:08,903 - INFO - Iteration: 63 / 500
2024-09-20 13:05:10,432 - INFO - X new: [[0.20222339 0.16563106 0.38482124 0.31469047 0.31843176 0.67551655]]
2024-09-20 13:05:10,433 - INFO - y new: [[-3.20398663]]
2024-09-20 13:05:49,041 - INFO - Iteration: 64 / 500
2024-09-20 13:06:29,012 - INFO - X new: [[0.26283705 0.18254556 0.21383983 0.23566434 0.35091507 0.6600511 ]]
2024-09-20 13:06:29,015 - INFO - y new: [[-2.76602445]]
2024-09-20 13:07:03,572 - INFO - Iteration: 65 / 500
2024-09-20 13:07:33,726 - INFO - X new: [[0.21309218 0.11392114 0.24576655 0.454926   0.32542965 0.6704522 ]]
2024-09-20 13:07:33,729 - INFO - y new: [[-2.25775787]]
2024-09-20 13:08:10,076 - INFO - Iteration: 66 / 500
2024-09-20 13:08:16,956 - INFO - X new: [[0. 0. 1. 0. 0. 1.]]
2024-09-20 13:08:16,957 - INFO - y new: [[-0.16556727]]
2024-09-20 13:08:49,246 - INFO - Iteration: 67 / 500
2024-09-20 13:09:09,307 - INFO - X new: [[0.         1.         1.         0.         0.72367847 1.        ]]
2024-09-20 13:09:09,308 - INFO - y new: [[-0.00286249]]
2024-09-20 13:09:44,972 - INFO - Iteration: 68 / 500
2024-09-20 13:10:28,759 - INFO - X new: [[0.27416128 0.19682838 0.49730796 0.2904433  0.33408365 0.82063854]]
2024-09-20 13:10:28,762 - INFO - y new: [[-2.61462383]]
2024-09-20 13:11:01,912 - INFO - Iteration: 69 / 500
2024-09-20 13:11:34,251 - INFO - X new: [[1.         0.         1.         0.         0.46574673 1.        ]]
2024-09-20 13:11:34,254 - INFO - y new: [[-0.07081574]]
2024-09-20 13:12:07,630 - INFO - Iteration: 70 / 500
2024-09-20 13:12:31,309 - INFO - X new: [[1. 0. 1. 0. 0. 0.]]
2024-09-20 13:12:31,311 - INFO - y new: [[-0.00061693]]
2024-09-20 13:13:08,827 - INFO - Iteration: 71 / 500
2024-09-20 13:13:56,414 - INFO - X new: [[0.23693375 0.18848634 0.5889164  0.27750507 0.33526635 0.6306633 ]]
2024-09-20 13:13:56,417 - INFO - y new: [[-3.11218959]]
2024-09-20 13:14:31,092 - INFO - Iteration: 72 / 500
2024-09-20 13:14:58,219 - INFO - X new: [[0.        1.        1.        0.6119342 1.        1.       ]]
2024-09-20 13:14:58,222 - INFO - y new: [[-0.00030396]]
2024-09-20 13:15:32,703 - INFO - Iteration: 73 / 500
2024-09-20 13:15:52,966 - INFO - X new: [[0.         0.37385377 1.         0.568728   0.44409236 1.        ]]
2024-09-20 13:15:52,969 - INFO - y new: [[-0.42038063]]
2024-09-20 13:16:26,397 - INFO - Iteration: 74 / 500
2024-09-20 13:16:40,291 - INFO - X new: [[0. 1. 0. 0. 1. 0.]]
2024-09-20 13:16:40,294 - INFO - y new: [[-0.00573435]]
2024-09-20 13:17:17,855 - INFO - Iteration: 75 / 500
2024-09-20 13:17:45,787 - INFO - X new: [[0.         1.         0.         1.         0.40572143 0.        ]]
2024-09-20 13:17:45,789 - INFO - y new: [[-0.02706426]]
2024-09-20 13:18:22,108 - INFO - Iteration: 76 / 500
2024-09-20 13:19:02,852 - INFO - X new: [[1. 1. 1. 0. 1. 0.]]
2024-09-20 13:19:02,855 - INFO - y new: [[-0.00023194]]
2024-09-20 13:19:42,771 - INFO - Iteration: 77 / 500
2024-09-20 13:20:51,893 - INFO - X new: [[0.31217584 0.2238326  0.49052328 0.1419008  0.34006882 0.6738837 ]]
2024-09-20 13:20:51,895 - INFO - y new: [[-2.61385148]]
2024-09-20 13:21:24,660 - INFO - Iteration: 78 / 500
2024-09-20 13:22:05,191 - INFO - X new: [[1.         1.         1.         0.         0.37197143 0.54613477]]
2024-09-20 13:22:05,193 - INFO - y new: [[-0.00779809]]
2024-09-20 13:22:44,775 - INFO - Iteration: 79 / 500
2024-09-20 13:23:37,873 - INFO - X new: [[0.2700623  0.34092346 0.4722606  0.3233734  0.4638624  0.6180628 ]]
2024-09-20 13:23:37,876 - INFO - y new: [[-1.99346006]]
2024-09-20 13:24:19,185 - INFO - Iteration: 80 / 500
2024-09-20 13:25:04,826 - INFO - X new: [[1.         1.         0.         1.         0.5080801  0.58296335]]
2024-09-20 13:25:04,827 - INFO - y new: [[-0.00011303]]
2024-09-20 13:25:47,126 - INFO - Iteration: 81 / 500
2024-09-20 13:26:14,655 - INFO - X new: [[1. 0. 1. 1. 1. 0.]]
2024-09-20 13:26:14,657 - INFO - y new: [[-2.28614622e-06]]
2024-09-20 13:26:52,269 - INFO - Iteration: 82 / 500
2024-09-20 13:27:31,738 - INFO - X new: [[0.         1.         1.         0.         0.42554644 0.        ]]
2024-09-20 13:27:31,739 - INFO - y new: [[-0.00747595]]
2024-09-20 13:28:12,047 - INFO - Iteration: 83 / 500
2024-09-20 13:28:49,733 - INFO - X new: [[1.         0.         1.         0.55413115 0.42957157 0.        ]]
2024-09-20 13:28:49,736 - INFO - y new: [[-0.00260884]]
2024-09-20 13:29:32,618 - INFO - Iteration: 84 / 500
2024-09-20 13:30:02,699 - INFO - X new: [[1. 0. 1. 1. 0. 1.]]
2024-09-20 13:30:02,702 - INFO - y new: [[-0.11498118]]
2024-09-20 13:30:40,562 - INFO - Iteration: 85 / 500
2024-09-20 13:31:24,017 - INFO - X new: [[1.         1.         0.         0.         0.64256334 1.        ]]
2024-09-20 13:31:24,019 - INFO - y new: [[-0.0008282]]
2024-09-20 13:32:08,425 - INFO - Iteration: 86 / 500
2024-09-20 13:32:16,665 - INFO - X new: [[0.5503827  0.5197022  0.6522872  0.57374567 0.4428622  0.2975076 ]]
2024-09-20 13:32:16,667 - INFO - y new: [[-0.43935466]]
2024-09-20 13:32:56,855 - INFO - Iteration: 87 / 500
2024-09-20 13:33:47,508 - INFO - X new: [[1. 0. 1. 1. 1. 1.]]
2024-09-20 13:33:47,510 - INFO - y new: [[-0.00019237]]
2024-09-20 13:34:27,466 - INFO - Iteration: 88 / 500
2024-09-20 13:35:08,144 - INFO - X new: [[0.74387294 0.7407095  0.44087476 0.45755208 0.7753871  1.        ]]
2024-09-20 13:35:08,146 - INFO - y new: [[-0.0044835]]
2024-09-20 13:35:46,696 - INFO - Iteration: 89 / 500
2024-09-20 13:36:18,408 - INFO - X new: [[1.         0.3224857  1.         0.5959945  0.36812255 0.7961883 ]]
2024-09-20 13:36:18,410 - INFO - y new: [[-0.2794051]]
2024-09-20 13:37:03,270 - INFO - Iteration: 90 / 500
2024-09-20 13:37:53,377 - INFO - X new: [[0. 1. 0. 1. 1. 0.]]
2024-09-20 13:37:53,379 - INFO - y new: [[-0.02519749]]
2024-09-20 13:38:37,605 - INFO - Iteration: 91 / 500
2024-09-20 13:38:46,428 - INFO - X new: [[0.18354236 0.61693734 0.16218492 0.41634324 0.99892867 0.6196287 ]]
2024-09-20 13:38:46,431 - INFO - y new: [[-0.02532709]]
2024-09-20 13:39:28,501 - INFO - Iteration: 92 / 500
2024-09-20 13:39:37,859 - INFO - X new: [[0.9818762  0.86793876 0.30814135 0.28399083 0.6895967  0.16620317]]
2024-09-20 13:39:37,862 - INFO - y new: [[-0.00461133]]
2024-09-20 13:40:18,732 - INFO - Iteration: 93 / 500
2024-09-20 13:40:28,409 - INFO - X new: [[0.670429   0.73471934 0.16903055 0.03463249 0.28675798 0.09679176]]
2024-09-20 13:40:28,411 - INFO - y new: [[-0.05960702]]
2024-09-20 13:41:10,470 - INFO - Iteration: 94 / 500
2024-09-20 13:41:20,373 - INFO - X new: [[0.63734293 0.5358064  0.22566247 0.5586154  0.4051064  0.4213768 ]]
2024-09-20 13:41:20,376 - INFO - y new: [[-0.3274937]]
2024-09-20 13:42:04,687 - INFO - Iteration: 95 / 500
2024-09-20 13:42:12,178 - INFO - X new: [[0.7767023  0.42859662 0.786312   0.65629697 0.24300218 0.6269809 ]]
2024-09-20 13:42:12,180 - INFO - y new: [[-0.30242121]]
2024-09-20 13:43:01,157 - INFO - Iteration: 96 / 500
2024-09-20 13:43:11,736 - INFO - X new: [[0.7741386  0.6926897  0.44592974 0.6992743  0.6444042  0.9840754 ]]
2024-09-20 13:43:11,739 - INFO - y new: [[-0.0093166]]
2024-09-20 13:44:05,629 - INFO - Iteration: 97 / 500
2024-09-20 13:44:12,780 - INFO - X new: [[0.69430506 0.30512714 0.4858408  0.36676824 0.16714191 0.23210478]]
2024-09-20 13:44:12,784 - INFO - y new: [[-0.23933541]]
2024-09-20 13:44:59,890 - INFO - Iteration: 98 / 500
2024-09-20 13:45:07,504 - INFO - X new: [[0.91377556 0.7949139  0.2904923  0.7827079  0.51518893 0.7081276 ]]
2024-09-20 13:45:07,506 - INFO - y new: [[-0.00707303]]
2024-09-20 13:45:51,740 - INFO - Iteration: 99 / 500
2024-09-20 13:45:59,572 - INFO - X new: [[0.92510414 0.7789173  0.14377677 0.56129    0.38248563 0.05750728]]
2024-09-20 13:45:59,575 - INFO - y new: [[-0.03186452]]
2024-09-20 13:46:47,363 - INFO - Iteration: 100 / 500
2024-09-20 13:46:55,489 - INFO - X new: [[0.55039656 0.5196992  0.65227914 0.57373834 0.44289565 0.29750335]]
2024-09-20 13:46:55,492 - INFO - y new: [[-0.43931783]]
2024-09-20 13:47:42,089 - INFO - Iteration: 101 / 500
2024-09-20 13:47:50,438 - INFO - X new: [[0.63733816 0.53581    0.22567832 0.5586196  0.40511954 0.42136526]]
2024-09-20 13:47:50,441 - INFO - y new: [[-0.32747733]]
2024-09-20 13:48:38,764 - INFO - Iteration: 102 / 500
2024-09-20 13:48:47,262 - INFO - X new: [[0.7767023  0.42859662 0.786312   0.65629697 0.24300218 0.6269809 ]]
2024-09-20 13:48:47,263 - INFO - y new: [[-0.30242121]]
2024-09-20 13:49:36,178 - INFO - Iteration: 103 / 500
2024-09-20 13:49:45,058 - INFO - X new: [[0.9818618  0.8679309  0.30815065 0.2840011  0.6896018  0.16619241]]
2024-09-20 13:49:45,060 - INFO - y new: [[-0.00461266]]
2024-09-20 13:50:30,190 - INFO - Iteration: 104 / 500
2024-09-20 13:50:39,449 - INFO - X new: [[0.91377556 0.7949139  0.2904923  0.7827079  0.51518893 0.7081276 ]]
2024-09-20 13:50:39,451 - INFO - y new: [[-0.00707303]]
2024-09-20 13:51:25,838 - INFO - Iteration: 105 / 500
2024-09-20 13:51:34,050 - INFO - X new: [[0.77413917 0.6926913  0.44593108 0.69926345 0.6444154  0.9840728 ]]
2024-09-20 13:51:34,053 - INFO - y new: [[-0.00931609]]
2024-09-20 13:52:30,825 - INFO - Iteration: 106 / 500
2024-09-20 13:52:47,490 - INFO - X new: [[0. 0. 0. 0. 0. 0.]]
2024-09-20 13:52:47,493 - INFO - y new: [[-0.00508911]]
2024-09-20 13:53:44,207 - INFO - Iteration: 107 / 500
2024-09-20 13:54:01,935 - INFO - X new: [[0. 0. 0. 0. 0. 0.]]
2024-09-20 13:54:01,938 - INFO - y new: [[-0.00508911]]
2024-09-20 13:54:59,349 - INFO - Iteration: 108 / 500
2024-09-20 13:55:18,547 - INFO - X new: [[0. 0. 0. 0. 0. 0.]]
2024-09-20 13:55:18,550 - INFO - y new: [[-0.00508911]]
2024-09-20 13:56:05,946 - INFO - Iteration: 109 / 500
2024-09-20 13:56:25,425 - INFO - X new: [[0. 0. 0. 0. 0. 0.]]
2024-09-20 13:56:25,428 - INFO - y new: [[-0.00508911]]
2024-09-20 13:57:16,401 - INFO - Iteration: 110 / 500
2024-09-20 13:57:47,216 - INFO - X new: [[0. 0. 0. 0. 0. 0.]]
2024-09-20 13:57:47,219 - INFO - y new: [[-0.00508911]]
2024-09-20 13:58:37,884 - INFO - Iteration: 111 / 500
2024-09-20 13:59:09,704 - INFO - X new: [[0. 0. 0. 0. 0. 0.]]
2024-09-20 13:59:09,707 - INFO - y new: [[-0.00508911]]
2024-09-20 13:59:57,571 - INFO - Iteration: 112 / 500
2024-09-20 14:00:30,960 - INFO - X new: [[0. 0. 0. 0. 0. 0.]]
2024-09-20 14:00:30,963 - INFO - y new: [[-0.00508911]]
2024-09-20 14:01:19,679 - INFO - Iteration: 113 / 500
2024-09-20 14:01:48,719 - INFO - X new: [[0. 0. 0. 0. 0. 0.]]
2024-09-20 14:01:48,721 - INFO - y new: [[-0.00508911]]
2024-09-20 14:02:39,292 - INFO - Iteration: 114 / 500
2024-09-20 14:03:09,757 - INFO - X new: [[0. 0. 0. 0. 0. 0.]]
2024-09-20 14:03:09,759 - INFO - y new: [[-0.00508911]]
2024-09-20 14:04:02,755 - INFO - Iteration: 115 / 500
2024-09-20 14:04:35,404 - INFO - X new: [[0. 0. 0. 0. 0. 0.]]
2024-09-20 14:04:35,407 - INFO - y new: [[-0.00508911]]
2024-09-20 14:05:26,852 - INFO - Iteration: 116 / 500
2024-09-20 14:06:00,972 - INFO - X new: [[0. 0. 0. 0. 0. 0.]]
2024-09-20 14:06:00,975 - INFO - y new: [[-0.00508911]]
2024-09-20 14:06:51,982 - INFO - Iteration: 117 / 500
2024-09-20 14:07:26,874 - INFO - X new: [[0. 0. 0. 0. 0. 0.]]
2024-09-20 14:07:26,876 - INFO - y new: [[-0.00508911]]
2024-09-20 14:08:23,474 - INFO - Iteration: 118 / 500
2024-09-20 14:08:59,581 - INFO - X new: [[0. 0. 0. 0. 0. 0.]]
2024-09-20 14:08:59,583 - INFO - y new: [[-0.00508911]]
2024-09-20 14:09:50,384 - INFO - Iteration: 119 / 500
2024-09-20 14:10:27,737 - INFO - X new: [[0. 0. 0. 0. 0. 0.]]
2024-09-20 14:10:27,740 - INFO - y new: [[-0.00508911]]
2024-09-20 14:11:18,022 - INFO - Iteration: 120 / 500
2024-09-20 14:11:56,182 - INFO - X new: [[0. 0. 0. 0. 0. 0.]]
2024-09-20 14:11:56,185 - INFO - y new: [[-0.00508911]]
2024-09-20 14:12:47,077 - INFO - Iteration: 121 / 500
2024-09-20 14:13:21,993 - INFO - X new: [[0. 0. 0. 0. 0. 0.]]
2024-09-20 14:13:21,996 - INFO - y new: [[-0.00508911]]
2024-09-20 14:14:10,291 - INFO - Iteration: 122 / 500
2024-09-20 14:15:11,512 - INFO - X new: [[0. 0. 0. 0. 0. 0.]]
2024-09-20 14:15:11,515 - INFO - y new: [[-0.00508911]]
2024-09-20 14:16:01,453 - INFO - Iteration: 123 / 500
2024-09-20 14:16:40,627 - INFO - X new: [[0. 0. 0. 0. 0. 0.]]
2024-09-20 14:16:40,630 - INFO - y new: [[-0.00508911]]
2024-09-20 14:17:32,360 - INFO - Iteration: 124 / 500
2024-09-20 14:18:10,460 - INFO - X new: [[0. 0. 0. 0. 0. 0.]]
2024-09-20 14:18:10,462 - INFO - y new: [[-0.00508911]]
2024-09-20 14:19:01,096 - INFO - Iteration: 125 / 500
2024-09-20 14:19:38,285 - INFO - X new: [[0. 0. 0. 0. 0. 0.]]
2024-09-20 14:19:38,287 - INFO - y new: [[-0.00508911]]
2024-09-20 14:20:29,512 - INFO - Iteration: 126 / 500
2024-09-20 14:21:27,735 - INFO - X new: [[0. 0. 0. 0. 0. 0.]]
2024-09-20 14:21:27,739 - INFO - y new: [[-0.00508911]]
2024-09-20 14:22:19,611 - INFO - Iteration: 127 / 500
2024-09-20 14:22:57,445 - INFO - X new: [[0. 0. 0. 0. 0. 0.]]
2024-09-20 14:22:57,448 - INFO - y new: [[-0.00508911]]
2024-09-20 14:23:49,314 - INFO - Iteration: 128 / 500
2024-09-20 14:24:46,195 - INFO - X new: [[0. 0. 0. 0. 0. 0.]]
2024-09-20 14:24:46,196 - INFO - y new: [[-0.00508911]]
2024-09-20 14:25:45,555 - INFO - Iteration: 129 / 500
2024-09-20 14:26:24,310 - INFO - X new: [[0. 0. 0. 0. 0. 0.]]
2024-09-20 14:26:24,311 - INFO - y new: [[-0.00508911]]
2024-09-20 14:27:51,364 - INFO - Iteration: 130 / 500
2024-09-20 14:28:29,354 - INFO - X new: [[0. 0. 0. 0. 0. 0.]]
2024-09-20 14:28:29,358 - INFO - y new: [[-0.00508911]]
