2024-09-20 11:02:22,160 - INFO - Start BO with settings: {'name': 'vanilla_bo_BraninHoo_GP_POI', 'is_x64': False, 'seed': 1, 'search_space': array([[ 0, -5],
       [15, 15]]), 'num_iterations': 500, 'initial_sample_size': 10, 'objective_function': <src.test_functions.BraninHoo object at 0x7fecf4138620>, 'acquisition': {'acq_fn_class': <function POI at 0x7fecf576df80>, 'num_samples': 50, 'num_initial_guesses': 10, 'maximize': False}, 'surrogate': {'model_class': <class 'src.gp.ExactGP'>, 'kernel': 'Matern', 'normalize': True, 'standardize': True}, 'memo': 'Experiment using BraninHoo with POI acquisition.'}
2024-09-20 11:02:22,240 - INFO - X initial: [10.68442075  4.26045494]
2024-09-20 11:02:22,241 - INFO - y initial: [7.32851053]
2024-09-20 11:02:22,241 - INFO - X initial: [ 2.3996437 12.0966867]
2024-09-20 11:02:22,242 - INFO - y initial: [87.04655827]
2024-09-20 11:02:22,242 - INFO - X initial: [ 4.17489567 -4.81044376]
2024-09-20 11:02:22,242 - INFO - y initial: [46.26875393]
2024-09-20 11:02:22,243 - INFO - X initial: [12.76900613  8.60959008]
2024-09-20 11:02:22,243 - INFO - y initial: [22.89836559]
2024-09-20 11:02:22,244 - INFO - X initial: [14.20036688 -1.41832493]
2024-09-20 11:02:22,244 - INFO - y initial: [127.50370543]
2024-09-20 11:02:22,244 - INFO - X initial: [6.38457286 5.11922149]
2024-09-20 11:02:22,245 - INFO - y initial: [35.6703481]
2024-09-20 11:02:22,245 - INFO - X initial: [0.1910717  1.97201397]
2024-09-20 11:02:22,245 - INFO - y initial: [33.32984145]
2024-09-20 11:02:22,246 - INFO - X initial: [ 9.25370003 14.17087773]
2024-09-20 11:02:22,246 - INFO - y initial: [140.63853595]
2024-09-20 11:02:22,544 - INFO - Unable to initialize backend 'rocm': module 'jaxlib.xla_extension' has no attribute 'GpuAllocatorConfig'
2024-09-20 11:02:22,554 - INFO - Unable to initialize backend 'tpu': INTERNAL: Failed to open libtpu.so: libtpu.so: cannot open shared object file: No such file or directory
2024-09-20 11:02:28,995 - INFO - Iteration: 1 / 500
2024-09-20 11:02:32,691 - INFO - X new: [[10.827177   4.9038887]]
2024-09-20 11:02:32,797 - INFO - y new: [[9.374456]]
2024-09-20 11:02:37,222 - INFO - Iteration: 2 / 500
2024-09-20 11:02:39,257 - INFO - X new: [[11.05325   5.009207]]
2024-09-20 11:02:39,258 - INFO - y new: [[11.222575]]
2024-09-20 11:02:43,641 - INFO - Iteration: 3 / 500
2024-09-20 11:02:45,683 - INFO - X new: [[11.22008    5.0929775]]
2024-09-20 11:02:45,686 - INFO - y new: [[12.609945]]
2024-09-20 11:02:50,468 - INFO - Iteration: 4 / 500
2024-09-20 11:02:52,815 - INFO - X new: [[11.561192  5.394044]]
2024-09-20 11:02:52,816 - INFO - y new: [[15.424174]]
2024-09-20 11:02:59,156 - INFO - Iteration: 5 / 500
2024-09-20 11:03:02,196 - INFO - X new: [[11.450062  5.033139]]
2024-09-20 11:03:02,198 - INFO - y new: [[14.317671]]
2024-09-20 11:03:08,996 - INFO - Iteration: 6 / 500
2024-09-20 11:03:11,431 - INFO - X new: [[15.        6.028145]]
2024-09-20 11:03:11,434 - INFO - y new: [[29.383945]]
2024-09-20 11:03:18,136 - INFO - Iteration: 7 / 500
2024-09-20 11:03:20,832 - INFO - X new: [[10.7145815  4.308757 ]]
2024-09-20 11:03:20,834 - INFO - y new: [[7.619064]]
2024-09-20 11:03:28,584 - INFO - Iteration: 8 / 500
2024-09-20 11:03:31,129 - INFO - X new: [[9.752999  3.8691206]]
2024-09-20 11:03:31,132 - INFO - y new: [[2.1278362]]
2024-09-20 11:03:38,593 - INFO - Iteration: 9 / 500
2024-09-20 11:03:41,318 - INFO - X new: [[15.         3.8007994]]
2024-09-20 11:03:41,319 - INFO - y new: [[57.35408]]
2024-09-20 11:03:49,547 - INFO - Iteration: 10 / 500
2024-09-20 11:03:54,560 - INFO - X new: [[9.142632  3.7472734]]
2024-09-20 11:03:54,561 - INFO - y new: [[3.0275116]]
2024-09-20 11:04:03,167 - INFO - Iteration: 11 / 500
2024-09-20 11:04:06,908 - INFO - X new: [[8.453334  2.4066849]]
2024-09-20 11:04:06,911 - INFO - y new: [[4.979274]]
2024-09-20 11:04:15,603 - INFO - Iteration: 12 / 500
2024-09-20 11:04:19,962 - INFO - X new: [[9.091436  3.1834888]]
2024-09-20 11:04:19,963 - INFO - y new: [[1.8776798]]
2024-09-20 11:04:28,685 - INFO - Iteration: 13 / 500
2024-09-20 11:04:34,438 - INFO - X new: [[5.7481017 0.4324484]]
2024-09-20 11:04:34,440 - INFO - y new: [[18.732655]]
2024-09-20 11:04:43,824 - INFO - Iteration: 14 / 500
2024-09-20 11:04:48,681 - INFO - X new: [[8.862561  0.8990121]]
2024-09-20 11:04:48,684 - INFO - y new: [[3.181376]]
2024-09-20 11:04:58,556 - INFO - Iteration: 15 / 500
2024-09-20 11:05:02,166 - INFO - X new: [[ 0. -5.]]
2024-09-20 11:05:02,168 - INFO - y new: [[140.60211]]
2024-09-20 11:05:12,054 - INFO - Iteration: 16 / 500
2024-09-20 11:05:16,627 - INFO - X new: [[ 7.7601047 -5.       ]]
2024-09-20 11:05:16,629 - INFO - y new: [[52.229584]]
2024-09-20 11:05:27,113 - INFO - Iteration: 17 / 500
2024-09-20 11:05:30,234 - INFO - X new: [[ 0. -5.]]
2024-09-20 11:05:30,237 - INFO - y new: [[140.60211]]
2024-09-20 11:05:40,712 - INFO - Iteration: 18 / 500
2024-09-20 11:05:44,566 - INFO - X new: [[ 0. -5.]]
2024-09-20 11:05:44,568 - INFO - y new: [[140.60211]]
2024-09-20 11:05:55,486 - INFO - Iteration: 19 / 500
2024-09-20 11:05:59,667 - INFO - X new: [[ 0. -5.]]
2024-09-20 11:05:59,669 - INFO - y new: [[140.60211]]
2024-09-20 11:06:11,579 - INFO - Iteration: 20 / 500
2024-09-20 11:06:15,958 - INFO - X new: [[ 0. -5.]]
2024-09-20 11:06:15,959 - INFO - y new: [[140.60211]]
2024-09-20 11:06:28,419 - INFO - Iteration: 21 / 500
2024-09-20 11:06:32,609 - INFO - X new: [[ 0. -5.]]
2024-09-20 11:06:32,612 - INFO - y new: [[140.60211]]
2024-09-20 11:06:44,352 - INFO - Iteration: 22 / 500
2024-09-20 11:06:49,076 - INFO - X new: [[ 0. -5.]]
2024-09-20 11:06:49,078 - INFO - y new: [[140.60211]]
2024-09-20 11:07:02,293 - INFO - Iteration: 23 / 500
2024-09-20 11:07:07,331 - INFO - X new: [[ 0. -5.]]
2024-09-20 11:07:07,333 - INFO - y new: [[140.60211]]
2024-09-20 11:07:20,198 - INFO - Iteration: 24 / 500
2024-09-20 11:07:24,896 - INFO - X new: [[ 0. -5.]]
2024-09-20 11:07:24,898 - INFO - y new: [[140.60211]]
2024-09-20 11:07:51,930 - INFO - Iteration: 25 / 500
2024-09-20 11:07:54,454 - INFO - X new: [[ 0. -5.]]
2024-09-20 11:07:54,455 - INFO - y new: [[140.60211]]
2024-09-20 11:08:20,657 - INFO - Iteration: 26 / 500
2024-09-20 11:08:22,919 - INFO - X new: [[ 0. -5.]]
2024-09-20 11:08:22,922 - INFO - y new: [[140.60211]]
2024-09-20 11:08:42,943 - INFO - Iteration: 27 / 500
2024-09-20 11:08:45,126 - INFO - X new: [[ 0. -5.]]
2024-09-20 11:08:45,129 - INFO - y new: [[140.60211]]
2024-09-20 11:09:09,557 - INFO - Iteration: 28 / 500
2024-09-20 11:09:11,862 - INFO - X new: [[ 0. -5.]]
2024-09-20 11:09:11,863 - INFO - y new: [[140.60211]]
2024-09-20 11:09:36,656 - INFO - Iteration: 29 / 500
2024-09-20 11:09:39,006 - INFO - X new: [[ 0. -5.]]
2024-09-20 11:09:39,009 - INFO - y new: [[140.60211]]
2024-09-20 11:10:02,694 - INFO - Iteration: 30 / 500
2024-09-20 11:10:05,100 - INFO - X new: [[ 0. -5.]]
2024-09-20 11:10:05,102 - INFO - y new: [[140.60211]]
2024-09-20 11:10:30,448 - INFO - Iteration: 31 / 500
2024-09-20 11:10:32,937 - INFO - X new: [[ 0. -5.]]
2024-09-20 11:10:32,939 - INFO - y new: [[140.60211]]
2024-09-20 11:11:04,620 - INFO - Iteration: 32 / 500
2024-09-20 11:11:07,216 - INFO - X new: [[ 0. -5.]]
2024-09-20 11:11:07,218 - INFO - y new: [[140.60211]]
2024-09-20 11:11:43,028 - INFO - Iteration: 33 / 500
2024-09-20 11:11:45,390 - INFO - X new: [[ 0. -5.]]
2024-09-20 11:11:45,393 - INFO - y new: [[140.60211]]
2024-09-20 11:12:15,270 - INFO - Iteration: 34 / 500
2024-09-20 11:12:17,741 - INFO - X new: [[ 0. -5.]]
2024-09-20 11:12:17,743 - INFO - y new: [[140.60211]]
2024-09-20 11:12:38,803 - INFO - Iteration: 35 / 500
2024-09-20 11:12:41,326 - INFO - X new: [[ 0. -5.]]
2024-09-20 11:12:41,329 - INFO - y new: [[140.60211]]
2024-09-20 11:13:11,226 - INFO - Iteration: 36 / 500
2024-09-20 11:13:13,838 - INFO - X new: [[ 0. -5.]]
2024-09-20 11:13:13,841 - INFO - y new: [[140.60211]]
2024-09-20 11:23:35,913 - INFO - Iteration: 37 / 500
2024-09-20 11:23:40,063 - INFO - X new: [[ 0. -5.]]
2024-09-20 11:23:40,065 - INFO - y new: [[140.60211]]
2024-09-20 11:28:14,397 - INFO - Iteration: 38 / 500
2024-09-20 11:28:17,885 - INFO - X new: [[ 0. -5.]]
2024-09-20 11:28:17,887 - INFO - y new: [[140.60211]]
2024-09-20 11:34:42,507 - INFO - Iteration: 39 / 500
2024-09-20 11:34:45,359 - INFO - X new: [[ 0. -5.]]
2024-09-20 11:34:45,362 - INFO - y new: [[140.60211]]
2024-09-20 11:44:36,293 - INFO - Iteration: 40 / 500
2024-09-20 11:44:40,018 - INFO - X new: [[ 0. -5.]]
2024-09-20 11:44:40,020 - INFO - y new: [[140.60211]]
2024-09-20 11:52:31,901 - INFO - Iteration: 41 / 500
2024-09-20 11:52:35,352 - INFO - X new: [[ 0. -5.]]
2024-09-20 11:52:35,355 - INFO - y new: [[140.60211]]
2024-09-20 12:02:48,505 - INFO - Iteration: 42 / 500
2024-09-20 12:02:52,184 - INFO - X new: [[ 0. -5.]]
2024-09-20 12:02:52,186 - INFO - y new: [[140.60211]]
2024-09-20 12:10:13,757 - INFO - Iteration: 43 / 500
2024-09-20 12:10:17,819 - INFO - X new: [[ 0. -5.]]
2024-09-20 12:10:17,822 - INFO - y new: [[140.60211]]
2024-09-20 12:35:33,895 - INFO - Iteration: 44 / 500
2024-09-20 12:35:37,186 - INFO - X new: [[ 0. -5.]]
2024-09-20 12:35:37,188 - INFO - y new: [[140.60211]]
2024-09-20 12:47:54,853 - INFO - Iteration: 45 / 500
2024-09-20 12:47:58,139 - INFO - X new: [[ 0. -5.]]
2024-09-20 12:47:58,142 - INFO - y new: [[140.60211]]
2024-09-20 13:07:28,788 - INFO - Iteration: 46 / 500
2024-09-20 13:07:32,279 - INFO - X new: [[ 0. -5.]]
2024-09-20 13:07:32,281 - INFO - y new: [[140.60211]]
2024-09-20 13:37:18,399 - INFO - Iteration: 47 / 500
2024-09-20 13:37:23,169 - INFO - X new: [[ 0. -5.]]
2024-09-20 13:37:23,171 - INFO - y new: [[140.60211]]
2024-09-20 14:09:04,039 - INFO - Iteration: 48 / 500
2024-09-20 14:09:07,828 - INFO - X new: [[ 0. -5.]]
2024-09-20 14:09:07,830 - INFO - y new: [[140.60211]]
2024-09-20 14:22:12,401 - INFO - Iteration: 49 / 500
2024-09-20 14:22:16,937 - INFO - X new: [[ 0. -5.]]
2024-09-20 14:22:16,939 - INFO - y new: [[140.60211]]
2024-09-20 14:35:38,010 - INFO - Iteration: 50 / 500
2024-09-20 14:35:41,571 - INFO - X new: [[ 0. -5.]]
2024-09-20 14:35:41,573 - INFO - y new: [[140.60211]]
2024-09-20 14:51:35,356 - INFO - Iteration: 51 / 500
2024-09-20 14:51:40,476 - INFO - X new: [[ 0. -5.]]
2024-09-20 14:51:40,480 - INFO - y new: [[140.60211]]
2024-09-20 15:01:13,436 - INFO - Iteration: 52 / 500
2024-09-20 15:01:17,418 - INFO - X new: [[ 0. -5.]]
2024-09-20 15:01:17,420 - INFO - y new: [[140.60211]]
