2024-09-20 11:02:22,160 - INFO - Start BO with settings: {'name': 'vanilla_bo_BraninHoo_GP_EI', 'is_x64': False, 'seed': 1, 'search_space': array([[ 0, -5],
       [15, 15]]), 'num_iterations': 500, 'initial_sample_size': 10, 'objective_function': <src.test_functions.BraninHoo object at 0x7fc86a4e7200>, 'acquisition': {'acq_fn_class': <function EI at 0x7fc7d57cdda0>, 'num_samples': 50, 'num_initial_guesses': 10, 'maximize': False}, 'surrogate': {'model_class': <class 'src.gp.ExactGP'>, 'kernel': 'Matern', 'normalize': True, 'standardize': True}, 'memo': 'Experiment using BraninHoo with EI acquisition.'}
2024-09-20 11:02:22,240 - INFO - X initial: [1.21672954 1.13298001]
2024-09-20 11:02:22,240 - INFO - y initial: [23.07473059]
2024-09-20 11:02:22,241 - INFO - X initial: [13.89995358 14.30755381]
2024-09-20 11:02:22,241 - INFO - y initial: [42.18221325]
2024-09-20 11:02:22,241 - INFO - X initial: [ 9.34703533 -1.06317867]
2024-09-20 11:02:22,241 - INFO - y initial: [12.49127168]
2024-09-20 11:02:22,241 - INFO - X initial: [6.00585228 5.91991374]
2024-09-20 11:02:22,242 - INFO - y initial: [42.45609307]
2024-09-20 11:02:22,242 - INFO - X initial: [ 5.27006174 -4.3006015 ]
2024-09-20 11:02:22,242 - INFO - y initial: [45.34201655]
2024-09-20 11:02:22,242 - INFO - X initial: [9.37761276 8.85306768]
2024-09-20 11:02:22,242 - INFO - y initial: [41.59370799]
2024-09-20 11:02:22,242 - INFO - X initial: [12.34666826  4.06964347]
2024-09-20 11:02:22,243 - INFO - y initial: [23.26378613]
2024-09-20 11:02:22,243 - INFO - X initial: [ 2.53721297 11.07089391]
2024-09-20 11:02:22,243 - INFO - y initial: [70.61379281]
2024-09-20 11:02:22,544 - INFO - Unable to initialize backend 'rocm': module 'jaxlib.xla_extension' has no attribute 'GpuAllocatorConfig'
2024-09-20 11:02:22,552 - INFO - Unable to initialize backend 'tpu': INTERNAL: Failed to open libtpu.so: libtpu.so: cannot open shared object file: No such file or directory
2024-09-20 11:02:28,841 - INFO - Iteration: 1 / 500
2024-09-20 11:02:32,325 - INFO - X new: [[15.         -0.24821568]]
2024-09-20 11:02:32,428 - INFO - y new: [[133.6131]]
2024-09-20 11:02:36,550 - INFO - Iteration: 2 / 500
2024-09-20 11:02:38,503 - INFO - X new: [[ 7.997587  -1.9576933]]
2024-09-20 11:02:38,504 - INFO - y new: [[20.819613]]
2024-09-20 11:02:42,506 - INFO - Iteration: 3 / 500
2024-09-20 11:02:44,659 - INFO - X new: [[8.321289  1.4235644]]
2024-09-20 11:02:44,660 - INFO - y new: [[5.751644]]
2024-09-20 11:02:48,956 - INFO - Iteration: 4 / 500
2024-09-20 11:02:51,184 - INFO - X new: [[8.427988  1.3182373]]
2024-09-20 11:02:51,186 - INFO - y new: [[4.9834538]]
2024-09-20 11:02:57,619 - INFO - Iteration: 5 / 500
2024-09-20 11:02:59,923 - INFO - X new: [[8.519795  1.3720365]]
2024-09-20 11:02:59,926 - INFO - y new: [[4.2671576]]
2024-09-20 11:03:06,984 - INFO - Iteration: 6 / 500
2024-09-20 11:03:09,818 - INFO - X new: [[8.566445  1.4302735]]
2024-09-20 11:03:09,819 - INFO - y new: [[3.8960538]]
2024-09-20 11:03:17,754 - INFO - Iteration: 7 / 500
2024-09-20 11:03:20,529 - INFO - X new: [[8.612522  1.8156505]]
2024-09-20 11:03:20,530 - INFO - y new: [[3.3985953]]
2024-09-20 11:03:28,761 - INFO - Iteration: 8 / 500
2024-09-20 11:03:31,582 - INFO - X new: [[8.743048  1.6678958]]
2024-09-20 11:03:31,584 - INFO - y new: [[2.6294336]]
2024-09-20 11:03:39,888 - INFO - Iteration: 9 / 500
2024-09-20 11:03:42,563 - INFO - X new: [[10.373122   2.9969764]]
2024-09-20 11:03:42,566 - INFO - y new: [[4.557048]]
2024-09-20 11:03:51,745 - INFO - Iteration: 10 / 500
2024-09-20 11:03:55,665 - INFO - X new: [[9.603741 2.553053]]
2024-09-20 11:03:55,667 - INFO - y new: [[0.55717945]]
2024-09-20 11:04:04,459 - INFO - Iteration: 11 / 500
2024-09-20 11:04:08,265 - INFO - X new: [[9.539788  3.2790108]]
2024-09-20 11:04:08,268 - INFO - y new: [[0.9587536]]
2024-09-20 11:04:17,323 - INFO - Iteration: 12 / 500
2024-09-20 11:04:21,623 - INFO - X new: [[11.214391  6.354685]]
2024-09-20 11:04:21,624 - INFO - y new: [[15.911747]]
2024-09-20 11:04:31,213 - INFO - Iteration: 13 / 500
2024-09-20 11:04:35,480 - INFO - X new: [[9.416757  3.0533886]]
2024-09-20 11:04:35,481 - INFO - y new: [[0.74059105]]
2024-09-20 11:04:44,946 - INFO - Iteration: 14 / 500
2024-09-20 11:04:49,126 - INFO - X new: [[15.        9.106889]]
2024-09-20 11:04:49,127 - INFO - y new: [[7.058388]]
2024-09-20 11:04:58,783 - INFO - Iteration: 15 / 500
2024-09-20 11:05:03,423 - INFO - X new: [[13.178464  9.464522]]
2024-09-20 11:05:03,425 - INFO - y new: [[21.870743]]
2024-09-20 11:05:13,677 - INFO - Iteration: 16 / 500
2024-09-20 11:05:17,905 - INFO - X new: [[10.088282  4.096484]]
2024-09-20 11:05:17,907 - INFO - y new: [[3.444964]]
2024-09-20 11:05:28,001 - INFO - Iteration: 17 / 500
2024-09-20 11:05:34,065 - INFO - X new: [[9.022771  1.5929818]]
2024-09-20 11:05:34,067 - INFO - y new: [[1.4812565]]
2024-09-20 11:05:44,558 - INFO - Iteration: 18 / 500
2024-09-20 11:05:51,498 - INFO - X new: [[9.022771  1.5929818]]
2024-09-20 11:05:51,500 - INFO - y new: [[1.4812565]]
2024-09-20 11:06:02,565 - INFO - Iteration: 19 / 500
2024-09-20 11:06:09,745 - INFO - X new: [[9.022771  1.5929818]]
2024-09-20 11:06:09,747 - INFO - y new: [[1.4812565]]
2024-09-20 11:06:21,311 - INFO - Iteration: 20 / 500
2024-09-20 11:06:29,572 - INFO - X new: [[13.303188   -0.64315796]]
2024-09-20 11:06:29,573 - INFO - y new: [[86.54835]]
2024-09-20 11:06:41,405 - INFO - Iteration: 21 / 500
2024-09-20 11:06:50,023 - INFO - X new: [[9.022771  1.5929818]]
2024-09-20 11:06:50,024 - INFO - y new: [[1.4812565]]
2024-09-20 11:07:02,292 - INFO - Iteration: 22 / 500
2024-09-20 11:07:11,268 - INFO - X new: [[13.303188   -0.64315796]]
2024-09-20 11:07:11,271 - INFO - y new: [[86.54835]]
2024-09-20 11:07:24,098 - INFO - Iteration: 23 / 500
2024-09-20 11:07:34,109 - INFO - X new: [[13.303188   -0.64315796]]
2024-09-20 11:07:34,112 - INFO - y new: [[86.54835]]
2024-09-20 11:07:47,459 - INFO - Iteration: 24 / 500
2024-09-20 11:07:57,948 - INFO - X new: [[13.303188   -0.64315796]]
2024-09-20 11:07:57,951 - INFO - y new: [[86.54835]]
2024-09-20 11:08:24,631 - INFO - Iteration: 25 / 500
2024-09-20 11:08:31,646 - INFO - X new: [[13.303188   -0.64315796]]
2024-09-20 11:08:31,648 - INFO - y new: [[86.54835]]
2024-09-20 11:08:57,384 - INFO - Iteration: 26 / 500
2024-09-20 11:09:05,460 - INFO - X new: [[13.303188   -0.64315796]]
2024-09-20 11:09:05,461 - INFO - y new: [[86.54835]]
2024-09-20 11:09:32,651 - INFO - Iteration: 27 / 500
2024-09-20 11:09:40,320 - INFO - X new: [[13.303188   -0.64315796]]
2024-09-20 11:09:40,323 - INFO - y new: [[86.54835]]
2024-09-20 11:10:08,610 - INFO - Iteration: 28 / 500
2024-09-20 11:10:17,489 - INFO - X new: [[13.303188   -0.64315796]]
2024-09-20 11:10:17,491 - INFO - y new: [[86.54835]]
2024-09-20 11:10:41,653 - INFO - Iteration: 29 / 500
2024-09-20 11:10:50,572 - INFO - X new: [[13.303188   -0.64315796]]
2024-09-20 11:10:50,573 - INFO - y new: [[86.54835]]
2024-09-20 11:11:21,829 - INFO - Iteration: 30 / 500
2024-09-20 11:11:32,278 - INFO - X new: [[13.303188   -0.64315796]]
2024-09-20 11:11:32,281 - INFO - y new: [[86.54835]]
2024-09-20 11:11:56,971 - INFO - Iteration: 31 / 500
2024-09-20 11:12:06,821 - INFO - X new: [[13.303188   -0.64315796]]
2024-09-20 11:12:06,823 - INFO - y new: [[86.54835]]
2024-09-20 11:12:39,076 - INFO - Iteration: 32 / 500
2024-09-20 11:12:49,470 - INFO - X new: [[13.303188   -0.64315796]]
2024-09-20 11:12:49,473 - INFO - y new: [[86.54835]]
2024-09-20 11:13:11,046 - INFO - Iteration: 33 / 500
2024-09-20 11:13:20,702 - INFO - X new: [[13.303188   -0.64315796]]
2024-09-20 11:13:20,705 - INFO - y new: [[86.54835]]
2024-09-20 11:21:20,904 - INFO - Iteration: 34 / 500
2024-09-20 11:21:31,097 - INFO - X new: [[12.814113   7.6277065]]
2024-09-20 11:21:31,100 - INFO - y new: [[19.96458]]
2024-09-20 11:22:01,641 - INFO - Iteration: 35 / 500
2024-09-20 11:22:12,203 - INFO - X new: [[12.814113   7.6277065]]
2024-09-20 11:22:12,205 - INFO - y new: [[19.96458]]
2024-09-20 11:33:29,978 - INFO - Iteration: 36 / 500
2024-09-20 11:33:41,296 - INFO - X new: [[12.814113   7.6277065]]
2024-09-20 11:33:41,298 - INFO - y new: [[19.96458]]
2024-09-20 11:40:21,771 - INFO - Iteration: 37 / 500
2024-09-20 11:40:33,399 - INFO - X new: [[12.814113   7.6277065]]
2024-09-20 11:40:33,401 - INFO - y new: [[19.96458]]
2024-09-20 11:44:34,804 - INFO - Iteration: 38 / 500
2024-09-20 11:44:38,613 - INFO - X new: [[12.878753  7.254282]]
2024-09-20 11:44:38,614 - INFO - y new: [[19.242786]]
2024-09-20 11:45:27,918 - INFO - Iteration: 39 / 500
2024-09-20 11:45:40,875 - INFO - X new: [[12.814113   7.6277065]]
2024-09-20 11:45:40,877 - INFO - y new: [[19.96458]]
2024-09-20 11:59:45,762 - INFO - Iteration: 40 / 500
2024-09-20 11:59:59,342 - INFO - X new: [[12.814113   7.6277065]]
2024-09-20 11:59:59,345 - INFO - y new: [[19.96458]]
2024-09-20 12:10:30,644 - INFO - Iteration: 41 / 500
2024-09-20 12:10:43,044 - INFO - X new: [[12.814113   7.6277065]]
2024-09-20 12:10:43,046 - INFO - y new: [[19.96458]]
2024-09-20 12:25:06,800 - INFO - Iteration: 42 / 500
2024-09-20 12:25:20,220 - INFO - X new: [[12.814113   7.6277065]]
2024-09-20 12:25:20,222 - INFO - y new: [[19.96458]]
2024-09-20 12:36:18,295 - INFO - Iteration: 43 / 500
2024-09-20 12:36:33,532 - INFO - X new: [[12.814113   7.6277065]]
2024-09-20 12:36:33,534 - INFO - y new: [[19.96458]]
2024-09-20 12:52:54,828 - INFO - Iteration: 44 / 500
2024-09-20 12:53:11,467 - INFO - X new: [[12.814113   7.6277065]]
2024-09-20 12:53:11,469 - INFO - y new: [[19.96458]]
2024-09-20 13:02:34,191 - INFO - Iteration: 45 / 500
2024-09-20 13:02:51,395 - INFO - X new: [[12.814113   7.6277065]]
2024-09-20 13:02:51,398 - INFO - y new: [[19.96458]]
2024-09-20 13:26:10,985 - INFO - Iteration: 46 / 500
2024-09-20 13:26:29,801 - INFO - X new: [[12.814113   7.6277065]]
2024-09-20 13:26:29,802 - INFO - y new: [[19.96458]]
2024-09-20 13:36:35,070 - INFO - Iteration: 47 / 500
2024-09-20 13:36:54,507 - INFO - X new: [[12.814113   7.6277065]]
2024-09-20 13:36:54,509 - INFO - y new: [[19.96458]]
2024-09-20 13:54:36,271 - INFO - Iteration: 48 / 500
2024-09-20 13:54:57,588 - INFO - X new: [[12.814113   7.6277065]]
2024-09-20 13:54:57,589 - INFO - y new: [[19.96458]]
2024-09-20 14:07:42,182 - INFO - Iteration: 49 / 500
2024-09-20 14:08:00,040 - INFO - X new: [[12.814113   7.6277065]]
2024-09-20 14:08:00,043 - INFO - y new: [[19.96458]]
2024-09-20 14:20:46,512 - INFO - Iteration: 50 / 500
2024-09-20 14:21:06,167 - INFO - X new: [[12.814113   7.6277065]]
2024-09-20 14:21:06,169 - INFO - y new: [[19.96458]]
2024-09-20 14:40:41,664 - INFO - Iteration: 51 / 500
2024-09-20 14:41:02,746 - INFO - X new: [[12.814113   7.6277065]]
2024-09-20 14:41:02,747 - INFO - y new: [[19.96458]]
