2024-09-20 11:02:22,159 - INFO - Start BO with settings: {'name': 'vanilla_bo_SinusoidaSynthetic_TP_POI', 'is_x64': False, 'seed': 1, 'search_space': array([[ 5],
       [10]]), 'num_iterations': 500, 'initial_sample_size': 10, 'objective_function': <src.test_functions.SinusoidaSynthetic object at 0x7f2b4404f1a0>, 'acquisition': {'acq_fn_class': <function POI_TP at 0x7f2aaf240c20>, 'num_samples': 50, 'num_initial_guesses': 10, 'maximize': False}, 'surrogate': {'model_class': <class 'src.tp.TP_v2'>, 'kernel': 'Matern', 'normalize': True, 'standardize': True}, 'memo': 'Experiment using SinusoidaSynthetic with POI acquisition.'}
2024-09-20 11:02:22,241 - INFO - X initial: [8.34531093]
2024-09-20 11:02:22,241 - INFO - y initial: [-53.82718624]
2024-09-20 11:02:22,242 - INFO - X initial: [7.39903878]
2024-09-20 11:02:22,242 - INFO - y initial: [38.98417157]
2024-09-20 11:02:22,243 - INFO - X initial: [5.35922294]
2024-09-20 11:02:22,243 - INFO - y initial: [14.13656538]
2024-09-20 11:02:22,244 - INFO - X initial: [8.82747135]
2024-09-20 11:02:22,244 - INFO - y initial: [-13.69980392]
2024-09-20 11:02:22,244 - INFO - X initial: [9.53538578]
2024-09-20 11:02:22,245 - INFO - y initial: [69.90605954]
2024-09-20 11:02:22,245 - INFO - X initial: [6.12588522]
2024-09-20 11:02:22,245 - INFO - y initial: [-25.60367083]
2024-09-20 11:02:22,246 - INFO - X initial: [6.58370659]
2024-09-20 11:02:22,246 - INFO - y initial: [-14.4132363]
2024-09-20 11:02:22,247 - INFO - X initial: [7.51029582]
2024-09-20 11:02:22,247 - INFO - y initial: [34.12977878]
2024-09-20 11:02:22,542 - INFO - Unable to initialize backend 'rocm': module 'jaxlib.xla_extension' has no attribute 'GpuAllocatorConfig'
2024-09-20 11:02:22,551 - INFO - Unable to initialize backend 'tpu': INTERNAL: Failed to open libtpu.so: libtpu.so: cannot open shared object file: No such file or directory
2024-09-20 11:02:29,510 - INFO - Iteration: 1 / 500
2024-09-20 11:02:35,275 - INFO - X new: [[5.9976935]]
2024-09-20 11:02:35,368 - INFO - y new: [[-20.703947]]
2024-09-20 11:02:40,106 - INFO - Iteration: 2 / 500
2024-09-20 11:02:43,877 - INFO - X new: [[6.0362396]]
2024-09-20 11:02:43,878 - INFO - y new: [[-22.45868]]
2024-09-20 11:02:48,949 - INFO - Iteration: 3 / 500
2024-09-20 11:02:53,370 - INFO - X new: [[6.1430383]]
2024-09-20 11:02:53,371 - INFO - y new: [[-26.036146]]
2024-09-20 11:02:58,776 - INFO - Iteration: 4 / 500
2024-09-20 11:03:03,474 - INFO - X new: [[8.38]]
2024-09-20 11:03:03,475 - INFO - y new: [[-54.434532]]
2024-09-20 11:03:11,868 - INFO - Iteration: 5 / 500
2024-09-20 11:03:15,155 - INFO - X new: [[8.378273]]
2024-09-20 11:03:15,157 - INFO - y new: [[-54.417477]]
2024-09-20 11:03:25,151 - INFO - Iteration: 6 / 500
2024-09-20 11:03:29,464 - INFO - X new: [[8.376709]]
2024-09-20 11:03:29,465 - INFO - y new: [[-54.400833]]
2024-09-20 11:03:38,145 - INFO - Iteration: 7 / 500
2024-09-20 11:03:43,122 - INFO - X new: [[8.373974]]
2024-09-20 11:03:43,123 - INFO - y new: [[-54.368984]]
2024-09-20 11:03:51,870 - INFO - Iteration: 8 / 500
2024-09-20 11:03:56,682 - INFO - X new: [[8.194286]]
2024-09-20 11:03:56,683 - INFO - y new: [[-45.15874]]
2024-09-20 11:04:05,139 - INFO - Iteration: 9 / 500
2024-09-20 11:04:10,065 - INFO - X new: [[8.460987]]
2024-09-20 11:04:10,066 - INFO - y new: [[-53.644062]]
2024-09-20 11:04:19,078 - INFO - Iteration: 10 / 500
2024-09-20 11:04:22,300 - INFO - X new: [[8.543911]]
2024-09-20 11:04:22,301 - INFO - y new: [[-49.573433]]
2024-09-20 11:04:31,674 - INFO - Iteration: 11 / 500
2024-09-20 11:04:35,064 - INFO - X new: [[5.]]
2024-09-20 11:04:35,064 - INFO - y new: [[15.3823595]]
2024-09-20 11:04:44,671 - INFO - Iteration: 12 / 500
2024-09-20 11:04:48,759 - INFO - X new: [[8.325991]]
2024-09-20 11:04:48,760 - INFO - y new: [[-53.25114]]
2024-09-20 11:04:59,039 - INFO - Iteration: 13 / 500
2024-09-20 11:05:02,920 - INFO - X new: [[8.021936]]
2024-09-20 11:05:02,922 - INFO - y new: [[-26.039234]]
2024-09-20 11:05:13,114 - INFO - Iteration: 14 / 500
2024-09-20 11:05:16,360 - INFO - X new: [[10.]]
2024-09-20 11:05:16,361 - INFO - y new: [[-6.8019304]]
2024-09-20 11:05:27,205 - INFO - Iteration: 15 / 500
2024-09-20 11:05:31,522 - INFO - X new: [[5.]]
2024-09-20 11:05:31,523 - INFO - y new: [[15.3823595]]
2024-09-20 11:05:42,383 - INFO - Iteration: 16 / 500
2024-09-20 11:05:46,334 - INFO - X new: [[5.]]
2024-09-20 11:05:46,335 - INFO - y new: [[15.3823595]]
2024-09-20 11:05:57,109 - INFO - Iteration: 17 / 500
2024-09-20 11:06:00,051 - INFO - X new: [[5.]]
2024-09-20 11:06:00,052 - INFO - y new: [[15.3823595]]
2024-09-20 11:06:11,174 - INFO - Iteration: 18 / 500
2024-09-20 11:06:14,967 - INFO - X new: [[5.]]
2024-09-20 11:06:14,968 - INFO - y new: [[15.3823595]]
2024-09-20 11:06:26,821 - INFO - Iteration: 19 / 500
2024-09-20 11:06:31,485 - INFO - X new: [[5.]]
2024-09-20 11:06:31,486 - INFO - y new: [[15.3823595]]
2024-09-20 11:06:43,931 - INFO - Iteration: 20 / 500
2024-09-20 11:06:48,446 - INFO - X new: [[5.]]
2024-09-20 11:06:48,448 - INFO - y new: [[15.3823595]]
2024-09-20 11:07:01,663 - INFO - Iteration: 21 / 500
2024-09-20 11:07:05,608 - INFO - X new: [[5.]]
2024-09-20 11:07:05,609 - INFO - y new: [[15.3823595]]
2024-09-20 11:07:19,454 - INFO - Iteration: 22 / 500
2024-09-20 11:07:24,284 - INFO - X new: [[5.]]
2024-09-20 11:07:24,286 - INFO - y new: [[15.3823595]]
2024-09-20 11:07:38,168 - INFO - Iteration: 23 / 500
2024-09-20 11:07:43,365 - INFO - X new: [[5.]]
2024-09-20 11:07:43,366 - INFO - y new: [[15.3823595]]
2024-09-20 11:07:57,041 - INFO - Iteration: 24 / 500
2024-09-20 11:08:02,968 - INFO - X new: [[5.]]
2024-09-20 11:08:02,969 - INFO - y new: [[15.3823595]]
2024-09-20 11:21:54,548 - INFO - Iteration: 25 / 500
2024-09-20 11:21:56,915 - INFO - X new: [[5.]]
2024-09-20 11:21:56,917 - INFO - y new: [[15.3823595]]
2024-09-20 11:22:20,770 - INFO - Iteration: 26 / 500
2024-09-20 11:22:24,128 - INFO - X new: [[5.]]
2024-09-20 11:22:24,129 - INFO - y new: [[15.3823595]]
2024-09-20 11:22:51,972 - INFO - Iteration: 27 / 500
2024-09-20 11:22:55,544 - INFO - X new: [[5.]]
2024-09-20 11:22:55,546 - INFO - y new: [[15.3823595]]
2024-09-20 11:23:25,272 - INFO - Iteration: 28 / 500
2024-09-20 11:23:28,311 - INFO - X new: [[5.]]
2024-09-20 11:23:28,313 - INFO - y new: [[15.3823595]]
2024-09-20 11:48:21,990 - INFO - Iteration: 29 / 500
2024-09-20 11:48:24,936 - INFO - X new: [[5.]]
2024-09-20 11:48:24,938 - INFO - y new: [[15.3823595]]
2024-09-20 12:07:53,819 - INFO - Iteration: 30 / 500
2024-09-20 12:08:03,184 - INFO - X new: [[6.401045]]
2024-09-20 12:08:03,186 - INFO - y new: [[-24.654829]]
2024-09-20 12:23:04,018 - INFO - Iteration: 31 / 500
2024-09-20 12:23:07,230 - INFO - X new: [[5.]]
2024-09-20 12:23:07,232 - INFO - y new: [[15.3823595]]
2024-09-20 12:39:48,272 - INFO - Iteration: 32 / 500
2024-09-20 12:39:52,289 - INFO - X new: [[5.]]
2024-09-20 12:39:52,290 - INFO - y new: [[15.3823595]]
2024-09-20 13:01:34,973 - INFO - Iteration: 33 / 500
2024-09-20 13:01:44,722 - INFO - X new: [[6.4010596]]
2024-09-20 13:01:44,724 - INFO - y new: [[-24.654312]]
2024-09-20 13:25:05,589 - INFO - Iteration: 34 / 500
2024-09-20 13:25:09,638 - INFO - X new: [[5.]]
2024-09-20 13:25:09,640 - INFO - y new: [[15.3823595]]
2024-09-20 13:48:19,021 - INFO - Iteration: 35 / 500
2024-09-20 13:48:22,642 - INFO - X new: [[5.]]
2024-09-20 13:48:22,643 - INFO - y new: [[15.3823595]]
2024-09-20 14:06:16,240 - INFO - Iteration: 36 / 500
2024-09-20 14:06:19,399 - INFO - X new: [[5.]]
2024-09-20 14:06:19,400 - INFO - y new: [[15.3823595]]
2024-09-20 14:24:44,171 - INFO - Iteration: 37 / 500
2024-09-20 14:24:47,439 - INFO - X new: [[5.]]
2024-09-20 14:24:47,440 - INFO - y new: [[15.3823595]]
2024-09-20 14:44:11,727 - INFO - Iteration: 38 / 500
2024-09-20 14:44:15,990 - INFO - X new: [[8.068376]]
2024-09-20 14:44:15,991 - INFO - y new: [[-31.883085]]
