2024-09-20 11:02:22,159 - INFO - Start BO with settings: {'name': 'vanilla_bo_BraninHoo_TP_UCB', 'is_x64': False, 'seed': 1, 'search_space': array([[ 0, -5],
       [15, 15]]), 'num_iterations': 500, 'initial_sample_size': 10, 'objective_function': <src.test_functions.BraninHoo object at 0x7fbc39bbbfb0>, 'acquisition': {'acq_fn_class': <function UCB_TP at 0x7fbc3aedb880>, 'num_samples': 50, 'num_initial_guesses': 10, 'maximize': False}, 'surrogate': {'model_class': <class 'src.tp.TP_v2'>, 'kernel': 'Matern', 'normalize': True, 'standardize': True}, 'memo': 'Experiment using BraninHoo with UCB acquisition.'}
2024-09-20 11:02:22,240 - INFO - X initial: [ 9.94213918 -1.69991991]
2024-09-20 11:02:22,241 - INFO - y initial: [23.23895566]
2024-09-20 11:02:22,241 - INFO - X initial: [ 1.01162539 11.04151076]
2024-09-20 11:02:22,241 - INFO - y initial: [57.59577834]
2024-09-20 11:02:22,241 - INFO - X initial: [5.94131218 2.77002664]
2024-09-20 11:02:22,242 - INFO - y initial: [21.82134574]
2024-09-20 11:02:22,242 - INFO - X initial: [12.98125559  5.32156421]
2024-09-20 11:02:22,242 - INFO - y initial: [21.98227471]
2024-09-20 11:02:22,243 - INFO - X initial: [14.43347736  0.42976182]
2024-09-20 11:02:22,243 - INFO - y initial: [97.65618695]
2024-09-20 11:02:22,243 - INFO - X initial: [4.6130763  7.72746921]
2024-09-20 11:02:22,243 - INFO - y initial: [48.99415636]
2024-09-20 11:02:22,244 - INFO - X initial: [ 3.43435801 -4.00104608]
2024-09-20 11:02:22,244 - INFO - y initial: [37.51555542]
2024-09-20 11:02:22,244 - INFO - X initial: [ 7.64349975 13.40827711]
2024-09-20 11:02:22,244 - INFO - y initial: [156.62909576]
2024-09-20 11:02:22,543 - INFO - Unable to initialize backend 'rocm': module 'jaxlib.xla_extension' has no attribute 'GpuAllocatorConfig'
2024-09-20 11:02:22,552 - INFO - Unable to initialize backend 'tpu': INTERNAL: Failed to open libtpu.so: libtpu.so: cannot open shared object file: No such file or directory
2024-09-20 11:02:30,569 - INFO - Iteration: 1 / 500
2024-09-20 11:02:36,153 - INFO - X new: [[ 3.9871984 -5.       ]]
2024-09-20 11:02:36,249 - INFO - y new: [[48.627323]]
2024-09-20 11:02:41,812 - INFO - Iteration: 2 / 500
2024-09-20 11:02:48,950 - INFO - X new: [[ 2.7330263 -2.5728734]]
2024-09-20 11:02:48,951 - INFO - y new: [[28.104214]]
2024-09-20 11:02:54,658 - INFO - Iteration: 3 / 500
2024-09-20 11:03:01,777 - INFO - X new: [[ 0.        -2.4375842]]
2024-09-20 11:03:01,779 - INFO - y new: [[90.79494]]
2024-09-20 11:03:07,579 - INFO - Iteration: 4 / 500
2024-09-20 11:03:14,760 - INFO - X new: [[ 5.6970544 -4.110658 ]]
2024-09-20 11:03:14,762 - INFO - y new: [[45.419098]]
2024-09-20 11:03:22,969 - INFO - Iteration: 5 / 500
2024-09-20 11:03:27,845 - INFO - X new: [[ 5.512019  -3.4753985]]
2024-09-20 11:03:27,848 - INFO - y new: [[38.301064]]
2024-09-20 11:03:36,659 - INFO - Iteration: 6 / 500
2024-09-20 11:03:40,609 - INFO - X new: [[ 5.7415895 -3.0694792]]
2024-09-20 11:03:40,611 - INFO - y new: [[35.78514]]
2024-09-20 11:03:49,299 - INFO - Iteration: 7 / 500
2024-09-20 11:03:54,187 - INFO - X new: [[ 5.72094   -2.6309512]]
2024-09-20 11:03:54,189 - INFO - y new: [[32.21568]]
2024-09-20 11:04:03,603 - INFO - Iteration: 8 / 500
2024-09-20 11:04:07,777 - INFO - X new: [[ 5.8413253 -1.990839 ]]
2024-09-20 11:04:07,780 - INFO - y new: [[28.30229]]
2024-09-20 11:04:16,900 - INFO - Iteration: 9 / 500
2024-09-20 11:04:24,952 - INFO - X new: [[ 5.7883844  -0.69928837]]
2024-09-20 11:04:24,954 - INFO - y new: [[21.745298]]
2024-09-20 11:04:35,266 - INFO - Iteration: 10 / 500
2024-09-20 11:04:43,876 - INFO - X new: [[5.7286444  0.84989834]]
2024-09-20 11:04:43,878 - INFO - y new: [[18.237242]]
2024-09-20 11:04:54,819 - INFO - Iteration: 11 / 500
2024-09-20 11:04:59,837 - INFO - X new: [[11.202378   4.1486025]]
2024-09-20 11:04:59,838 - INFO - y new: [[12.026409]]
2024-09-20 11:05:11,981 - INFO - Iteration: 12 / 500
2024-09-20 11:05:18,089 - INFO - X new: [[11.093184  4.158209]]
2024-09-20 11:05:18,091 - INFO - y new: [[10.942786]]
2024-09-20 11:05:29,666 - INFO - Iteration: 13 / 500
2024-09-20 11:05:36,577 - INFO - X new: [[11.209      4.3671236]]
2024-09-20 11:05:36,579 - INFO - y new: [[12.034395]]
2024-09-20 11:05:48,047 - INFO - Iteration: 14 / 500
2024-09-20 11:05:53,442 - INFO - X new: [[10.691631   3.5205688]]
2024-09-20 11:05:53,444 - INFO - y new: [[7.179309]]
2024-09-20 11:06:05,753 - INFO - Iteration: 15 / 500
2024-09-20 11:06:11,989 - INFO - X new: [[10.036484   2.7142897]]
2024-09-20 11:06:11,991 - INFO - y new: [[2.244691]]
2024-09-20 11:06:23,748 - INFO - Iteration: 16 / 500
2024-09-20 11:06:33,023 - INFO - X new: [[9.151865  2.0973787]]
2024-09-20 11:06:33,026 - INFO - y new: [[0.7779236]]
2024-09-20 11:06:44,900 - INFO - Iteration: 17 / 500
2024-09-20 11:06:49,724 - INFO - X new: [[9.511472  2.2794695]]
2024-09-20 11:06:49,725 - INFO - y new: [[0.506649]]
2024-09-20 11:07:01,404 - INFO - Iteration: 18 / 500
2024-09-20 11:07:06,536 - INFO - X new: [[ 0. -5.]]
2024-09-20 11:07:06,537 - INFO - y new: [[140.60211]]
2024-09-20 11:07:18,767 - INFO - Iteration: 19 / 500
2024-09-20 11:07:24,000 - INFO - X new: [[ 0. -5.]]
2024-09-20 11:07:24,001 - INFO - y new: [[140.60211]]
2024-09-20 11:07:36,251 - INFO - Iteration: 20 / 500
2024-09-20 11:07:41,429 - INFO - X new: [[ 0. -5.]]
2024-09-20 11:07:41,431 - INFO - y new: [[140.60211]]
2024-09-20 11:07:55,121 - INFO - Iteration: 21 / 500
2024-09-20 11:08:01,125 - INFO - X new: [[ 0. -5.]]
2024-09-20 11:08:01,127 - INFO - y new: [[140.60211]]
2024-09-20 11:08:14,774 - INFO - Iteration: 22 / 500
2024-09-20 11:08:20,248 - INFO - X new: [[ 0. -5.]]
2024-09-20 11:08:20,249 - INFO - y new: [[140.60211]]
2024-09-20 11:08:33,915 - INFO - Iteration: 23 / 500
2024-09-20 11:08:39,654 - INFO - X new: [[ 0. -5.]]
2024-09-20 11:08:39,657 - INFO - y new: [[140.60211]]
2024-09-20 11:08:54,509 - INFO - Iteration: 24 / 500
2024-09-20 11:09:00,408 - INFO - X new: [[ 0. -5.]]
2024-09-20 11:09:00,410 - INFO - y new: [[140.60211]]
2024-09-20 11:09:25,749 - INFO - Iteration: 25 / 500
2024-09-20 11:09:29,073 - INFO - X new: [[ 0. -5.]]
2024-09-20 11:09:29,074 - INFO - y new: [[140.60211]]
2024-09-20 11:09:49,696 - INFO - Iteration: 26 / 500
2024-09-20 11:09:53,151 - INFO - X new: [[ 0. -5.]]
2024-09-20 11:09:53,154 - INFO - y new: [[140.60211]]
2024-09-20 11:10:18,418 - INFO - Iteration: 27 / 500
2024-09-20 11:10:21,972 - INFO - X new: [[ 0. -5.]]
2024-09-20 11:10:21,974 - INFO - y new: [[140.60211]]
2024-09-20 11:10:49,168 - INFO - Iteration: 28 / 500
2024-09-20 11:10:52,748 - INFO - X new: [[ 0. -5.]]
2024-09-20 11:10:52,750 - INFO - y new: [[140.60211]]
2024-09-20 11:11:20,909 - INFO - Iteration: 29 / 500
2024-09-20 11:11:24,666 - INFO - X new: [[ 0. -5.]]
2024-09-20 11:11:24,668 - INFO - y new: [[140.60211]]
2024-09-20 11:11:51,119 - INFO - Iteration: 30 / 500
2024-09-20 11:11:55,669 - INFO - X new: [[ 0. -5.]]
2024-09-20 11:11:55,671 - INFO - y new: [[140.60211]]
2024-09-20 11:12:22,260 - INFO - Iteration: 31 / 500
2024-09-20 11:12:26,108 - INFO - X new: [[ 0. -5.]]
2024-09-20 11:12:26,110 - INFO - y new: [[140.60211]]
2024-09-20 11:12:52,729 - INFO - Iteration: 32 / 500
2024-09-20 11:12:56,528 - INFO - X new: [[ 0. -5.]]
2024-09-20 11:12:56,531 - INFO - y new: [[140.60211]]
2024-09-20 11:13:27,804 - INFO - Iteration: 33 / 500
2024-09-20 11:13:31,466 - INFO - X new: [[ 0. -5.]]
2024-09-20 11:13:31,469 - INFO - y new: [[140.60211]]
2024-09-20 11:14:01,101 - INFO - Iteration: 34 / 500
2024-09-20 11:14:04,854 - INFO - X new: [[ 0. -5.]]
2024-09-20 11:14:04,856 - INFO - y new: [[140.60211]]
2024-09-20 11:45:41,732 - INFO - Iteration: 35 / 500
2024-09-20 11:45:45,495 - INFO - X new: [[ 0. -5.]]
2024-09-20 11:45:45,497 - INFO - y new: [[140.60211]]
2024-09-20 12:00:02,453 - INFO - Iteration: 36 / 500
2024-09-20 12:00:17,154 - INFO - X new: [[12.814113   7.6277065]]
2024-09-20 12:00:17,156 - INFO - y new: [[19.96458]]
2024-09-20 12:31:12,138 - INFO - Iteration: 37 / 500
2024-09-20 12:31:16,098 - INFO - X new: [[ 0. -5.]]
2024-09-20 12:31:16,100 - INFO - y new: [[140.60211]]
2024-09-20 12:44:03,701 - INFO - Iteration: 38 / 500
2024-09-20 12:44:08,477 - INFO - X new: [[ 0. -5.]]
2024-09-20 12:44:08,480 - INFO - y new: [[140.60211]]
2024-09-20 13:18:26,857 - INFO - Iteration: 39 / 500
2024-09-20 13:18:30,992 - INFO - X new: [[ 0. -5.]]
2024-09-20 13:18:30,993 - INFO - y new: [[140.60211]]
2024-09-20 13:42:55,427 - INFO - Iteration: 40 / 500
2024-09-20 13:43:00,656 - INFO - X new: [[ 0. -5.]]
2024-09-20 13:43:00,658 - INFO - y new: [[140.60211]]
2024-09-20 14:17:47,721 - INFO - Iteration: 41 / 500
2024-09-20 14:17:52,644 - INFO - X new: [[ 0. -5.]]
2024-09-20 14:17:52,647 - INFO - y new: [[140.60211]]
2024-09-20 14:29:03,861 - INFO - Iteration: 42 / 500
2024-09-20 14:29:08,804 - INFO - X new: [[ 0. -5.]]
2024-09-20 14:29:08,806 - INFO - y new: [[140.60211]]
2024-09-20 14:40:57,315 - INFO - Iteration: 43 / 500
2024-09-20 14:41:02,005 - INFO - X new: [[12.814113   7.6277065]]
2024-09-20 14:41:02,008 - INFO - y new: [[19.96458]]
