2024-09-20 11:02:22,160 - INFO - Start BO with settings: {'name': 'vanilla_bo_SinusoidaSynthetic_GP_EI', 'is_x64': False, 'seed': 1, 'search_space': array([[ 5],
       [10]]), 'num_iterations': 500, 'initial_sample_size': 10, 'objective_function': <src.test_functions.SinusoidaSynthetic object at 0x7fc26379c140>, 'acquisition': {'acq_fn_class': <function EI at 0x7fc263909da0>, 'num_samples': 50, 'num_initial_guesses': 10, 'maximize': False}, 'surrogate': {'model_class': <class 'src.gp.ExactGP'>, 'kernel': 'Matern', 'normalize': True, 'standardize': True}, 'memo': 'Experiment using SinusoidaSynthetic with EI acquisition.'}
2024-09-20 11:02:22,240 - INFO - X initial: [9.29802272]
2024-09-20 11:02:22,240 - INFO - y initial: [63.05906776]
2024-09-20 11:02:22,241 - INFO - X initial: [6.09457452]
2024-09-20 11:02:22,241 - INFO - y initial: [-24.66774069]
2024-09-20 11:02:22,242 - INFO - X initial: [7.02677093]
2024-09-20 11:02:22,242 - INFO - y initial: [26.07421594]
2024-09-20 11:02:22,242 - INFO - X initial: [7.57328487]
2024-09-20 11:02:22,242 - INFO - y initial: [29.53663972]
2024-09-20 11:02:22,243 - INFO - X initial: [8.14053014]
2024-09-20 11:02:22,243 - INFO - y initial: [-40.03641394]
2024-09-20 11:02:22,243 - INFO - X initial: [6.34386391]
2024-09-20 11:02:22,244 - INFO - y initial: [-26.30926764]
2024-09-20 11:02:22,244 - INFO - X initial: [5.52748176]
2024-09-20 11:02:22,244 - INFO - y initial: [7.26964555]
2024-09-20 11:02:22,245 - INFO - X initial: [9.98077708]
2024-09-20 11:02:22,245 - INFO - y initial: [-2.20704952]
2024-09-20 11:02:22,497 - INFO - Unable to initialize backend 'rocm': module 'jaxlib.xla_extension' has no attribute 'GpuAllocatorConfig'
2024-09-20 11:02:22,550 - INFO - Unable to initialize backend 'tpu': INTERNAL: Failed to open libtpu.so: libtpu.so: cannot open shared object file: No such file or directory
2024-09-20 11:02:28,396 - INFO - Iteration: 1 / 500
2024-09-20 11:02:31,580 - INFO - X new: [[5.]]
2024-09-20 11:02:31,673 - INFO - y new: [[15.3823595]]
2024-09-20 11:02:35,460 - INFO - Iteration: 2 / 500
2024-09-20 11:02:37,501 - INFO - X new: [[6.1787863]]
2024-09-20 11:02:37,502 - INFO - y new: [[-26.744888]]
2024-09-20 11:02:41,138 - INFO - Iteration: 3 / 500
2024-09-20 11:02:43,194 - INFO - X new: [[6.2001357]]
2024-09-20 11:02:43,194 - INFO - y new: [[-27.038942]]
2024-09-20 11:02:47,340 - INFO - Iteration: 4 / 500
2024-09-20 11:02:49,171 - INFO - X new: [[6.1907153]]
2024-09-20 11:02:49,173 - INFO - y new: [[-26.921381]]
2024-09-20 11:02:54,200 - INFO - Iteration: 5 / 500
2024-09-20 11:02:56,025 - INFO - X new: [[6.2107773]]
2024-09-20 11:02:56,026 - INFO - y new: [[-27.148264]]
2024-09-20 11:03:01,782 - INFO - Iteration: 6 / 500
2024-09-20 11:03:04,448 - INFO - X new: [[6.230951]]
2024-09-20 11:03:04,449 - INFO - y new: [[-27.286036]]
2024-09-20 11:03:10,218 - INFO - Iteration: 7 / 500
2024-09-20 11:03:13,493 - INFO - X new: [[8.263035]]
2024-09-20 11:03:13,493 - INFO - y new: [[-50.247982]]
2024-09-20 11:03:19,501 - INFO - Iteration: 8 / 500
2024-09-20 11:03:22,087 - INFO - X new: [[8.329399]]
2024-09-20 11:03:22,089 - INFO - y new: [[-53.364906]]
2024-09-20 11:03:27,385 - INFO - Iteration: 9 / 500
2024-09-20 11:03:31,623 - INFO - X new: [[8.386764]]
2024-09-20 11:03:31,625 - INFO - y new: [[-54.48786]]
2024-09-20 11:03:37,625 - INFO - Iteration: 10 / 500
2024-09-20 11:03:41,016 - INFO - X new: [[8.397003]]
2024-09-20 11:03:41,017 - INFO - y new: [[-54.527645]]
2024-09-20 11:03:46,961 - INFO - Iteration: 11 / 500
2024-09-20 11:03:49,784 - INFO - X new: [[8.413177]]
2024-09-20 11:03:49,784 - INFO - y new: [[-54.489353]]
2024-09-20 11:03:56,352 - INFO - Iteration: 12 / 500
2024-09-20 11:03:59,982 - INFO - X new: [[8.53668]]
2024-09-20 11:03:59,983 - INFO - y new: [[-50.058624]]
2024-09-20 11:04:07,213 - INFO - Iteration: 13 / 500
2024-09-20 11:04:10,291 - INFO - X new: [[8.428817]]
2024-09-20 11:04:10,291 - INFO - y new: [[-54.333675]]
2024-09-20 11:04:17,436 - INFO - Iteration: 14 / 500
2024-09-20 11:04:20,957 - INFO - X new: [[8.613289]]
2024-09-20 11:04:20,959 - INFO - y new: [[-43.697346]]
2024-09-20 11:04:28,435 - INFO - Iteration: 15 / 500
2024-09-20 11:04:34,094 - INFO - X new: [[8.613289]]
2024-09-20 11:04:34,095 - INFO - y new: [[-43.697346]]
2024-09-20 11:04:42,001 - INFO - Iteration: 16 / 500
2024-09-20 11:04:48,446 - INFO - X new: [[8.613289]]
2024-09-20 11:04:48,447 - INFO - y new: [[-43.697346]]
2024-09-20 11:04:56,631 - INFO - Iteration: 17 / 500
2024-09-20 11:05:01,892 - INFO - X new: [[8.613289]]
2024-09-20 11:05:01,894 - INFO - y new: [[-43.697346]]
2024-09-20 11:05:10,572 - INFO - Iteration: 18 / 500
2024-09-20 11:05:16,600 - INFO - X new: [[9.204622]]
2024-09-20 11:05:16,601 - INFO - y new: [[52.00017]]
2024-09-20 11:05:25,944 - INFO - Iteration: 19 / 500
2024-09-20 11:05:32,241 - INFO - X new: [[8.613289]]
2024-09-20 11:05:32,242 - INFO - y new: [[-43.697346]]
2024-09-20 11:05:41,889 - INFO - Iteration: 20 / 500
2024-09-20 11:05:48,703 - INFO - X new: [[9.204622]]
2024-09-20 11:05:48,705 - INFO - y new: [[52.00017]]
2024-09-20 11:05:58,415 - INFO - Iteration: 21 / 500
2024-09-20 11:06:05,398 - INFO - X new: [[9.204622]]
2024-09-20 11:06:05,399 - INFO - y new: [[52.00017]]
2024-09-20 11:06:15,297 - INFO - Iteration: 22 / 500
2024-09-20 11:06:22,989 - INFO - X new: [[9.204622]]
2024-09-20 11:06:22,991 - INFO - y new: [[52.00017]]
2024-09-20 11:06:33,288 - INFO - Iteration: 23 / 500
2024-09-20 11:06:41,040 - INFO - X new: [[9.204622]]
2024-09-20 11:06:41,041 - INFO - y new: [[52.00017]]
2024-09-20 11:06:51,682 - INFO - Iteration: 24 / 500
2024-09-20 11:07:00,400 - INFO - X new: [[9.204622]]
2024-09-20 11:07:00,401 - INFO - y new: [[52.00017]]
2024-09-20 11:07:26,740 - INFO - Iteration: 25 / 500
2024-09-20 11:07:33,248 - INFO - X new: [[9.204622]]
2024-09-20 11:07:33,249 - INFO - y new: [[52.00017]]
2024-09-20 11:08:00,424 - INFO - Iteration: 26 / 500
2024-09-20 11:08:07,400 - INFO - X new: [[9.204622]]
2024-09-20 11:08:07,402 - INFO - y new: [[52.00017]]
2024-09-20 11:08:32,036 - INFO - Iteration: 27 / 500
2024-09-20 11:08:39,096 - INFO - X new: [[9.204622]]
2024-09-20 11:08:39,097 - INFO - y new: [[52.00017]]
2024-09-20 11:09:08,886 - INFO - Iteration: 28 / 500
2024-09-20 11:09:16,582 - INFO - X new: [[9.204622]]
2024-09-20 11:09:16,583 - INFO - y new: [[52.00017]]
2024-09-20 11:21:52,981 - INFO - Iteration: 29 / 500
2024-09-20 11:22:00,937 - INFO - X new: [[6.4010596]]
2024-09-20 11:22:00,939 - INFO - y new: [[-24.654312]]
2024-09-20 11:22:24,883 - INFO - Iteration: 30 / 500
2024-09-20 11:22:34,180 - INFO - X new: [[9.204622]]
2024-09-20 11:22:34,181 - INFO - y new: [[52.00017]]
2024-09-20 11:23:03,185 - INFO - Iteration: 31 / 500
2024-09-20 11:23:12,303 - INFO - X new: [[9.204622]]
2024-09-20 11:23:12,304 - INFO - y new: [[52.00017]]
2024-09-20 11:37:27,150 - INFO - Iteration: 32 / 500
2024-09-20 11:37:36,953 - INFO - X new: [[6.4010596]]
2024-09-20 11:37:36,955 - INFO - y new: [[-24.654312]]
2024-09-20 11:38:07,231 - INFO - Iteration: 33 / 500
2024-09-20 11:38:15,398 - INFO - X new: [[9.204622]]
2024-09-20 11:38:15,399 - INFO - y new: [[52.00017]]
2024-09-20 11:53:38,574 - INFO - Iteration: 34 / 500
2024-09-20 11:53:43,121 - INFO - X new: [[6.2360306]]
2024-09-20 11:53:43,122 - INFO - y new: [[-27.306208]]
2024-09-20 12:13:57,539 - INFO - Iteration: 35 / 500
2024-09-20 12:14:06,889 - INFO - X new: [[6.4010596]]
2024-09-20 12:14:06,891 - INFO - y new: [[-24.654312]]
2024-09-20 12:31:07,411 - INFO - Iteration: 36 / 500
2024-09-20 12:31:18,464 - INFO - X new: [[6.4010596]]
2024-09-20 12:31:18,466 - INFO - y new: [[-24.654312]]
2024-09-20 12:54:36,505 - INFO - Iteration: 37 / 500
2024-09-20 12:54:46,798 - INFO - X new: [[6.4010596]]
2024-09-20 12:54:46,800 - INFO - y new: [[-24.654312]]
2024-09-20 13:14:27,725 - INFO - Iteration: 38 / 500
2024-09-20 13:14:39,001 - INFO - X new: [[6.4010596]]
2024-09-20 13:14:39,003 - INFO - y new: [[-24.654312]]
2024-09-20 13:36:07,861 - INFO - Iteration: 39 / 500
2024-09-20 13:36:19,265 - INFO - X new: [[6.4010596]]
2024-09-20 13:36:19,267 - INFO - y new: [[-24.654312]]
2024-09-20 13:59:42,217 - INFO - Iteration: 40 / 500
2024-09-20 13:59:55,052 - INFO - X new: [[6.4010596]]
2024-09-20 13:59:55,054 - INFO - y new: [[-24.654312]]
2024-09-20 14:29:27,298 - INFO - Iteration: 41 / 500
2024-09-20 14:29:38,324 - INFO - X new: [[6.4010596]]
2024-09-20 14:29:38,326 - INFO - y new: [[-24.654312]]
2024-09-20 14:57:26,068 - INFO - Iteration: 42 / 500
2024-09-20 14:57:38,024 - INFO - X new: [[6.4010596]]
2024-09-20 14:57:38,026 - INFO - y new: [[-24.654312]]
