2024-09-20 12:22:49,684 - INFO - Start BO with settings: {'name': 'vanilla_bo_Hartmann6_TP_UCB', 'is_x64': False, 'seed': 1, 'search_space': array([[0, 0, 0, 0, 0, 0],
       [1, 1, 1, 1, 1, 1]]), 'num_iterations': 500, 'initial_sample_size': 10, 'objective_function': <src.test_functions.Hartmann6 object at 0x7fdff86bf1a0>, 'acquisition': {'acq_fn_class': <function UCB_TP at 0x7fdf63887880>, 'num_samples': 50, 'num_initial_guesses': 10, 'maximize': False}, 'surrogate': {'model_class': <class 'src.tp.TP_v2'>, 'kernel': 'Matern', 'normalize': True, 'standardize': True}, 'memo': 'Experiment using Hartmann6 with UCB acquisition.'}
2024-09-20 12:22:49,909 - INFO - X initial: [0.7140683  0.39558389 0.83687734 0.89945446 0.18519551 0.82176001]
2024-09-20 12:22:49,909 - INFO - y initial: [-0.71130469]
2024-09-20 12:22:49,909 - INFO - X initial: [0.36766401 0.88357456 0.37531209 0.47592712 0.74842179 0.04929093]
2024-09-20 12:22:49,909 - INFO - y initial: [-2.68967106]
2024-09-20 12:22:49,910 - INFO - X initial: [0.01484499 0.13535925 0.71227408 0.60583791 0.8015487  0.32878397]
2024-09-20 12:22:49,910 - INFO - y initial: [-0.10340397]
2024-09-20 12:22:49,910 - INFO - X initial: [0.91844113 0.64776481 0.00193001 0.01777319 0.36624341 0.54265824]
2024-09-20 12:22:49,910 - INFO - y initial: [-0.09905723]
2024-09-20 12:22:49,910 - INFO - X initial: [0.81738657 0.0102807  0.27257411 0.18978528 0.4053969  0.8807685 ]
2024-09-20 12:22:49,910 - INFO - y initial: [-0.53062714]
2024-09-20 12:22:49,911 - INFO - X initial: [0.22488663 0.52277833 0.95285884 0.68361267 0.96570565 0.24893966]
2024-09-20 12:22:49,911 - INFO - y initial: [-0.29320027]
2024-09-20 12:22:49,911 - INFO - X initial: [0.39163117 0.27056662 0.14717707 0.30394459 0.52176892 0.40258752]
2024-09-20 12:22:49,911 - INFO - y initial: [-0.65879305]
2024-09-20 12:22:49,911 - INFO - X initial: [0.54913164 0.75864935 0.57624062 0.82171117 0.08353895 0.72582152]
2024-09-20 12:22:49,912 - INFO - y initial: [-0.05844764]
2024-09-20 12:22:50,164 - INFO - Unable to initialize backend 'rocm': module 'jaxlib.xla_extension' has no attribute 'GpuAllocatorConfig'
2024-09-20 12:22:50,258 - INFO - Unable to initialize backend 'tpu': INTERNAL: Failed to open libtpu.so: libtpu.so: cannot open shared object file: No such file or directory
2024-09-20 12:22:58,370 - INFO - Iteration: 1 / 500
2024-09-20 12:23:09,244 - INFO - X new: [[0.36982673 0.90843964 0.36541516 0.4675637  0.748939   0.02759176]]
2024-09-20 12:23:09,312 - INFO - y new: [[-2.63508677]]
2024-09-20 12:23:15,083 - INFO - Iteration: 2 / 500
2024-09-20 12:23:21,445 - INFO - X new: [[0.3709707  0.92341477 0.36090076 0.4638806  0.750675   0.00464036]]
2024-09-20 12:23:21,446 - INFO - y new: [[-2.55868369]]
2024-09-20 12:23:27,384 - INFO - Iteration: 3 / 500
2024-09-20 12:23:33,294 - INFO - X new: [[0.37165692 0.95141894 0.3567866  0.4614323  0.7497061  0.        ]]
2024-09-20 12:23:33,297 - INFO - y new: [[-2.47312901]]
2024-09-20 12:23:39,096 - INFO - Iteration: 4 / 500
2024-09-20 12:23:45,982 - INFO - X new: [[0.37523636 0.9675105  0.35676476 0.4593317  0.7510463  0.        ]]
2024-09-20 12:23:45,984 - INFO - y new: [[-2.42188737]]
2024-09-20 12:23:53,665 - INFO - Iteration: 5 / 500
2024-09-20 12:24:01,390 - INFO - X new: [[0.3762679  0.9512402  0.35528174 0.46476057 0.7535471  0.        ]]
2024-09-20 12:24:01,393 - INFO - y new: [[-2.50250863]]
2024-09-20 12:24:10,523 - INFO - Iteration: 6 / 500
2024-09-20 12:24:16,870 - INFO - X new: [[0.37913108 0.96285826 0.35419604 0.46768463 0.75812656 0.        ]]
2024-09-20 12:24:16,873 - INFO - y new: [[-2.48865086]]
2024-09-20 12:24:25,958 - INFO - Iteration: 7 / 500
2024-09-20 12:24:33,361 - INFO - X new: [[0.47034067 0.9447362  0.3579712  0.47110978 0.7573475  0.        ]]
2024-09-20 12:24:33,363 - INFO - y new: [[-2.40491621]]
2024-09-20 12:24:42,388 - INFO - Iteration: 8 / 500
2024-09-20 12:24:50,788 - INFO - X new: [[0.19669528 0.9385415  0.3452553  0.45322096 0.728214   0.        ]]
2024-09-20 12:24:50,790 - INFO - y new: [[-1.20422491]]
2024-09-20 12:25:00,005 - INFO - Iteration: 9 / 500
2024-09-20 12:25:07,068 - INFO - X new: [[0.45137057 1.         0.38361177 0.4813444  0.8439349  0.        ]]
2024-09-20 12:25:07,070 - INFO - y new: [[-2.32535773]]
2024-09-20 12:25:17,200 - INFO - Iteration: 10 / 500
2024-09-20 12:25:29,177 - INFO - X new: [[0.43471184 0.92192066 0.37043962 0.4757116  0.7779881  0.        ]]
2024-09-20 12:25:29,180 - INFO - y new: [[-2.61484828]]
2024-09-20 12:25:39,757 - INFO - Iteration: 11 / 500
2024-09-20 12:25:49,637 - INFO - X new: [[0.4323753  0.8885281  0.3747476  0.47901395 0.7705877  0.00919486]]
2024-09-20 12:25:49,639 - INFO - y new: [[-2.69621313]]
2024-09-20 12:25:59,974 - INFO - Iteration: 12 / 500
2024-09-20 12:26:09,437 - INFO - X new: [[0.43453535 0.8384645  0.3804003  0.4882426  0.7646063  0.01772645]]
2024-09-20 12:26:09,439 - INFO - y new: [[-2.71333565]]
2024-09-20 12:26:20,212 - INFO - Iteration: 13 / 500
2024-09-20 12:26:29,136 - INFO - X new: [[0.42891067 0.78970873 0.38581008 0.49684712 0.75640315 0.02395822]]
2024-09-20 12:26:29,138 - INFO - y new: [[-2.63396892]]
2024-09-20 12:26:40,521 - INFO - Iteration: 14 / 500
2024-09-20 12:26:50,540 - INFO - X new: [[0.4255943  0.8216068  0.38420236 0.4828806  0.7553499  0.03985494]]
2024-09-20 12:26:50,542 - INFO - y new: [[-2.69044261]]
2024-09-20 12:27:01,994 - INFO - Iteration: 15 / 500
2024-09-20 12:27:09,370 - INFO - X new: [[1.        1.        0.4080003 1.        1.        0.       ]]
2024-09-20 12:27:09,371 - INFO - y new: [[-0.00101399]]
2024-09-20 12:27:20,795 - INFO - Iteration: 16 / 500
2024-09-20 12:27:32,557 - INFO - X new: [[0.41810217 0.8196386  0.39773878 0.33646113 0.763845   0.02894137]]
2024-09-20 12:27:32,560 - INFO - y new: [[-1.66566736]]
2024-09-20 12:27:44,397 - INFO - Iteration: 17 / 500
2024-09-20 12:27:51,863 - INFO - X new: [[0.41504914 0.8572267  0.31475616 0.5470213  0.7334862  0.01268211]]
2024-09-20 12:27:51,865 - INFO - y new: [[-2.96089959]]
2024-09-20 12:28:03,855 - INFO - Iteration: 18 / 500
2024-09-20 12:28:12,862 - INFO - X new: [[0.41362217 0.86659145 0.26528445 0.6152723  0.7286309  0.00650921]]
2024-09-20 12:28:12,865 - INFO - y new: [[-2.92211283]]
2024-09-20 12:28:24,770 - INFO - Iteration: 19 / 500
2024-09-20 12:28:33,647 - INFO - X new: [[0.41101885 0.86742795 0.3178523  0.5981845  0.6806933  0.00797994]]
2024-09-20 12:28:33,649 - INFO - y new: [[-2.98770987]]
2024-09-20 12:28:45,783 - INFO - Iteration: 20 / 500
2024-09-20 12:28:58,708 - INFO - X new: [[0.4079814  0.87141454 0.30093497 0.5934681  0.6837592  0.02712616]]
2024-09-20 12:28:58,710 - INFO - y new: [[-3.02718931]]
2024-09-20 12:29:12,329 - INFO - Iteration: 21 / 500
2024-09-20 12:29:26,010 - INFO - X new: [[0.40495956 0.8717068  0.29159984 0.5876796  0.569977   0.01867321]]
2024-09-20 12:29:26,012 - INFO - y new: [[-3.05804139]]
2024-09-20 12:29:39,730 - INFO - Iteration: 22 / 500
2024-09-20 12:29:50,146 - INFO - X new: [[0.4017377  0.8748458  0.10437486 0.5874107  0.57304704 0.02393263]]
2024-09-20 12:29:50,148 - INFO - y new: [[-3.02673082]]
2024-09-20 12:30:04,581 - INFO - Iteration: 23 / 500
2024-09-20 12:30:16,371 - INFO - X new: [[0.40101528 0.8778225  0.20617443 0.58146274 0.32535762 0.01081518]]
2024-09-20 12:30:16,374 - INFO - y new: [[-3.0855604]]
2024-09-20 12:30:31,141 - INFO - Iteration: 24 / 500
2024-09-20 12:30:40,387 - INFO - X new: [[0.3977924  0.87700087 0.20971517 0.580772   0.32646984 0.        ]]
2024-09-20 12:30:40,388 - INFO - y new: [[-3.05354788]]
2024-09-20 12:31:01,927 - INFO - Iteration: 25 / 500
2024-09-20 12:31:06,134 - INFO - X new: [[0. 1. 0. 0. 0. 0.]]
2024-09-20 12:31:06,135 - INFO - y new: [[-0.00659239]]
2024-09-20 12:31:41,546 - INFO - Iteration: 26 / 500
2024-09-20 12:31:46,858 - INFO - X new: [[0.40173507 0.8759508  0.4478018  0.5988321  0.40219203 0.        ]]
2024-09-20 12:31:46,860 - INFO - y new: [[-3.06587391]]
2024-09-20 12:32:20,695 - INFO - Iteration: 27 / 500
2024-09-20 12:32:25,957 - INFO - X new: [[0.3982132  0.8842449  0.5617323  0.57884675 0.3738828  0.02327093]]
2024-09-20 12:32:25,960 - INFO - y new: [[-3.15704993]]
2024-09-20 12:32:53,118 - INFO - Iteration: 28 / 500
2024-09-20 12:32:58,357 - INFO - X new: [[0.41193214 0.91761464 0.64411104 0.5841776  0.3448166  0.04152662]]
2024-09-20 12:32:58,359 - INFO - y new: [[-3.14367846]]
2024-09-20 12:33:27,397 - INFO - Iteration: 29 / 500
2024-09-20 12:33:32,761 - INFO - X new: [[0.4054748  0.96615386 0.6546178  0.5880635  0.42101055 0.03613279]]
2024-09-20 12:33:32,762 - INFO - y new: [[-2.98894509]]
2024-09-20 12:34:09,403 - INFO - Iteration: 30 / 500
2024-09-20 12:34:14,664 - INFO - X new: [[0.3466249  0.8186522  0.6576934  0.45740712 0.39385962 0.14674087]]
2024-09-20 12:34:14,665 - INFO - y new: [[-2.18947428]]
2024-09-20 12:34:47,125 - INFO - Iteration: 31 / 500
2024-09-20 12:34:53,094 - INFO - X new: [[0.42824727 0.90427756 0.6225803  0.5990634  0.33375284 0.0450817 ]]
2024-09-20 12:34:53,096 - INFO - y new: [[-3.11815589]]
2024-09-20 12:35:24,769 - INFO - Iteration: 32 / 500
2024-09-20 12:35:29,998 - INFO - X new: [[0.34619626 0.9605965  0.6364854  0.57594204 0.34519354 0.00485485]]
2024-09-20 12:35:29,999 - INFO - y new: [[-2.81300896]]
2024-09-20 12:35:53,350 - INFO - Iteration: 33 / 500
2024-09-20 12:35:58,217 - INFO - X new: [[0.42698145 0.94186103 0.639697   0.6182748  0.3416764  0.00899838]]
2024-09-20 12:35:58,218 - INFO - y new: [[-2.97021551]]
2024-09-20 12:36:32,009 - INFO - Iteration: 34 / 500
2024-09-20 12:36:36,343 - INFO - X new: [[0.36353493 0.85941404 0.64443886 0.6378461  0.35604808 0.0870804 ]]
2024-09-20 12:36:36,345 - INFO - y new: [[-2.86082096]]
2024-09-20 12:37:05,428 - INFO - Iteration: 35 / 500
2024-09-20 12:37:08,752 - INFO - X new: [[0.55039656 0.5196992  0.65227914 0.57373834 0.44289565 0.29750335]]
2024-09-20 12:37:08,754 - INFO - y new: [[-0.43931783]]
2024-09-20 12:37:44,582 - INFO - Iteration: 36 / 500
2024-09-20 12:37:52,099 - INFO - X new: [[1. 1. 1. 1. 1. 1.]]
2024-09-20 12:37:52,102 - INFO - y new: [[-3.40853876e-05]]
2024-09-20 12:38:32,983 - INFO - Iteration: 37 / 500
2024-09-20 12:38:40,037 - INFO - X new: [[1. 1. 1. 0. 0. 0.]]
2024-09-20 12:38:40,039 - INFO - y new: [[-0.000302]]
2024-09-20 12:39:08,906 - INFO - Iteration: 38 / 500
2024-09-20 12:39:13,752 - INFO - X new: [[0. 1. 0. 0. 1. 1.]]
2024-09-20 12:39:13,754 - INFO - y new: [[-0.00014163]]
2024-09-20 12:39:46,115 - INFO - Iteration: 39 / 500
2024-09-20 12:39:53,299 - INFO - X new: [[1. 0. 0. 0. 0. 0.]]
2024-09-20 12:39:53,301 - INFO - y new: [[-0.00101866]]
2024-09-20 12:40:25,533 - INFO - Iteration: 40 / 500
2024-09-20 12:40:32,936 - INFO - X new: [[0.3844038  0.8063957  0.02455464 0.60194474 0.25754485 0.        ]]
2024-09-20 12:40:32,938 - INFO - y new: [[-2.84378826]]
2024-09-20 12:41:16,339 - INFO - Iteration: 41 / 500
2024-09-20 12:41:24,167 - INFO - X new: [[0. 1. 0. 1. 0. 0.]]
2024-09-20 12:41:24,169 - INFO - y new: [[-0.02725172]]
2024-09-20 12:42:00,933 - INFO - Iteration: 42 / 500
2024-09-20 12:42:05,062 - INFO - X new: [[0.70733905 0.71486664 0.09866308 0.46227956 0.3127219  0.        ]]
2024-09-20 12:42:05,064 - INFO - y new: [[-0.45906712]]
2024-09-20 12:42:40,500 - INFO - Iteration: 43 / 500
2024-09-20 12:42:49,414 - INFO - X new: [[0.44064918 0.839669   0.14562105 0.50419706 0.91520137 0.10349506]]
2024-09-20 12:42:49,416 - INFO - y new: [[-2.52437756]]
2024-09-20 12:43:32,817 - INFO - Iteration: 44 / 500
2024-09-20 12:43:38,421 - INFO - X new: [[1. 1. 0. 0. 1. 1.]]
2024-09-20 12:43:38,423 - INFO - y new: [[-1.63941947e-06]]
2024-09-20 12:44:13,142 - INFO - Iteration: 45 / 500
2024-09-20 12:44:20,255 - INFO - X new: [[0.000000e+00 0.000000e+00 0.000000e+00 0.000000e+00 3.469447e-18
  0.000000e+00]]
2024-09-20 12:44:20,257 - INFO - y new: [[-0.00508911]]
2024-09-20 12:45:04,659 - INFO - Iteration: 46 / 500
2024-09-20 12:45:17,153 - INFO - X new: [[1. 0. 0. 1. 0. 0.]]
2024-09-20 12:45:17,154 - INFO - y new: [[-1.70921682e-05]]
2024-09-20 12:46:02,063 - INFO - Iteration: 47 / 500
2024-09-20 12:46:13,585 - INFO - X new: [[0.3814938  0.8345286  0.09463051 0.5213385  0.9484824  0.07467166]]
2024-09-20 12:46:13,587 - INFO - y new: [[-2.68555674]]
2024-09-20 12:46:56,481 - INFO - Iteration: 48 / 500
2024-09-20 12:47:11,072 - INFO - X new: [[0.3824652  0.92494464 0.07464565 0.5999399  0.9224521  0.16878362]]
2024-09-20 12:47:11,073 - INFO - y new: [[-2.21865152]]
2024-09-20 12:47:49,634 - INFO - Iteration: 49 / 500
2024-09-20 12:47:59,810 - INFO - X new: [[0. 0. 0. 1. 0. 1.]]
2024-09-20 12:47:59,812 - INFO - y new: [[-0.00102728]]
2024-09-20 12:48:37,539 - INFO - Iteration: 50 / 500
2024-09-20 12:48:46,687 - INFO - X new: [[1. 0. 1. 1. 0. 1.]]
2024-09-20 12:48:46,689 - INFO - y new: [[-0.11498118]]
2024-09-20 12:49:14,090 - INFO - Iteration: 51 / 500
2024-09-20 12:49:26,745 - INFO - X new: [[0. 0. 1. 0. 1. 1.]]
2024-09-20 12:49:26,747 - INFO - y new: [[-0.00699011]]
2024-09-20 12:50:32,263 - INFO - Iteration: 52 / 500
2024-09-20 12:51:01,201 - INFO - X new: [[0.5680156 0.        0.        1.        1.        1.       ]]
2024-09-20 12:51:01,203 - INFO - y new: [[-6.77177445e-06]]
2024-09-20 12:52:04,327 - INFO - Iteration: 53 / 500
2024-09-20 12:52:22,783 - INFO - X new: [[0.80769473 0.33445084 1.         1.         0.         0.6651969 ]]
2024-09-20 12:52:22,786 - INFO - y new: [[-0.12750194]]
2024-09-20 12:53:25,964 - INFO - Iteration: 54 / 500
2024-09-20 12:53:44,703 - INFO - X new: [[0.71405196 0.40207064 1.         0.65324146 0.         1.        ]]
2024-09-20 12:53:44,706 - INFO - y new: [[-0.67913198]]
2024-09-20 12:55:06,609 - INFO - Iteration: 55 / 500
2024-09-20 12:56:10,795 - INFO - X new: [[0.67650473 0.49872366 1.         1.         0.         1.        ]]
2024-09-20 12:56:10,798 - INFO - y new: [[-0.60240242]]
2024-09-20 12:56:52,291 - INFO - Iteration: 56 / 500
2024-09-20 12:57:18,792 - INFO - X new: [[0.7524729  0.39669412 0.         0.77753323 1.         0.9164098 ]]
2024-09-20 12:57:18,794 - INFO - y new: [[-1.84979837e-05]]
2024-09-20 12:58:29,643 - INFO - Iteration: 57 / 500
2024-09-20 12:58:57,140 - INFO - X new: [[0.55039656 0.5196992  0.65227914 0.57373834 0.44289565 0.29750335]]
2024-09-20 12:58:57,142 - INFO - y new: [[-0.43931783]]
2024-09-20 12:59:49,850 - INFO - Iteration: 58 / 500
2024-09-20 13:00:19,583 - INFO - X new: [[0.55039656 0.5196992  0.65227914 0.57373834 0.44289565 0.29750335]]
2024-09-20 13:00:19,585 - INFO - y new: [[-0.43931783]]
2024-09-20 13:00:58,257 - INFO - Iteration: 59 / 500
2024-09-20 13:01:30,739 - INFO - X new: [[0.55039656 0.5196992  0.65227914 0.57373834 0.44289565 0.29750335]]
2024-09-20 13:01:30,741 - INFO - y new: [[-0.43931783]]
2024-09-20 13:02:10,850 - INFO - Iteration: 60 / 500
2024-09-20 13:02:45,724 - INFO - X new: [[0.55039656 0.5196992  0.65227914 0.57373834 0.44289565 0.29750335]]
2024-09-20 13:02:45,725 - INFO - y new: [[-0.43931783]]
2024-09-20 13:03:21,850 - INFO - Iteration: 61 / 500
2024-09-20 13:03:59,461 - INFO - X new: [[0.55039656 0.5196992  0.65227914 0.57373834 0.44289565 0.29750335]]
2024-09-20 13:03:59,463 - INFO - y new: [[-0.43931783]]
2024-09-20 13:04:38,372 - INFO - Iteration: 62 / 500
2024-09-20 13:05:16,958 - INFO - X new: [[0.55039656 0.5196992  0.65227914 0.57373834 0.44289565 0.29750335]]
2024-09-20 13:05:16,961 - INFO - y new: [[-0.43931783]]
2024-09-20 13:05:53,584 - INFO - Iteration: 63 / 500
2024-09-20 13:06:33,283 - INFO - X new: [[0.55039656 0.5196992  0.65227914 0.57373834 0.44289565 0.29750335]]
2024-09-20 13:06:33,284 - INFO - y new: [[-0.43931783]]
2024-09-20 13:07:15,119 - INFO - Iteration: 64 / 500
2024-09-20 13:07:57,521 - INFO - X new: [[0.55039656 0.5196992  0.65227914 0.57373834 0.44289565 0.29750335]]
2024-09-20 13:07:57,524 - INFO - y new: [[-0.43931783]]
2024-09-20 13:08:34,208 - INFO - Iteration: 65 / 500
2024-09-20 13:09:10,854 - INFO - X new: [[0.55039656 0.5196992  0.65227914 0.57373834 0.44289565 0.29750335]]
2024-09-20 13:09:10,856 - INFO - y new: [[-0.43931783]]
2024-09-20 13:09:50,173 - INFO - Iteration: 66 / 500
2024-09-20 13:10:30,309 - INFO - X new: [[0.55039656 0.5196992  0.65227914 0.57373834 0.44289565 0.29750335]]
2024-09-20 13:10:30,312 - INFO - y new: [[-0.43931783]]
2024-09-20 13:11:09,884 - INFO - Iteration: 67 / 500
2024-09-20 13:11:53,136 - INFO - X new: [[0.55039656 0.5196992  0.65227914 0.57373834 0.44289565 0.29750335]]
2024-09-20 13:11:53,139 - INFO - y new: [[-0.43931783]]
2024-09-20 13:12:33,947 - INFO - Iteration: 68 / 500
2024-09-20 13:13:20,513 - INFO - X new: [[0.55039656 0.5196992  0.65227914 0.57373834 0.44289565 0.29750335]]
2024-09-20 13:13:20,515 - INFO - y new: [[-0.43931783]]
2024-09-20 13:13:52,770 - INFO - Iteration: 69 / 500
2024-09-20 13:14:41,119 - INFO - X new: [[0.55039656 0.5196992  0.65227914 0.57373834 0.44289565 0.29750335]]
2024-09-20 13:14:41,121 - INFO - y new: [[-0.43931783]]
2024-09-20 13:15:17,242 - INFO - Iteration: 70 / 500
2024-09-20 13:16:09,019 - INFO - X new: [[0.55039656 0.5196992  0.65227914 0.57373834 0.44289565 0.29750335]]
2024-09-20 13:16:09,021 - INFO - y new: [[-0.43931783]]
2024-09-20 13:16:46,344 - INFO - Iteration: 71 / 500
2024-09-20 13:17:41,690 - INFO - X new: [[0.55039656 0.5196992  0.65227914 0.57373834 0.44289565 0.29750335]]
2024-09-20 13:17:41,692 - INFO - y new: [[-0.43931783]]
2024-09-20 13:18:17,009 - INFO - Iteration: 72 / 500
2024-09-20 13:19:13,740 - INFO - X new: [[0.55039656 0.5196992  0.65227914 0.57373834 0.44289565 0.29750335]]
2024-09-20 13:19:13,742 - INFO - y new: [[-0.43931783]]
2024-09-20 13:19:53,284 - INFO - Iteration: 73 / 500
2024-09-20 13:20:42,057 - INFO - X new: [[0.55039656 0.5196992  0.65227914 0.57373834 0.44289565 0.29750335]]
2024-09-20 13:20:42,059 - INFO - y new: [[-0.43931783]]
2024-09-20 13:21:23,317 - INFO - Iteration: 74 / 500
2024-09-20 13:22:15,823 - INFO - X new: [[0.55039656 0.5196992  0.65227914 0.57373834 0.44289565 0.29750335]]
2024-09-20 13:22:15,826 - INFO - y new: [[-0.43931783]]
2024-09-20 13:22:54,033 - INFO - Iteration: 75 / 500
2024-09-20 13:23:52,663 - INFO - X new: [[0.55039656 0.5196992  0.65227914 0.57373834 0.44289565 0.29750335]]
2024-09-20 13:23:52,666 - INFO - y new: [[-0.43931783]]
2024-09-20 13:24:39,036 - INFO - Iteration: 76 / 500
2024-09-20 13:25:41,609 - INFO - X new: [[0.55039656 0.5196992  0.65227914 0.57373834 0.44289565 0.29750335]]
2024-09-20 13:25:41,612 - INFO - y new: [[-0.43931783]]
2024-09-20 13:26:25,433 - INFO - Iteration: 77 / 500
2024-09-20 13:27:30,337 - INFO - X new: [[0.55039656 0.5196992  0.65227914 0.57373834 0.44289565 0.29750335]]
2024-09-20 13:27:30,341 - INFO - y new: [[-0.43931783]]
2024-09-20 13:28:20,636 - INFO - Iteration: 78 / 500
2024-09-20 13:29:29,213 - INFO - X new: [[0.55039656 0.5196992  0.65227914 0.57373834 0.44289565 0.29750335]]
2024-09-20 13:29:29,216 - INFO - y new: [[-0.43931783]]
2024-09-20 13:30:20,042 - INFO - Iteration: 79 / 500
2024-09-20 13:30:30,866 - INFO - X new: [[0. 0. 0. 0. 0. 0.]]
2024-09-20 13:30:30,869 - INFO - y new: [[-0.00508911]]
2024-09-20 13:57:03,647 - INFO - Iteration: 80 / 500
2024-09-20 13:57:15,195 - INFO - X new: [[0. 0. 0. 0. 0. 0.]]
2024-09-20 13:57:15,198 - INFO - y new: [[-0.00508911]]
2024-09-20 14:44:04,054 - INFO - Iteration: 81 / 500
2024-09-20 14:45:07,385 - INFO - X new: [[0.55039656 0.5196992  0.65227914 0.57373834 0.44289565 0.29750335]]
2024-09-20 14:45:07,388 - INFO - y new: [[-0.43931783]]
