2024-09-20 11:02:22,160 - INFO - Start BO with settings: {'name': 'vanilla_bo_BraninHoo_TP_EI', 'is_x64': False, 'seed': 1, 'search_space': array([[ 0, -5],
       [15, 15]]), 'num_iterations': 500, 'initial_sample_size': 10, 'objective_function': <src.test_functions.BraninHoo object at 0x7f6d5ec0fad0>, 'acquisition': {'acq_fn_class': <function EI_TP at 0x7f6d60cd3920>, 'num_samples': 50, 'num_initial_guesses': 10, 'maximize': False}, 'surrogate': {'model_class': <class 'src.tp.TP_v2'>, 'kernel': 'Matern', 'normalize': True, 'standardize': True}, 'memo': 'Experiment using BraninHoo with EI acquisition.'}
2024-09-20 11:02:22,240 - INFO - X initial: [ 9.27700461 12.24052664]
2024-09-20 11:02:22,241 - INFO - y initial: [98.26233781]
2024-09-20 11:02:22,241 - INFO - X initial: [ 3.48660009 -0.9265461 ]
2024-09-20 11:02:22,241 - INFO - y initial: [9.65362395]
2024-09-20 11:02:22,241 - INFO - X initial: [4.48549518 9.06053875]
2024-09-20 11:02:22,241 - INFO - y initial: [65.6041919]
2024-09-20 11:02:22,241 - INFO - X initial: [13.67420846  2.14591024]
2024-09-20 11:02:22,241 - INFO - y initial: [53.30509356]
2024-09-20 11:02:22,242 - INFO - X initial: [12.25390879  6.08954901]
2024-09-20 11:02:22,242 - INFO - y initial: [19.17486051]
2024-09-20 11:02:22,242 - INFO - X initial: [6.85199153 2.92850345]
2024-09-20 11:02:22,242 - INFO - y initial: [21.2181587]
2024-09-20 11:02:22,242 - INFO - X initial: [ 0.23359139 12.70703407]
2024-09-20 11:02:22,242 - INFO - y initial: [69.35108462]
2024-09-20 11:02:22,242 - INFO - X initial: [ 9.73719989 -4.20645006]
2024-09-20 11:02:22,242 - INFO - y initial: [49.27082053]
2024-09-20 11:02:22,539 - INFO - Unable to initialize backend 'rocm': module 'jaxlib.xla_extension' has no attribute 'GpuAllocatorConfig'
2024-09-20 11:02:22,551 - INFO - Unable to initialize backend 'tpu': INTERNAL: Failed to open libtpu.so: libtpu.so: cannot open shared object file: No such file or directory
2024-09-20 11:02:30,356 - INFO - Iteration: 1 / 500
2024-09-20 11:02:36,393 - INFO - X new: [[ 0.        -1.2339358]]
2024-09-20 11:02:36,487 - INFO - y new: [[71.93194]]
2024-09-20 11:02:42,049 - INFO - Iteration: 2 / 500
2024-09-20 11:02:45,946 - INFO - X new: [[15. -5.]]
2024-09-20 11:02:45,947 - INFO - y new: [[264.92743]]
2024-09-20 11:02:51,413 - INFO - Iteration: 3 / 500
2024-09-20 11:02:55,929 - INFO - X new: [[2.7280004 3.9655886]]
2024-09-20 11:02:55,930 - INFO - y new: [[3.0190797]]
2024-09-20 11:03:02,004 - INFO - Iteration: 4 / 500
2024-09-20 11:03:11,376 - INFO - X new: [[2.8866744 3.7138996]]
2024-09-20 11:03:11,377 - INFO - y new: [[2.2252855]]
2024-09-20 11:03:19,605 - INFO - Iteration: 5 / 500
2024-09-20 11:03:28,201 - INFO - X new: [[2.9235306 3.6816397]]
2024-09-20 11:03:28,204 - INFO - y new: [[2.1392589]]
2024-09-20 11:03:36,863 - INFO - Iteration: 6 / 500
2024-09-20 11:03:43,238 - INFO - X new: [[0.        4.3661165]]
2024-09-20 11:03:43,240 - INFO - y new: [[22.271688]]
2024-09-20 11:03:52,131 - INFO - Iteration: 7 / 500
2024-09-20 11:03:56,394 - INFO - X new: [[0.        3.7136679]]
2024-09-20 11:03:56,395 - INFO - y new: [[24.829428]]
2024-09-20 11:04:05,798 - INFO - Iteration: 8 / 500
2024-09-20 11:04:10,431 - INFO - X new: [[3.0120316 2.3550777]]
2024-09-20 11:04:10,434 - INFO - y new: [[0.4789009]]
2024-09-20 11:04:19,615 - INFO - Iteration: 9 / 500
2024-09-20 11:04:25,270 - INFO - X new: [[ 3.1795225 -5.       ]]
2024-09-20 11:04:25,271 - INFO - y new: [[52.9036]]
2024-09-20 11:04:35,355 - INFO - Iteration: 10 / 500
2024-09-20 11:04:41,676 - INFO - X new: [[4.985543  1.5354514]]
2024-09-20 11:04:41,677 - INFO - y new: [[12.657557]]
2024-09-20 11:04:52,373 - INFO - Iteration: 11 / 500
2024-09-20 11:04:57,226 - INFO - X new: [[5.808255  0.1592722]]
2024-09-20 11:04:57,229 - INFO - y new: [[19.450941]]
2024-09-20 11:05:08,275 - INFO - Iteration: 12 / 500
2024-09-20 11:05:13,150 - INFO - X new: [[9.533226  3.6642904]]
2024-09-20 11:05:13,152 - INFO - y new: [[1.6561527]]
2024-09-20 11:05:24,808 - INFO - Iteration: 13 / 500
2024-09-20 11:05:30,238 - INFO - X new: [[10.409224  3.859151]]
2024-09-20 11:05:30,240 - INFO - y new: [[4.870568]]
2024-09-20 11:05:41,898 - INFO - Iteration: 14 / 500
2024-09-20 11:05:47,144 - INFO - X new: [[8.927743   0.89363384]]
2024-09-20 11:05:47,145 - INFO - y new: [[2.9854279]]
2024-09-20 11:05:59,287 - INFO - Iteration: 15 / 500
2024-09-20 11:06:04,095 - INFO - X new: [[15. 15.]]
2024-09-20 11:06:04,098 - INFO - y new: [[17.196556]]
2024-09-20 11:06:16,793 - INFO - Iteration: 16 / 500
2024-09-20 11:06:22,662 - INFO - X new: [[ 6.971356  -3.0674279]]
2024-09-20 11:06:22,664 - INFO - y new: [[35.483612]]
2024-09-20 11:06:34,250 - INFO - Iteration: 17 / 500
2024-09-20 11:06:43,404 - INFO - X new: [[9.022771  1.5929818]]
2024-09-20 11:06:43,406 - INFO - y new: [[1.4812565]]
2024-09-20 11:06:55,446 - INFO - Iteration: 18 / 500
2024-09-20 11:07:01,013 - INFO - X new: [[15.        9.589647]]
2024-09-20 11:07:01,014 - INFO - y new: [[5.277008]]
2024-09-20 11:07:13,608 - INFO - Iteration: 19 / 500
2024-09-20 11:07:22,224 - INFO - X new: [[15.       11.771973]]
2024-09-20 11:07:22,225 - INFO - y new: [[3.0402837]]
2024-09-20 11:07:34,942 - INFO - Iteration: 20 / 500
2024-09-20 11:07:42,383 - INFO - X new: [[13.287495 11.545803]]
2024-09-20 11:07:42,386 - INFO - y new: [[32.305103]]
2024-09-20 11:07:55,258 - INFO - Iteration: 21 / 500
2024-09-20 11:08:06,798 - INFO - X new: [[9.022771  1.5929818]]
2024-09-20 11:08:06,801 - INFO - y new: [[1.4812565]]
2024-09-20 11:08:19,896 - INFO - Iteration: 22 / 500
2024-09-20 11:08:31,983 - INFO - X new: [[9.022771  1.5929818]]
2024-09-20 11:08:31,985 - INFO - y new: [[1.4812565]]
2024-09-20 11:08:45,613 - INFO - Iteration: 23 / 500
2024-09-20 11:08:58,495 - INFO - X new: [[9.022771  1.5929818]]
2024-09-20 11:08:58,497 - INFO - y new: [[1.4812565]]
2024-09-20 11:09:13,846 - INFO - Iteration: 24 / 500
2024-09-20 11:09:26,634 - INFO - X new: [[9.022771  1.5929818]]
2024-09-20 11:09:26,636 - INFO - y new: [[1.4812565]]
2024-09-20 11:09:44,843 - INFO - Iteration: 25 / 500
2024-09-20 11:09:54,526 - INFO - X new: [[9.022771  1.5929818]]
2024-09-20 11:09:54,529 - INFO - y new: [[1.4812565]]
2024-09-20 11:10:16,813 - INFO - Iteration: 26 / 500
2024-09-20 11:10:27,810 - INFO - X new: [[13.303188   -0.64315796]]
2024-09-20 11:10:27,812 - INFO - y new: [[86.54835]]
2024-09-20 11:10:53,723 - INFO - Iteration: 27 / 500
2024-09-20 11:11:04,488 - INFO - X new: [[9.022771  1.5929818]]
2024-09-20 11:11:04,490 - INFO - y new: [[1.4812565]]
2024-09-20 11:11:28,454 - INFO - Iteration: 28 / 500
2024-09-20 11:11:40,328 - INFO - X new: [[13.303188   -0.64315796]]
2024-09-20 11:11:40,330 - INFO - y new: [[86.54835]]
2024-09-20 11:12:05,959 - INFO - Iteration: 29 / 500
2024-09-20 11:12:17,610 - INFO - X new: [[13.303188   -0.64315796]]
2024-09-20 11:12:17,612 - INFO - y new: [[86.54835]]
2024-09-20 11:12:39,057 - INFO - Iteration: 30 / 500
2024-09-20 11:12:51,844 - INFO - X new: [[13.303188   -0.64315796]]
2024-09-20 11:12:51,846 - INFO - y new: [[86.54835]]
2024-09-20 11:13:19,295 - INFO - Iteration: 31 / 500
2024-09-20 11:13:32,275 - INFO - X new: [[13.303188   -0.64315796]]
2024-09-20 11:13:32,276 - INFO - y new: [[86.54835]]
2024-09-20 11:13:53,869 - INFO - Iteration: 32 / 500
2024-09-20 11:14:07,546 - INFO - X new: [[13.303188   -0.64315796]]
2024-09-20 11:14:07,548 - INFO - y new: [[86.54835]]
2024-09-20 11:14:30,440 - INFO - Iteration: 33 / 500
2024-09-20 11:14:42,567 - INFO - X new: [[13.303188   -0.64315796]]
2024-09-20 11:14:42,569 - INFO - y new: [[86.54835]]
2024-09-20 11:15:10,118 - INFO - Iteration: 34 / 500
2024-09-20 11:15:24,136 - INFO - X new: [[13.303188   -0.64315796]]
2024-09-20 11:15:24,139 - INFO - y new: [[86.54835]]
2024-09-20 11:15:46,861 - INFO - Iteration: 35 / 500
2024-09-20 11:16:00,289 - INFO - X new: [[13.303188   -0.64315796]]
2024-09-20 11:16:00,292 - INFO - y new: [[86.54835]]
2024-09-20 11:16:29,314 - INFO - Iteration: 36 / 500
2024-09-20 11:16:43,402 - INFO - X new: [[13.303188   -0.64315796]]
2024-09-20 11:16:43,404 - INFO - y new: [[86.54835]]
2024-09-20 11:17:09,776 - INFO - Iteration: 37 / 500
2024-09-20 11:17:24,129 - INFO - X new: [[13.303188   -0.64315796]]
2024-09-20 11:17:24,131 - INFO - y new: [[86.54835]]
2024-09-20 11:17:54,614 - INFO - Iteration: 38 / 500
2024-09-20 11:18:09,936 - INFO - X new: [[13.303188   -0.64315796]]
2024-09-20 11:18:09,939 - INFO - y new: [[86.54835]]
2024-09-20 11:29:14,419 - INFO - Iteration: 39 / 500
2024-09-20 11:29:29,807 - INFO - X new: [[12.814113   7.6277065]]
2024-09-20 11:29:29,810 - INFO - y new: [[19.96458]]
2024-09-20 11:48:11,340 - INFO - Iteration: 40 / 500
2024-09-20 11:48:27,701 - INFO - X new: [[12.814113   7.6277065]]
2024-09-20 11:48:27,703 - INFO - y new: [[19.96458]]
2024-09-20 12:16:17,469 - INFO - Iteration: 41 / 500
2024-09-20 12:16:32,745 - INFO - X new: [[12.814113   7.6277065]]
2024-09-20 12:16:32,747 - INFO - y new: [[19.96458]]
2024-09-20 12:30:33,344 - INFO - Iteration: 42 / 500
2024-09-20 12:30:49,514 - INFO - X new: [[12.814113   7.6277065]]
2024-09-20 12:30:49,517 - INFO - y new: [[19.96458]]
2024-09-20 13:04:37,456 - INFO - Iteration: 43 / 500
2024-09-20 13:04:55,276 - INFO - X new: [[12.814113   7.6277065]]
2024-09-20 13:04:55,279 - INFO - y new: [[19.96458]]
2024-09-20 13:35:26,485 - INFO - Iteration: 44 / 500
2024-09-20 13:35:45,763 - INFO - X new: [[12.814113   7.6277065]]
2024-09-20 13:35:45,766 - INFO - y new: [[19.96458]]
2024-09-20 13:53:34,932 - INFO - Iteration: 45 / 500
2024-09-20 13:53:54,616 - INFO - X new: [[12.814113   7.6277065]]
2024-09-20 13:53:54,618 - INFO - y new: [[19.96458]]
2024-09-20 14:12:11,267 - INFO - Iteration: 46 / 500
2024-09-20 14:12:32,436 - INFO - X new: [[12.814113   7.6277065]]
2024-09-20 14:12:32,438 - INFO - y new: [[19.96458]]
2024-09-20 14:41:03,312 - INFO - Iteration: 47 / 500
2024-09-20 14:41:45,608 - INFO - X new: [[12.814113   7.6277065]]
2024-09-20 14:41:45,610 - INFO - y new: [[19.96458]]
2024-09-20 14:52:27,581 - INFO - Iteration: 48 / 500
2024-09-20 14:52:57,173 - INFO - X new: [[12.814113   7.6277065]]
2024-09-20 14:52:57,248 - INFO - y new: [[19.96458]]
